2023-04-28 10:15:55,255 [django.utils.autoreload:677] [autoreload:run_with_reloader] [INFO] Watching for file changes with StatReloader
2023-04-28 10:18:33,281 [django.utils.autoreload:677] [autoreload:run_with_reloader] [INFO] Watching for file changes with StatReloader
2023-04-28 10:19:22,554 [django.utils.autoreload:677] [autoreload:run_with_reloader] [INFO] Watching for file changes with StatReloader
2023-04-28 10:19:25,773 [django.server:187] [basehttp:log_message] [INFO] "GET /factory/index/ HTTP/1.1" 200 13059
2023-04-28 10:19:26,013 [django.server:187] [basehttp:log_message] [INFO] "GET /static/plugins/fullcalendar/css/fullcalendar.min.css HTTP/1.1" 200 13709
2023-04-28 10:19:26,014 [django.server:187] [basehttp:log_message] [INFO] "GET /static/css/icons.css HTTP/1.1" 200 253084
2023-04-28 10:19:26,015 [django.server:187] [basehttp:log_message] [INFO] "GET /static/css/bootstrap.min.css HTTP/1.1" 200 203848
2023-04-28 10:19:26,020 [django.server:187] [basehttp:log_message] [INFO] "GET /static/css/style.css HTTP/1.1" 200 83156
2023-04-28 10:19:26,041 [django.server:187] [basehttp:log_message] [INFO] "GET /static/js/jquery.scrollTo.min.js HTTP/1.1" 200 2447
2023-04-28 10:19:26,047 [django.server:187] [basehttp:log_message] [INFO] "GET /static/js/jquery.slimscroll.js HTTP/1.1" 200 13832
2023-04-28 10:19:26,052 [django.server:187] [basehttp:log_message] [INFO] "GET /static/js/modernizr.min.js HTTP/1.1" 200 11084
2023-04-28 10:19:26,059 [django.server:187] [basehttp:log_message] [INFO] "GET /static/js/jquery.nicescroll.js HTTP/1.1" 200 119939
2023-04-28 10:19:26,069 [django.server:187] [basehttp:log_message] [INFO] "GET /static/js/jquery.min.js HTTP/1.1" 200 135233
2023-04-28 10:19:26,078 [django.server:187] [basehttp:log_message] [INFO] "GET /static/js/waves.js HTTP/1.1" 200 69263
2023-04-28 10:19:26,087 [django.server:187] [basehttp:log_message] [INFO] "GET /static/pages/calendar-init.js HTTP/1.1" 200 5502
2023-04-28 10:19:26,097 [django.server:187] [basehttp:log_message] [INFO] "GET /static/plugins/moment/moment.js HTTP/1.1" 200 150941
2023-04-28 10:19:26,099 [django.server:187] [basehttp:log_message] [INFO] "GET /static/js/app.js HTTP/1.1" 200 6452
2023-04-28 10:19:26,118 [django.server:187] [basehttp:log_message] [INFO] "GET /static/plugins/fullcalendar/js/fullcalendar.min.js HTTP/1.1" 200 118884
2023-04-28 10:19:26,118 [django.server:187] [basehttp:log_message] [INFO] "GET /static/js/bootstrap.bundle.js HTTP/1.1" 200 228437
2023-04-28 10:19:26,129 [django.server:187] [basehttp:log_message] [INFO] "GET /static/plugins/jquery-ui/jquery-ui.min.js HTTP/1.1" 200 253668
2023-04-28 10:19:26,233 [django.server:187] [basehttp:log_message] [WARNING] "GET /factory/static/images/users/avatar-1.jpg HTTP/1.1" 404 4099
2023-04-28 10:19:26,234 [django.server:187] [basehttp:log_message] [WARNING] "GET /factory/static/images/logo-sm.png HTTP/1.1" 404 4078
2023-04-28 10:19:26,646 [django.server:187] [basehttp:log_message] [INFO] "GET /static/fonts/dripicons-v2.woff HTTP/1.1" 200 26004
2023-04-28 10:19:26,648 [django.server:187] [basehttp:log_message] [INFO] "GET /static/fonts/ionicons.ttf?v=1.5.0 HTTP/1.1" 200 164548
2023-04-28 10:19:26,648 [django.server:187] [basehttp:log_message] [INFO] "GET /static/fonts/materialdesignicons-webfont.woff2?v=1.6.50 HTTP/1.1" 200 90140
2023-04-28 10:19:27,282 [django.server:187] [basehttp:log_message] [WARNING] "GET /factory/static/images/favicon.ico HTTP/1.1" 404 4078
2023-04-28 10:20:24,105 [django.server:187] [basehttp:log_message] [INFO] "GET /factory/data_sync/ HTTP/1.1" 200 30244
2023-04-28 10:20:24,177 [django.server:187] [basehttp:log_message] [WARNING] "GET /factory/static/images/logo-sm.png HTTP/1.1" 404 4078
2023-04-28 10:20:24,188 [django.server:187] [basehttp:log_message] [WARNING] "GET /factory/static/images/users/avatar-1.jpg HTTP/1.1" 404 4099
2023-04-28 10:20:27,586 [django.server:187] [basehttp:log_message] [ERROR] "GET /factory/sync/query_instance/?instance=null&database=null HTTP/1.1" 500 108521
2023-04-28 10:25:20,264 [django.server:187] [basehttp:log_message] [INFO] "GET /factory/data_sync/ HTTP/1.1" 200 30244
2023-04-28 10:25:20,303 [django.server:187] [basehttp:log_message] [WARNING] "GET /factory/static/images/logo-sm.png HTTP/1.1" 404 4078
2023-04-28 10:25:20,304 [django.server:187] [basehttp:log_message] [WARNING] "GET /factory/static/images/users/avatar-1.jpg HTTP/1.1" 404 4099
2023-04-28 10:25:20,638 [django.server:187] [basehttp:log_message] [INFO] "GET /factory/sync/query_instance/?instance=null&database=null HTTP/1.1" 200 1532
2023-04-28 10:26:02,196 [django.server:187] [basehttp:log_message] [INFO] "GET /factory/sync/query_db/?instance=public-mabang&database=null HTTP/1.1" 200 212
2023-04-28 10:26:04,271 [django.server:187] [basehttp:log_message] [INFO] "GET /factory/sync/query_tb/?instance=public-mabang&database=mabang HTTP/1.1" 200 4203
2023-04-28 10:26:43,081 [django.server:187] [basehttp:log_message] [INFO] "POST /factory/query/ HTTP/1.1" 200 96318
2023-04-28 10:26:43,286 [django.server:187] [basehttp:log_message] [INFO] "GET /static/fonts/fontawesome-webfont.woff2?v=4.7.0 HTTP/1.1" 200 77160
2023-04-28 10:27:04,398 [django.server:187] [basehttp:log_message] [INFO] "GET /factory/intranet/list/ HTTP/1.1" 200 24398
2023-04-28 10:27:04,446 [django.server:187] [basehttp:log_message] [WARNING] "GET /factory/intranet/static/images/logo-sm.png HTTP/1.1" 404 4105
2023-04-28 10:27:04,446 [django.server:187] [basehttp:log_message] [WARNING] "GET /factory/intranet/static/images/users/avatar-1.jpg HTTP/1.1" 404 4126
2023-04-28 10:27:04,479 [django.server:187] [basehttp:log_message] [INFO] "GET /static/fonts/mobirise.ttf?5dqoim HTTP/1.1" 200 54304
2023-04-28 10:27:04,528 [django.server:187] [basehttp:log_message] [WARNING] "GET /factory/intranet/static/images/favicon.ico HTTP/1.1" 404 4105
2023-04-28 10:29:43,806 [django.server:187] [basehttp:log_message] [INFO] "GET /factory/data_sync/ HTTP/1.1" 200 30244
2023-04-28 10:29:43,873 [django.server:187] [basehttp:log_message] [WARNING] "GET /factory/static/images/logo-sm.png HTTP/1.1" 404 4078
2023-04-28 10:29:43,873 [django.server:187] [basehttp:log_message] [WARNING] "GET /factory/static/images/users/avatar-1.jpg HTTP/1.1" 404 4099
2023-04-28 10:29:44,167 [django.server:187] [basehttp:log_message] [INFO] "GET /factory/sync/query_instance/?instance=null&database=null HTTP/1.1" 200 1532
2023-04-28 10:59:53,880 [django.server:187] [basehttp:log_message] [INFO] "GET /factory/data_sync/ HTTP/1.1" 200 30244
2023-04-28 10:59:53,929 [django.server:187] [basehttp:log_message] [WARNING] "GET /factory/static/images/logo-sm.png HTTP/1.1" 404 4078
2023-04-28 10:59:53,930 [django.server:187] [basehttp:log_message] [WARNING] "GET /factory/static/images/users/avatar-1.jpg HTTP/1.1" 404 4099
2023-04-28 10:59:54,293 [django.server:187] [basehttp:log_message] [INFO] "GET /factory/sync/query_instance/?instance=null&database=null HTTP/1.1" 200 1532
2023-04-28 11:01:01,799 [django.server:187] [basehttp:log_message] [INFO] "GET /factory/sync/query_db/?instance=nei-tidb-mdc&database=null HTTP/1.1" 200 2970
2023-04-28 11:01:04,577 [django.server:187] [basehttp:log_message] [INFO] "GET /factory/sync/query_tb/?instance=nei-tidb-mdc&database=c1_report HTTP/1.1" 200 194836
2023-04-28 11:01:25,858 [django.server:187] [basehttp:log_message] [INFO] "GET /factory/sync/query_db/?instance=public-mabang&database=null HTTP/1.1" 200 212
2023-04-28 11:01:28,465 [django.server:187] [basehttp:log_message] [INFO] "GET /factory/sync/query_tb/?instance=public-mabang&database=mabang HTTP/1.1" 200 4203
2023-04-28 11:01:49,013 [django.server:187] [basehttp:log_message] [ERROR] "POST /factory/query/ HTTP/1.1" 500 120634
2023-04-28 11:01:54,577 [django.server:187] [basehttp:log_message] [INFO] "POST /factory/query/ HTTP/1.1" 200 96318
2023-04-28 11:03:05,628 [django.server:187] [basehttp:log_message] [INFO] "GET /static/js/bootstrap.bundle.js.map HTTP/1.1" 200 410255
2023-04-28 11:03:05,669 [django.server:187] [basehttp:log_message] [INFO] "GET /static/css/style.css.map HTTP/1.1" 200 91053
2023-04-28 11:03:05,673 [django.server:187] [basehttp:log_message] [INFO] "GET /static/css/icons.css.map HTTP/1.1" 200 301689
2023-04-28 11:03:05,680 [django.server:187] [basehttp:log_message] [INFO] "GET /static/css/bootstrap.min.css.map HTTP/1.1" 200 646357
2023-04-28 11:03:09,369 [django.server:187] [basehttp:log_message] [INFO] "POST /factory/query/ HTTP/1.1" 200 96318
2023-04-28 11:18:05,229 [django.server:187] [basehttp:log_message] [INFO] "GET /factory/data_sync/ HTTP/1.1" 200 29272
2023-04-28 11:18:05,267 [django.server:187] [basehttp:log_message] [WARNING] "GET /factory/static/images/users/avatar-1.jpg HTTP/1.1" 404 4099
2023-04-28 11:18:05,269 [django.server:187] [basehttp:log_message] [WARNING] "GET /factory/static/images/logo-sm.png HTTP/1.1" 404 4078
2023-04-28 11:18:05,924 [django.server:187] [basehttp:log_message] [INFO] "GET /factory/sync/query_instance/?instance=null&database=null HTTP/1.1" 200 1532
2023-04-28 11:18:10,062 [django.server:187] [basehttp:log_message] [INFO] "GET /factory/sync/query_db/?instance=public-mabang&database=null HTTP/1.1" 200 212
2023-04-28 11:18:12,073 [django.server:187] [basehttp:log_message] [INFO] "GET /factory/sync/query_tb/?instance=public-mabang&database=mabang HTTP/1.1" 200 4203
2023-04-28 11:18:33,569 [django.server:187] [basehttp:log_message] [INFO] "POST /factory/query/ HTTP/1.1" 200 96318
2023-04-28 11:21:40,743 [django.server:187] [basehttp:log_message] [INFO] "GET /factory/data_sync/ HTTP/1.1" 200 29256
2023-04-28 11:21:40,806 [django.server:187] [basehttp:log_message] [WARNING] "GET /factory/static/images/logo-sm.png HTTP/1.1" 404 4078
2023-04-28 11:21:40,806 [django.server:187] [basehttp:log_message] [WARNING] "GET /factory/static/images/users/avatar-1.jpg HTTP/1.1" 404 4099
2023-04-28 11:21:41,367 [django.server:187] [basehttp:log_message] [INFO] "GET /factory/sync/query_instance/?instance=null&database=null HTTP/1.1" 200 1532
2023-04-28 11:21:47,139 [django.server:187] [basehttp:log_message] [INFO] "GET /factory/data_sync/ HTTP/1.1" 200 29256
2023-04-28 11:21:47,191 [django.server:187] [basehttp:log_message] [WARNING] "GET /factory/static/images/users/avatar-1.jpg HTTP/1.1" 404 4099
2023-04-28 11:21:47,192 [django.server:187] [basehttp:log_message] [WARNING] "GET /factory/static/images/logo-sm.png HTTP/1.1" 404 4078
2023-04-28 11:21:47,696 [django.server:187] [basehttp:log_message] [INFO] "GET /factory/sync/query_instance/?instance=null&database=null HTTP/1.1" 200 1532
2023-04-28 11:22:24,278 [django.server:187] [basehttp:log_message] [INFO] "GET /factory/data_sync/ HTTP/1.1" 200 29272
2023-04-28 11:22:24,328 [django.server:187] [basehttp:log_message] [WARNING] "GET /factory/static/images/users/avatar-1.jpg HTTP/1.1" 404 4099
2023-04-28 11:22:24,330 [django.server:187] [basehttp:log_message] [WARNING] "GET /factory/static/images/logo-sm.png HTTP/1.1" 404 4078
2023-04-28 11:22:24,720 [django.server:187] [basehttp:log_message] [INFO] "GET /factory/sync/query_instance/?instance=null&database=null HTTP/1.1" 200 1532
