2023-05-18 18:05:28,114 [django.utils.autoreload:677] [autoreload:run_with_reloader] [INFO] Watching for file changes with StatReloader
2023-05-18 20:39:47,989 [django.server:187] [basehttp:log_message] [INFO] "GET /register/ HTTP/1.1" 200 1518
2023-05-18 20:39:48,055 [django.server:187] [basehttp:log_message] [INFO] "GET /static/css/login.css HTTP/1.1" 200 2923
2023-05-18 20:39:48,056 [django.server:187] [basehttp:log_message] [INFO] "GET /static/css/bootstrap.min.css HTTP/1.1" 200 212514
2023-05-18 20:39:48,127 [django.server:187] [basehttp:log_message] [WARNING] "GET /static/base/js/jquery-3.6.3.js HTTP/1.1" 404 1828
2023-05-18 20:39:48,127 [django.server:187] [basehttp:log_message] [WARNING] "GET /static/bootstrap/js/popper.js HTTP/1.1" 404 1825
2023-05-18 20:39:48,128 [django.server:187] [basehttp:log_message] [WARNING] "GET /static/bootstrap/js/bootstrap.min.js HTTP/1.1" 404 1846
2023-05-18 20:39:48,164 [django.server:187] [basehttp:log_message] [WARNING] "GET /favicon.ico HTTP/1.1" 404 2554
2023-05-18 20:40:06,953 [django.server:187] [basehttp:log_message] [INFO] "GET /static/css/bootstrap.min.css.map HTTP/1.1" 200 654593
2023-05-18 20:40:54,293 [django.server:187] [basehttp:log_message] [INFO] "GET /register/ HTTP/1.1" 200 1518
2023-05-18 20:40:54,320 [django.server:187] [basehttp:log_message] [WARNING] "GET /static/base/js/jquery-3.6.3.js HTTP/1.1" 404 1828
2023-05-18 20:40:54,325 [django.server:187] [basehttp:log_message] [WARNING] "GET /static/bootstrap/js/popper.js HTTP/1.1" 404 1825
2023-05-18 20:40:54,327 [django.server:187] [basehttp:log_message] [WARNING] "GET /static/bootstrap/js/bootstrap.min.js HTTP/1.1" 404 1846
2023-05-18 20:40:56,776 [django.server:187] [basehttp:log_message] [INFO] "GET /register/ HTTP/1.1" 200 1491
2023-05-18 20:40:56,819 [django.server:187] [basehttp:log_message] [INFO] "GET /static/js/popper.js HTTP/1.1" 200 104916
2023-05-18 20:40:56,828 [django.server:187] [basehttp:log_message] [INFO] "GET /static/js/bootstrap.min.js HTTP/1.1" 200 62569
2023-05-18 20:40:56,841 [django.server:187] [basehttp:log_message] [INFO] "GET /static/js/jquery.min.js HTTP/1.1" 200 137835
2023-05-18 20:40:56,848 [django.server:187] [basehttp:log_message] [INFO] "GET /static/js/bootstrap.min.js.map HTTP/1.1" 200 185257
2023-05-18 20:40:56,878 [django.server:187] [basehttp:log_message] [WARNING] "GET /static/js/popper.js.map HTTP/1.1" 404 1807
2023-05-18 20:40:56,961 [django.server:187] [basehttp:log_message] [INFO] "GET /register/ HTTP/1.1" 200 1491
2023-05-18 20:40:57,019 [django.server:187] [basehttp:log_message] [WARNING] "GET /static/js/popper.js.map HTTP/1.1" 404 1807
2023-05-18 20:40:57,164 [django.server:187] [basehttp:log_message] [INFO] "GET /register/ HTTP/1.1" 200 1491
2023-05-18 20:40:57,218 [django.server:187] [basehttp:log_message] [WARNING] "GET /static/js/popper.js.map HTTP/1.1" 404 1807
2023-05-18 20:42:15,229 [django.server:187] [basehttp:log_message] [INFO] "GET /register/ HTTP/1.1" 200 1490
2023-05-18 20:42:15,366 [django.server:187] [basehttp:log_message] [WARNING] "GET /static/js/popper.js.map HTTP/1.1" 404 1807
2023-05-18 20:43:49,191 [django.server:187] [basehttp:log_message] [INFO] "GET /register/ HTTP/1.1" 200 1490
2023-05-18 20:43:49,265 [django.server:187] [basehttp:log_message] [WARNING] "GET /static/js/popper.js.map HTTP/1.1" 404 1807
2023-05-18 20:43:50,076 [django.server:187] [basehttp:log_message] [INFO] "GET /register/ HTTP/1.1" 200 1490
2023-05-18 20:43:50,119 [django.server:187] [basehttp:log_message] [WARNING] "GET /static/js/popper.js.map HTTP/1.1" 404 1807
2023-05-18 20:44:38,493 [django.server:187] [basehttp:log_message] [INFO] "GET /register/ HTTP/1.1" 200 1549
2023-05-18 20:44:38,503 [django.server:187] [basehttp:log_message] [INFO] "GET /static/js/data-factory-select.js HTTP/1.1" 200 12152
2023-05-18 20:44:38,570 [django.server:187] [basehttp:log_message] [WARNING] "GET /static/js/popper.js.map HTTP/1.1" 404 1807
2023-05-18 20:45:56,923 [django.server:187] [basehttp:log_message] [INFO] "GET /register/ HTTP/1.1" 200 13497
2023-05-18 20:45:56,947 [django.server:187] [basehttp:log_message] [INFO] "GET /static/plugins/fullcalendar/css/fullcalendar.min.css HTTP/1.1" 200 13709
2023-05-18 20:45:56,966 [django.server:187] [basehttp:log_message] [INFO] "GET /static/css/style.css HTTP/1.1" 200 83156
2023-05-18 20:45:56,967 [django.server:187] [basehttp:log_message] [INFO] "GET /static/css/icons.css HTTP/1.1" 200 253084
2023-05-18 20:45:56,972 [django.server:187] [basehttp:log_message] [INFO] "GET /static/css/bootstrap-select.min.css HTTP/1.1" 200 13641
2023-05-18 20:45:56,973 [django.server:187] [basehttp:log_message] [INFO] "GET /static/css/bootstrap-table.min.css HTTP/1.1" 200 10234
2023-05-18 20:45:56,974 [django.server:187] [basehttp:log_message] [INFO] "GET /static/css/data-factory.css HTTP/1.1" 200 1379
2023-05-18 20:45:57,006 [django.server:187] [basehttp:log_message] [INFO] "GET /static/js/bootstrap-select.min.js HTTP/1.1" 200 76119
2023-05-18 20:45:57,016 [django.server:187] [basehttp:log_message] [INFO] "GET /static/js/jquery.nicescroll.js HTTP/1.1" 200 119939
2023-05-18 20:45:57,031 [django.server:187] [basehttp:log_message] [INFO] "GET /static/js/jquery.scrollTo.min.js HTTP/1.1" 200 2447
2023-05-18 20:45:57,047 [django.server:187] [basehttp:log_message] [INFO] "GET /static/js/modernizr.min.js HTTP/1.1" 200 11084
2023-05-18 20:45:57,055 [django.server:187] [basehttp:log_message] [INFO] "GET /static/js/jquery.slimscroll.js HTTP/1.1" 200 13832
2023-05-18 20:45:57,079 [django.server:187] [basehttp:log_message] [INFO] "GET /static/js/waves.js HTTP/1.1" 200 69263
2023-05-18 20:45:57,088 [django.server:187] [basehttp:log_message] [INFO] "GET /static/css/icons.css.map HTTP/1.1" 200 301689
2023-05-18 20:45:57,108 [django.server:187] [basehttp:log_message] [INFO] "GET /static/images/users/avatar-1.jpg HTTP/1.1" 200 2134
2023-05-18 20:45:57,115 [django.server:187] [basehttp:log_message] [INFO] "GET /static/images/logo-sm.png HTTP/1.1" 200 2038
2023-05-18 20:45:57,135 [django.server:187] [basehttp:log_message] [INFO] "GET /static/plugins/moment/moment.js HTTP/1.1" 200 150941
2023-05-18 20:45:57,151 [django.server:187] [basehttp:log_message] [INFO] "GET /static/plugins/jquery-ui/jquery-ui.min.js HTTP/1.1" 200 253668
2023-05-18 20:45:57,202 [django.server:187] [basehttp:log_message] [INFO] "GET /static/plugins/fullcalendar/js/fullcalendar.min.js HTTP/1.1" 200 118884
2023-05-18 20:45:57,309 [django.server:187] [basehttp:log_message] [INFO] "GET /static/pages/calendar-init.js HTTP/1.1" 200 5502
2023-05-18 20:45:58,105 [django.server:187] [basehttp:log_message] [INFO] "GET /static/js/app.js HTTP/1.1" 200 6452
2023-05-18 20:45:58,110 [django.server:187] [basehttp:log_message] [INFO] "GET /static/js/data-factory-select.js HTTP/1.1" 304 0
2023-05-18 20:45:58,129 [django.server:187] [basehttp:log_message] [INFO] "GET /static/fonts/materialdesignicons-webfont.woff2?v=1.6.50 HTTP/1.1" 200 90140
2023-05-18 20:45:58,138 [django.server:187] [basehttp:log_message] [INFO] "GET /static/fonts/ionicons.ttf?v=1.5.0 HTTP/1.1" 200 164548
2023-05-18 20:45:58,250 [django.server:187] [basehttp:log_message] [INFO] "GET /static/css/style.css.map HTTP/1.1" 200 91053
2023-05-18 20:45:58,866 [django.server:187] [basehttp:log_message] [WARNING] "GET /static/js/bootstrap-select.min.js.map HTTP/1.1" 404 1849
2023-05-18 20:45:59,444 [django.server:187] [basehttp:log_message] [INFO] "GET /static/images/favicon.ico HTTP/1.1" 200 32038
2023-05-18 20:47:00,307 [django.server:187] [basehttp:log_message] [INFO] "GET /register/ HTTP/1.1" 200 1492
2023-05-18 20:47:00,427 [django.server:187] [basehttp:log_message] [WARNING] "GET /static/js/popper.js.map HTTP/1.1" 404 1807
2023-05-18 20:47:27,762 [django.server:187] [basehttp:log_message] [INFO] "GET /register/ HTTP/1.1" 200 1492
2023-05-18 20:47:27,821 [django.server:187] [basehttp:log_message] [WARNING] "GET /static/js/popper.js.map HTTP/1.1" 404 1807
2023-05-18 20:47:30,744 [django.server:187] [basehttp:log_message] [INFO] "GET /register/ HTTP/1.1" 200 1550
2023-05-18 20:47:30,752 [django.server:187] [basehttp:log_message] [INFO] "GET /static/js/data-factory-select.js HTTP/1.1" 200 12160
2023-05-18 20:47:30,794 [django.server:187] [basehttp:log_message] [WARNING] "GET /static/js/popper.js.map HTTP/1.1" 404 1807
2023-05-18 20:47:53,897 [django.server:187] [basehttp:log_message] [WARNING] "GET /static/js/popper.js.map HTTP/1.1" 404 1807
2023-05-18 20:48:01,305 [django.server:187] [basehttp:log_message] [INFO] "GET /register/ HTTP/1.1" 200 1550
2023-05-18 20:48:01,316 [django.server:187] [basehttp:log_message] [INFO] "GET /static/css/login.css HTTP/1.1" 200 2923
2023-05-18 20:48:01,319 [django.server:187] [basehttp:log_message] [INFO] "GET /static/css/bootstrap.min.css HTTP/1.1" 200 212514
2023-05-18 20:48:01,327 [django.server:187] [basehttp:log_message] [INFO] "GET /static/js/data-factory-select.js HTTP/1.1" 200 12160
2023-05-18 20:48:01,327 [django.server:187] [basehttp:log_message] [INFO] "GET /static/js/bootstrap.min.js HTTP/1.1" 200 62569
2023-05-18 20:48:01,329 [django.server:187] [basehttp:log_message] [INFO] "GET /static/js/jquery.min.js HTTP/1.1" 200 137835
2023-05-18 20:48:01,329 [django.server:187] [basehttp:log_message] [INFO] "GET /static/js/popper.js HTTP/1.1" 200 104916
2023-05-18 20:48:01,352 [django.server:187] [basehttp:log_message] [INFO] "GET /static/css/bootstrap.min.css.map HTTP/1.1" 200 654593
2023-05-18 20:48:01,376 [django.server:187] [basehttp:log_message] [WARNING] "GET /static/js/popper.js.map HTTP/1.1" 404 1807
2023-05-18 20:48:01,377 [django.server:187] [basehttp:log_message] [INFO] "GET /static/js/bootstrap.min.js.map HTTP/1.1" 200 185257
2023-05-18 20:48:01,400 [django.server:187] [basehttp:log_message] [WARNING] "GET /favicon.ico HTTP/1.1" 404 2554
2023-05-18 20:48:51,452 [django.server:187] [basehttp:log_message] [INFO] "GET /register/ HTTP/1.1" 200 1550
2023-05-18 20:48:51,463 [django.server:187] [basehttp:log_message] [INFO] "GET /static/js/data-factory-select.js HTTP/1.1" 200 12188
2023-05-18 20:48:51,528 [django.server:187] [basehttp:log_message] [WARNING] "GET /static/js/popper.js.map HTTP/1.1" 404 1807
2023-05-18 20:49:12,830 [django.server:187] [basehttp:log_message] [INFO] "GET /register/ HTTP/1.1" 200 1550
2023-05-18 20:49:12,840 [django.server:187] [basehttp:log_message] [INFO] "GET /static/js/data-factory-select.js HTTP/1.1" 200 12198
2023-05-18 20:49:12,890 [django.server:187] [basehttp:log_message] [WARNING] "GET /static/js/popper.js.map HTTP/1.1" 404 1807
2023-05-18 20:49:34,258 [django.server:187] [basehttp:log_message] [INFO] "GET /register/ HTTP/1.1" 200 1550
2023-05-18 20:49:34,279 [django.server:187] [basehttp:log_message] [INFO] "GET /static/js/data-factory-select.js HTTP/1.1" 200 12202
2023-05-18 20:49:34,321 [django.server:187] [basehttp:log_message] [WARNING] "GET /static/js/popper.js.map HTTP/1.1" 404 1807
2023-05-18 20:49:44,705 [django.server:187] [basehttp:log_message] [INFO] "GET /register/ HTTP/1.1" 200 1550
2023-05-18 20:49:44,715 [django.server:187] [basehttp:log_message] [INFO] "GET /static/js/data-factory-select.js HTTP/1.1" 304 0
2023-05-18 20:49:44,759 [django.server:187] [basehttp:log_message] [WARNING] "GET /static/js/popper.js.map HTTP/1.1" 404 1807
2023-05-18 20:49:44,905 [django.server:187] [basehttp:log_message] [INFO] "GET /register/ HTTP/1.1" 200 1550
2023-05-18 20:49:44,940 [django.server:187] [basehttp:log_message] [WARNING] "GET /static/js/popper.js.map HTTP/1.1" 404 1807
2023-05-18 20:49:45,056 [django.server:187] [basehttp:log_message] [INFO] "GET /register/ HTTP/1.1" 200 1550
2023-05-18 20:49:45,085 [django.server:187] [basehttp:log_message] [WARNING] "GET /static/js/popper.js.map HTTP/1.1" 404 1807
2023-05-18 20:49:45,217 [django.server:187] [basehttp:log_message] [INFO] "GET /register/ HTTP/1.1" 200 1550
2023-05-18 20:49:45,229 [django.server:187] [basehttp:log_message] [INFO] "GET /static/js/data-factory-select.js HTTP/1.1" 304 0
2023-05-18 20:49:45,270 [django.server:187] [basehttp:log_message] [WARNING] "GET /static/js/popper.js.map HTTP/1.1" 404 1807
2023-05-18 20:49:45,632 [django.server:187] [basehttp:log_message] [INFO] "GET /register/ HTTP/1.1" 200 1550
2023-05-18 20:49:45,682 [django.server:187] [basehttp:log_message] [WARNING] "GET /static/js/popper.js.map HTTP/1.1" 404 1807
2023-05-18 20:50:43,403 [django.server:187] [basehttp:log_message] [INFO] "GET /register/ HTTP/1.1" 200 1544
2023-05-18 20:50:43,414 [django.server:187] [basehttp:log_message] [INFO] "GET /static/js/data-factory-select.js HTTP/1.1" 200 12190
2023-05-18 20:50:43,455 [django.server:187] [basehttp:log_message] [WARNING] "GET /static/js/popper.js.map HTTP/1.1" 404 1807
2023-05-18 20:51:08,050 [django.server:187] [basehttp:log_message] [INFO] "GET /register/ HTTP/1.1" 200 1544
2023-05-18 20:51:08,061 [django.server:187] [basehttp:log_message] [INFO] "GET /static/js/data-factory-select.js HTTP/1.1" 200 12188
2023-05-18 20:51:08,171 [django.server:187] [basehttp:log_message] [WARNING] "GET /static/js/popper.js.map HTTP/1.1" 404 1807
2023-05-18 20:51:08,228 [django.server:187] [basehttp:log_message] [INFO] "GET /register/ HTTP/1.1" 200 1544
2023-05-18 20:51:08,344 [django.server:187] [basehttp:log_message] [WARNING] "GET /static/js/popper.js.map HTTP/1.1" 404 1807
2023-05-18 20:51:08,371 [django.server:187] [basehttp:log_message] [INFO] "GET /register/ HTTP/1.1" 200 1544
2023-05-18 20:51:08,388 [django.server:187] [basehttp:log_message] [INFO] "GET /static/js/data-factory-select.js HTTP/1.1" 304 0
2023-05-18 20:51:08,453 [django.server:187] [basehttp:log_message] [WARNING] "GET /static/js/popper.js.map HTTP/1.1" 404 1807
2023-05-18 20:51:08,500 [django.server:187] [basehttp:log_message] [INFO] "GET /register/ HTTP/1.1" 200 1544
2023-05-18 20:51:08,512 [django.server:187] [basehttp:log_message] [INFO] "GET /static/js/data-factory-select.js HTTP/1.1" 304 0
2023-05-18 20:51:08,564 [django.server:187] [basehttp:log_message] [WARNING] "GET /static/js/popper.js.map HTTP/1.1" 404 1807
2023-05-18 20:53:25,570 [django.server:187] [basehttp:log_message] [INFO] "GET /register/ HTTP/1.1" 200 1544
2023-05-18 20:53:25,579 [django.server:187] [basehttp:log_message] [INFO] "GET /static/js/data-factory-select.js HTTP/1.1" 200 12222
2023-05-18 20:53:25,617 [django.server:187] [basehttp:log_message] [WARNING] "GET /static/js/popper.js.map HTTP/1.1" 404 1807
2023-05-18 20:53:32,642 [django.server:187] [basehttp:log_message] [WARNING] "POST /register/127.0.0.1:8001/register/ HTTP/1.1" 404 2621
2023-05-18 20:54:46,621 [django.server:187] [basehttp:log_message] [INFO] "GET /register/ HTTP/1.1" 200 1544
2023-05-18 20:54:46,640 [django.server:187] [basehttp:log_message] [INFO] "GET /static/js/data-factory-select.js HTTP/1.1" 200 12222
2023-05-18 20:54:46,751 [django.server:187] [basehttp:log_message] [WARNING] "GET /static/js/popper.js.map HTTP/1.1" 404 1807
2023-05-18 20:54:46,784 [django.server:187] [basehttp:log_message] [INFO] "GET /register/ HTTP/1.1" 200 1544
2023-05-18 20:54:46,800 [django.server:187] [basehttp:log_message] [INFO] "GET /static/js/data-factory-select.js HTTP/1.1" 304 0
2023-05-18 20:54:46,837 [django.server:187] [basehttp:log_message] [WARNING] "GET /static/js/popper.js.map HTTP/1.1" 404 1807
2023-05-18 20:54:46,916 [django.server:187] [basehttp:log_message] [INFO] "GET /register/ HTTP/1.1" 200 1544
2023-05-18 20:54:46,930 [django.server:187] [basehttp:log_message] [INFO] "GET /static/js/data-factory-select.js HTTP/1.1" 304 0
2023-05-18 20:54:46,965 [django.server:187] [basehttp:log_message] [WARNING] "GET /static/js/popper.js.map HTTP/1.1" 404 1807
2023-05-18 20:54:47,048 [django.server:187] [basehttp:log_message] [INFO] "GET /register/ HTTP/1.1" 200 1544
2023-05-18 20:54:47,063 [django.server:187] [basehttp:log_message] [INFO] "GET /static/js/data-factory-select.js HTTP/1.1" 304 0
2023-05-18 20:54:47,087 [django.server:187] [basehttp:log_message] [WARNING] "GET /static/js/popper.js.map HTTP/1.1" 404 1807
2023-05-18 20:54:49,306 [django.server:187] [basehttp:log_message] [WARNING] "POST /register/127.0.0.1:8001/register/ HTTP/1.1" 404 2621
2023-05-18 20:55:24,135 [django.server:187] [basehttp:log_message] [INFO] "GET /register/ HTTP/1.1" 200 1544
2023-05-18 20:55:24,229 [django.server:187] [basehttp:log_message] [INFO] "GET /static/js/data-factory-select.js HTTP/1.1" 200 12211
2023-05-18 20:55:24,486 [django.server:187] [basehttp:log_message] [WARNING] "GET /static/js/popper.js.map HTTP/1.1" 404 1807
2023-05-18 20:55:34,556 [django.server:187] [basehttp:log_message] [WARNING] "POST /register/127.0.0.1:8001/register/ HTTP/1.1" 404 2621
2023-05-18 21:00:04,421 [django.server:187] [basehttp:log_message] [INFO] "GET /register/ HTTP/1.1" 200 1544
2023-05-18 21:00:04,438 [django.server:187] [basehttp:log_message] [INFO] "GET /static/js/data-factory-select.js HTTP/1.1" 200 12228
2023-05-18 21:00:04,496 [django.server:187] [basehttp:log_message] [WARNING] "GET /static/js/popper.js.map HTTP/1.1" 404 1807
2023-05-18 21:00:13,026 [django.server:187] [basehttp:log_message] [WARNING] "POST /register/127.0.0.1:8001/register/ HTTP/1.1" 404 2621
2023-05-18 21:00:38,133 [django.server:187] [basehttp:log_message] [INFO] "GET /register/ HTTP/1.1" 200 1544
2023-05-18 21:00:38,142 [django.server:187] [basehttp:log_message] [INFO] "GET /static/js/data-factory-select.js HTTP/1.1" 200 12263
2023-05-18 21:00:38,202 [django.server:187] [basehttp:log_message] [WARNING] "GET /static/js/popper.js.map HTTP/1.1" 404 1807
2023-05-18 21:00:41,228 [django.server:187] [basehttp:log_message] [WARNING] "POST /register/127.0.0.1:8001/register/ HTTP/1.1" 404 2621
2023-05-18 21:01:07,978 [django.server:187] [basehttp:log_message] [INFO] "GET /register/ HTTP/1.1" 200 1544
2023-05-18 21:01:07,990 [django.server:187] [basehttp:log_message] [INFO] "GET /static/js/data-factory-select.js HTTP/1.1" 304 0
2023-05-18 21:01:08,155 [django.server:187] [basehttp:log_message] [WARNING] "GET /static/js/popper.js.map HTTP/1.1" 404 1807
2023-05-18 21:01:11,095 [django.server:187] [basehttp:log_message] [WARNING] "POST /register/127.0.0.1:8001/register/ HTTP/1.1" 404 2621
2023-05-18 21:01:14,987 [django.server:187] [basehttp:log_message] [WARNING] "POST /register/127.0.0.1:8001/register/ HTTP/1.1" 404 2621
2023-05-18 21:01:15,149 [django.server:187] [basehttp:log_message] [WARNING] "POST /register/127.0.0.1:8001/register/ HTTP/1.1" 404 2621
2023-05-18 21:02:16,965 [django.server:187] [basehttp:log_message] [INFO] "GET /register/ HTTP/1.1" 200 1544
2023-05-18 21:02:16,974 [django.server:187] [basehttp:log_message] [INFO] "GET /static/js/data-factory-select.js HTTP/1.1" 200 12265
2023-05-18 21:02:17,014 [django.server:187] [basehttp:log_message] [WARNING] "GET /static/js/popper.js.map HTTP/1.1" 404 1807
2023-05-18 21:03:04,360 [django.server:187] [basehttp:log_message] [INFO] "GET /register/ HTTP/1.1" 200 1544
2023-05-18 21:03:04,371 [django.server:187] [basehttp:log_message] [INFO] "GET /static/js/data-factory-select.js HTTP/1.1" 200 12278
2023-05-18 21:03:04,501 [django.server:187] [basehttp:log_message] [WARNING] "GET /static/js/popper.js.map HTTP/1.1" 404 1807
2023-05-18 21:03:07,128 [django.server:187] [basehttp:log_message] [WARNING] "POST /register/127.0.0.1:8001/register/ HTTP/1.1" 404 2621
2023-05-18 21:03:35,917 [django.server:187] [basehttp:log_message] [INFO] "GET /register/ HTTP/1.1" 200 1544
2023-05-18 21:03:35,933 [django.server:187] [basehttp:log_message] [INFO] "GET /static/js/data-factory-select.js HTTP/1.1" 200 12252
2023-05-18 21:03:35,981 [django.server:187] [basehttp:log_message] [WARNING] "GET /static/js/popper.js.map HTTP/1.1" 404 1807
2023-05-18 21:03:38,650 [django.server:187] [basehttp:log_message] [WARNING] "POST /register/127.0.0.1:8001/register/ HTTP/1.1" 404 2621
2023-05-18 21:05:09,732 [django.server:187] [basehttp:log_message] [INFO] "GET /register/ HTTP/1.1" 200 1544
2023-05-18 21:05:09,755 [django.server:187] [basehttp:log_message] [INFO] "GET /static/js/data-factory-select.js HTTP/1.1" 304 0
2023-05-18 21:05:09,841 [django.server:187] [basehttp:log_message] [WARNING] "GET /static/js/popper.js.map HTTP/1.1" 404 1807
2023-05-18 21:05:34,750 [django.server:187] [basehttp:log_message] [INFO] "GET /register/ HTTP/1.1" 200 1544
2023-05-18 21:05:34,759 [django.server:187] [basehttp:log_message] [INFO] "GET /static/js/data-factory-select.js HTTP/1.1" 200 12225
2023-05-18 21:05:34,926 [django.server:187] [basehttp:log_message] [WARNING] "GET /static/js/popper.js.map HTTP/1.1" 404 1807
2023-05-18 21:05:40,467 [django.server:187] [basehttp:log_message] [WARNING] "POST /register/127.0.0.1:8001/register/ HTTP/1.1" 404 2621
2023-05-18 21:06:05,308 [django.server:187] [basehttp:log_message] [INFO] "GET /register/ HTTP/1.1" 200 1544
2023-05-18 21:06:05,319 [django.server:187] [basehttp:log_message] [INFO] "GET /static/js/data-factory-select.js HTTP/1.1" 200 12252
2023-05-18 21:06:05,361 [django.server:187] [basehttp:log_message] [WARNING] "GET /static/js/popper.js.map HTTP/1.1" 404 1807
2023-05-18 21:06:10,476 [django.server:187] [basehttp:log_message] [WARNING] "POST /register/127.0.0.1:8001/register/ HTTP/1.1" 404 2621
2023-05-18 21:06:31,073 [django.server:187] [basehttp:log_message] [INFO] "GET /register/ HTTP/1.1" 200 1544
2023-05-18 21:06:31,093 [django.server:187] [basehttp:log_message] [INFO] "GET /static/js/data-factory-select.js HTTP/1.1" 200 12254
2023-05-18 21:06:31,157 [django.server:187] [basehttp:log_message] [WARNING] "GET /static/js/popper.js.map HTTP/1.1" 404 1807
2023-05-18 21:06:31,780 [django.server:187] [basehttp:log_message] [INFO] "GET /register/ HTTP/1.1" 200 1544
2023-05-18 21:06:31,788 [django.server:187] [basehttp:log_message] [INFO] "GET /static/js/data-factory-select.js HTTP/1.1" 304 0
2023-05-18 21:06:31,822 [django.server:187] [basehttp:log_message] [WARNING] "GET /static/js/popper.js.map HTTP/1.1" 404 1807
2023-05-18 21:06:31,961 [django.server:187] [basehttp:log_message] [INFO] "GET /register/ HTTP/1.1" 200 1544
2023-05-18 21:06:31,972 [django.server:187] [basehttp:log_message] [INFO] "GET /static/js/data-factory-select.js HTTP/1.1" 304 0
2023-05-18 21:06:31,993 [django.server:187] [basehttp:log_message] [WARNING] "GET /static/js/popper.js.map HTTP/1.1" 404 1807
2023-05-18 21:06:38,157 [django.server:187] [basehttp:log_message] [INFO] "GET /register/ HTTP/1.1" 200 1544
2023-05-18 21:06:38,170 [django.server:187] [basehttp:log_message] [INFO] "GET /static/css/login.css HTTP/1.1" 200 2923
2023-05-18 21:06:38,172 [django.server:187] [basehttp:log_message] [INFO] "GET /static/js/data-factory-select.js HTTP/1.1" 200 12254
2023-05-18 21:06:38,173 [django.server:187] [basehttp:log_message] [INFO] "GET /static/js/jquery.min.js HTTP/1.1" 200 137835
2023-05-18 21:06:38,173 [django.server:187] [basehttp:log_message] [INFO] "GET /static/css/bootstrap.min.css HTTP/1.1" 200 212514
2023-05-18 21:06:38,175 [django.server:187] [basehttp:log_message] [INFO] "GET /static/js/bootstrap.min.js HTTP/1.1" 200 62569
2023-05-18 21:06:38,176 [django.server:187] [basehttp:log_message] [INFO] "GET /static/js/popper.js HTTP/1.1" 200 104916
2023-05-18 21:06:38,204 [django.server:187] [basehttp:log_message] [INFO] "GET /static/css/bootstrap.min.css.map HTTP/1.1" 200 654593
2023-05-18 21:06:38,235 [django.server:187] [basehttp:log_message] [WARNING] "GET /static/js/popper.js.map HTTP/1.1" 404 1807
2023-05-18 21:06:38,236 [django.server:187] [basehttp:log_message] [INFO] "GET /static/js/bootstrap.min.js.map HTTP/1.1" 200 185257
2023-05-18 21:06:38,252 [django.server:187] [basehttp:log_message] [WARNING] "GET /favicon.ico HTTP/1.1" 404 2554
2023-05-18 21:06:40,830 [django.server:187] [basehttp:log_message] [WARNING] "POST /register/127.0.0.1:8001/register/ HTTP/1.1" 404 2621
2023-05-18 21:06:59,707 [django.server:187] [basehttp:log_message] [INFO] "GET /register/ HTTP/1.1" 200 1544
2023-05-18 21:06:59,722 [django.server:187] [basehttp:log_message] [INFO] "GET /static/css/login.css HTTP/1.1" 200 2923
2023-05-18 21:06:59,725 [django.server:187] [basehttp:log_message] [INFO] "GET /static/js/bootstrap.min.js HTTP/1.1" 200 62569
2023-05-18 21:06:59,725 [django.server:187] [basehttp:log_message] [INFO] "GET /static/js/popper.js HTTP/1.1" 200 104916
2023-05-18 21:06:59,726 [django.server:187] [basehttp:log_message] [INFO] "GET /static/js/jquery.min.js HTTP/1.1" 200 137835
2023-05-18 21:06:59,727 [django.server:187] [basehttp:log_message] [INFO] "GET /static/js/data-factory-select.js HTTP/1.1" 200 12252
2023-05-18 21:06:59,727 [django.server:187] [basehttp:log_message] [INFO] "GET /static/css/bootstrap.min.css HTTP/1.1" 200 212514
2023-05-18 21:06:59,764 [django.server:187] [basehttp:log_message] [INFO] "GET /static/css/bootstrap.min.css.map HTTP/1.1" 200 654593
2023-05-18 21:06:59,776 [django.server:187] [basehttp:log_message] [WARNING] "GET /static/js/popper.js.map HTTP/1.1" 404 1807
2023-05-18 21:06:59,777 [django.server:187] [basehttp:log_message] [INFO] "GET /static/js/bootstrap.min.js.map HTTP/1.1" 200 185257
2023-05-18 21:06:59,813 [django.server:187] [basehttp:log_message] [WARNING] "GET /favicon.ico HTTP/1.1" 404 2554
2023-05-18 21:07:02,694 [django.server:187] [basehttp:log_message] [WARNING] "POST /register/127.0.0.1:8001/register/ HTTP/1.1" 404 2621
2023-05-18 21:08:08,033 [django.server:187] [basehttp:log_message] [INFO] "GET /register/ HTTP/1.1" 200 1544
2023-05-18 21:08:08,046 [django.server:187] [basehttp:log_message] [INFO] "GET /static/js/data-factory-select.js HTTP/1.1" 200 12254
2023-05-18 21:08:08,107 [django.server:187] [basehttp:log_message] [WARNING] "GET /static/js/popper.js.map HTTP/1.1" 404 1807
2023-05-18 21:08:08,223 [django.server:187] [basehttp:log_message] [INFO] "GET /register/ HTTP/1.1" 200 1544
2023-05-18 21:08:08,235 [django.server:187] [basehttp:log_message] [INFO] "GET /static/js/data-factory-select.js HTTP/1.1" 304 0
2023-05-18 21:08:08,266 [django.server:187] [basehttp:log_message] [WARNING] "GET /static/js/popper.js.map HTTP/1.1" 404 1807
2023-05-18 21:08:08,362 [django.server:187] [basehttp:log_message] [INFO] "GET /register/ HTTP/1.1" 200 1544
2023-05-18 21:08:08,373 [django.server:187] [basehttp:log_message] [INFO] "GET /static/js/data-factory-select.js HTTP/1.1" 304 0
2023-05-18 21:08:08,408 [django.server:187] [basehttp:log_message] [WARNING] "GET /static/js/popper.js.map HTTP/1.1" 404 1807
2023-05-18 21:08:08,494 [django.server:187] [basehttp:log_message] [INFO] "GET /register/ HTTP/1.1" 200 1544
2023-05-18 21:08:08,503 [django.server:187] [basehttp:log_message] [INFO] "GET /static/js/data-factory-select.js HTTP/1.1" 304 0
2023-05-18 21:08:08,547 [django.server:187] [basehttp:log_message] [WARNING] "GET /static/js/popper.js.map HTTP/1.1" 404 1807
2023-05-18 21:08:08,638 [django.server:187] [basehttp:log_message] [INFO] "GET /register/ HTTP/1.1" 200 1544
2023-05-18 21:08:08,648 [django.server:187] [basehttp:log_message] [INFO] "GET /static/js/data-factory-select.js HTTP/1.1" 304 0
2023-05-18 21:08:08,675 [django.server:187] [basehttp:log_message] [WARNING] "GET /static/js/popper.js.map HTTP/1.1" 404 1807
2023-05-18 21:08:08,794 [django.server:187] [basehttp:log_message] [INFO] "GET /register/ HTTP/1.1" 200 1544
2023-05-18 21:08:08,802 [django.server:187] [basehttp:log_message] [INFO] "GET /static/js/data-factory-select.js HTTP/1.1" 304 0
2023-05-18 21:08:08,830 [django.server:187] [basehttp:log_message] [WARNING] "GET /static/js/popper.js.map HTTP/1.1" 404 1807
2023-05-18 21:08:17,782 [django.server:187] [basehttp:log_message] [INFO] "GET /register/ HTTP/1.1" 200 1544
2023-05-18 21:08:17,854 [django.server:187] [basehttp:log_message] [INFO] "GET /static/css/bootstrap.min.css HTTP/1.1" 200 212514
2023-05-18 21:08:17,868 [django.server:187] [basehttp:log_message] [INFO] "GET /static/css/login.css HTTP/1.1" 200 2923
2023-05-18 21:08:17,872 [django.server:187] [basehttp:log_message] [INFO] "GET /static/js/jquery.min.js HTTP/1.1" 200 137835
2023-05-18 21:08:17,873 [django.server:187] [basehttp:log_message] [INFO] "GET /static/js/data-factory-select.js HTTP/1.1" 200 12254
2023-05-18 21:08:17,874 [django.server:187] [basehttp:log_message] [INFO] "GET /static/js/bootstrap.min.js HTTP/1.1" 200 62569
2023-05-18 21:08:17,875 [django.server:187] [basehttp:log_message] [INFO] "GET /static/js/popper.js HTTP/1.1" 200 104916
2023-05-18 21:08:17,895 [django.server:187] [basehttp:log_message] [INFO] "GET /static/css/bootstrap.min.css.map HTTP/1.1" 200 654593
2023-05-18 21:08:17,927 [django.server:187] [basehttp:log_message] [WARNING] "GET /static/js/popper.js.map HTTP/1.1" 404 1807
2023-05-18 21:08:17,927 [django.server:187] [basehttp:log_message] [INFO] "GET /static/js/bootstrap.min.js.map HTTP/1.1" 200 185257
2023-05-18 21:08:17,972 [django.server:187] [basehttp:log_message] [WARNING] "GET /favicon.ico HTTP/1.1" 404 2554
2023-05-18 21:08:19,850 [django.server:187] [basehttp:log_message] [WARNING] "POST /register/127.0.0.1:8001/register/ HTTP/1.1" 404 2621
2023-05-18 21:09:00,425 [django.server:187] [basehttp:log_message] [INFO] "GET /register/ HTTP/1.1" 200 1544
2023-05-18 21:09:00,442 [django.server:187] [basehttp:log_message] [INFO] "GET /static/css/login.css HTTP/1.1" 200 2923
2023-05-18 21:09:00,444 [django.server:187] [basehttp:log_message] [INFO] "GET /static/js/bootstrap.min.js HTTP/1.1" 200 62569
2023-05-18 21:09:00,444 [django.server:187] [basehttp:log_message] [INFO] "GET /static/js/popper.js HTTP/1.1" 200 104916
2023-05-18 21:09:00,446 [django.server:187] [basehttp:log_message] [INFO] "GET /static/js/data-factory-select.js HTTP/1.1" 200 12252
2023-05-18 21:09:00,446 [django.server:187] [basehttp:log_message] [INFO] "GET /static/js/jquery.min.js HTTP/1.1" 200 137835
2023-05-18 21:09:00,446 [django.server:187] [basehttp:log_message] [INFO] "GET /static/css/bootstrap.min.css HTTP/1.1" 200 212514
2023-05-18 21:09:00,477 [django.server:187] [basehttp:log_message] [WARNING] "GET /static/js/popper.js.map HTTP/1.1" 404 1807
2023-05-18 21:09:00,478 [django.server:187] [basehttp:log_message] [INFO] "GET /static/js/bootstrap.min.js.map HTTP/1.1" 200 185257
2023-05-18 21:09:00,492 [django.server:187] [basehttp:log_message] [INFO] "GET /static/css/bootstrap.min.css.map HTTP/1.1" 200 654593
2023-05-18 21:09:00,527 [django.server:187] [basehttp:log_message] [WARNING] "GET /favicon.ico HTTP/1.1" 404 2554
2023-05-18 21:09:03,049 [django.server:187] [basehttp:log_message] [WARNING] "POST /register/127.0.0.1:8001/register/ HTTP/1.1" 404 2621
2023-05-18 21:09:04,092 [django.server:187] [basehttp:log_message] [WARNING] "POST /register/127.0.0.1:8001/register/ HTTP/1.1" 404 2621
2023-05-18 21:09:08,394 [django.server:187] [basehttp:log_message] [INFO] "GET /register/ HTTP/1.1" 200 1544
2023-05-18 21:09:08,412 [django.server:187] [basehttp:log_message] [INFO] "GET /static/css/login.css HTTP/1.1" 200 2923
2023-05-18 21:09:08,413 [django.server:187] [basehttp:log_message] [INFO] "GET /static/js/data-factory-select.js HTTP/1.1" 200 12252
2023-05-18 21:09:08,414 [django.server:187] [basehttp:log_message] [INFO] "GET /static/js/popper.js HTTP/1.1" 200 104916
2023-05-18 21:09:08,414 [django.server:187] [basehttp:log_message] [INFO] "GET /static/js/bootstrap.min.js HTTP/1.1" 200 62569
2023-05-18 21:09:08,415 [django.server:187] [basehttp:log_message] [INFO] "GET /static/js/jquery.min.js HTTP/1.1" 200 137835
2023-05-18 21:09:08,416 [django.server:187] [basehttp:log_message] [INFO] "GET /static/css/bootstrap.min.css HTTP/1.1" 200 212514
2023-05-18 21:09:08,466 [django.server:187] [basehttp:log_message] [WARNING] "GET /static/js/popper.js.map HTTP/1.1" 404 1807
2023-05-18 21:09:08,467 [django.server:187] [basehttp:log_message] [INFO] "GET /static/js/bootstrap.min.js.map HTTP/1.1" 200 185257
2023-05-18 21:09:08,491 [django.server:187] [basehttp:log_message] [WARNING] "GET /favicon.ico HTTP/1.1" 404 2554
2023-05-18 21:09:08,755 [django.server:187] [basehttp:log_message] [INFO] "GET /static/css/bootstrap.min.css.map HTTP/1.1" 200 654593
2023-05-18 21:09:11,841 [django.server:187] [basehttp:log_message] [WARNING] "POST /register/127.0.0.1:8001/register/ HTTP/1.1" 404 2621
2023-05-18 21:09:29,909 [django.server:187] [basehttp:log_message] [INFO] "GET /register/ HTTP/1.1" 200 1544
2023-05-18 21:09:29,940 [django.server:187] [basehttp:log_message] [INFO] "GET /static/js/data-factory-select.js HTTP/1.1" 200 12254
2023-05-18 21:09:30,077 [django.server:187] [basehttp:log_message] [WARNING] "GET /static/js/popper.js.map HTTP/1.1" 404 1807
2023-05-18 21:09:30,367 [django.server:187] [basehttp:log_message] [INFO] "GET /register/ HTTP/1.1" 200 1544
2023-05-18 21:09:30,375 [django.server:187] [basehttp:log_message] [INFO] "GET /static/js/data-factory-select.js HTTP/1.1" 304 0
2023-05-18 21:09:30,407 [django.server:187] [basehttp:log_message] [WARNING] "GET /static/js/popper.js.map HTTP/1.1" 404 1807
2023-05-18 21:09:30,559 [django.server:187] [basehttp:log_message] [INFO] "GET /register/ HTTP/1.1" 200 1544
2023-05-18 21:09:30,567 [django.server:187] [basehttp:log_message] [INFO] "GET /static/js/data-factory-select.js HTTP/1.1" 304 0
2023-05-18 21:09:30,591 [django.server:187] [basehttp:log_message] [WARNING] "GET /static/js/popper.js.map HTTP/1.1" 404 1807
2023-05-18 21:09:30,701 [django.server:187] [basehttp:log_message] [INFO] "GET /register/ HTTP/1.1" 200 1544
2023-05-18 21:09:30,709 [django.server:187] [basehttp:log_message] [INFO] "GET /static/js/data-factory-select.js HTTP/1.1" 304 0
2023-05-18 21:09:30,752 [django.server:187] [basehttp:log_message] [WARNING] "GET /static/js/popper.js.map HTTP/1.1" 404 1807
2023-05-18 21:09:38,290 [django.server:187] [basehttp:log_message] [WARNING] "POST /register/127.0.0.1:8001/register/ HTTP/1.1" 404 2621
2023-05-18 21:09:42,366 [django.server:187] [basehttp:log_message] [INFO] "GET /register/ HTTP/1.1" 200 1544
2023-05-18 21:09:42,379 [django.server:187] [basehttp:log_message] [INFO] "GET /static/css/login.css HTTP/1.1" 200 2923
2023-05-18 21:09:42,385 [django.server:187] [basehttp:log_message] [INFO] "GET /static/css/bootstrap.min.css HTTP/1.1" 200 212514
2023-05-18 21:09:42,385 [django.server:187] [basehttp:log_message] [INFO] "GET /static/js/data-factory-select.js HTTP/1.1" 200 12254
2023-05-18 21:09:42,386 [django.server:187] [basehttp:log_message] [INFO] "GET /static/js/bootstrap.min.js HTTP/1.1" 200 62569
2023-05-18 21:09:42,387 [django.server:187] [basehttp:log_message] [INFO] "GET /static/js/popper.js HTTP/1.1" 200 104916
2023-05-18 21:09:42,387 [django.server:187] [basehttp:log_message] [INFO] "GET /static/js/jquery.min.js HTTP/1.1" 200 137835
2023-05-18 21:09:42,408 [django.server:187] [basehttp:log_message] [INFO] "GET /static/css/bootstrap.min.css.map HTTP/1.1" 200 654593
2023-05-18 21:09:42,436 [django.server:187] [basehttp:log_message] [WARNING] "GET /static/js/popper.js.map HTTP/1.1" 404 1807
2023-05-18 21:09:42,437 [django.server:187] [basehttp:log_message] [INFO] "GET /static/js/bootstrap.min.js.map HTTP/1.1" 200 185257
2023-05-18 21:09:42,461 [django.server:187] [basehttp:log_message] [WARNING] "GET /favicon.ico HTTP/1.1" 404 2554
2023-05-18 21:09:44,890 [django.server:187] [basehttp:log_message] [WARNING] "POST /register/127.0.0.1:8001/register/ HTTP/1.1" 404 2621
2023-05-18 21:10:15,098 [django.server:187] [basehttp:log_message] [INFO] "GET /register/ HTTP/1.1" 200 1544
2023-05-18 21:10:15,111 [django.server:187] [basehttp:log_message] [INFO] "GET /static/js/data-factory-select.js HTTP/1.1" 200 12256
2023-05-18 21:10:15,152 [django.server:187] [basehttp:log_message] [WARNING] "GET /static/js/popper.js.map HTTP/1.1" 404 1807
2023-05-18 21:10:15,295 [django.server:187] [basehttp:log_message] [INFO] "GET /register/ HTTP/1.1" 200 1544
2023-05-18 21:10:15,339 [django.server:187] [basehttp:log_message] [WARNING] "GET /static/js/popper.js.map HTTP/1.1" 404 1807
2023-05-18 21:10:15,457 [django.server:187] [basehttp:log_message] [INFO] "GET /register/ HTTP/1.1" 200 1544
2023-05-18 21:10:15,492 [django.server:187] [basehttp:log_message] [WARNING] "GET /static/js/popper.js.map HTTP/1.1" 404 1807
2023-05-18 21:10:15,670 [django.server:187] [basehttp:log_message] [INFO] "GET /register/ HTTP/1.1" 200 1544
2023-05-18 21:10:15,679 [django.server:187] [basehttp:log_message] [INFO] "GET /static/js/data-factory-select.js HTTP/1.1" 304 0
2023-05-18 21:10:15,720 [django.server:187] [basehttp:log_message] [WARNING] "GET /static/js/popper.js.map HTTP/1.1" 404 1807
2023-05-18 21:10:18,751 [django.server:187] [basehttp:log_message] [WARNING] "POST /register/127.0.0.1:8001/register/ HTTP/1.1" 404 2621
2023-05-18 21:10:21,099 [django.server:187] [basehttp:log_message] [WARNING] "POST /register/127.0.0.1:8001/register/ HTTP/1.1" 404 2621
2023-05-18 21:10:21,306 [django.server:187] [basehttp:log_message] [WARNING] "POST /register/127.0.0.1:8001/register/ HTTP/1.1" 404 2621
2023-05-18 21:10:21,433 [django.server:187] [basehttp:log_message] [WARNING] "POST /register/127.0.0.1:8001/register/ HTTP/1.1" 404 2621
2023-05-18 21:10:21,595 [django.server:187] [basehttp:log_message] [WARNING] "POST /register/127.0.0.1:8001/register/ HTTP/1.1" 404 2621
2023-05-18 21:11:48,467 [django.server:187] [basehttp:log_message] [INFO] "GET /register/ HTTP/1.1" 200 1544
2023-05-18 21:11:48,481 [django.server:187] [basehttp:log_message] [INFO] "GET /static/js/data-factory-select.js HTTP/1.1" 200 12260
2023-05-18 21:11:48,523 [django.server:187] [basehttp:log_message] [WARNING] "GET /static/js/popper.js.map HTTP/1.1" 404 1807
2023-05-18 21:12:12,640 [django.server:187] [basehttp:log_message] [INFO] "GET /register/ HTTP/1.1" 200 1544
2023-05-18 21:12:12,653 [django.server:187] [basehttp:log_message] [INFO] "GET /static/js/data-factory-select.js HTTP/1.1" 200 12258
2023-05-18 21:12:12,786 [django.server:187] [basehttp:log_message] [WARNING] "GET /static/js/popper.js.map HTTP/1.1" 404 1807
2023-05-18 21:12:12,870 [django.server:187] [basehttp:log_message] [INFO] "GET /register/ HTTP/1.1" 200 1544
2023-05-18 21:12:12,883 [django.server:187] [basehttp:log_message] [INFO] "GET /static/js/data-factory-select.js HTTP/1.1" 304 0
2023-05-18 21:12:13,007 [django.server:187] [basehttp:log_message] [WARNING] "GET /static/js/popper.js.map HTTP/1.1" 404 1807
2023-05-18 21:12:32,324 [django.server:187] [basehttp:log_message] [INFO] "GET /register/ HTTP/1.1" 200 1544
2023-05-18 21:12:32,334 [django.server:187] [basehttp:log_message] [INFO] "GET /static/js/data-factory-select.js HTTP/1.1" 200 12256
2023-05-18 21:12:32,482 [django.server:187] [basehttp:log_message] [WARNING] "GET /static/js/popper.js.map HTTP/1.1" 404 1807
2023-05-18 21:12:32,539 [django.server:187] [basehttp:log_message] [INFO] "GET /register/ HTTP/1.1" 200 1544
2023-05-18 21:12:32,549 [django.server:187] [basehttp:log_message] [INFO] "GET /static/js/data-factory-select.js HTTP/1.1" 304 0
2023-05-18 21:12:32,643 [django.server:187] [basehttp:log_message] [WARNING] "GET /static/js/popper.js.map HTTP/1.1" 404 1807
2023-05-18 21:12:32,681 [django.server:187] [basehttp:log_message] [INFO] "GET /register/ HTTP/1.1" 200 1544
2023-05-18 21:12:32,693 [django.server:187] [basehttp:log_message] [INFO] "GET /static/js/data-factory-select.js HTTP/1.1" 304 0
2023-05-18 21:12:32,818 [django.server:187] [basehttp:log_message] [WARNING] "GET /static/js/popper.js.map HTTP/1.1" 404 1807
