2023-05-13 10:59:04,412 [django.utils.autoreload:677] [autoreload:run_with_reloader] [INFO] Watching for file changes with StatReloader
2023-05-13 10:59:04,967 [django.server:187] [basehttp:log_message] [INFO] "GET /factory/data_sync/ HTTP/1.1" 200 40626
2023-05-13 10:59:04,989 [django.server:187] [basehttp:log_message] [WARNING] "GET /factory/static/images/logo-sm.png HTTP/1.1" 404 3887
2023-05-13 10:59:05,005 [django.server:187] [basehttp:log_message] [WARNING] "GET /factory/static/images/users/avatar-1.jpg HTTP/1.1" 404 3908
2023-05-13 10:59:05,503 [django.server:187] [basehttp:log_message] [WARNING] "GET /static/js/bootstrap-select.min.js.map HTTP/1.1" 404 1849
2023-05-13 10:59:05,972 [django.server:187] [basehttp:log_message] [INFO] "GET /factory/online/data/?instance=undefined&database=undefined HTTP/1.1" 200 1569
2023-05-13 10:59:08,359 [django.server:187] [basehttp:log_message] [INFO] "GET /factory/intranet/data/?instance=undefined&database=undefined HTTP/1.1" 200 95
2023-05-13 10:59:38,617 [django.server:187] [basehttp:log_message] [INFO] "GET /factory/intranet/data/?instance=queuelog%E5%BA%93&database=undefined HTTP/1.1" 200 988
2023-05-13 10:59:41,804 [django.server:187] [basehttp:log_message] [INFO] "GET /factory/intranet/data/?instance=queuelog%E5%BA%93&database=oms_timer HTTP/1.1" 200 7397
2023-05-13 11:01:56,799 [django.server:187] [basehttp:log_message] [INFO] "GET /factory/data_sync/ HTTP/1.1" 200 40818
2023-05-13 11:01:56,829 [django.server:187] [basehttp:log_message] [WARNING] "GET /factory/static/images/logo-sm.png HTTP/1.1" 404 3887
2023-05-13 11:01:56,850 [django.server:187] [basehttp:log_message] [WARNING] "GET /factory/static/images/users/avatar-1.jpg HTTP/1.1" 404 3908
2023-05-13 11:01:57,152 [django.server:187] [basehttp:log_message] [WARNING] "GET /static/js/bootstrap-select.min.js.map HTTP/1.1" 404 1849
2023-05-13 11:01:57,497 [django.server:187] [basehttp:log_message] [INFO] "GET /factory/online/data/?instance=undefined&database=undefined HTTP/1.1" 200 1569
2023-05-13 11:01:58,807 [django.server:187] [basehttp:log_message] [INFO] "GET /factory/intranet/data/?instance=undefined&database=undefined HTTP/1.1" 200 95
2023-05-13 11:02:21,018 [django.server:187] [basehttp:log_message] [INFO] "GET /factory/data_sync/ HTTP/1.1" 200 40819
2023-05-13 11:02:21,041 [django.server:187] [basehttp:log_message] [WARNING] "GET /factory/static/images/logo-sm.png HTTP/1.1" 404 3887
2023-05-13 11:02:21,043 [django.server:187] [basehttp:log_message] [WARNING] "GET /factory/static/images/users/avatar-1.jpg HTTP/1.1" 404 3908
2023-05-13 11:02:21,330 [django.server:187] [basehttp:log_message] [WARNING] "GET /static/js/bootstrap-select.min.js.map HTTP/1.1" 404 1849
2023-05-13 11:02:21,594 [django.server:187] [basehttp:log_message] [INFO] "GET /factory/online/data/?instance=undefined&database=undefined HTTP/1.1" 200 1569
2023-05-13 11:02:22,928 [django.server:187] [basehttp:log_message] [INFO] "GET /factory/intranet/data/?instance=undefined&database=undefined HTTP/1.1" 200 95
2023-05-13 11:03:10,815 [django.server:187] [basehttp:log_message] [INFO] "GET /factory/data_sync/ HTTP/1.1" 200 40820
2023-05-13 11:03:10,837 [django.server:187] [basehttp:log_message] [WARNING] "GET /factory/static/images/logo-sm.png HTTP/1.1" 404 3887
2023-05-13 11:03:10,857 [django.server:187] [basehttp:log_message] [WARNING] "GET /factory/static/images/users/avatar-1.jpg HTTP/1.1" 404 3908
2023-05-13 11:03:11,130 [django.server:187] [basehttp:log_message] [WARNING] "GET /static/js/bootstrap-select.min.js.map HTTP/1.1" 404 1849
2023-05-13 11:03:11,441 [django.server:187] [basehttp:log_message] [INFO] "GET /factory/online/data/?instance=undefined&database=undefined HTTP/1.1" 200 1569
2023-05-13 11:03:13,705 [django.server:187] [basehttp:log_message] [INFO] "GET /factory/intranet/data/?instance=undefined&database=undefined HTTP/1.1" 200 95
2023-05-13 11:03:34,176 [django.server:187] [basehttp:log_message] [INFO] "GET /factory/data_sync/ HTTP/1.1" 200 40814
2023-05-13 11:03:34,192 [django.server:187] [basehttp:log_message] [WARNING] "GET /factory/static/images/logo-sm.png HTTP/1.1" 404 3887
2023-05-13 11:03:34,274 [django.server:187] [basehttp:log_message] [WARNING] "GET /factory/static/images/users/avatar-1.jpg HTTP/1.1" 404 3908
2023-05-13 11:03:34,671 [django.server:187] [basehttp:log_message] [INFO] "GET /factory/data_sync/ HTTP/1.1" 200 40814
2023-05-13 11:03:34,674 [django.server:187] [basehttp:log_message] [WARNING] "GET /static/js/bootstrap-select.min.js.map HTTP/1.1" 404 1849
2023-05-13 11:03:34,683 [django.server:187] [basehttp:log_message] [INFO] "GET /factory/data_sync/ HTTP/1.1" 200 40814
2023-05-13 11:03:34,785 [django.server:187] [basehttp:log_message] [INFO] "GET /factory/online/data/?instance=undefined&database=undefined HTTP/1.1" 200 1569
2023-05-13 11:03:34,857 [django.server:187] [basehttp:log_message] [WARNING] "GET /factory/static/images/logo-sm.png HTTP/1.1" 404 3887
2023-05-13 11:03:34,860 [django.server:187] [basehttp:log_message] [WARNING] "GET /factory/static/images/users/avatar-1.jpg HTTP/1.1" 404 3908
2023-05-13 11:03:34,863 [django.server:187] [basehttp:log_message] [INFO] "GET /factory/data_sync/ HTTP/1.1" 200 40814
2023-05-13 11:03:34,892 [django.server:187] [basehttp:log_message] [WARNING] "GET /factory/static/images/logo-sm.png HTTP/1.1" 404 3887
2023-05-13 11:03:34,893 [django.server:187] [basehttp:log_message] [WARNING] "GET /factory/static/images/users/avatar-1.jpg HTTP/1.1" 404 3908
2023-05-13 11:03:35,201 [django.server:187] [basehttp:log_message] [WARNING] "GET /static/js/bootstrap-select.min.js.map HTTP/1.1" 404 1849
2023-05-13 11:03:35,226 [django.server:187] [basehttp:log_message] [INFO] "GET /factory/online/data/?instance=undefined&database=undefined HTTP/1.1" 200 1569
2023-05-13 11:03:37,435 [django.server:187] [basehttp:log_message] [INFO] "GET /factory/intranet/data/?instance=undefined&database=undefined HTTP/1.1" 200 95
2023-05-13 11:05:29,228 [django.server:187] [basehttp:log_message] [INFO] "GET /factory/data_sync/ HTTP/1.1" 200 40818
2023-05-13 11:05:29,254 [django.server:187] [basehttp:log_message] [WARNING] "GET /factory/static/images/logo-sm.png HTTP/1.1" 404 3887
2023-05-13 11:05:29,273 [django.server:187] [basehttp:log_message] [WARNING] "GET /factory/static/images/users/avatar-1.jpg HTTP/1.1" 404 3908
2023-05-13 11:05:29,713 [django.server:187] [basehttp:log_message] [INFO] "GET /factory/data_sync/ HTTP/1.1" 200 40818
2023-05-13 11:05:29,715 [django.server:187] [basehttp:log_message] [WARNING] "GET /static/js/bootstrap-select.min.js.map HTTP/1.1" 404 1849
2023-05-13 11:05:29,765 [django.server:187] [basehttp:log_message] [INFO] "GET /factory/online/data/?instance=undefined&database=undefined HTTP/1.1" 200 1569
2023-05-13 11:05:29,828 [django.server:187] [basehttp:log_message] [WARNING] "GET /factory/static/images/users/avatar-1.jpg HTTP/1.1" 404 3908
2023-05-13 11:05:29,829 [django.server:187] [basehttp:log_message] [WARNING] "GET /factory/static/images/logo-sm.png HTTP/1.1" 404 3887
2023-05-13 11:05:30,161 [django.server:187] [basehttp:log_message] [INFO] "GET /factory/online/data/?instance=undefined&database=undefined HTTP/1.1" 200 1569
2023-05-13 11:05:30,385 [django.server:187] [basehttp:log_message] [WARNING] "GET /static/js/bootstrap-select.min.js.map HTTP/1.1" 404 1849
2023-05-13 11:05:31,302 [django.server:187] [basehttp:log_message] [INFO] "GET /factory/intranet/data/?instance=undefined&database=undefined HTTP/1.1" 200 95
2023-05-13 11:05:49,905 [django.server:187] [basehttp:log_message] [INFO] "GET /factory/data_sync/ HTTP/1.1" 200 40818
2023-05-13 11:05:50,004 [django.server:187] [basehttp:log_message] [WARNING] "GET /factory/static/images/logo-sm.png HTTP/1.1" 404 3887
2023-05-13 11:05:50,013 [django.server:187] [basehttp:log_message] [WARNING] "GET /factory/static/images/users/avatar-1.jpg HTTP/1.1" 404 3908
2023-05-13 11:05:50,466 [django.server:187] [basehttp:log_message] [INFO] "GET /factory/online/data/?instance=undefined&database=undefined HTTP/1.1" 200 1569
2023-05-13 11:05:50,812 [django.server:187] [basehttp:log_message] [WARNING] "GET /static/js/bootstrap-select.min.js.map HTTP/1.1" 404 1849
2023-05-13 11:05:52,683 [django.server:187] [basehttp:log_message] [INFO] "GET /factory/intranet/data/?instance=undefined&database=undefined HTTP/1.1" 200 95
2023-05-13 11:13:19,901 [django.server:187] [basehttp:log_message] [INFO] "GET /factory/intranet/data/?instance=undefined&database=undefined HTTP/1.1" 200 95
2023-05-13 11:13:41,255 [django.server:187] [basehttp:log_message] [INFO] "GET /factory/intranet/data/?instance=undefined&database=undefined HTTP/1.1" 200 95
2023-05-13 11:14:10,764 [django.server:187] [basehttp:log_message] [INFO] "GET /factory/intranet/data/?instance=undefined&database=undefined HTTP/1.1" 200 95
2023-05-13 11:17:53,986 [django.server:187] [basehttp:log_message] [INFO] "GET /factory/data_sync/ HTTP/1.1" 200 40714
2023-05-13 11:17:54,066 [django.server:187] [basehttp:log_message] [WARNING] "GET /factory/static/images/logo-sm.png HTTP/1.1" 404 3887
2023-05-13 11:17:54,103 [django.server:187] [basehttp:log_message] [WARNING] "GET /factory/static/images/users/avatar-1.jpg HTTP/1.1" 404 3908
2023-05-13 11:17:54,705 [django.server:187] [basehttp:log_message] [INFO] "GET /factory/online/data/?instance=undefined&database=undefined HTTP/1.1" 200 1569
2023-05-13 11:17:55,114 [django.server:187] [basehttp:log_message] [WARNING] "GET /static/js/bootstrap-select.min.js.map HTTP/1.1" 404 1849
2023-05-13 11:18:02,671 [django.server:187] [basehttp:log_message] [INFO] "GET /factory/intranet/data/?instance=undefined&database=undefined HTTP/1.1" 200 95
2023-05-13 11:18:19,887 [django.server:187] [basehttp:log_message] [INFO] "GET /factory/data_sync/ HTTP/1.1" 200 40739
2023-05-13 11:18:19,927 [django.server:187] [basehttp:log_message] [WARNING] "GET /factory/static/images/logo-sm.png HTTP/1.1" 404 3887
2023-05-13 11:18:19,928 [django.server:187] [basehttp:log_message] [WARNING] "GET /factory/static/images/users/avatar-1.jpg HTTP/1.1" 404 3908
2023-05-13 11:18:20,117 [django.server:187] [basehttp:log_message] [WARNING] "GET /static/js/bootstrap-select.min.js.map HTTP/1.1" 404 1849
2023-05-13 11:18:20,471 [django.server:187] [basehttp:log_message] [INFO] "GET /factory/online/data/?instance=undefined&database=undefined HTTP/1.1" 200 1569
2023-05-13 11:21:11,317 [django.server:187] [basehttp:log_message] [INFO] "GET /factory/data_sync/ HTTP/1.1" 200 40798
2023-05-13 11:21:11,358 [django.server:187] [basehttp:log_message] [WARNING] "GET /factory/static/images/logo-sm.png HTTP/1.1" 404 3887
2023-05-13 11:21:11,359 [django.server:187] [basehttp:log_message] [WARNING] "GET /factory/static/images/users/avatar-1.jpg HTTP/1.1" 404 3908
2023-05-13 11:21:11,606 [django.server:187] [basehttp:log_message] [WARNING] "GET /static/js/bootstrap-select.min.js.map HTTP/1.1" 404 1849
2023-05-13 11:21:11,866 [django.server:187] [basehttp:log_message] [INFO] "GET /factory/online/data/?instance=undefined&database=undefined HTTP/1.1" 200 1569
2023-05-13 11:21:13,221 [django.server:187] [basehttp:log_message] [INFO] "GET /factory/intranet/data/?instance=undefined&database=undefined HTTP/1.1" 200 95
2023-05-13 11:21:17,153 [django.server:187] [basehttp:log_message] [INFO] "GET /factory/intranet/data/?instance=queuelog%E5%BA%93&database=undefined HTTP/1.1" 200 988
2023-05-13 11:21:26,049 [django.server:187] [basehttp:log_message] [INFO] "GET /factory/intranet/data/?instance=undefined&database=undefined HTTP/1.1" 200 95
2023-05-13 11:21:29,658 [django.server:187] [basehttp:log_message] [INFO] "GET /factory/intranet/data/?instance=undefined&database=undefined HTTP/1.1" 200 95
2023-05-13 11:21:33,386 [django.server:187] [basehttp:log_message] [INFO] "GET /factory/data_sync/ HTTP/1.1" 200 40798
2023-05-13 11:21:33,423 [django.server:187] [basehttp:log_message] [WARNING] "GET /factory/static/images/users/avatar-1.jpg HTTP/1.1" 404 3908
2023-05-13 11:21:33,424 [django.server:187] [basehttp:log_message] [WARNING] "GET /factory/static/images/logo-sm.png HTTP/1.1" 404 3887
2023-05-13 11:21:33,529 [django.server:187] [basehttp:log_message] [WARNING] "GET /static/js/bootstrap-select.min.js.map HTTP/1.1" 404 1849
2023-05-13 11:21:33,770 [django.server:187] [basehttp:log_message] [INFO] "GET /factory/online/data/?instance=undefined&database=undefined HTTP/1.1" 200 1569
2023-05-13 11:21:33,811 [django.server:187] [basehttp:log_message] [INFO] "GET /factory/data_sync/ HTTP/1.1" 200 40798
2023-05-13 11:21:33,847 [django.server:187] [basehttp:log_message] [WARNING] "GET /factory/static/images/logo-sm.png HTTP/1.1" 404 3887
2023-05-13 11:21:33,848 [django.server:187] [basehttp:log_message] [WARNING] "GET /factory/static/images/users/avatar-1.jpg HTTP/1.1" 404 3908
2023-05-13 11:21:33,956 [django.server:187] [basehttp:log_message] [WARNING] "GET /static/js/bootstrap-select.min.js.map HTTP/1.1" 404 1849
2023-05-13 11:21:33,961 [django.server:187] [basehttp:log_message] [INFO] "GET /factory/data_sync/ HTTP/1.1" 200 40798
2023-05-13 11:21:34,004 [django.server:187] [basehttp:log_message] [WARNING] "GET /factory/static/images/logo-sm.png HTTP/1.1" 404 3887
2023-05-13 11:21:34,005 [django.server:187] [basehttp:log_message] [WARNING] "GET /factory/static/images/users/avatar-1.jpg HTTP/1.1" 404 3908
2023-05-13 11:21:34,098 [django.server:187] [basehttp:log_message] [INFO] "GET /factory/data_sync/ HTTP/1.1" 200 40798
2023-05-13 11:21:34,121 [django.server:187] [basehttp:log_message] [WARNING] "GET /factory/static/images/users/avatar-1.jpg HTTP/1.1" 404 3908
2023-05-13 11:21:34,121 [django.server:187] [basehttp:log_message] [WARNING] "GET /factory/static/images/logo-sm.png HTTP/1.1" 404 3887
2023-05-13 11:21:34,230 [django.server:187] [basehttp:log_message] [INFO] "GET /factory/data_sync/ HTTP/1.1" 200 40798
2023-05-13 11:21:34,256 [django.server:187] [basehttp:log_message] [WARNING] "GET /static/js/bootstrap-select.min.js.map HTTP/1.1" 404 1849
2023-05-13 11:21:34,264 [django.server:187] [basehttp:log_message] [WARNING] "GET /factory/static/images/logo-sm.png HTTP/1.1" 404 3887
2023-05-13 11:21:34,285 [django.server:187] [basehttp:log_message] [WARNING] "GET /factory/static/images/users/avatar-1.jpg HTTP/1.1" 404 3908
2023-05-13 11:21:34,393 [django.server:187] [basehttp:log_message] [WARNING] "GET /static/js/bootstrap-select.min.js.map HTTP/1.1" 404 1849
2023-05-13 11:21:34,645 [django.server:187] [basehttp:log_message] [INFO] "GET /factory/online/data/?instance=undefined&database=undefined HTTP/1.1" 200 1569
2023-05-13 11:21:36,031 [django.server:187] [basehttp:log_message] [INFO] "GET /factory/intranet/data/?instance=undefined&database=undefined HTTP/1.1" 200 95
2023-05-13 11:21:40,112 [django.server:187] [basehttp:log_message] [INFO] "GET /factory/intranet/data/?instance=undefined&database=undefined HTTP/1.1" 200 95
2023-05-13 11:22:36,571 [django.server:187] [basehttp:log_message] [INFO] "GET /factory/data_sync/ HTTP/1.1" 200 40748
2023-05-13 11:22:36,595 [django.server:187] [basehttp:log_message] [WARNING] "GET /factory/static/images/logo-sm.png HTTP/1.1" 404 3887
2023-05-13 11:22:36,622 [django.server:187] [basehttp:log_message] [WARNING] "GET /factory/static/images/users/avatar-1.jpg HTTP/1.1" 404 3908
2023-05-13 11:22:36,762 [django.server:187] [basehttp:log_message] [WARNING] "GET /static/js/bootstrap-select.min.js.map HTTP/1.1" 404 1849
2023-05-13 11:22:37,074 [django.server:187] [basehttp:log_message] [INFO] "GET /factory/online/data/?instance=undefined&database=undefined HTTP/1.1" 200 1569
2023-05-13 11:22:38,433 [django.server:187] [basehttp:log_message] [INFO] "GET /factory/intranet/data/?instance=undefined&database=undefined HTTP/1.1" 200 95
2023-05-13 11:22:51,071 [django.server:187] [basehttp:log_message] [INFO] "GET /factory/intranet/data/?instance=undefined&database=undefined HTTP/1.1" 200 95
2023-05-13 11:27:15,069 [django.server:187] [basehttp:log_message] [INFO] "GET /factory/data_sync/ HTTP/1.1" 200 30579
2023-05-13 11:27:15,094 [django.server:187] [basehttp:log_message] [WARNING] "GET /factory/static/images/logo-sm.png HTTP/1.1" 404 3887
2023-05-13 11:27:15,127 [django.server:187] [basehttp:log_message] [WARNING] "GET /factory/static/images/users/avatar-1.jpg HTTP/1.1" 404 3908
2023-05-13 11:27:15,150 [django.server:187] [basehttp:log_message] [INFO] "GET /static/js/data-factory-select.js HTTP/1.1" 200 8748
2023-05-13 11:27:15,712 [django.server:187] [basehttp:log_message] [WARNING] "GET /static/js/bootstrap-select.min.js.map HTTP/1.1" 404 1849
2023-05-13 11:27:16,314 [django.server:187] [basehttp:log_message] [INFO] "GET /factory/online/data/?instance=undefined&database=undefined HTTP/1.1" 200 1569
2023-05-13 11:27:21,416 [django.server:187] [basehttp:log_message] [INFO] "GET /factory/intranet/data/?instance=undefined&database=undefined HTTP/1.1" 200 95
2023-05-13 11:27:43,319 [django.server:187] [basehttp:log_message] [INFO] "GET /factory/data_sync/ HTTP/1.1" 200 30579
2023-05-13 11:27:43,350 [django.server:187] [basehttp:log_message] [WARNING] "GET /factory/static/images/logo-sm.png HTTP/1.1" 404 3887
2023-05-13 11:27:43,357 [django.server:187] [basehttp:log_message] [INFO] "GET /static/js/data-factory-select.js HTTP/1.1" 304 0
2023-05-13 11:27:43,363 [django.server:187] [basehttp:log_message] [WARNING] "GET /factory/static/images/users/avatar-1.jpg HTTP/1.1" 404 3908
2023-05-13 11:27:43,626 [django.server:187] [basehttp:log_message] [WARNING] "GET /static/js/bootstrap-select.min.js.map HTTP/1.1" 404 1849
2023-05-13 11:27:43,922 [django.server:187] [basehttp:log_message] [INFO] "GET /factory/online/data/?instance=undefined&database=undefined HTTP/1.1" 200 1569
2023-05-13 11:27:51,227 [django.server:187] [basehttp:log_message] [INFO] "GET /factory/intranet/data/?instance=undefined&database=undefined HTTP/1.1" 200 95
2023-05-13 11:27:55,630 [django.server:187] [basehttp:log_message] [INFO] "GET /factory/intranet/data/?instance=undefined&database=undefined HTTP/1.1" 200 95
2023-05-13 11:28:02,623 [django.server:187] [basehttp:log_message] [INFO] "GET /factory/intranet/data/?instance=undefined&database=undefined HTTP/1.1" 200 95
2023-05-13 11:28:41,458 [django.server:187] [basehttp:log_message] [INFO] "GET /factory/intranet/data/?instance=undefined&database=undefined HTTP/1.1" 200 95
2023-05-13 11:28:50,704 [django.server:187] [basehttp:log_message] [INFO] "GET /factory/intranet/data/?instance=queuelog%E5%BA%93&database=undefined HTTP/1.1" 200 988
2023-05-13 11:28:53,015 [django.server:187] [basehttp:log_message] [INFO] "GET /factory/intranet/data/?instance=queuelog%E5%BA%93&database=biaoju_sandbox HTTP/1.1" 200 13410
2023-05-13 11:28:57,503 [django.server:187] [basehttp:log_message] [INFO] "GET /factory/intranet/data/?instance=%E9%85%8D%E8%B4%A7%E5%BA%93&database=undefined HTTP/1.1" 200 434
2023-05-13 11:34:01,022 [django.server:187] [basehttp:log_message] [INFO] "GET /factory/data_sync/ HTTP/1.1" 200 30611
2023-05-13 11:34:01,043 [django.server:187] [basehttp:log_message] [WARNING] "GET /factory/static/images/logo-sm.png HTTP/1.1" 404 3887
2023-05-13 11:34:01,062 [django.server:187] [basehttp:log_message] [INFO] "GET /static/js/data-factory-select.js HTTP/1.1" 304 0
2023-05-13 11:34:01,067 [django.server:187] [basehttp:log_message] [WARNING] "GET /factory/static/images/users/avatar-1.jpg HTTP/1.1" 404 3908
2023-05-13 11:34:01,265 [django.server:187] [basehttp:log_message] [WARNING] "GET /static/js/bootstrap-select.min.js.map HTTP/1.1" 404 1849
2023-05-13 11:34:02,374 [django.server:187] [basehttp:log_message] [INFO] "GET /factory/online/data/?instance=undefined&database=undefined HTTP/1.1" 200 1569
2023-05-13 11:34:03,310 [django.server:187] [basehttp:log_message] [INFO] "GET /factory/intranet/data/?instance=undefined&database=undefined HTTP/1.1" 200 95
2023-05-13 11:34:15,658 [django.server:187] [basehttp:log_message] [INFO] "GET /factory/data_sync/ HTTP/1.1" 200 30611
2023-05-13 11:34:15,677 [django.server:187] [basehttp:log_message] [WARNING] "GET /factory/static/images/logo-sm.png HTTP/1.1" 404 3887
2023-05-13 11:34:15,697 [django.server:187] [basehttp:log_message] [WARNING] "GET /factory/static/images/users/avatar-1.jpg HTTP/1.1" 404 3908
2023-05-13 11:34:15,856 [django.server:187] [basehttp:log_message] [WARNING] "GET /static/js/bootstrap-select.min.js.map HTTP/1.1" 404 1849
2023-05-13 11:34:16,152 [django.server:187] [basehttp:log_message] [INFO] "GET /factory/online/data/?instance=undefined&database=undefined HTTP/1.1" 200 1569
2023-05-13 11:34:17,349 [django.server:187] [basehttp:log_message] [INFO] "GET /factory/intranet/data/?instance=undefined&database=undefined HTTP/1.1" 200 95
2023-05-13 11:36:06,832 [django.server:187] [basehttp:log_message] [INFO] "GET /factory/data_sync/ HTTP/1.1" 200 28925
2023-05-13 11:36:06,868 [django.server:187] [basehttp:log_message] [INFO] "GET /static/css/data-factory.css HTTP/1.1" 200 1364
2023-05-13 11:36:06,900 [django.server:187] [basehttp:log_message] [INFO] "GET /static/js/data-factory-select.js HTTP/1.1" 304 0
2023-05-13 11:36:06,903 [django.server:187] [basehttp:log_message] [WARNING] "GET /factory/static/images/logo-sm.png HTTP/1.1" 404 3887
2023-05-13 11:36:06,941 [django.server:187] [basehttp:log_message] [WARNING] "GET /factory/static/images/users/avatar-1.jpg HTTP/1.1" 404 3908
2023-05-13 11:36:07,125 [django.server:187] [basehttp:log_message] [WARNING] "GET /static/js/bootstrap-select.min.js.map HTTP/1.1" 404 1849
2023-05-13 11:36:07,448 [django.server:187] [basehttp:log_message] [INFO] "GET /factory/online/data/?instance=undefined&database=undefined HTTP/1.1" 200 1569
2023-05-13 11:36:08,395 [django.server:187] [basehttp:log_message] [INFO] "GET /factory/intranet/data/?instance=undefined&database=undefined HTTP/1.1" 200 95
2023-05-13 11:37:00,668 [django.server:187] [basehttp:log_message] [INFO] "GET /factory/data_sync/ HTTP/1.1" 200 28925
2023-05-13 11:37:00,732 [django.server:187] [basehttp:log_message] [INFO] "GET /static/css/data-factory.css HTTP/1.1" 200 1358
2023-05-13 11:37:00,734 [django.server:187] [basehttp:log_message] [INFO] "GET /static/js/data-factory-select.js HTTP/1.1" 304 0
2023-05-13 11:37:00,779 [django.server:187] [basehttp:log_message] [WARNING] "GET /factory/static/images/logo-sm.png HTTP/1.1" 404 3887
2023-05-13 11:37:00,787 [django.server:187] [basehttp:log_message] [WARNING] "GET /factory/static/images/users/avatar-1.jpg HTTP/1.1" 404 3908
2023-05-13 11:37:00,943 [django.server:187] [basehttp:log_message] [WARNING] "GET /static/js/bootstrap-select.min.js.map HTTP/1.1" 404 1849
2023-05-13 11:37:01,271 [django.server:187] [basehttp:log_message] [INFO] "GET /factory/online/data/?instance=undefined&database=undefined HTTP/1.1" 200 1569
2023-05-13 11:37:02,277 [django.server:187] [basehttp:log_message] [INFO] "GET /factory/intranet/data/?instance=undefined&database=undefined HTTP/1.1" 200 95
2023-05-13 11:37:15,643 [django.server:187] [basehttp:log_message] [INFO] "GET /factory/data_sync/ HTTP/1.1" 200 28925
2023-05-13 11:37:15,676 [django.server:187] [basehttp:log_message] [INFO] "GET /static/css/data-factory.css HTTP/1.1" 200 1358
2023-05-13 11:37:15,714 [django.server:187] [basehttp:log_message] [WARNING] "GET /factory/static/images/logo-sm.png HTTP/1.1" 404 3887
2023-05-13 11:37:15,714 [django.server:187] [basehttp:log_message] [WARNING] "GET /factory/static/images/users/avatar-1.jpg HTTP/1.1" 404 3908
2023-05-13 11:37:15,854 [django.server:187] [basehttp:log_message] [WARNING] "GET /static/js/bootstrap-select.min.js.map HTTP/1.1" 404 1849
2023-05-13 11:37:16,132 [django.server:187] [basehttp:log_message] [INFO] "GET /factory/online/data/?instance=undefined&database=undefined HTTP/1.1" 200 1569
2023-05-13 11:37:17,850 [django.server:187] [basehttp:log_message] [INFO] "GET /factory/intranet/data/?instance=undefined&database=undefined HTTP/1.1" 200 95
2023-05-13 11:37:27,599 [django.server:187] [basehttp:log_message] [INFO] "GET /factory/data_sync/ HTTP/1.1" 200 28925
2023-05-13 11:37:27,612 [django.server:187] [basehttp:log_message] [INFO] "GET /static/css/data-factory.css HTTP/1.1" 200 1358
2023-05-13 11:37:27,648 [django.server:187] [basehttp:log_message] [WARNING] "GET /factory/static/images/users/avatar-1.jpg HTTP/1.1" 404 3908
2023-05-13 11:37:27,651 [django.server:187] [basehttp:log_message] [WARNING] "GET /factory/static/images/logo-sm.png HTTP/1.1" 404 3887
2023-05-13 11:37:27,845 [django.server:187] [basehttp:log_message] [WARNING] "GET /static/js/bootstrap-select.min.js.map HTTP/1.1" 404 1849
2023-05-13 11:37:28,116 [django.server:187] [basehttp:log_message] [INFO] "GET /factory/online/data/?instance=undefined&database=undefined HTTP/1.1" 200 1569
2023-05-13 11:37:29,930 [django.server:187] [basehttp:log_message] [INFO] "GET /factory/intranet/data/?instance=undefined&database=undefined HTTP/1.1" 200 95
2023-05-13 11:39:24,380 [django.server:187] [basehttp:log_message] [INFO] "GET /factory/data_sync/ HTTP/1.1" 200 28925
2023-05-13 11:39:24,395 [django.server:187] [basehttp:log_message] [INFO] "GET /static/css/data-factory.css HTTP/1.1" 200 1410
2023-05-13 11:39:24,422 [django.server:187] [basehttp:log_message] [INFO] "GET /static/js/data-factory-select.js HTTP/1.1" 304 0
2023-05-13 11:39:24,428 [django.server:187] [basehttp:log_message] [WARNING] "GET /factory/static/images/logo-sm.png HTTP/1.1" 404 3887
2023-05-13 11:39:24,428 [django.server:187] [basehttp:log_message] [WARNING] "GET /factory/static/images/users/avatar-1.jpg HTTP/1.1" 404 3908
2023-05-13 11:39:24,550 [django.server:187] [basehttp:log_message] [WARNING] "GET /static/js/bootstrap-select.min.js.map HTTP/1.1" 404 1849
2023-05-13 11:39:24,938 [django.server:187] [basehttp:log_message] [INFO] "GET /factory/online/data/?instance=undefined&database=undefined HTTP/1.1" 200 1569
2023-05-13 11:39:25,847 [django.server:187] [basehttp:log_message] [INFO] "GET /factory/intranet/data/?instance=undefined&database=undefined HTTP/1.1" 200 95
2023-05-13 11:40:07,981 [django.server:187] [basehttp:log_message] [INFO] "GET /factory/data_sync/ HTTP/1.1" 200 28925
2023-05-13 11:40:07,998 [django.server:187] [basehttp:log_message] [INFO] "GET /static/css/data-factory.css HTTP/1.1" 200 1408
2023-05-13 11:40:08,026 [django.server:187] [basehttp:log_message] [WARNING] "GET /factory/static/images/users/avatar-1.jpg HTTP/1.1" 404 3908
2023-05-13 11:40:08,026 [django.server:187] [basehttp:log_message] [WARNING] "GET /factory/static/images/logo-sm.png HTTP/1.1" 404 3887
2023-05-13 11:40:08,166 [django.server:187] [basehttp:log_message] [WARNING] "GET /static/js/bootstrap-select.min.js.map HTTP/1.1" 404 1849
2023-05-13 11:40:09,591 [django.server:187] [basehttp:log_message] [INFO] "GET /factory/online/data/?instance=undefined&database=undefined HTTP/1.1" 200 1569
2023-05-13 11:40:10,692 [django.server:187] [basehttp:log_message] [INFO] "GET /factory/intranet/data/?instance=undefined&database=undefined HTTP/1.1" 200 95
2023-05-13 11:40:28,744 [django.server:187] [basehttp:log_message] [INFO] "GET /factory/intranet/data/?instance=undefined&database=undefined HTTP/1.1" 200 95
2023-05-13 11:42:09,715 [django.server:187] [basehttp:log_message] [INFO] "GET /factory/data_sync/ HTTP/1.1" 200 28925
2023-05-13 11:42:09,732 [django.server:187] [basehttp:log_message] [INFO] "GET /static/css/data-factory.css HTTP/1.1" 304 0
2023-05-13 11:42:09,759 [django.server:187] [basehttp:log_message] [INFO] "GET /static/js/data-factory-select.js HTTP/1.1" 304 0
2023-05-13 11:42:09,764 [django.server:187] [basehttp:log_message] [WARNING] "GET /factory/static/images/logo-sm.png HTTP/1.1" 404 3887
2023-05-13 11:42:09,766 [django.server:187] [basehttp:log_message] [WARNING] "GET /factory/static/images/users/avatar-1.jpg HTTP/1.1" 404 3908
2023-05-13 11:42:09,886 [django.server:187] [basehttp:log_message] [WARNING] "GET /static/js/bootstrap-select.min.js.map HTTP/1.1" 404 1849
2023-05-13 11:42:10,159 [django.server:187] [basehttp:log_message] [INFO] "GET /factory/online/data/?instance=undefined&database=undefined HTTP/1.1" 200 1569
2023-05-13 11:42:11,197 [django.server:187] [basehttp:log_message] [INFO] "GET /factory/intranet/data/?instance=undefined&database=undefined HTTP/1.1" 200 95
2023-05-13 11:42:34,623 [django.server:187] [basehttp:log_message] [INFO] "GET /factory/intranet/data/?instance=undefined&database=undefined HTTP/1.1" 200 95
2023-05-13 11:44:18,409 [django.server:187] [basehttp:log_message] [INFO] "GET /factory/data_sync/ HTTP/1.1" 200 28925
2023-05-13 11:44:18,428 [django.server:187] [basehttp:log_message] [INFO] "GET /static/css/data-factory.css HTTP/1.1" 200 1416
2023-05-13 11:44:18,451 [django.server:187] [basehttp:log_message] [INFO] "GET /static/js/data-factory-select.js HTTP/1.1" 304 0
2023-05-13 11:44:18,461 [django.server:187] [basehttp:log_message] [WARNING] "GET /factory/static/images/logo-sm.png HTTP/1.1" 404 3887
2023-05-13 11:44:18,462 [django.server:187] [basehttp:log_message] [WARNING] "GET /factory/static/images/users/avatar-1.jpg HTTP/1.1" 404 3908
2023-05-13 11:44:18,667 [django.server:187] [basehttp:log_message] [WARNING] "GET /static/js/bootstrap-select.min.js.map HTTP/1.1" 404 1849
2023-05-13 11:44:18,968 [django.server:187] [basehttp:log_message] [INFO] "GET /factory/online/data/?instance=undefined&database=undefined HTTP/1.1" 200 1569
2023-05-13 11:44:19,855 [django.server:187] [basehttp:log_message] [INFO] "GET /factory/intranet/data/?instance=undefined&database=undefined HTTP/1.1" 200 95
2023-05-13 11:45:01,765 [django.server:187] [basehttp:log_message] [INFO] "GET /factory/data_sync/ HTTP/1.1" 200 28925
2023-05-13 11:45:01,778 [django.server:187] [basehttp:log_message] [INFO] "GET /static/css/data-factory.css HTTP/1.1" 200 1416
2023-05-13 11:45:01,809 [django.server:187] [basehttp:log_message] [WARNING] "GET /factory/static/images/logo-sm.png HTTP/1.1" 404 3887
2023-05-13 11:45:01,811 [django.server:187] [basehttp:log_message] [WARNING] "GET /factory/static/images/users/avatar-1.jpg HTTP/1.1" 404 3908
2023-05-13 11:45:02,016 [django.server:187] [basehttp:log_message] [WARNING] "GET /static/js/bootstrap-select.min.js.map HTTP/1.1" 404 1849
2023-05-13 11:45:02,339 [django.server:187] [basehttp:log_message] [INFO] "GET /factory/online/data/?instance=undefined&database=undefined HTTP/1.1" 200 1569
2023-05-13 11:45:03,341 [django.server:187] [basehttp:log_message] [INFO] "GET /factory/intranet/data/?instance=undefined&database=undefined HTTP/1.1" 200 95
2023-05-13 11:45:19,736 [django.server:187] [basehttp:log_message] [INFO] "GET /factory/data_sync/ HTTP/1.1" 200 28925
2023-05-13 11:45:19,749 [django.server:187] [basehttp:log_message] [INFO] "GET /static/css/data-factory.css HTTP/1.1" 200 1379
2023-05-13 11:45:19,778 [django.server:187] [basehttp:log_message] [WARNING] "GET /factory/static/images/logo-sm.png HTTP/1.1" 404 3887
2023-05-13 11:45:19,780 [django.server:187] [basehttp:log_message] [WARNING] "GET /factory/static/images/users/avatar-1.jpg HTTP/1.1" 404 3908
2023-05-13 11:45:19,997 [django.server:187] [basehttp:log_message] [WARNING] "GET /static/js/bootstrap-select.min.js.map HTTP/1.1" 404 1849
2023-05-13 11:45:20,202 [django.server:187] [basehttp:log_message] [INFO] "GET /factory/online/data/?instance=undefined&database=undefined HTTP/1.1" 200 1569
2023-05-13 11:45:21,212 [django.server:187] [basehttp:log_message] [INFO] "GET /factory/intranet/data/?instance=undefined&database=undefined HTTP/1.1" 200 95
2023-05-13 11:45:38,301 [django.server:187] [basehttp:log_message] [ERROR] "POST /factory/intranet/add/ HTTP/1.1" 500 162530
2023-05-13 11:45:38,693 [django.server:187] [basehttp:log_message] [WARNING] "GET /favicon.ico HTTP/1.1" 404 2233
2023-05-13 11:45:40,272 [django.server:187] [basehttp:log_message] [WARNING] "GET /static/js/bootstrap-select.min.js.map HTTP/1.1" 404 1849
2023-05-13 11:45:40,323 [django.server:187] [basehttp:log_message] [WARNING] "GET /static/js/bootstrap-select.min.js.map HTTP/1.1" 404 1849
2023-05-13 11:45:40,347 [django.server:187] [basehttp:log_message] [INFO] "GET /static/css/data-factory.css HTTP/1.1" 304 0
2023-05-13 11:46:05,750 [django.server:187] [basehttp:log_message] [INFO] "GET /factory/intranet/data/?instance=queuelog%E5%BA%93&database=undefined HTTP/1.1" 200 988
2023-05-13 11:46:06,917 [django.server:187] [basehttp:log_message] [INFO] "GET /factory/intranet/data/?instance=queuelog%E5%BA%93&database=information_schema HTTP/1.1" 200 1230
2023-05-13 11:46:08,424 [django.server:187] [basehttp:log_message] [INFO] "GET /factory/intranet/data/?instance=%E5%8F%91%E8%B4%A7%E5%BA%93&database=undefined HTTP/1.1" 200 1496
2023-05-13 11:46:12,105 [django.server:187] [basehttp:log_message] [INFO] "GET /factory/intranet/data/?instance=queuelog%E5%BA%93&database=undefined HTTP/1.1" 200 988
2023-05-13 11:47:10,417 [django.server:187] [basehttp:log_message] [INFO] "GET /factory/data_sync/ HTTP/1.1" 200 28956
2023-05-13 11:47:10,450 [django.server:187] [basehttp:log_message] [INFO] "GET /static/css/data-factory.css HTTP/1.1" 304 0
2023-05-13 11:47:10,453 [django.server:187] [basehttp:log_message] [WARNING] "GET /factory/static/images/logo-sm.png HTTP/1.1" 404 3887
2023-05-13 11:47:10,468 [django.server:187] [basehttp:log_message] [INFO] "GET /static/js/data-factory-select.js HTTP/1.1" 304 0
2023-05-13 11:47:10,471 [django.server:187] [basehttp:log_message] [WARNING] "GET /factory/static/images/users/avatar-1.jpg HTTP/1.1" 404 3908
2023-05-13 11:47:10,920 [django.server:187] [basehttp:log_message] [WARNING] "GET /static/js/bootstrap-select.min.js.map HTTP/1.1" 404 1849
2023-05-13 11:47:11,229 [django.server:187] [basehttp:log_message] [INFO] "GET /factory/online/data/?instance=undefined&database=undefined HTTP/1.1" 200 1569
2023-05-13 11:47:12,397 [django.server:187] [basehttp:log_message] [INFO] "GET /factory/intranet/data/?instance=undefined&database=undefined HTTP/1.1" 200 95
2023-05-13 11:47:54,306 [django.server:187] [basehttp:log_message] [INFO] "GET /factory/data_sync/ HTTP/1.1" 200 29004
2023-05-13 11:47:54,324 [django.server:187] [basehttp:log_message] [INFO] "GET /static/css/data-factory.css HTTP/1.1" 304 0
2023-05-13 11:47:54,370 [django.server:187] [basehttp:log_message] [WARNING] "GET /factory/static/images/users/avatar-1.jpg HTTP/1.1" 404 3908
2023-05-13 11:47:54,370 [django.server:187] [basehttp:log_message] [WARNING] "GET /factory/static/images/logo-sm.png HTTP/1.1" 404 3887
2023-05-13 11:47:54,601 [django.server:187] [basehttp:log_message] [WARNING] "GET /static/js/bootstrap-select.min.js.map HTTP/1.1" 404 1849
2023-05-13 11:47:54,604 [django.server:187] [basehttp:log_message] [INFO] "GET /factory/data_sync/ HTTP/1.1" 200 29004
2023-05-13 11:47:54,644 [django.server:187] [basehttp:log_message] [WARNING] "GET /factory/static/images/logo-sm.png HTTP/1.1" 404 3887
2023-05-13 11:47:54,645 [django.server:187] [basehttp:log_message] [WARNING] "GET /factory/static/images/users/avatar-1.jpg HTTP/1.1" 404 3908
2023-05-13 11:47:54,874 [django.server:187] [basehttp:log_message] [INFO] "GET /factory/data_sync/ HTTP/1.1" 200 29004
2023-05-13 11:47:54,890 [django.server:187] [basehttp:log_message] [WARNING] "GET /static/js/bootstrap-select.min.js.map HTTP/1.1" 404 1849
2023-05-13 11:47:54,913 [django.server:187] [basehttp:log_message] [INFO] "GET /factory/data_sync/ HTTP/1.1" 200 29004
2023-05-13 11:47:55,044 [django.server:187] [basehttp:log_message] [INFO] "GET /factory/online/data/?instance=undefined&database=undefined HTTP/1.1" 200 1569
2023-05-13 11:47:55,131 [django.server:80] [basehttp:handle_error] [INFO] - Broken pipe from ('127.0.0.1', 57869)
2023-05-13 11:47:55,138 [django.server:80] [basehttp:handle_error] [INFO] - Broken pipe from ('127.0.0.1', 57872)
2023-05-13 11:47:55,144 [django.server:187] [basehttp:log_message] [WARNING] "GET /factory/static/images/logo-sm.png HTTP/1.1" 404 3887
2023-05-13 11:47:55,144 [django.server:187] [basehttp:log_message] [WARNING] "GET /factory/static/images/users/avatar-1.jpg HTTP/1.1" 404 3908
2023-05-13 11:47:55,341 [django.server:187] [basehttp:log_message] [WARNING] "GET /static/js/bootstrap-select.min.js.map HTTP/1.1" 404 1849
2023-05-13 11:47:55,600 [django.server:187] [basehttp:log_message] [INFO] "GET /factory/online/data/?instance=undefined&database=undefined HTTP/1.1" 200 1569
2023-05-13 11:47:56,601 [django.server:187] [basehttp:log_message] [INFO] "GET /factory/intranet/data/?instance=undefined&database=undefined HTTP/1.1" 200 95
2023-05-13 11:48:03,312 [django.server:187] [basehttp:log_message] [INFO] "GET /factory/intranet/data/?instance=queuelog%E5%BA%93&database=undefined HTTP/1.1" 200 988
2023-05-13 11:48:05,344 [django.server:187] [basehttp:log_message] [INFO] "GET /factory/intranet/data/?instance=queuelog%E5%BA%93&database=information_schema HTTP/1.1" 200 1230
2023-05-13 11:48:09,997 [django.server:187] [basehttp:log_message] [INFO] "GET /factory/intranet/data/?instance=%E5%8F%91%E8%B4%A7%E5%BA%93&database=undefined HTTP/1.1" 200 1496
2023-05-13 11:50:45,774 [django.server:187] [basehttp:log_message] [INFO] "GET /factory/data_sync/ HTTP/1.1" 200 29102
2023-05-13 11:50:45,791 [django.server:187] [basehttp:log_message] [INFO] "GET /static/css/data-factory.css HTTP/1.1" 304 0
2023-05-13 11:50:45,796 [django.server:187] [basehttp:log_message] [WARNING] "GET /factory/static/images/logo-sm.png HTTP/1.1" 404 3887
2023-05-13 11:50:45,815 [django.server:187] [basehttp:log_message] [INFO] "GET /static/js/data-factory-select.js HTTP/1.1" 200 8750
2023-05-13 11:50:45,816 [django.server:187] [basehttp:log_message] [WARNING] "GET /factory/static/images/users/avatar-1.jpg HTTP/1.1" 404 3908
2023-05-13 11:50:46,395 [django.server:187] [basehttp:log_message] [WARNING] "GET /static/js/bootstrap-select.min.js.map HTTP/1.1" 404 1849
2023-05-13 11:50:46,721 [django.server:187] [basehttp:log_message] [INFO] "GET /factory/online/data/?instance=undefined&database=undefined HTTP/1.1" 200 1569
2023-05-13 11:50:56,515 [django.server:187] [basehttp:log_message] [INFO] "GET /factory/intranet/data/?instance=undefined&database=undefined HTTP/1.1" 200 95
2023-05-13 11:51:00,114 [django.server:187] [basehttp:log_message] [INFO] "GET /factory/intranet/data/?instance=undefined&database=undefined HTTP/1.1" 200 95
2023-05-13 11:51:02,752 [django.server:187] [basehttp:log_message] [INFO] "GET /factory/intranet/data/?instance=undefined&database=undefined HTTP/1.1" 200 95
2023-05-13 11:52:00,439 [django.server:187] [basehttp:log_message] [INFO] "GET /factory/data_sync/ HTTP/1.1" 200 29102
2023-05-13 11:52:00,479 [django.server:187] [basehttp:log_message] [INFO] "GET /static/css/data-factory.css HTTP/1.1" 304 0
2023-05-13 11:52:00,518 [django.server:187] [basehttp:log_message] [INFO] "GET /static/js/data-factory-select.js HTTP/1.1" 200 8748
2023-05-13 11:52:00,520 [django.server:187] [basehttp:log_message] [WARNING] "GET /factory/static/images/logo-sm.png HTTP/1.1" 404 3887
2023-05-13 11:52:00,556 [django.server:187] [basehttp:log_message] [WARNING] "GET /factory/static/images/users/avatar-1.jpg HTTP/1.1" 404 3908
2023-05-13 11:52:00,868 [django.server:187] [basehttp:log_message] [WARNING] "GET /static/js/bootstrap-select.min.js.map HTTP/1.1" 404 1849
2023-05-13 11:52:01,184 [django.server:187] [basehttp:log_message] [INFO] "GET /factory/online/data/?instance=undefined&database=undefined HTTP/1.1" 200 1569
2023-05-13 11:52:02,680 [django.server:187] [basehttp:log_message] [INFO] "GET /factory/intranet/data/?instance=undefined&database=undefined HTTP/1.1" 200 95
2023-05-13 11:52:08,099 [django.server:187] [basehttp:log_message] [INFO] "GET /factory/intranet/data/?instance=queuelog%E5%BA%93&database=undefined HTTP/1.1" 200 988
2023-05-13 11:52:09,711 [django.server:187] [basehttp:log_message] [INFO] "GET /factory/intranet/data/?instance=queuelog%E5%BA%93&database=information_schema HTTP/1.1" 200 1230
2023-05-13 11:52:47,954 [django.server:187] [basehttp:log_message] [INFO] "GET /factory/intranet/data/?instance=undefined&database=undefined HTTP/1.1" 200 95
2023-05-13 11:54:32,280 [django.server:187] [basehttp:log_message] [INFO] "GET /factory/data_sync/ HTTP/1.1" 200 29102
2023-05-13 11:54:32,298 [django.server:187] [basehttp:log_message] [INFO] "GET /static/css/data-factory.css HTTP/1.1" 304 0
2023-05-13 11:54:32,327 [django.server:187] [basehttp:log_message] [INFO] "GET /static/js/data-factory-select.js HTTP/1.1" 304 0
2023-05-13 11:54:32,329 [django.server:187] [basehttp:log_message] [WARNING] "GET /factory/static/images/users/avatar-1.jpg HTTP/1.1" 404 3908
2023-05-13 11:54:32,330 [django.server:187] [basehttp:log_message] [WARNING] "GET /factory/static/images/logo-sm.png HTTP/1.1" 404 3887
2023-05-13 11:54:32,592 [django.server:187] [basehttp:log_message] [WARNING] "GET /static/js/bootstrap-select.min.js.map HTTP/1.1" 404 1849
2023-05-13 11:54:32,945 [django.server:187] [basehttp:log_message] [INFO] "GET /factory/online/data/?instance=undefined&database=undefined HTTP/1.1" 200 1569
2023-05-13 11:54:42,871 [django.server:187] [basehttp:log_message] [INFO] "GET /factory/data_sync/ HTTP/1.1" 200 29109
2023-05-13 11:54:42,893 [django.server:187] [basehttp:log_message] [WARNING] "GET /factory/static/images/logo-sm.png HTTP/1.1" 404 3887
2023-05-13 11:54:42,909 [django.server:187] [basehttp:log_message] [WARNING] "GET /factory/static/images/users/avatar-1.jpg HTTP/1.1" 404 3908
2023-05-13 11:54:43,210 [django.server:187] [basehttp:log_message] [WARNING] "GET /static/js/bootstrap-select.min.js.map HTTP/1.1" 404 1849
2023-05-13 11:54:43,845 [django.server:187] [basehttp:log_message] [INFO] "GET /factory/online/data/?instance=undefined&database=undefined HTTP/1.1" 200 1569
2023-05-13 11:55:36,034 [django.server:187] [basehttp:log_message] [INFO] "GET /factory/intranet/list/ HTTP/1.1" 200 24827
2023-05-13 11:55:36,137 [django.server:187] [basehttp:log_message] [INFO] "GET /static/css/data-factory.css HTTP/1.1" 304 0
2023-05-13 11:55:36,145 [django.server:187] [basehttp:log_message] [INFO] "GET /static/js/data-factory-select.js HTTP/1.1" 304 0
2023-05-13 11:55:36,149 [django.server:187] [basehttp:log_message] [WARNING] "GET /factory/intranet/static/images/logo-sm.png HTTP/1.1" 404 3914
2023-05-13 11:55:36,151 [django.server:187] [basehttp:log_message] [WARNING] "GET /factory/intranet/static/images/users/avatar-1.jpg HTTP/1.1" 404 3935
2023-05-13 11:55:36,178 [django.server:187] [basehttp:log_message] [INFO] "GET /static/fonts/mobirise.ttf?5dqoim HTTP/1.1" 200 54304
2023-05-13 11:55:36,178 [django.server:187] [basehttp:log_message] [INFO] "GET /static/fonts/dripicons-v2.woff HTTP/1.1" 200 26004
2023-05-13 11:55:36,359 [django.server:187] [basehttp:log_message] [WARNING] "GET /static/js/bootstrap-select.min.js.map HTTP/1.1" 404 1849
2023-05-13 11:55:36,528 [django.server:187] [basehttp:log_message] [INFO] "GET /factory/online/data/?instance=undefined&database=undefined HTTP/1.1" 200 1569
2023-05-13 11:55:36,565 [django.server:187] [basehttp:log_message] [WARNING] "GET /factory/intranet/static/images/favicon.ico HTTP/1.1" 404 3914
2023-05-13 11:57:36,309 [django.utils.autoreload:266] [autoreload:trigger_reload] [INFO] D:\项目\data_factory_platform\data_sync\models.py changed, reloading.
2023-05-13 11:57:37,305 [django.utils.autoreload:677] [autoreload:run_with_reloader] [INFO] Watching for file changes with StatReloader
2023-05-13 11:58:26,193 [django.utils.autoreload:266] [autoreload:trigger_reload] [INFO] D:\项目\data_factory_platform\data_sync\models.py changed, reloading.
2023-05-13 11:58:26,752 [django.utils.autoreload:677] [autoreload:run_with_reloader] [INFO] Watching for file changes with StatReloader
2023-05-13 12:01:40,771 [django.utils.autoreload:266] [autoreload:trigger_reload] [INFO] D:\项目\data_factory_platform\data_sync\models.py changed, reloading.
2023-05-13 12:01:41,476 [django.utils.autoreload:677] [autoreload:run_with_reloader] [INFO] Watching for file changes with StatReloader
2023-05-13 12:14:03,124 [django.utils.autoreload:266] [autoreload:trigger_reload] [INFO] D:\项目\data_factory_platform\data_sync\models.py changed, reloading.
2023-05-13 12:14:03,644 [django.utils.autoreload:677] [autoreload:run_with_reloader] [INFO] Watching for file changes with StatReloader
2023-05-13 14:05:54,735 [django.server:187] [basehttp:log_message] [INFO] "GET /static/css/style.css HTTP/1.1" 200 83156
2023-05-13 14:05:55,831 [django.server:187] [basehttp:log_message] [INFO] "GET /static/images/bg.jpg HTTP/1.1" 200 184817
2023-05-13 14:26:32,069 [django.utils.autoreload:266] [autoreload:trigger_reload] [INFO] D:\项目\data_factory_platform\data_sync\models.py changed, reloading.
2023-05-13 14:26:33,338 [django.utils.autoreload:677] [autoreload:run_with_reloader] [INFO] Watching for file changes with StatReloader
2023-05-13 14:28:46,798 [django.utils.autoreload:266] [autoreload:trigger_reload] [INFO] D:\项目\data_factory_platform\data_sync\models.py changed, reloading.
2023-05-13 14:28:48,002 [django.utils.autoreload:677] [autoreload:run_with_reloader] [INFO] Watching for file changes with StatReloader
2023-05-13 15:23:07,197 [django.utils.autoreload:677] [autoreload:run_with_reloader] [INFO] Watching for file changes with StatReloader
2023-05-13 15:23:10,119 [django.server:187] [basehttp:log_message] [INFO] "GET /login/ HTTP/1.1" 200 1276
2023-05-13 15:23:10,184 [django.server:187] [basehttp:log_message] [INFO] "GET /static/css/login.css HTTP/1.1" 200 2910
2023-05-13 15:23:10,253 [django.server:187] [basehttp:log_message] [WARNING] "GET /static/bootstrap/js/popper.js HTTP/1.1" 404 1825
2023-05-13 15:23:10,253 [django.server:187] [basehttp:log_message] [WARNING] "GET /static/bootstrap/js/bootstrap.min.js HTTP/1.1" 404 1846
2023-05-13 15:23:10,253 [django.server:187] [basehttp:log_message] [WARNING] "GET /static/base/js/jquery-3.6.3.js HTTP/1.1" 404 1828
2023-05-13 15:23:10,265 [django.server:187] [basehttp:log_message] [WARNING] "GET /static/css/images/login-icons.png HTTP/1.1" 404 1837
2023-05-13 15:23:10,319 [django.server:187] [basehttp:log_message] [WARNING] "GET /login/images/login-icons.png HTTP/1.1" 404 2605
2023-05-13 15:26:51,338 [django.security.csrf:241] [log:log_response] [WARNING] Forbidden (CSRF token missing.): /login/
2023-05-13 15:26:51,338 [django.server:187] [basehttp:log_message] [WARNING] "POST /login/ HTTP/1.1" 403 2501
2023-05-13 15:27:34,365 [django.server:187] [basehttp:log_message] [ERROR] "GET /register/ HTTP/1.1" 500 84419
2023-05-13 15:28:18,306 [django.server:187] [basehttp:log_message] [INFO] "GET /login/ HTTP/1.1" 200 1274
2023-05-13 15:28:18,343 [django.server:187] [basehttp:log_message] [WARNING] "GET /static/bootstrap/js/popper.js HTTP/1.1" 404 1825
2023-05-13 15:28:18,345 [django.server:187] [basehttp:log_message] [WARNING] "GET /static/base/js/jquery-3.6.3.js HTTP/1.1" 404 1828
2023-05-13 15:28:18,351 [django.server:187] [basehttp:log_message] [WARNING] "GET /static/bootstrap/js/bootstrap.min.js HTTP/1.1" 404 1846
2023-05-13 15:28:18,352 [django.server:187] [basehttp:log_message] [WARNING] "GET /static/css/images/login-icons.png HTTP/1.1" 404 1837
2023-05-13 15:28:18,432 [django.server:187] [basehttp:log_message] [WARNING] "GET /login/images/login-icons.png HTTP/1.1" 404 2605
2023-05-13 15:28:18,864 [django.server:187] [basehttp:log_message] [INFO] "GET /login/ HTTP/1.1" 200 1274
2023-05-13 15:28:18,886 [django.server:187] [basehttp:log_message] [WARNING] "GET /static/bootstrap/js/bootstrap.min.js HTTP/1.1" 404 1846
2023-05-13 15:28:18,888 [django.server:187] [basehttp:log_message] [WARNING] "GET /static/base/js/jquery-3.6.3.js HTTP/1.1" 404 1828
2023-05-13 15:28:18,912 [django.server:187] [basehttp:log_message] [WARNING] "GET /static/bootstrap/js/popper.js HTTP/1.1" 404 1825
2023-05-13 15:28:19,016 [django.server:187] [basehttp:log_message] [WARNING] "GET /login/images/login-icons.png HTTP/1.1" 404 2605
2023-05-13 15:28:19,019 [django.server:187] [basehttp:log_message] [WARNING] "GET /static/css/images/login-icons.png HTTP/1.1" 404 1837
2023-05-13 15:28:19,478 [django.server:187] [basehttp:log_message] [INFO] "GET /login/ HTTP/1.1" 200 1274
2023-05-13 15:28:19,530 [django.server:187] [basehttp:log_message] [WARNING] "GET /static/bootstrap/js/bootstrap.min.js HTTP/1.1" 404 1846
2023-05-13 15:28:19,531 [django.server:187] [basehttp:log_message] [WARNING] "GET /static/base/js/jquery-3.6.3.js HTTP/1.1" 404 1828
2023-05-13 15:28:19,539 [django.server:187] [basehttp:log_message] [WARNING] "GET /static/bootstrap/js/popper.js HTTP/1.1" 404 1825
2023-05-13 15:28:19,663 [django.server:187] [basehttp:log_message] [WARNING] "GET /login/images/login-icons.png HTTP/1.1" 404 2605
2023-05-13 15:28:19,671 [django.server:187] [basehttp:log_message] [WARNING] "GET /static/css/images/login-icons.png HTTP/1.1" 404 1837
2023-05-13 15:28:20,004 [django.server:187] [basehttp:log_message] [INFO] "GET /login/ HTTP/1.1" 200 1274
2023-05-13 15:28:20,028 [django.server:187] [basehttp:log_message] [WARNING] "GET /static/bootstrap/js/bootstrap.min.js HTTP/1.1" 404 1846
2023-05-13 15:28:20,028 [django.server:187] [basehttp:log_message] [WARNING] "GET /static/base/js/jquery-3.6.3.js HTTP/1.1" 404 1828
2023-05-13 15:28:20,029 [django.server:187] [basehttp:log_message] [WARNING] "GET /static/bootstrap/js/popper.js HTTP/1.1" 404 1825
2023-05-13 15:28:20,076 [django.server:187] [basehttp:log_message] [WARNING] "GET /login/images/login-icons.png HTTP/1.1" 404 2605
2023-05-13 15:28:20,082 [django.server:187] [basehttp:log_message] [WARNING] "GET /static/css/images/login-icons.png HTTP/1.1" 404 1837
2023-05-13 15:28:58,191 [django.server:187] [basehttp:log_message] [INFO] "GET /login/ HTTP/1.1" 200 1274
2023-05-13 15:28:58,215 [django.server:187] [basehttp:log_message] [WARNING] "GET /static/bootstrap/js/popper.js HTTP/1.1" 404 1825
2023-05-13 15:28:58,215 [django.server:187] [basehttp:log_message] [WARNING] "GET /static/base/js/jquery-3.6.3.js HTTP/1.1" 404 1828
2023-05-13 15:28:58,216 [django.server:187] [basehttp:log_message] [WARNING] "GET /static/bootstrap/js/bootstrap.min.js HTTP/1.1" 404 1846
2023-05-13 15:28:58,280 [django.server:187] [basehttp:log_message] [WARNING] "GET /login/images/login-icons.png HTTP/1.1" 404 2605
2023-05-13 15:28:58,290 [django.server:187] [basehttp:log_message] [WARNING] "GET /static/css/images/login-icons.png HTTP/1.1" 404 1837
2023-05-13 15:28:59,255 [django.server:187] [basehttp:log_message] [INFO] "GET /login/ HTTP/1.1" 200 1274
2023-05-13 15:28:59,280 [django.server:187] [basehttp:log_message] [WARNING] "GET /static/bootstrap/js/bootstrap.min.js HTTP/1.1" 404 1846
2023-05-13 15:28:59,280 [django.server:187] [basehttp:log_message] [WARNING] "GET /static/bootstrap/js/popper.js HTTP/1.1" 404 1825
2023-05-13 15:28:59,280 [django.server:187] [basehttp:log_message] [WARNING] "GET /static/base/js/jquery-3.6.3.js HTTP/1.1" 404 1828
2023-05-13 15:28:59,330 [django.server:187] [basehttp:log_message] [WARNING] "GET /login/images/login-icons.png HTTP/1.1" 404 2605
2023-05-13 15:28:59,337 [django.server:187] [basehttp:log_message] [WARNING] "GET /static/css/images/login-icons.png HTTP/1.1" 404 1837
2023-05-13 15:29:01,452 [django.server:187] [basehttp:log_message] [INFO] "GET /login/ HTTP/1.1" 200 1274
2023-05-13 15:29:01,479 [django.server:187] [basehttp:log_message] [WARNING] "GET /static/bootstrap/js/bootstrap.min.js HTTP/1.1" 404 1846
2023-05-13 15:29:01,479 [django.server:187] [basehttp:log_message] [WARNING] "GET /static/base/js/jquery-3.6.3.js HTTP/1.1" 404 1828
2023-05-13 15:29:01,480 [django.server:187] [basehttp:log_message] [WARNING] "GET /static/bootstrap/js/popper.js HTTP/1.1" 404 1825
2023-05-13 15:29:01,676 [django.server:187] [basehttp:log_message] [WARNING] "GET /login/images/login-icons.png HTTP/1.1" 404 2605
2023-05-13 15:29:01,683 [django.server:187] [basehttp:log_message] [WARNING] "GET /static/css/images/login-icons.png HTTP/1.1" 404 1837
2023-05-13 15:29:02,253 [django.server:187] [basehttp:log_message] [INFO] "GET /login/ HTTP/1.1" 200 1274
2023-05-13 15:29:02,279 [django.server:187] [basehttp:log_message] [WARNING] "GET /static/bootstrap/js/popper.js HTTP/1.1" 404 1825
2023-05-13 15:29:02,279 [django.server:187] [basehttp:log_message] [WARNING] "GET /static/base/js/jquery-3.6.3.js HTTP/1.1" 404 1828
2023-05-13 15:29:02,280 [django.server:187] [basehttp:log_message] [WARNING] "GET /static/bootstrap/js/bootstrap.min.js HTTP/1.1" 404 1846
2023-05-13 15:29:02,331 [django.server:187] [basehttp:log_message] [WARNING] "GET /login/images/login-icons.png HTTP/1.1" 404 2605
2023-05-13 15:29:02,336 [django.server:187] [basehttp:log_message] [WARNING] "GET /static/css/images/login-icons.png HTTP/1.1" 404 1837
2023-05-13 15:29:03,884 [django.server:187] [basehttp:log_message] [INFO] "GET /login/ HTTP/1.1" 200 1274
2023-05-13 15:29:03,907 [django.server:187] [basehttp:log_message] [WARNING] "GET /static/bootstrap/js/bootstrap.min.js HTTP/1.1" 404 1846
2023-05-13 15:29:03,907 [django.server:187] [basehttp:log_message] [WARNING] "GET /static/base/js/jquery-3.6.3.js HTTP/1.1" 404 1828
2023-05-13 15:29:03,907 [django.server:187] [basehttp:log_message] [WARNING] "GET /static/bootstrap/js/popper.js HTTP/1.1" 404 1825
2023-05-13 15:29:03,957 [django.server:187] [basehttp:log_message] [WARNING] "GET /login/images/login-icons.png HTTP/1.1" 404 2605
2023-05-13 15:29:03,964 [django.server:187] [basehttp:log_message] [WARNING] "GET /static/css/images/login-icons.png HTTP/1.1" 404 1837
2023-05-13 15:29:16,179 [django.server:187] [basehttp:log_message] [INFO] "GET /login/ HTTP/1.1" 200 1274
2023-05-13 15:29:16,203 [django.server:187] [basehttp:log_message] [WARNING] "GET /static/bootstrap/js/bootstrap.min.js HTTP/1.1" 404 1846
2023-05-13 15:29:16,203 [django.server:187] [basehttp:log_message] [WARNING] "GET /static/base/js/jquery-3.6.3.js HTTP/1.1" 404 1828
2023-05-13 15:29:16,203 [django.server:187] [basehttp:log_message] [WARNING] "GET /static/bootstrap/js/popper.js HTTP/1.1" 404 1825
2023-05-13 15:29:16,269 [django.server:187] [basehttp:log_message] [WARNING] "GET /login/images/login-icons.png HTTP/1.1" 404 2605
2023-05-13 15:29:16,275 [django.server:187] [basehttp:log_message] [WARNING] "GET /static/css/images/login-icons.png HTTP/1.1" 404 1837
2023-05-13 15:29:16,747 [django.server:187] [basehttp:log_message] [INFO] "GET /login/ HTTP/1.1" 200 1274
2023-05-13 15:29:16,772 [django.server:187] [basehttp:log_message] [WARNING] "GET /static/base/js/jquery-3.6.3.js HTTP/1.1" 404 1828
2023-05-13 15:29:16,772 [django.server:187] [basehttp:log_message] [WARNING] "GET /static/bootstrap/js/bootstrap.min.js HTTP/1.1" 404 1846
2023-05-13 15:29:16,772 [django.server:187] [basehttp:log_message] [WARNING] "GET /static/bootstrap/js/popper.js HTTP/1.1" 404 1825
2023-05-13 15:29:16,827 [django.server:187] [basehttp:log_message] [WARNING] "GET /login/images/login-icons.png HTTP/1.1" 404 2605
2023-05-13 15:29:16,832 [django.server:187] [basehttp:log_message] [WARNING] "GET /static/css/images/login-icons.png HTTP/1.1" 404 1837
2023-05-13 15:29:17,386 [django.server:187] [basehttp:log_message] [INFO] "GET /login/ HTTP/1.1" 200 1274
2023-05-13 15:29:17,415 [django.server:187] [basehttp:log_message] [WARNING] "GET /static/base/js/jquery-3.6.3.js HTTP/1.1" 404 1828
2023-05-13 15:29:17,415 [django.server:187] [basehttp:log_message] [WARNING] "GET /static/bootstrap/js/bootstrap.min.js HTTP/1.1" 404 1846
2023-05-13 15:29:17,416 [django.server:187] [basehttp:log_message] [WARNING] "GET /static/bootstrap/js/popper.js HTTP/1.1" 404 1825
2023-05-13 15:29:17,476 [django.server:187] [basehttp:log_message] [WARNING] "GET /login/images/login-icons.png HTTP/1.1" 404 2605
2023-05-13 15:29:17,484 [django.server:187] [basehttp:log_message] [WARNING] "GET /static/css/images/login-icons.png HTTP/1.1" 404 1837
2023-05-13 15:32:22,042 [django.server:187] [basehttp:log_message] [INFO] "GET /login/ HTTP/1.1" 200 1247
2023-05-13 15:32:22,057 [django.server:187] [basehttp:log_message] [INFO] "GET /static/js/popper.js HTTP/1.1" 200 104916
2023-05-13 15:32:22,133 [django.server:187] [basehttp:log_message] [WARNING] "GET /login/images/login-icons.png HTTP/1.1" 404 2605
2023-05-13 15:32:22,140 [django.server:187] [basehttp:log_message] [WARNING] "GET /static/css/images/login-icons.png HTTP/1.1" 404 1837
2023-05-13 15:32:22,674 [django.server:187] [basehttp:log_message] [INFO] "GET /login/ HTTP/1.1" 200 1247
2023-05-13 15:32:22,750 [django.server:187] [basehttp:log_message] [WARNING] "GET /login/images/login-icons.png HTTP/1.1" 404 2605
2023-05-13 15:32:22,757 [django.server:187] [basehttp:log_message] [WARNING] "GET /static/css/images/login-icons.png HTTP/1.1" 404 1837
2023-05-13 15:32:23,188 [django.server:187] [basehttp:log_message] [INFO] "GET /login/ HTTP/1.1" 200 1247
2023-05-13 15:32:23,262 [django.server:187] [basehttp:log_message] [WARNING] "GET /login/images/login-icons.png HTTP/1.1" 404 2605
2023-05-13 15:32:23,268 [django.server:187] [basehttp:log_message] [WARNING] "GET /static/css/images/login-icons.png HTTP/1.1" 404 1837
2023-05-13 15:32:23,373 [django.server:187] [basehttp:log_message] [INFO] "GET /login/ HTTP/1.1" 200 1247
2023-05-13 15:32:23,451 [django.server:187] [basehttp:log_message] [WARNING] "GET /login/images/login-icons.png HTTP/1.1" 404 2605
2023-05-13 15:32:23,456 [django.server:187] [basehttp:log_message] [WARNING] "GET /static/css/images/login-icons.png HTTP/1.1" 404 1837
2023-05-13 15:32:23,542 [django.server:187] [basehttp:log_message] [INFO] "GET /login/ HTTP/1.1" 200 1247
2023-05-13 15:32:23,613 [django.server:187] [basehttp:log_message] [WARNING] "GET /login/images/login-icons.png HTTP/1.1" 404 2605
2023-05-13 15:32:23,617 [django.server:187] [basehttp:log_message] [WARNING] "GET /static/css/images/login-icons.png HTTP/1.1" 404 1837
2023-05-13 15:32:27,759 [django.server:187] [basehttp:log_message] [WARNING] "GET /factory/index/ HTTP/1.1" 404 3990
2023-05-13 15:32:33,144 [django.server:187] [basehttp:log_message] [INFO] "GET /login/ HTTP/1.1" 200 1247
2023-05-13 15:32:33,237 [django.server:187] [basehttp:log_message] [WARNING] "GET /login/images/login-icons.png HTTP/1.1" 404 2605
2023-05-13 15:32:33,256 [django.server:187] [basehttp:log_message] [WARNING] "GET /static/css/images/login-icons.png HTTP/1.1" 404 1837
2023-05-13 15:34:28,000 [django.server:187] [basehttp:log_message] [WARNING] "GET /static/js/popper.js.map HTTP/1.1" 404 1807
2023-05-13 15:35:22,317 [django.server:187] [basehttp:log_message] [INFO] "GET /login/ HTTP/1.1" 200 1247
2023-05-13 15:35:22,567 [django.server:187] [basehttp:log_message] [WARNING] "GET /login/images/login-icons.png HTTP/1.1" 404 2605
2023-05-13 15:35:22,649 [django.server:187] [basehttp:log_message] [WARNING] "GET /static/css/images/login-icons.png HTTP/1.1" 404 1837
2023-05-13 15:35:22,650 [django.server:187] [basehttp:log_message] [WARNING] "GET /static/js/popper.js.map HTTP/1.1" 404 1807
2023-05-13 15:35:23,636 [django.server:187] [basehttp:log_message] [INFO] "GET /login/ HTTP/1.1" 200 1247
2023-05-13 15:35:23,754 [django.server:187] [basehttp:log_message] [WARNING] "GET /login/images/login-icons.png HTTP/1.1" 404 2605
2023-05-13 15:35:23,795 [django.server:187] [basehttp:log_message] [WARNING] "GET /static/css/images/login-icons.png HTTP/1.1" 404 1837
2023-05-13 15:35:23,820 [django.server:187] [basehttp:log_message] [WARNING] "GET /static/js/popper.js.map HTTP/1.1" 404 1807
2023-05-13 15:35:39,745 [django.server:187] [basehttp:log_message] [INFO] "GET /login/ HTTP/1.1" 200 1247
2023-05-13 15:35:39,801 [django.server:187] [basehttp:log_message] [WARNING] "GET /static/css/images/login-icons.png HTTP/1.1" 404 1837
2023-05-13 15:35:39,890 [django.server:187] [basehttp:log_message] [WARNING] "GET /login/images/login-icons.png HTTP/1.1" 404 2605
2023-05-13 15:35:39,905 [django.server:187] [basehttp:log_message] [WARNING] "GET /static/js/popper.js.map HTTP/1.1" 404 1807
2023-05-13 15:35:40,783 [django.server:187] [basehttp:log_message] [INFO] "GET /login/ HTTP/1.1" 200 1247
2023-05-13 15:35:40,900 [django.server:187] [basehttp:log_message] [WARNING] "GET /login/images/login-icons.png HTTP/1.1" 404 2605
2023-05-13 15:35:40,923 [django.server:187] [basehttp:log_message] [WARNING] "GET /static/js/popper.js.map HTTP/1.1" 404 1807
2023-05-13 15:35:40,929 [django.server:187] [basehttp:log_message] [WARNING] "GET /static/css/images/login-icons.png HTTP/1.1" 404 1837
2023-05-13 15:35:41,550 [django.server:187] [basehttp:log_message] [INFO] "GET /login/ HTTP/1.1" 200 1247
2023-05-13 15:35:41,614 [django.server:187] [basehttp:log_message] [WARNING] "GET /static/js/popper.js.map HTTP/1.1" 404 1807
2023-05-13 15:35:41,678 [django.server:187] [basehttp:log_message] [WARNING] "GET /login/images/login-icons.png HTTP/1.1" 404 2605
2023-05-13 15:35:41,711 [django.server:187] [basehttp:log_message] [WARNING] "GET /static/css/images/login-icons.png HTTP/1.1" 404 1837
2023-05-13 15:35:42,513 [django.server:187] [basehttp:log_message] [INFO] "GET /login/ HTTP/1.1" 200 1247
2023-05-13 15:35:42,608 [django.server:187] [basehttp:log_message] [WARNING] "GET /login/images/login-icons.png HTTP/1.1" 404 2605
2023-05-13 15:35:42,639 [django.server:187] [basehttp:log_message] [WARNING] "GET /static/js/popper.js.map HTTP/1.1" 404 1807
2023-05-13 15:35:42,650 [django.server:187] [basehttp:log_message] [WARNING] "GET /static/css/images/login-icons.png HTTP/1.1" 404 1837
2023-05-13 15:35:52,628 [django.server:187] [basehttp:log_message] [INFO] "GET /login/ HTTP/1.1" 200 1247
2023-05-13 15:35:52,777 [django.server:187] [basehttp:log_message] [WARNING] "GET /login/images/login-icons.png HTTP/1.1" 404 2605
2023-05-13 15:35:52,800 [django.server:187] [basehttp:log_message] [WARNING] "GET /static/js/popper.js.map HTTP/1.1" 404 1807
2023-05-13 15:35:52,810 [django.server:187] [basehttp:log_message] [WARNING] "GET /static/css/images/login-icons.png HTTP/1.1" 404 1837
2023-05-13 15:35:54,015 [django.server:187] [basehttp:log_message] [ERROR] "GET /login/ HTTP/1.1" 500 143334
2023-05-13 15:35:55,323 [django.server:187] [basehttp:log_message] [ERROR] "GET /login/ HTTP/1.1" 500 143334
2023-05-13 15:36:00,372 [django.server:187] [basehttp:log_message] [INFO] "GET /login/ HTTP/1.1" 200 1247
2023-05-13 15:36:00,553 [django.server:187] [basehttp:log_message] [WARNING] "GET /login/images/login-icons.png HTTP/1.1" 404 2605
2023-05-13 15:36:00,800 [django.server:187] [basehttp:log_message] [WARNING] "GET /static/css/images/login-icons.png HTTP/1.1" 404 1837
2023-05-13 15:36:00,810 [django.server:187] [basehttp:log_message] [WARNING] "GET /static/js/popper.js.map HTTP/1.1" 404 1807
2023-05-13 15:36:01,432 [django.server:187] [basehttp:log_message] [INFO] "GET /login/ HTTP/1.1" 200 1247
2023-05-13 15:36:01,545 [django.server:187] [basehttp:log_message] [WARNING] "GET /login/images/login-icons.png HTTP/1.1" 404 2605
2023-05-13 15:36:01,588 [django.server:187] [basehttp:log_message] [WARNING] "GET /static/css/images/login-icons.png HTTP/1.1" 404 1837
2023-05-13 15:36:01,601 [django.server:187] [basehttp:log_message] [WARNING] "GET /static/js/popper.js.map HTTP/1.1" 404 1807
2023-05-13 15:36:01,757 [django.server:187] [basehttp:log_message] [INFO] "GET /login/ HTTP/1.1" 200 1247
2023-05-13 15:36:01,803 [django.server:187] [basehttp:log_message] [WARNING] "GET /static/css/images/login-icons.png HTTP/1.1" 404 1837
2023-05-13 15:36:01,804 [django.server:187] [basehttp:log_message] [WARNING] "GET /static/js/popper.js.map HTTP/1.1" 404 1807
2023-05-13 15:36:01,890 [django.server:187] [basehttp:log_message] [WARNING] "GET /login/images/login-icons.png HTTP/1.1" 404 2605
2023-05-13 15:36:01,970 [django.server:187] [basehttp:log_message] [INFO] "GET /login/ HTTP/1.1" 200 1247
2023-05-13 15:36:02,012 [django.server:187] [basehttp:log_message] [WARNING] "GET /static/js/popper.js.map HTTP/1.1" 404 1807
2023-05-13 15:36:02,088 [django.server:187] [basehttp:log_message] [WARNING] "GET /login/images/login-icons.png HTTP/1.1" 404 2605
2023-05-13 15:36:02,121 [django.server:187] [basehttp:log_message] [WARNING] "GET /static/css/images/login-icons.png HTTP/1.1" 404 1837
2023-05-13 15:36:02,129 [django.server:187] [basehttp:log_message] [INFO] "GET /login/ HTTP/1.1" 200 1247
2023-05-13 15:36:02,167 [django.server:187] [basehttp:log_message] [WARNING] "GET /static/js/popper.js.map HTTP/1.1" 404 1807
2023-05-13 15:36:02,224 [django.server:187] [basehttp:log_message] [WARNING] "GET /login/images/login-icons.png HTTP/1.1" 404 2605
2023-05-13 15:36:02,259 [django.server:187] [basehttp:log_message] [WARNING] "GET /static/css/images/login-icons.png HTTP/1.1" 404 1837
2023-05-13 15:36:02,302 [django.server:187] [basehttp:log_message] [INFO] "GET /login/ HTTP/1.1" 200 1247
2023-05-13 15:36:02,355 [django.server:187] [basehttp:log_message] [WARNING] "GET /static/js/popper.js.map HTTP/1.1" 404 1807
2023-05-13 15:36:02,407 [django.server:187] [basehttp:log_message] [INFO] "GET /login/ HTTP/1.1" 200 1247
2023-05-13 15:36:02,445 [django.server:187] [basehttp:log_message] [WARNING] "GET /login/images/login-icons.png HTTP/1.1" 404 2605
2023-05-13 15:36:02,590 [django.server:187] [basehttp:log_message] [WARNING] "GET /login/images/login-icons.png HTTP/1.1" 404 2605
2023-05-13 15:36:02,603 [django.server:187] [basehttp:log_message] [WARNING] "GET /static/css/images/login-icons.png HTTP/1.1" 404 1837
2023-05-13 15:36:02,618 [django.server:187] [basehttp:log_message] [WARNING] "GET /static/js/popper.js.map HTTP/1.1" 404 1807
2023-05-13 15:36:17,355 [django.server:187] [basehttp:log_message] [INFO] "GET /login/ HTTP/1.1" 200 1247
2023-05-13 15:36:17,527 [django.server:187] [basehttp:log_message] [WARNING] "GET /login/images/login-icons.png HTTP/1.1" 404 2605
2023-05-13 15:36:17,553 [django.server:187] [basehttp:log_message] [WARNING] "GET /static/js/popper.js.map HTTP/1.1" 404 1807
2023-05-13 15:36:17,562 [django.server:187] [basehttp:log_message] [WARNING] "GET /static/css/images/login-icons.png HTTP/1.1" 404 1837
2023-05-13 15:36:18,075 [django.server:187] [basehttp:log_message] [INFO] "GET /login/ HTTP/1.1" 200 1127
2023-05-13 15:36:18,147 [django.server:187] [basehttp:log_message] [WARNING] "GET /static/js/popper.js.map HTTP/1.1" 404 1807
2023-05-13 15:36:25,433 [django.server:187] [basehttp:log_message] [INFO] "GET /login/ HTTP/1.1" 200 1127
2023-05-13 15:36:25,487 [django.server:187] [basehttp:log_message] [WARNING] "GET /static/js/popper.js.map HTTP/1.1" 404 1807
2023-05-13 15:36:26,334 [django.server:187] [basehttp:log_message] [INFO] "GET /login/ HTTP/1.1" 200 1191
2023-05-13 15:36:26,458 [django.server:187] [basehttp:log_message] [WARNING] "GET /static/js/popper.js.map HTTP/1.1" 404 1807
2023-05-13 15:36:27,510 [django.server:187] [basehttp:log_message] [INFO] "GET /login/ HTTP/1.1" 200 1191
2023-05-13 15:36:27,573 [django.server:187] [basehttp:log_message] [WARNING] "GET /static/js/popper.js.map HTTP/1.1" 404 1807
2023-05-13 15:36:31,262 [django.server:187] [basehttp:log_message] [INFO] "GET /login/ HTTP/1.1" 200 1191
2023-05-13 15:36:31,328 [django.server:187] [basehttp:log_message] [WARNING] "GET /static/js/popper.js.map HTTP/1.1" 404 1807
2023-05-13 15:36:32,288 [django.server:187] [basehttp:log_message] [INFO] "GET /login/ HTTP/1.1" 200 1247
2023-05-13 15:36:32,325 [django.server:187] [basehttp:log_message] [WARNING] "GET /static/css/images/login-icons.png HTTP/1.1" 404 1837
2023-05-13 15:36:32,358 [django.server:187] [basehttp:log_message] [WARNING] "GET /static/js/popper.js.map HTTP/1.1" 404 1807
2023-05-13 15:36:32,408 [django.server:187] [basehttp:log_message] [WARNING] "GET /login/images/login-icons.png HTTP/1.1" 404 2605
2023-05-13 15:37:12,491 [django.server:187] [basehttp:log_message] [INFO] "GET /login/ HTTP/1.1" 200 1247
2023-05-13 15:37:12,761 [django.server:187] [basehttp:log_message] [WARNING] "GET /login/images/login-icons.png HTTP/1.1" 404 2605
2023-05-13 15:37:12,790 [django.server:187] [basehttp:log_message] [WARNING] "GET /static/css/images/login-icons.png HTTP/1.1" 404 1837
2023-05-13 15:37:12,808 [django.server:187] [basehttp:log_message] [WARNING] "GET /static/js/popper.js.map HTTP/1.1" 404 1807
2023-05-13 15:37:13,426 [django.server:187] [basehttp:log_message] [INFO] "GET /login/ HTTP/1.1" 200 1247
2023-05-13 15:37:13,550 [django.server:187] [basehttp:log_message] [WARNING] "GET /login/images/login-icons.png HTTP/1.1" 404 2605
2023-05-13 15:37:13,613 [django.server:187] [basehttp:log_message] [WARNING] "GET /static/css/images/login-icons.png HTTP/1.1" 404 1837
2023-05-13 15:37:13,614 [django.server:187] [basehttp:log_message] [WARNING] "GET /static/js/popper.js.map HTTP/1.1" 404 1807
2023-05-13 15:38:34,299 [django.server:187] [basehttp:log_message] [INFO] "GET /login/ HTTP/1.1" 200 1247
2023-05-13 15:38:34,473 [django.server:187] [basehttp:log_message] [WARNING] "GET /login/images/login-icons.png HTTP/1.1" 404 2605
2023-05-13 15:38:34,496 [django.server:187] [basehttp:log_message] [WARNING] "GET /static/css/images/login-icons.png HTTP/1.1" 404 1837
2023-05-13 15:38:34,531 [django.server:187] [basehttp:log_message] [WARNING] "GET /static/js/popper.js.map HTTP/1.1" 404 1807
2023-05-13 15:39:10,084 [django.server:187] [basehttp:log_message] [INFO] "GET /login/ HTTP/1.1" 200 1247
2023-05-13 15:39:10,200 [django.server:187] [basehttp:log_message] [WARNING] "GET /login/images/login-icons.png HTTP/1.1" 404 2605
2023-05-13 15:39:10,212 [django.server:187] [basehttp:log_message] [WARNING] "GET /static/css/images/login-icons.png HTTP/1.1" 404 1837
2023-05-13 15:39:10,681 [django.server:187] [basehttp:log_message] [INFO] "GET /login/ HTTP/1.1" 200 1247
2023-05-13 15:39:10,722 [django.server:187] [basehttp:log_message] [WARNING] "GET /static/css/images/login-icons.png HTTP/1.1" 404 1837
2023-05-13 15:39:10,814 [django.server:187] [basehttp:log_message] [WARNING] "GET /login/images/login-icons.png HTTP/1.1" 404 2605
2023-05-13 15:39:11,132 [django.server:187] [basehttp:log_message] [INFO] "GET /login/ HTTP/1.1" 200 1253
2023-05-13 15:39:11,235 [django.server:187] [basehttp:log_message] [WARNING] "GET /login/images/login-icons.png HTTP/1.1" 404 2605
2023-05-13 15:39:11,245 [django.server:187] [basehttp:log_message] [WARNING] "GET /static/css/images/login-icons.png HTTP/1.1" 404 1837
2023-05-13 15:39:34,016 [django.server:187] [basehttp:log_message] [INFO] "GET /login/ HTTP/1.1" 200 1253
2023-05-13 15:39:34,122 [django.server:187] [basehttp:log_message] [WARNING] "GET /login/images/login-icons.png HTTP/1.1" 404 2605
2023-05-13 15:39:34,130 [django.server:187] [basehttp:log_message] [WARNING] "GET /static/css/images/login-icons.png HTTP/1.1" 404 1837
2023-05-13 15:39:34,429 [django.server:187] [basehttp:log_message] [INFO] "GET /login/ HTTP/1.1" 200 1277
2023-05-13 15:39:34,561 [django.server:187] [basehttp:log_message] [WARNING] "GET /login/images/login-icons.png HTTP/1.1" 404 2605
2023-05-13 15:39:34,585 [django.server:187] [basehttp:log_message] [WARNING] "GET /static/css/images/login-icons.png HTTP/1.1" 404 1837
2023-05-13 15:39:39,329 [django.server:187] [basehttp:log_message] [INFO] "GET /login/ HTTP/1.1" 200 1277
2023-05-13 15:39:39,398 [django.server:187] [basehttp:log_message] [WARNING] "GET /login/images/login-icons.png HTTP/1.1" 404 2605
2023-05-13 15:39:39,406 [django.server:187] [basehttp:log_message] [WARNING] "GET /static/css/images/login-icons.png HTTP/1.1" 404 1837
2023-05-13 15:39:39,851 [django.server:187] [basehttp:log_message] [INFO] "GET /login/ HTTP/1.1" 200 1277
2023-05-13 15:39:39,940 [django.server:187] [basehttp:log_message] [WARNING] "GET /login/images/login-icons.png HTTP/1.1" 404 2605
2023-05-13 15:39:39,956 [django.server:187] [basehttp:log_message] [WARNING] "GET /static/css/images/login-icons.png HTTP/1.1" 404 1837
2023-05-13 15:39:44,254 [django.server:187] [basehttp:log_message] [INFO] "GET /login/ HTTP/1.1" 200 1277
2023-05-13 15:39:44,334 [django.server:187] [basehttp:log_message] [WARNING] "GET /login/images/login-icons.png HTTP/1.1" 404 2605
2023-05-13 15:39:44,341 [django.server:187] [basehttp:log_message] [WARNING] "GET /static/css/images/login-icons.png HTTP/1.1" 404 1837
2023-05-13 15:40:03,673 [django.server:187] [basehttp:log_message] [INFO] "GET /login/ HTTP/1.1" 200 1277
2023-05-13 15:40:03,753 [django.server:187] [basehttp:log_message] [WARNING] "GET /login/images/login-icons.png HTTP/1.1" 404 2605
2023-05-13 15:40:03,758 [django.server:187] [basehttp:log_message] [WARNING] "GET /static/css/images/login-icons.png HTTP/1.1" 404 1837
2023-05-13 15:40:04,192 [django.server:187] [basehttp:log_message] [INFO] "GET /login/ HTTP/1.1" 200 1277
2023-05-13 15:40:04,376 [django.server:187] [basehttp:log_message] [WARNING] "GET /login/images/login-icons.png HTTP/1.1" 404 2605
2023-05-13 15:40:04,391 [django.server:187] [basehttp:log_message] [WARNING] "GET /static/css/images/login-icons.png HTTP/1.1" 404 1837
2023-05-13 15:40:04,891 [django.server:187] [basehttp:log_message] [INFO] "GET /login/ HTTP/1.1" 200 1363
2023-05-13 15:40:04,977 [django.server:187] [basehttp:log_message] [WARNING] "GET /login/images/login-icons.png HTTP/1.1" 404 2605
2023-05-13 15:40:04,983 [django.server:187] [basehttp:log_message] [WARNING] "GET /static/css/images/login-icons.png HTTP/1.1" 404 1837
2023-05-13 15:40:05,071 [django.server:187] [basehttp:log_message] [INFO] "GET /login/ HTTP/1.1" 200 1363
2023-05-13 15:40:05,146 [django.server:187] [basehttp:log_message] [WARNING] "GET /login/images/login-icons.png HTTP/1.1" 404 2605
2023-05-13 15:40:05,151 [django.server:187] [basehttp:log_message] [WARNING] "GET /static/css/images/login-icons.png HTTP/1.1" 404 1837
2023-05-13 15:40:22,640 [django.server:187] [basehttp:log_message] [INFO] "GET /login/ HTTP/1.1" 200 1363
2023-05-13 15:40:22,808 [django.server:187] [basehttp:log_message] [WARNING] "GET /login/images/login-icons.png HTTP/1.1" 404 2605
2023-05-13 15:40:22,809 [django.server:187] [basehttp:log_message] [WARNING] "GET /static/css/images/login-icons.png HTTP/1.1" 404 1837
2023-05-13 15:40:23,067 [django.server:187] [basehttp:log_message] [INFO] "GET /login/ HTTP/1.1" 200 1351
2023-05-13 15:40:23,146 [django.server:187] [basehttp:log_message] [WARNING] "GET /login/images/login-icons.png HTTP/1.1" 404 2605
2023-05-13 15:40:23,153 [django.server:187] [basehttp:log_message] [WARNING] "GET /static/css/images/login-icons.png HTTP/1.1" 404 1837
2023-05-13 15:44:32,307 [django.server:187] [basehttp:log_message] [INFO] "GET /login/ HTTP/1.1" 200 1351
2023-05-13 15:44:32,418 [django.server:187] [basehttp:log_message] [WARNING] "GET /login/images/login-icons.png HTTP/1.1" 404 2605
2023-05-13 15:44:32,430 [django.server:187] [basehttp:log_message] [WARNING] "GET /static/css/images/login-icons.png HTTP/1.1" 404 1837
2023-05-13 15:44:32,858 [django.server:187] [basehttp:log_message] [INFO] "GET /login/ HTTP/1.1" 200 1351
2023-05-13 15:44:32,950 [django.server:187] [basehttp:log_message] [WARNING] "GET /login/images/login-icons.png HTTP/1.1" 404 2605
2023-05-13 15:44:32,956 [django.server:187] [basehttp:log_message] [WARNING] "GET /static/css/images/login-icons.png HTTP/1.1" 404 1837
2023-05-13 15:44:33,401 [django.server:187] [basehttp:log_message] [INFO] "GET /login/ HTTP/1.1" 200 1351
2023-05-13 15:44:33,472 [django.server:187] [basehttp:log_message] [WARNING] "GET /login/images/login-icons.png HTTP/1.1" 404 2605
2023-05-13 15:44:33,480 [django.server:187] [basehttp:log_message] [WARNING] "GET /static/css/images/login-icons.png HTTP/1.1" 404 1837
2023-05-13 15:44:34,186 [django.server:187] [basehttp:log_message] [INFO] "GET /login/ HTTP/1.1" 200 1351
2023-05-13 15:44:34,263 [django.server:187] [basehttp:log_message] [WARNING] "GET /login/images/login-icons.png HTTP/1.1" 404 2605
2023-05-13 15:44:34,269 [django.server:187] [basehttp:log_message] [WARNING] "GET /static/css/images/login-icons.png HTTP/1.1" 404 1837
2023-05-13 15:44:34,394 [django.server:187] [basehttp:log_message] [INFO] "GET /login/ HTTP/1.1" 200 1351
2023-05-13 15:44:34,463 [django.server:187] [basehttp:log_message] [WARNING] "GET /login/images/login-icons.png HTTP/1.1" 404 2605
2023-05-13 15:44:34,472 [django.server:187] [basehttp:log_message] [WARNING] "GET /static/css/images/login-icons.png HTTP/1.1" 404 1837
2023-05-13 15:44:34,546 [django.server:187] [basehttp:log_message] [INFO] "GET /login/ HTTP/1.1" 200 1351
2023-05-13 15:44:34,617 [django.server:187] [basehttp:log_message] [WARNING] "GET /login/images/login-icons.png HTTP/1.1" 404 2605
2023-05-13 15:44:34,622 [django.server:187] [basehttp:log_message] [WARNING] "GET /static/css/images/login-icons.png HTTP/1.1" 404 1837
2023-05-13 15:44:34,678 [django.server:187] [basehttp:log_message] [INFO] "GET /login/ HTTP/1.1" 200 1351
2023-05-13 15:44:34,749 [django.server:187] [basehttp:log_message] [WARNING] "GET /login/images/login-icons.png HTTP/1.1" 404 2605
2023-05-13 15:44:34,755 [django.server:187] [basehttp:log_message] [WARNING] "GET /static/css/images/login-icons.png HTTP/1.1" 404 1837
2023-05-13 15:44:34,829 [django.server:187] [basehttp:log_message] [INFO] "GET /login/ HTTP/1.1" 200 1351
2023-05-13 15:44:34,897 [django.server:187] [basehttp:log_message] [WARNING] "GET /login/images/login-icons.png HTTP/1.1" 404 2605
2023-05-13 15:44:34,902 [django.server:187] [basehttp:log_message] [WARNING] "GET /static/css/images/login-icons.png HTTP/1.1" 404 1837
2023-05-13 15:44:34,963 [django.server:187] [basehttp:log_message] [INFO] "GET /login/ HTTP/1.1" 200 1351
2023-05-13 15:44:35,032 [django.server:187] [basehttp:log_message] [WARNING] "GET /login/images/login-icons.png HTTP/1.1" 404 2605
2023-05-13 15:44:35,041 [django.server:187] [basehttp:log_message] [WARNING] "GET /static/css/images/login-icons.png HTTP/1.1" 404 1837
2023-05-13 15:44:37,379 [django.server:187] [basehttp:log_message] [INFO] "GET /login/ HTTP/1.1" 200 1351
2023-05-13 15:44:37,457 [django.server:187] [basehttp:log_message] [WARNING] "GET /login/images/login-icons.png HTTP/1.1" 404 2605
2023-05-13 15:44:37,463 [django.server:187] [basehttp:log_message] [WARNING] "GET /static/css/images/login-icons.png HTTP/1.1" 404 1837
2023-05-13 15:44:40,623 [django.server:187] [basehttp:log_message] [INFO] "GET /login/ HTTP/1.1" 200 1351
2023-05-13 15:44:40,711 [django.server:187] [basehttp:log_message] [WARNING] "GET /login/images/login-icons.png HTTP/1.1" 404 2605
2023-05-13 15:44:40,723 [django.server:187] [basehttp:log_message] [WARNING] "GET /static/css/images/login-icons.png HTTP/1.1" 404 1837
2023-05-13 15:44:41,090 [django.server:187] [basehttp:log_message] [INFO] "GET /login/ HTTP/1.1" 200 1351
2023-05-13 15:44:41,253 [django.server:187] [basehttp:log_message] [INFO] "GET /login/ HTTP/1.1" 200 1351
2023-05-13 15:44:41,261 [django.server:187] [basehttp:log_message] [WARNING] "GET /login/images/login-icons.png HTTP/1.1" 404 2605
2023-05-13 15:44:41,361 [django.server:187] [basehttp:log_message] [WARNING] "GET /static/css/images/login-icons.png HTTP/1.1" 404 1837
2023-05-13 15:44:41,363 [django.server:187] [basehttp:log_message] [WARNING] "GET /login/images/login-icons.png HTTP/1.1" 404 2605
2023-05-13 15:44:41,378 [django.server:187] [basehttp:log_message] [INFO] "GET /login/ HTTP/1.1" 200 1351
2023-05-13 15:44:41,380 [django.server:187] [basehttp:log_message] [WARNING] "GET /static/css/images/login-icons.png HTTP/1.1" 404 1837
2023-05-13 15:44:41,478 [django.server:187] [basehttp:log_message] [WARNING] "GET /login/images/login-icons.png HTTP/1.1" 404 2605
2023-05-13 15:44:41,489 [django.server:187] [basehttp:log_message] [WARNING] "GET /static/css/images/login-icons.png HTTP/1.1" 404 1837
2023-05-13 15:44:41,523 [django.server:187] [basehttp:log_message] [INFO] "GET /login/ HTTP/1.1" 200 1351
2023-05-13 15:44:41,623 [django.server:187] [basehttp:log_message] [WARNING] "GET /login/images/login-icons.png HTTP/1.1" 404 2605
2023-05-13 15:44:41,632 [django.server:187] [basehttp:log_message] [WARNING] "GET /static/css/images/login-icons.png HTTP/1.1" 404 1837
2023-05-13 15:44:41,662 [django.server:187] [basehttp:log_message] [INFO] "GET /login/ HTTP/1.1" 200 1351
2023-05-13 15:44:41,732 [django.server:187] [basehttp:log_message] [WARNING] "GET /login/images/login-icons.png HTTP/1.1" 404 2605
2023-05-13 15:44:41,739 [django.server:187] [basehttp:log_message] [WARNING] "GET /static/css/images/login-icons.png HTTP/1.1" 404 1837
2023-05-13 15:44:41,827 [django.server:187] [basehttp:log_message] [INFO] "GET /login/ HTTP/1.1" 200 1351
2023-05-13 15:44:41,895 [django.server:187] [basehttp:log_message] [WARNING] "GET /login/images/login-icons.png HTTP/1.1" 404 2605
2023-05-13 15:44:41,902 [django.server:187] [basehttp:log_message] [WARNING] "GET /static/css/images/login-icons.png HTTP/1.1" 404 1837
2023-05-13 15:44:41,962 [django.server:187] [basehttp:log_message] [INFO] "GET /login/ HTTP/1.1" 200 1351
2023-05-13 15:44:42,025 [django.server:187] [basehttp:log_message] [WARNING] "GET /login/images/login-icons.png HTTP/1.1" 404 2605
2023-05-13 15:44:42,036 [django.server:187] [basehttp:log_message] [WARNING] "GET /static/css/images/login-icons.png HTTP/1.1" 404 1837
2023-05-13 15:44:42,121 [django.server:187] [basehttp:log_message] [INFO] "GET /login/ HTTP/1.1" 200 1351
2023-05-13 15:44:42,189 [django.server:187] [basehttp:log_message] [WARNING] "GET /login/images/login-icons.png HTTP/1.1" 404 2605
2023-05-13 15:44:42,197 [django.server:187] [basehttp:log_message] [WARNING] "GET /static/css/images/login-icons.png HTTP/1.1" 404 1837
2023-05-13 15:44:42,243 [django.server:187] [basehttp:log_message] [INFO] "GET /login/ HTTP/1.1" 200 1351
2023-05-13 15:44:42,314 [django.server:187] [basehttp:log_message] [WARNING] "GET /login/images/login-icons.png HTTP/1.1" 404 2605
2023-05-13 15:44:42,321 [django.server:187] [basehttp:log_message] [WARNING] "GET /static/css/images/login-icons.png HTTP/1.1" 404 1837
2023-05-13 15:44:42,383 [django.server:187] [basehttp:log_message] [INFO] "GET /login/ HTTP/1.1" 200 1351
2023-05-13 15:44:42,467 [django.server:187] [basehttp:log_message] [WARNING] "GET /login/images/login-icons.png HTTP/1.1" 404 2605
2023-05-13 15:44:42,473 [django.server:187] [basehttp:log_message] [WARNING] "GET /static/css/images/login-icons.png HTTP/1.1" 404 1837
2023-05-13 15:44:42,987 [django.server:187] [basehttp:log_message] [INFO] "GET /login/ HTTP/1.1" 200 1351
2023-05-13 15:44:43,075 [django.server:187] [basehttp:log_message] [WARNING] "GET /login/images/login-icons.png HTTP/1.1" 404 2605
2023-05-13 15:44:43,086 [django.server:187] [basehttp:log_message] [WARNING] "GET /static/css/images/login-icons.png HTTP/1.1" 404 1837
2023-05-13 15:44:43,568 [django.server:187] [basehttp:log_message] [INFO] "GET /login/ HTTP/1.1" 200 1351
2023-05-13 15:44:43,638 [django.server:187] [basehttp:log_message] [WARNING] "GET /login/images/login-icons.png HTTP/1.1" 404 2605
2023-05-13 15:44:43,646 [django.server:187] [basehttp:log_message] [WARNING] "GET /static/css/images/login-icons.png HTTP/1.1" 404 1837
2023-05-13 15:44:44,028 [django.server:187] [basehttp:log_message] [INFO] "GET /login/ HTTP/1.1" 200 1351
2023-05-13 15:44:44,096 [django.server:187] [basehttp:log_message] [WARNING] "GET /login/images/login-icons.png HTTP/1.1" 404 2605
2023-05-13 15:44:44,103 [django.server:187] [basehttp:log_message] [WARNING] "GET /static/css/images/login-icons.png HTTP/1.1" 404 1837
2023-05-13 15:44:44,179 [django.server:187] [basehttp:log_message] [INFO] "GET /login/ HTTP/1.1" 200 1351
2023-05-13 15:44:44,243 [django.server:187] [basehttp:log_message] [WARNING] "GET /login/images/login-icons.png HTTP/1.1" 404 2605
2023-05-13 15:44:44,249 [django.server:187] [basehttp:log_message] [WARNING] "GET /static/css/images/login-icons.png HTTP/1.1" 404 1837
2023-05-13 15:44:44,313 [django.server:187] [basehttp:log_message] [INFO] "GET /login/ HTTP/1.1" 200 1351
2023-05-13 15:44:44,385 [django.server:187] [basehttp:log_message] [WARNING] "GET /login/images/login-icons.png HTTP/1.1" 404 2605
2023-05-13 15:44:44,392 [django.server:187] [basehttp:log_message] [WARNING] "GET /static/css/images/login-icons.png HTTP/1.1" 404 1837
2023-05-13 15:44:44,465 [django.server:187] [basehttp:log_message] [INFO] "GET /login/ HTTP/1.1" 200 1351
2023-05-13 15:44:44,535 [django.server:187] [basehttp:log_message] [WARNING] "GET /login/images/login-icons.png HTTP/1.1" 404 2605
2023-05-13 15:44:44,546 [django.server:187] [basehttp:log_message] [WARNING] "GET /static/css/images/login-icons.png HTTP/1.1" 404 1837
2023-05-13 15:44:44,601 [django.server:187] [basehttp:log_message] [INFO] "GET /login/ HTTP/1.1" 200 1351
2023-05-13 15:44:44,669 [django.server:187] [basehttp:log_message] [WARNING] "GET /login/images/login-icons.png HTTP/1.1" 404 2605
2023-05-13 15:44:44,691 [django.server:187] [basehttp:log_message] [WARNING] "GET /static/css/images/login-icons.png HTTP/1.1" 404 1837
2023-05-13 15:45:10,000 [django.server:187] [basehttp:log_message] [INFO] "GET /login/ HTTP/1.1" 200 1351
2023-05-13 15:45:10,172 [django.server:187] [basehttp:log_message] [WARNING] "GET /static/css/images/login-icons.png HTTP/1.1" 404 1837
2023-05-13 15:45:10,180 [django.server:187] [basehttp:log_message] [WARNING] "GET /login/images/login-icons.png HTTP/1.1" 404 2605
2023-05-13 15:45:10,505 [django.server:187] [basehttp:log_message] [INFO] "GET /login/ HTTP/1.1" 200 1351
2023-05-13 15:45:10,574 [django.server:187] [basehttp:log_message] [WARNING] "GET /login/images/login-icons.png HTTP/1.1" 404 2605
2023-05-13 15:45:10,581 [django.server:187] [basehttp:log_message] [WARNING] "GET /static/css/images/login-icons.png HTTP/1.1" 404 1837
2023-05-13 15:45:10,707 [django.server:187] [basehttp:log_message] [INFO] "GET /login/ HTTP/1.1" 200 1351
2023-05-13 15:45:10,775 [django.server:187] [basehttp:log_message] [WARNING] "GET /login/images/login-icons.png HTTP/1.1" 404 2605
2023-05-13 15:45:10,783 [django.server:187] [basehttp:log_message] [WARNING] "GET /static/css/images/login-icons.png HTTP/1.1" 404 1837
2023-05-13 15:45:10,906 [django.server:187] [basehttp:log_message] [INFO] "GET /login/ HTTP/1.1" 200 1351
2023-05-13 15:45:10,972 [django.server:187] [basehttp:log_message] [WARNING] "GET /login/images/login-icons.png HTTP/1.1" 404 2605
2023-05-13 15:45:10,980 [django.server:187] [basehttp:log_message] [WARNING] "GET /static/css/images/login-icons.png HTTP/1.1" 404 1837
2023-05-13 15:45:11,361 [django.server:187] [basehttp:log_message] [INFO] "GET /login/ HTTP/1.1" 200 1351
2023-05-13 15:45:11,432 [django.server:187] [basehttp:log_message] [WARNING] "GET /login/images/login-icons.png HTTP/1.1" 404 2605
2023-05-13 15:45:11,438 [django.server:187] [basehttp:log_message] [WARNING] "GET /static/css/images/login-icons.png HTTP/1.1" 404 1837
2023-05-13 15:55:38,162 [django.server:187] [basehttp:log_message] [WARNING] "GET /factory/index/ HTTP/1.1" 404 3990
2023-05-13 15:55:41,558 [django.server:187] [basehttp:log_message] [INFO] "GET /login/ HTTP/1.1" 200 1351
2023-05-13 15:55:41,579 [django.server:187] [basehttp:log_message] [INFO] "GET /static/css/login.css HTTP/1.1" 200 2891
2023-05-13 15:55:41,582 [django.server:187] [basehttp:log_message] [INFO] "GET /static/js/popper.js HTTP/1.1" 200 104916
2023-05-13 15:55:41,586 [django.server:187] [basehttp:log_message] [INFO] "GET /static/css/bootstrap.min.css HTTP/1.1" 200 212514
2023-05-13 15:55:41,609 [django.server:187] [basehttp:log_message] [INFO] "GET /static/js/bootstrap.min.js HTTP/1.1" 200 62569
2023-05-13 15:55:41,610 [django.server:187] [basehttp:log_message] [INFO] "GET /static/images/users/OIP-C.png HTTP/1.1" 200 11976
2023-05-13 15:55:41,623 [django.server:187] [basehttp:log_message] [INFO] "GET /static/js/jquery.min.js HTTP/1.1" 200 137835
2023-05-13 15:56:44,411 [django.server:187] [basehttp:log_message] [INFO] "GET /login/ HTTP/1.1" 200 1351
2023-05-13 15:56:44,422 [django.server:187] [basehttp:log_message] [INFO] "GET /static/css/login.css HTTP/1.1" 200 2882
2023-05-13 15:56:44,437 [django.server:187] [basehttp:log_message] [INFO] "GET /static/images/users/OIP-C.png HTTP/1.1" 304 0
2023-05-13 15:58:08,810 [django.server:187] [basehttp:log_message] [INFO] "GET /login/ HTTP/1.1" 200 1351
2023-05-13 15:58:08,825 [django.server:187] [basehttp:log_message] [INFO] "GET /static/css/login.css HTTP/1.1" 200 2886
2023-05-13 15:58:30,341 [django.server:187] [basehttp:log_message] [INFO] "GET /login/ HTTP/1.1" 200 1351
2023-05-13 15:58:30,349 [django.server:187] [basehttp:log_message] [INFO] "GET /static/css/login.css HTTP/1.1" 304 0
2023-05-13 15:58:31,120 [django.server:187] [basehttp:log_message] [INFO] "GET /login/ HTTP/1.1" 200 1351
2023-05-13 16:00:26,732 [django.server:187] [basehttp:log_message] [INFO] "GET /login/ HTTP/1.1" 200 1351
2023-05-13 16:00:26,750 [django.server:187] [basehttp:log_message] [INFO] "GET /static/css/login.css HTTP/1.1" 200 2923
2023-05-13 16:06:03,604 [django.server:187] [basehttp:log_message] [ERROR] "GET /register/ HTTP/1.1" 500 83784
2023-05-13 16:08:16,020 [django.utils.autoreload:266] [autoreload:trigger_reload] [INFO] D:\项目\data_factory_platform\accredit\views.py changed, reloading.
2023-05-13 16:08:16,624 [django.utils.autoreload:677] [autoreload:run_with_reloader] [INFO] Watching for file changes with StatReloader
2023-05-13 16:08:17,416 [django.server:187] [basehttp:log_message] [INFO] "GET /login/ HTTP/1.1" 200 1351
2023-05-13 16:08:17,422 [django.server:187] [basehttp:log_message] [INFO] "GET /static/css/login.css HTTP/1.1" 304 0
2023-05-13 16:08:19,516 [django.server:187] [basehttp:log_message] [INFO] "GET /register/ HTTP/1.1" 200 1583
2023-05-13 16:08:19,548 [django.server:187] [basehttp:log_message] [WARNING] "GET /static/bootstrap/js/popper.js HTTP/1.1" 404 1825
2023-05-13 16:08:19,548 [django.server:187] [basehttp:log_message] [WARNING] "GET /static/base/js/jquery-3.6.3.js HTTP/1.1" 404 1828
2023-05-13 16:08:19,549 [django.server:187] [basehttp:log_message] [WARNING] "GET /static/bootstrap/js/bootstrap.min.js HTTP/1.1" 404 1846
2023-05-13 16:08:46,632 [django.server:187] [basehttp:log_message] [INFO] "GET /register/ HTTP/1.1" 200 1583
2023-05-13 16:08:46,656 [django.server:187] [basehttp:log_message] [WARNING] "GET /static/bootstrap/js/bootstrap.min.js HTTP/1.1" 404 1846
2023-05-13 16:08:46,659 [django.server:187] [basehttp:log_message] [WARNING] "GET /static/base/js/jquery-3.6.3.js HTTP/1.1" 404 1828
2023-05-13 16:08:46,660 [django.server:187] [basehttp:log_message] [WARNING] "GET /static/bootstrap/js/popper.js HTTP/1.1" 404 1825
2023-05-13 16:08:47,449 [django.server:187] [basehttp:log_message] [INFO] "GET /register/ HTTP/1.1" 200 1580
2023-05-13 16:08:47,468 [django.server:187] [basehttp:log_message] [WARNING] "GET /static/bootstrap/js/bootstrap.min.js HTTP/1.1" 404 1846
2023-05-13 16:08:47,477 [django.server:187] [basehttp:log_message] [WARNING] "GET /static/base/js/jquery-3.6.3.js HTTP/1.1" 404 1828
2023-05-13 16:08:47,479 [django.server:187] [basehttp:log_message] [WARNING] "GET /static/bootstrap/js/popper.js HTTP/1.1" 404 1825
2023-05-13 16:08:56,575 [django.server:187] [basehttp:log_message] [INFO] "GET /login/ HTTP/1.1" 200 1351
2023-05-13 16:09:27,235 [django.server:187] [basehttp:log_message] [INFO] "GET /login/ HTTP/1.1" 200 1351
2023-05-13 16:09:27,247 [django.server:187] [basehttp:log_message] [INFO] "GET /static/css/login.css HTTP/1.1" 304 0
2023-05-13 16:09:32,453 [django.server:187] [basehttp:log_message] [INFO] "GET /register/ HTTP/1.1" 200 1580
2023-05-13 16:09:32,473 [django.server:187] [basehttp:log_message] [WARNING] "GET /static/bootstrap/js/bootstrap.min.js HTTP/1.1" 404 1846
2023-05-13 16:09:32,481 [django.server:187] [basehttp:log_message] [WARNING] "GET /static/base/js/jquery-3.6.3.js HTTP/1.1" 404 1828
2023-05-13 16:09:32,482 [django.server:187] [basehttp:log_message] [WARNING] "GET /static/bootstrap/js/popper.js HTTP/1.1" 404 1825
2023-05-13 16:10:48,507 [django.server:187] [basehttp:log_message] [INFO] "GET /register/ HTTP/1.1" 200 1583
2023-05-13 16:10:48,519 [django.server:187] [basehttp:log_message] [INFO] "GET /static/css/login.css HTTP/1.1" 304 0
2023-05-13 16:10:48,538 [django.server:187] [basehttp:log_message] [WARNING] "GET /static/bootstrap/js/bootstrap.min.js HTTP/1.1" 404 1846
2023-05-13 16:10:48,539 [django.server:187] [basehttp:log_message] [WARNING] "GET /static/bootstrap/js/popper.js HTTP/1.1" 404 1825
2023-05-13 16:10:48,542 [django.server:187] [basehttp:log_message] [WARNING] "GET /static/base/js/jquery-3.6.3.js HTTP/1.1" 404 1828
2023-05-13 16:10:49,763 [django.server:187] [basehttp:log_message] [INFO] "GET /register/ HTTP/1.1" 200 1583
2023-05-13 16:10:49,776 [django.server:187] [basehttp:log_message] [WARNING] "GET /static/bootstrap/js/bootstrap.min.js HTTP/1.1" 404 1846
2023-05-13 16:10:49,781 [django.server:187] [basehttp:log_message] [WARNING] "GET /static/base/js/jquery-3.6.3.js HTTP/1.1" 404 1828
2023-05-13 16:10:49,782 [django.server:187] [basehttp:log_message] [WARNING] "GET /static/bootstrap/js/popper.js HTTP/1.1" 404 1825
2023-05-13 16:10:51,558 [django.server:187] [basehttp:log_message] [WARNING] "GET /register/login.html HTTP/1.1" 404 2578
2023-05-13 16:11:01,347 [django.server:187] [basehttp:log_message] [INFO] "GET /register/ HTTP/1.1" 200 1584
2023-05-13 16:11:01,367 [django.server:187] [basehttp:log_message] [WARNING] "GET /static/bootstrap/js/bootstrap.min.js HTTP/1.1" 404 1846
2023-05-13 16:11:01,367 [django.server:187] [basehttp:log_message] [WARNING] "GET /static/base/js/jquery-3.6.3.js HTTP/1.1" 404 1828
2023-05-13 16:11:01,370 [django.server:187] [basehttp:log_message] [WARNING] "GET /static/bootstrap/js/popper.js HTTP/1.1" 404 1825
2023-05-13 16:11:09,430 [django.server:187] [basehttp:log_message] [INFO] "GET /register/ HTTP/1.1" 200 1583
2023-05-13 16:11:09,452 [django.server:187] [basehttp:log_message] [WARNING] "GET /static/bootstrap/js/bootstrap.min.js HTTP/1.1" 404 1846
2023-05-13 16:11:09,453 [django.server:187] [basehttp:log_message] [WARNING] "GET /static/bootstrap/js/popper.js HTTP/1.1" 404 1825
2023-05-13 16:11:09,453 [django.server:187] [basehttp:log_message] [WARNING] "GET /static/base/js/jquery-3.6.3.js HTTP/1.1" 404 1828
2023-05-13 16:11:13,368 [django.server:187] [basehttp:log_message] [WARNING] "GET /register/login.html HTTP/1.1" 404 2578
2023-05-13 16:11:44,726 [django.server:187] [basehttp:log_message] [INFO] "GET /register/ HTTP/1.1" 200 1580
2023-05-13 16:11:44,744 [django.server:187] [basehttp:log_message] [WARNING] "GET /static/bootstrap/js/bootstrap.min.js HTTP/1.1" 404 1846
2023-05-13 16:11:44,750 [django.server:187] [basehttp:log_message] [WARNING] "GET /static/base/js/jquery-3.6.3.js HTTP/1.1" 404 1828
2023-05-13 16:11:44,751 [django.server:187] [basehttp:log_message] [WARNING] "GET /static/bootstrap/js/popper.js HTTP/1.1" 404 1825
2023-05-13 16:11:45,374 [django.server:187] [basehttp:log_message] [INFO] "GET /register/ HTTP/1.1" 200 1580
2023-05-13 16:11:45,393 [django.server:187] [basehttp:log_message] [WARNING] "GET /static/bootstrap/js/bootstrap.min.js HTTP/1.1" 404 1846
2023-05-13 16:11:45,394 [django.server:187] [basehttp:log_message] [WARNING] "GET /static/bootstrap/js/popper.js HTTP/1.1" 404 1825
2023-05-13 16:11:45,394 [django.server:187] [basehttp:log_message] [WARNING] "GET /static/base/js/jquery-3.6.3.js HTTP/1.1" 404 1828
2023-05-13 16:11:46,834 [django.server:187] [basehttp:log_message] [INFO] "GET /login/ HTTP/1.1" 200 1351
2023-05-13 16:11:49,116 [django.server:187] [basehttp:log_message] [INFO] "GET /register/ HTTP/1.1" 200 1580
2023-05-13 16:11:49,136 [django.server:187] [basehttp:log_message] [WARNING] "GET /static/bootstrap/js/bootstrap.min.js HTTP/1.1" 404 1846
2023-05-13 16:11:49,145 [django.server:187] [basehttp:log_message] [WARNING] "GET /static/base/js/jquery-3.6.3.js HTTP/1.1" 404 1828
2023-05-13 16:11:49,146 [django.server:187] [basehttp:log_message] [WARNING] "GET /static/bootstrap/js/popper.js HTTP/1.1" 404 1825
2023-05-13 16:11:50,630 [django.server:187] [basehttp:log_message] [INFO] "GET /login/ HTTP/1.1" 200 1351
2023-05-13 16:11:50,640 [django.server:187] [basehttp:log_message] [INFO] "GET /static/css/login.css HTTP/1.1" 304 0
2023-05-13 16:11:51,820 [django.server:187] [basehttp:log_message] [INFO] "GET /register/ HTTP/1.1" 200 1580
2023-05-13 16:11:51,839 [django.server:187] [basehttp:log_message] [WARNING] "GET /static/bootstrap/js/bootstrap.min.js HTTP/1.1" 404 1846
2023-05-13 16:11:51,847 [django.server:187] [basehttp:log_message] [WARNING] "GET /static/base/js/jquery-3.6.3.js HTTP/1.1" 404 1828
2023-05-13 16:11:51,848 [django.server:187] [basehttp:log_message] [WARNING] "GET /static/bootstrap/js/popper.js HTTP/1.1" 404 1825
2023-05-13 16:11:52,817 [django.server:187] [basehttp:log_message] [INFO] "GET /login/ HTTP/1.1" 200 1351
2023-05-13 16:11:53,841 [django.server:187] [basehttp:log_message] [INFO] "GET /register/ HTTP/1.1" 200 1580
2023-05-13 16:11:53,864 [django.server:187] [basehttp:log_message] [WARNING] "GET /static/bootstrap/js/bootstrap.min.js HTTP/1.1" 404 1846
2023-05-13 16:11:53,869 [django.server:187] [basehttp:log_message] [WARNING] "GET /static/base/js/jquery-3.6.3.js HTTP/1.1" 404 1828
2023-05-13 16:11:53,871 [django.server:187] [basehttp:log_message] [WARNING] "GET /static/bootstrap/js/popper.js HTTP/1.1" 404 1825
2023-05-13 16:11:54,795 [django.server:187] [basehttp:log_message] [INFO] "GET /login/ HTTP/1.1" 200 1351
2023-05-13 16:11:56,178 [django.server:187] [basehttp:log_message] [INFO] "GET /register/ HTTP/1.1" 200 1580
2023-05-13 16:11:56,198 [django.server:187] [basehttp:log_message] [WARNING] "GET /static/bootstrap/js/bootstrap.min.js HTTP/1.1" 404 1846
2023-05-13 16:11:56,208 [django.server:187] [basehttp:log_message] [WARNING] "GET /static/bootstrap/js/popper.js HTTP/1.1" 404 1825
2023-05-13 16:11:56,210 [django.server:187] [basehttp:log_message] [WARNING] "GET /static/base/js/jquery-3.6.3.js HTTP/1.1" 404 1828
2023-05-13 16:11:57,463 [django.server:187] [basehttp:log_message] [INFO] "GET /login/ HTTP/1.1" 200 1351
2023-05-13 16:14:55,518 [django.utils.autoreload:266] [autoreload:trigger_reload] [INFO] D:\项目\data_factory_platform\accredit\models.py changed, reloading.
2023-05-13 16:14:56,443 [django.utils.autoreload:677] [autoreload:run_with_reloader] [INFO] Watching for file changes with StatReloader
2023-05-13 16:20:08,348 [django.utils.autoreload:677] [autoreload:run_with_reloader] [INFO] Watching for file changes with StatReloader
2023-05-13 16:20:44,879 [django.utils.autoreload:677] [autoreload:run_with_reloader] [INFO] Watching for file changes with StatReloader
