2023-04-29 13:08:17,179 [django.utils.autoreload:677] [autoreload:run_with_reloader] [INFO] Watching for file changes with StatReloader
2023-04-29 13:08:46,355 [django.server:187] [basehttp:log_message] [INFO] "GET /factory/index/ HTTP/1.1" 200 13164
2023-04-29 13:08:46,445 [django.server:187] [basehttp:log_message] [INFO] "GET /static/plugins/fullcalendar/css/fullcalendar.min.css HTTP/1.1" 200 13709
2023-04-29 13:08:46,448 [django.server:187] [basehttp:log_message] [INFO] "GET /static/css/bootstrap.min.css HTTP/1.1" 200 203848
2023-04-29 13:08:46,448 [django.server:187] [basehttp:log_message] [INFO] "GET /static/css/icons.css HTTP/1.1" 200 253084
2023-04-29 13:08:46,451 [django.server:187] [basehttp:log_message] [INFO] "GET /static/css/style.css HTTP/1.1" 200 83156
2023-04-29 13:08:46,465 [django.server:187] [basehttp:log_message] [INFO] "GET /static/js/jquery.min.js HTTP/1.1" 200 135233
2023-04-29 13:08:46,536 [django.server:187] [basehttp:log_message] [INFO] "GET /static/js/bootstrap.bundle.js HTTP/1.1" 200 228435
2023-04-29 13:08:46,540 [django.server:187] [basehttp:log_message] [INFO] "GET /static/js/jquery.nicescroll.js HTTP/1.1" 200 119939
2023-04-29 13:08:46,542 [django.server:187] [basehttp:log_message] [INFO] "GET /static/js/jquery.scrollTo.min.js HTTP/1.1" 200 2447
2023-04-29 13:08:46,544 [django.server:187] [basehttp:log_message] [INFO] "GET /static/js/modernizr.min.js HTTP/1.1" 200 11084
2023-04-29 13:08:46,549 [django.server:187] [basehttp:log_message] [INFO] "GET /static/js/jquery.slimscroll.js HTTP/1.1" 200 13832
2023-04-29 13:08:46,554 [django.server:187] [basehttp:log_message] [INFO] "GET /static/js/waves.js HTTP/1.1" 200 69263
2023-04-29 13:08:46,698 [django.server:187] [basehttp:log_message] [INFO] "GET /static/plugins/jquery-ui/jquery-ui.min.js HTTP/1.1" 200 253668
2023-04-29 13:08:46,708 [django.server:187] [basehttp:log_message] [INFO] "GET /static/plugins/moment/moment.js HTTP/1.1" 200 150941
2023-04-29 13:08:46,715 [django.server:187] [basehttp:log_message] [INFO] "GET /static/plugins/fullcalendar/js/fullcalendar.min.js HTTP/1.1" 200 118884
2023-04-29 13:08:46,844 [django.server:187] [basehttp:log_message] [INFO] "GET /static/pages/calendar-init.js HTTP/1.1" 200 5502
2023-04-29 13:08:46,871 [django.server:187] [basehttp:log_message] [INFO] "GET /static/js/app.js HTTP/1.1" 200 6452
2023-04-29 13:08:47,013 [django.server:187] [basehttp:log_message] [INFO] "GET /static/fonts/materialdesignicons-webfont.woff2?v=1.6.50 HTTP/1.1" 200 90140
2023-04-29 13:08:47,028 [django.server:187] [basehttp:log_message] [WARNING] "GET /factory/static/images/logo-sm.png HTTP/1.1" 404 4078
2023-04-29 13:08:47,037 [django.server:187] [basehttp:log_message] [INFO] "GET /static/fonts/ionicons.ttf?v=1.5.0 HTTP/1.1" 200 164548
2023-04-29 13:08:47,273 [django.server:187] [basehttp:log_message] [INFO] "GET /static/fonts/dripicons-v2.woff HTTP/1.1" 200 26004
2023-04-29 13:08:47,308 [django.server:187] [basehttp:log_message] [WARNING] "GET /factory/static/images/users/avatar-1.jpg HTTP/1.1" 404 4099
2023-04-29 13:08:47,686 [django.server:187] [basehttp:log_message] [WARNING] "GET /factory/static/images/favicon.ico HTTP/1.1" 404 4078
2023-04-29 13:08:49,958 [django.server:187] [basehttp:log_message] [INFO] "GET /factory/data_sync/ HTTP/1.1" 200 29377
2023-04-29 13:08:49,989 [django.server:187] [basehttp:log_message] [WARNING] "GET /factory/static/images/logo-sm.png HTTP/1.1" 404 4078
2023-04-29 13:08:49,990 [django.server:187] [basehttp:log_message] [WARNING] "GET /factory/static/images/users/avatar-1.jpg HTTP/1.1" 404 4099
2023-04-29 13:08:50,777 [django.server:187] [basehttp:log_message] [INFO] "GET /factory/sync/query_instance/?instance=null&database=null HTTP/1.1" 200 1532
2023-04-29 13:08:54,087 [django.server:187] [basehttp:log_message] [INFO] "GET /factory/sync/query_db/?instance=nei-mysql-2.43&database=null HTTP/1.1" 200 1436
2023-04-29 13:08:56,294 [django.server:187] [basehttp:log_message] [INFO] "GET /factory/sync/query_tb/?instance=nei-mysql-2.43&database=mabang HTTP/1.1" 200 4723
2023-04-29 13:08:58,965 [django.server:187] [basehttp:log_message] [INFO] "GET /factory/sync/query_db/?instance=public-mabang&database=null HTTP/1.1" 200 212
2023-04-29 13:09:00,890 [django.server:187] [basehttp:log_message] [INFO] "GET /factory/sync/query_tb/?instance=public-mabang&database=mabang HTTP/1.1" 200 4203
2023-04-29 13:09:42,739 [django.server:187] [basehttp:log_message] [INFO] "POST /factory/query/ HTTP/1.1" 200 96318
2023-04-29 13:09:42,926 [django.server:187] [basehttp:log_message] [INFO] "GET /static/fonts/fontawesome-webfont.woff2?v=4.7.0 HTTP/1.1" 200 77160
2023-04-29 18:34:19,987 [django.server:187] [basehttp:log_message] [INFO] "GET /factory/data_sync/ HTTP/1.1" 200 27284
2023-04-29 18:34:20,016 [django.server:187] [basehttp:log_message] [WARNING] "GET /factory/static/images/logo-sm.png HTTP/1.1" 404 4078
2023-04-29 18:34:20,030 [django.server:187] [basehttp:log_message] [INFO] "GET /static/js/bootstrap.bundle.js HTTP/1.1" 304 0
2023-04-29 18:34:20,032 [django.server:187] [basehttp:log_message] [WARNING] "GET /factory/static/images/users/avatar-1.jpg HTTP/1.1" 404 4099
2023-04-29 18:34:20,466 [django.server:187] [basehttp:log_message] [ERROR] "GET /factory/sync/query_instance/?instance=null&database=null HTTP/1.1" 500 114923
2023-04-29 18:36:15,977 [django.server:187] [basehttp:log_message] [INFO] "GET /factory/data_sync/ HTTP/1.1" 200 27288
2023-04-29 18:36:16,008 [django.server:187] [basehttp:log_message] [WARNING] "GET /factory/static/images/logo-sm.png HTTP/1.1" 404 4078
2023-04-29 18:36:16,009 [django.server:187] [basehttp:log_message] [WARNING] "GET /factory/static/images/users/avatar-1.jpg HTTP/1.1" 404 4099
2023-04-29 18:36:16,369 [django.server:187] [basehttp:log_message] [ERROR] "GET /factory/sync/query_instance/?instance=null&database=null HTTP/1.1" 500 114923
2023-04-29 18:36:42,464 [django.server:187] [basehttp:log_message] [INFO] "GET /static/js/bootstrap.bundle.js.map HTTP/1.1" 200 410255
2023-04-29 18:36:42,503 [django.server:187] [basehttp:log_message] [INFO] "GET /static/css/style.css.map HTTP/1.1" 200 91053
2023-04-29 18:36:42,505 [django.server:187] [basehttp:log_message] [INFO] "GET /static/css/icons.css.map HTTP/1.1" 200 301689
2023-04-29 18:36:42,506 [django.server:187] [basehttp:log_message] [INFO] "GET /static/css/bootstrap.min.css.map HTTP/1.1" 200 646357
2023-04-29 18:38:47,049 [django.server:187] [basehttp:log_message] [INFO] "GET /factory/data_sync/ HTTP/1.1" 200 27289
2023-04-29 18:38:47,078 [django.server:187] [basehttp:log_message] [WARNING] "GET /factory/static/images/logo-sm.png HTTP/1.1" 404 4078
2023-04-29 18:38:47,079 [django.server:187] [basehttp:log_message] [WARNING] "GET /factory/static/images/users/avatar-1.jpg HTTP/1.1" 404 4099
2023-04-29 18:38:47,808 [django.server:187] [basehttp:log_message] [ERROR] "GET /factory/sync/query_instance/?instance=null&database=null HTTP/1.1" 500 114923
2023-04-29 18:38:49,618 [django.server:187] [basehttp:log_message] [ERROR] "POST /factory/query/ HTTP/1.1" 500 120623
2023-04-29 18:39:59,063 [django.server:187] [basehttp:log_message] [INFO] "GET /factory/data_sync/ HTTP/1.1" 200 27290
2023-04-29 18:39:59,109 [django.server:187] [basehttp:log_message] [WARNING] "GET /factory/static/images/users/avatar-1.jpg HTTP/1.1" 404 4099
2023-04-29 18:39:59,110 [django.server:187] [basehttp:log_message] [WARNING] "GET /factory/static/images/logo-sm.png HTTP/1.1" 404 4078
2023-04-29 18:39:59,611 [django.server:187] [basehttp:log_message] [ERROR] "GET /factory/sync/query_instance/?instance=null&database=null HTTP/1.1" 500 114923
2023-04-29 18:40:01,676 [django.server:187] [basehttp:log_message] [ERROR] "POST /factory/query/ HTTP/1.1" 500 120628
2023-04-29 18:40:14,703 [django.server:187] [basehttp:log_message] [ERROR] "GET /factory/sync/query_instance/?instance=null&database=null HTTP/1.1" 500 115020
2023-04-29 18:40:14,857 [django.server:187] [basehttp:log_message] [WARNING] "GET /favicon.ico HTTP/1.1" 404 2233
2023-04-29 18:41:26,618 [django.server:187] [basehttp:log_message] [INFO] "GET /factory/data_sync/ HTTP/1.1" 200 27290
2023-04-29 18:41:26,640 [django.server:187] [basehttp:log_message] [INFO] "GET /static/plugins/fullcalendar/css/fullcalendar.min.css HTTP/1.1" 200 13709
2023-04-29 18:41:26,644 [django.server:187] [basehttp:log_message] [INFO] "GET /static/css/bootstrap.min.css HTTP/1.1" 200 203848
2023-04-29 18:41:26,645 [django.server:187] [basehttp:log_message] [INFO] "GET /static/css/icons.css HTTP/1.1" 200 253084
2023-04-29 18:41:26,646 [django.server:187] [basehttp:log_message] [INFO] "GET /static/css/style.css HTTP/1.1" 200 83156
2023-04-29 18:41:26,663 [django.server:187] [basehttp:log_message] [INFO] "GET /static/js/jquery.scrollTo.min.js HTTP/1.1" 200 2447
2023-04-29 18:41:26,665 [django.server:187] [basehttp:log_message] [INFO] "GET /static/js/jquery.nicescroll.js HTTP/1.1" 200 119939
2023-04-29 18:41:26,666 [django.server:187] [basehttp:log_message] [INFO] "GET /static/js/jquery.min.js HTTP/1.1" 200 135233
2023-04-29 18:41:26,670 [django.server:187] [basehttp:log_message] [INFO] "GET /static/js/waves.js HTTP/1.1" 200 69263
2023-04-29 18:41:26,671 [django.server:187] [basehttp:log_message] [INFO] "GET /static/js/bootstrap.bundle.js HTTP/1.1" 200 228435
2023-04-29 18:41:26,682 [django.server:187] [basehttp:log_message] [INFO] "GET /static/plugins/moment/moment.js HTTP/1.1" 200 150941
2023-04-29 18:41:26,686 [django.server:187] [basehttp:log_message] [INFO] "GET /static/pages/calendar-init.js HTTP/1.1" 200 5502
2023-04-29 18:41:26,687 [django.server:187] [basehttp:log_message] [INFO] "GET /static/plugins/jquery-ui/jquery-ui.min.js HTTP/1.1" 200 253668
2023-04-29 18:41:26,687 [django.server:187] [basehttp:log_message] [INFO] "GET /static/js/modernizr.min.js HTTP/1.1" 200 11084
2023-04-29 18:41:26,688 [django.server:187] [basehttp:log_message] [INFO] "GET /static/plugins/fullcalendar/js/fullcalendar.min.js HTTP/1.1" 200 118884
2023-04-29 18:41:26,693 [django.server:187] [basehttp:log_message] [INFO] "GET /static/js/jquery.slimscroll.js HTTP/1.1" 200 13832
2023-04-29 18:41:26,712 [django.server:187] [basehttp:log_message] [INFO] "GET /static/js/app.js HTTP/1.1" 200 6452
2023-04-29 18:41:26,715 [django.server:187] [basehttp:log_message] [WARNING] "GET /factory/static/images/users/avatar-1.jpg HTTP/1.1" 404 4099
2023-04-29 18:41:26,715 [django.server:187] [basehttp:log_message] [WARNING] "GET /factory/static/images/logo-sm.png HTTP/1.1" 404 4078
2023-04-29 18:41:27,027 [django.server:187] [basehttp:log_message] [INFO] "GET /static/fonts/dripicons-v2.woff HTTP/1.1" 200 26004
2023-04-29 18:41:27,027 [django.server:187] [basehttp:log_message] [INFO] "GET /static/fonts/materialdesignicons-webfont.woff2?v=1.6.50 HTTP/1.1" 200 90140
2023-04-29 18:41:27,028 [django.server:187] [basehttp:log_message] [INFO] "GET /static/fonts/ionicons.ttf?v=1.5.0 HTTP/1.1" 200 164548
2023-04-29 18:41:27,064 [django.server:187] [basehttp:log_message] [INFO] "GET /static/css/style.css.map HTTP/1.1" 200 91053
2023-04-29 18:41:27,067 [django.server:187] [basehttp:log_message] [INFO] "GET /static/css/icons.css.map HTTP/1.1" 200 301689
2023-04-29 18:41:27,072 [django.server:187] [basehttp:log_message] [INFO] "GET /static/css/bootstrap.min.css.map HTTP/1.1" 200 646357
2023-04-29 18:41:27,147 [django.server:187] [basehttp:log_message] [INFO] "GET /static/js/bootstrap.bundle.js.map HTTP/1.1" 200 410255
2023-04-29 18:41:27,554 [django.server:187] [basehttp:log_message] [ERROR] "GET /factory/sync/query_instance/?instance=null&database=null HTTP/1.1" 500 115188
2023-04-29 18:41:27,611 [django.server:187] [basehttp:log_message] [WARNING] "GET /factory/static/images/favicon.ico HTTP/1.1" 404 4078
2023-04-29 18:41:34,769 [django.server:187] [basehttp:log_message] [ERROR] "POST /factory/query/ HTTP/1.1" 500 120628
2023-04-29 18:47:13,878 [django.utils.autoreload:266] [autoreload:trigger_reload] [INFO] D:\项目\data_factory_platform\data_sync\views.py changed, reloading.
2023-04-29 18:47:15,344 [django.utils.autoreload:677] [autoreload:run_with_reloader] [INFO] Watching for file changes with StatReloader
2023-04-29 18:47:21,914 [django.server:187] [basehttp:log_message] [ERROR] "POST /factory/query/ HTTP/1.1" 500 120628
2023-04-29 18:48:08,701 [django.utils.autoreload:266] [autoreload:trigger_reload] [INFO] D:\项目\data_factory_platform\data_sync\business\online_data_sync.py changed, reloading.
2023-04-29 18:48:09,426 [django.utils.autoreload:677] [autoreload:run_with_reloader] [INFO] Watching for file changes with StatReloader
2023-04-29 18:48:16,154 [django.server:187] [basehttp:log_message] [ERROR] "POST /factory/query/ HTTP/1.1" 500 120571
2023-04-29 18:48:51,860 [django.server:187] [basehttp:log_message] [INFO] "POST /factory/query/ HTTP/1.1" 200 50457
2023-04-29 18:48:51,930 [django.server:187] [basehttp:log_message] [INFO] "GET /static/fonts/fontawesome-webfont.woff2?v=4.7.0 HTTP/1.1" 200 77160
2023-04-29 19:39:23,430 [django.server:187] [basehttp:log_message] [INFO] "GET /factory/data_sync/ HTTP/1.1" 200 27293
2023-04-29 19:39:23,473 [django.server:187] [basehttp:log_message] [WARNING] "GET /factory/static/images/logo-sm.png HTTP/1.1" 404 4078
2023-04-29 19:39:23,475 [django.server:187] [basehttp:log_message] [WARNING] "GET /factory/static/images/users/avatar-1.jpg HTTP/1.1" 404 4099
2023-04-29 19:39:23,862 [django.server:187] [basehttp:log_message] [INFO] "GET /factory/sync/query_instance/?instance=null&database=null HTTP/1.1" 200 1532
2023-04-29 19:39:23,913 [django.server:187] [basehttp:log_message] [INFO] "GET /factory/data_sync/ HTTP/1.1" 200 27293
2023-04-29 19:39:23,941 [django.server:187] [basehttp:log_message] [WARNING] "GET /factory/static/images/users/avatar-1.jpg HTTP/1.1" 404 4099
2023-04-29 19:39:23,941 [django.server:187] [basehttp:log_message] [WARNING] "GET /factory/static/images/logo-sm.png HTTP/1.1" 404 4078
2023-04-29 19:39:24,253 [django.server:187] [basehttp:log_message] [INFO] "GET /factory/sync/query_instance/?instance=null&database=null HTTP/1.1" 200 1532
2023-04-29 19:39:27,256 [django.server:187] [basehttp:log_message] [INFO] "POST /factory/query/ HTTP/1.1" 200 50456
2023-04-29 19:40:45,151 [django.server:187] [basehttp:log_message] [INFO] "GET /factory/data_sync/ HTTP/1.1" 200 27295
2023-04-29 19:40:45,178 [django.server:187] [basehttp:log_message] [INFO] "GET /static/plugins/fullcalendar/css/fullcalendar.min.css HTTP/1.1" 200 13709
2023-04-29 19:40:45,181 [django.server:187] [basehttp:log_message] [INFO] "GET /static/css/bootstrap.min.css HTTP/1.1" 200 203848
2023-04-29 19:40:45,182 [django.server:187] [basehttp:log_message] [INFO] "GET /static/css/style.css HTTP/1.1" 200 83156
2023-04-29 19:40:45,183 [django.server:187] [basehttp:log_message] [INFO] "GET /static/css/icons.css HTTP/1.1" 200 253084
2023-04-29 19:40:45,203 [django.server:187] [basehttp:log_message] [INFO] "GET /static/js/jquery.min.js HTTP/1.1" 200 135233
2023-04-29 19:40:45,205 [django.server:187] [basehttp:log_message] [INFO] "GET /static/js/jquery.scrollTo.min.js HTTP/1.1" 200 2447
2023-04-29 19:40:45,207 [django.server:187] [basehttp:log_message] [INFO] "GET /static/js/jquery.slimscroll.js HTTP/1.1" 200 13832
2023-04-29 19:40:45,213 [django.server:187] [basehttp:log_message] [INFO] "GET /static/js/jquery.nicescroll.js HTTP/1.1" 200 119939
2023-04-29 19:40:45,216 [django.server:187] [basehttp:log_message] [INFO] "GET /static/js/waves.js HTTP/1.1" 200 69263
2023-04-29 19:40:45,216 [django.server:187] [basehttp:log_message] [INFO] "GET /static/js/modernizr.min.js HTTP/1.1" 200 11084
2023-04-29 19:40:45,219 [django.server:187] [basehttp:log_message] [INFO] "GET /static/js/bootstrap.bundle.js HTTP/1.1" 200 228435
2023-04-29 19:40:45,221 [django.server:187] [basehttp:log_message] [INFO] "GET /static/pages/calendar-init.js HTTP/1.1" 200 5502
2023-04-29 19:40:45,224 [django.server:187] [basehttp:log_message] [INFO] "GET /static/plugins/jquery-ui/jquery-ui.min.js HTTP/1.1" 200 253668
2023-04-29 19:40:45,225 [django.server:187] [basehttp:log_message] [INFO] "GET /static/plugins/fullcalendar/js/fullcalendar.min.js HTTP/1.1" 200 118884
2023-04-29 19:40:45,226 [django.server:187] [basehttp:log_message] [INFO] "GET /static/js/app.js HTTP/1.1" 200 6452
2023-04-29 19:40:45,226 [django.server:187] [basehttp:log_message] [INFO] "GET /static/plugins/moment/moment.js HTTP/1.1" 200 150941
2023-04-29 19:40:45,244 [django.server:187] [basehttp:log_message] [WARNING] "GET /factory/static/images/logo-sm.png HTTP/1.1" 404 4078
2023-04-29 19:40:45,245 [django.server:187] [basehttp:log_message] [WARNING] "GET /factory/static/images/users/avatar-1.jpg HTTP/1.1" 404 4099
2023-04-29 19:40:46,175 [django.server:187] [basehttp:log_message] [INFO] "GET /static/fonts/dripicons-v2.woff HTTP/1.1" 200 26004
2023-04-29 19:40:46,175 [django.server:187] [basehttp:log_message] [INFO] "GET /static/fonts/materialdesignicons-webfont.woff2?v=1.6.50 HTTP/1.1" 200 90140
2023-04-29 19:40:46,176 [django.server:187] [basehttp:log_message] [INFO] "GET /static/fonts/ionicons.ttf?v=1.5.0 HTTP/1.1" 200 164548
2023-04-29 19:40:46,211 [django.server:187] [basehttp:log_message] [INFO] "GET /static/css/style.css.map HTTP/1.1" 200 91053
2023-04-29 19:40:46,212 [django.server:187] [basehttp:log_message] [INFO] "GET /static/css/icons.css.map HTTP/1.1" 200 301689
2023-04-29 19:40:46,214 [django.server:187] [basehttp:log_message] [INFO] "GET /static/css/bootstrap.min.css.map HTTP/1.1" 200 646357
2023-04-29 19:40:46,492 [django.server:187] [basehttp:log_message] [INFO] "GET /static/js/bootstrap.bundle.js.map HTTP/1.1" 200 410255
2023-04-29 19:40:47,328 [django.server:187] [basehttp:log_message] [INFO] "GET /factory/sync/query_instance/?instance=null&database=null HTTP/1.1" 200 1532
2023-04-29 19:40:47,392 [django.server:187] [basehttp:log_message] [WARNING] "GET /factory/static/images/favicon.ico HTTP/1.1" 404 4078
2023-04-29 19:40:55,329 [django.server:187] [basehttp:log_message] [INFO] "POST /factory/query/ HTTP/1.1" 200 50455
2023-04-29 19:40:55,373 [django.server:187] [basehttp:log_message] [INFO] "GET /static/fonts/fontawesome-webfont.woff2?v=4.7.0 HTTP/1.1" 200 77160
2023-04-29 19:44:04,021 [django.utils.autoreload:266] [autoreload:trigger_reload] [INFO] D:\项目\data_factory_platform\data_sync\business\online_data_sync.py changed, reloading.
2023-04-29 19:44:05,306 [django.utils.autoreload:677] [autoreload:run_with_reloader] [INFO] Watching for file changes with StatReloader
2023-04-29 19:50:06,689 [django.utils.autoreload:266] [autoreload:trigger_reload] [INFO] D:\项目\data_factory_platform\data_sync\business\online_data_sync.py changed, reloading.
2023-04-29 19:50:07,783 [django.utils.autoreload:677] [autoreload:run_with_reloader] [INFO] Watching for file changes with StatReloader
2023-04-29 19:50:27,433 [django.utils.autoreload:266] [autoreload:trigger_reload] [INFO] D:\项目\data_factory_platform\data_sync\business\online_data_sync.py changed, reloading.
2023-04-29 19:50:28,198 [django.utils.autoreload:677] [autoreload:run_with_reloader] [INFO] Watching for file changes with StatReloader
2023-04-29 19:51:10,206 [django.utils.autoreload:266] [autoreload:trigger_reload] [INFO] D:\项目\data_factory_platform\data_sync\business\online_data_sync.py changed, reloading.
2023-04-29 19:51:10,853 [django.utils.autoreload:677] [autoreload:run_with_reloader] [INFO] Watching for file changes with StatReloader
2023-04-29 19:51:38,079 [django.utils.autoreload:266] [autoreload:trigger_reload] [INFO] D:\项目\data_factory_platform\data_sync\business\online_data_sync.py changed, reloading.
2023-04-29 19:51:38,902 [django.utils.autoreload:677] [autoreload:run_with_reloader] [INFO] Watching for file changes with StatReloader
2023-04-29 19:52:33,965 [django.utils.autoreload:266] [autoreload:trigger_reload] [INFO] D:\项目\data_factory_platform\data_sync\business\online_data_sync.py changed, reloading.
2023-04-29 19:52:34,913 [django.utils.autoreload:677] [autoreload:run_with_reloader] [INFO] Watching for file changes with StatReloader
2023-04-29 19:54:09,603 [django.utils.autoreload:266] [autoreload:trigger_reload] [INFO] D:\项目\data_factory_platform\data_sync\business\online_data_sync.py changed, reloading.
2023-04-29 19:54:10,247 [django.utils.autoreload:677] [autoreload:run_with_reloader] [INFO] Watching for file changes with StatReloader
2023-04-29 19:55:07,594 [django.server:187] [basehttp:log_message] [INFO] "POST /factory/query/ HTTP/1.1" 200 50469
2023-04-29 19:55:27,991 [django.server:187] [basehttp:log_message] [INFO] "GET /factory/data_sync/ HTTP/1.1" 200 27295
2023-04-29 19:55:28,059 [django.server:187] [basehttp:log_message] [WARNING] "GET /factory/static/images/logo-sm.png HTTP/1.1" 404 4078
2023-04-29 19:55:28,059 [django.server:187] [basehttp:log_message] [WARNING] "GET /factory/static/images/users/avatar-1.jpg HTTP/1.1" 404 4099
2023-04-29 19:55:28,841 [django.server:187] [basehttp:log_message] [INFO] "GET /factory/sync/query_instance/?instance=null&database=null HTTP/1.1" 200 1532
2023-04-29 19:55:31,420 [django.server:187] [basehttp:log_message] [INFO] "POST /factory/query/ HTTP/1.1" 200 50470
2023-04-29 20:15:23,421 [django.server:187] [basehttp:log_message] [INFO] "GET /factory/data_sync/ HTTP/1.1" 200 28208
2023-04-29 20:15:23,475 [django.server:187] [basehttp:log_message] [WARNING] "GET /factory/static/images/users/avatar-1.jpg HTTP/1.1" 404 4099
2023-04-29 20:15:23,476 [django.server:187] [basehttp:log_message] [WARNING] "GET /factory/static/images/logo-sm.png HTTP/1.1" 404 4078
2023-04-29 20:15:23,949 [django.server:187] [basehttp:log_message] [INFO] "GET /factory/sync/query_instance/?instance=null&database=null HTTP/1.1" 200 1532
2023-04-29 20:16:10,449 [django.server:187] [basehttp:log_message] [INFO] "GET /factory/data_sync/ HTTP/1.1" 200 28154
2023-04-29 20:16:10,506 [django.server:187] [basehttp:log_message] [WARNING] "GET /factory/static/images/logo-sm.png HTTP/1.1" 404 4078
2023-04-29 20:16:10,509 [django.server:187] [basehttp:log_message] [WARNING] "GET /factory/static/images/users/avatar-1.jpg HTTP/1.1" 404 4099
2023-04-29 20:16:11,283 [django.server:187] [basehttp:log_message] [INFO] "GET /factory/sync/query_instance/?instance=null&database=null HTTP/1.1" 200 1532
2023-04-29 20:20:02,314 [django.server:187] [basehttp:log_message] [INFO] "GET /factory/data_sync/ HTTP/1.1" 200 27951
2023-04-29 20:20:02,362 [django.server:187] [basehttp:log_message] [WARNING] "GET /factory/static/images/logo-sm.png HTTP/1.1" 404 4078
2023-04-29 20:20:02,363 [django.server:187] [basehttp:log_message] [WARNING] "GET /factory/static/images/users/avatar-1.jpg HTTP/1.1" 404 4099
2023-04-29 20:20:02,772 [django.server:187] [basehttp:log_message] [INFO] "GET /factory/sync/query_instance/?instance=null&database=null HTTP/1.1" 200 1532
2023-04-29 20:22:35,701 [django.server:187] [basehttp:log_message] [INFO] "GET /factory/data_sync/ HTTP/1.1" 200 27296
2023-04-29 20:22:35,751 [django.server:187] [basehttp:log_message] [WARNING] "GET /factory/static/images/users/avatar-1.jpg HTTP/1.1" 404 4099
2023-04-29 20:22:35,752 [django.server:187] [basehttp:log_message] [WARNING] "GET /factory/static/images/logo-sm.png HTTP/1.1" 404 4078
2023-04-29 20:22:36,404 [django.server:187] [basehttp:log_message] [INFO] "GET /factory/sync/query_instance/?instance=null&database=null HTTP/1.1" 200 1532
2023-04-29 20:22:41,839 [django.server:187] [basehttp:log_message] [INFO] "POST /factory/query/ HTTP/1.1" 200 50470
2023-04-29 20:26:53,250 [django.server:187] [basehttp:log_message] [INFO] "GET /factory/data_sync/ HTTP/1.1" 200 27290
2023-04-29 20:26:53,298 [django.server:187] [basehttp:log_message] [WARNING] "GET /factory/static/images/users/avatar-1.jpg HTTP/1.1" 404 4099
2023-04-29 20:26:53,299 [django.server:187] [basehttp:log_message] [WARNING] "GET /factory/static/images/logo-sm.png HTTP/1.1" 404 4078
2023-04-29 20:26:53,729 [django.server:187] [basehttp:log_message] [INFO] "GET /factory/sync/query_instance/?instance=null&database=null HTTP/1.1" 200 1532
2023-04-29 20:26:57,066 [django.server:187] [basehttp:log_message] [INFO] "POST /factory/query/ HTTP/1.1" 200 50470
2023-04-29 20:28:03,876 [django.server:187] [basehttp:log_message] [INFO] "GET /factory/data_sync/ HTTP/1.1" 200 26187
2023-04-29 20:28:03,924 [django.server:187] [basehttp:log_message] [WARNING] "GET /factory/static/images/logo-sm.png HTTP/1.1" 404 4078
2023-04-29 20:28:03,924 [django.server:187] [basehttp:log_message] [WARNING] "GET /factory/static/images/users/avatar-1.jpg HTTP/1.1" 404 4099
2023-04-29 20:28:04,607 [django.server:187] [basehttp:log_message] [INFO] "GET /factory/sync/query_instance/?instance=null&database=null HTTP/1.1" 200 1532
2023-04-29 20:28:06,715 [django.server:187] [basehttp:log_message] [INFO] "POST /factory/query/ HTTP/1.1" 200 50469
2023-04-29 20:28:46,779 [django.server:187] [basehttp:log_message] [INFO] "GET /factory/data_sync/ HTTP/1.1" 200 26137
2023-04-29 20:28:46,854 [django.server:187] [basehttp:log_message] [WARNING] "GET /factory/static/images/logo-sm.png HTTP/1.1" 404 4078
2023-04-29 20:28:46,854 [django.server:187] [basehttp:log_message] [WARNING] "GET /factory/static/images/users/avatar-1.jpg HTTP/1.1" 404 4099
2023-04-29 20:28:47,301 [django.server:187] [basehttp:log_message] [INFO] "GET /factory/sync/query_instance/?instance=null&database=null HTTP/1.1" 200 1532
2023-04-29 20:28:49,411 [django.server:187] [basehttp:log_message] [INFO] "POST /factory/query/ HTTP/1.1" 200 50470
2023-04-29 20:29:06,142 [django.server:187] [basehttp:log_message] [INFO] "GET /factory/data_sync/ HTTP/1.1" 200 26071
2023-04-29 20:29:06,189 [django.server:187] [basehttp:log_message] [WARNING] "GET /factory/static/images/users/avatar-1.jpg HTTP/1.1" 404 4099
2023-04-29 20:29:06,190 [django.server:187] [basehttp:log_message] [WARNING] "GET /factory/static/images/logo-sm.png HTTP/1.1" 404 4078
2023-04-29 20:29:06,592 [django.server:187] [basehttp:log_message] [INFO] "GET /factory/sync/query_instance/?instance=null&database=null HTTP/1.1" 200 1532
2023-04-29 20:29:09,403 [django.server:187] [basehttp:log_message] [INFO] "POST /factory/query/ HTTP/1.1" 200 50470
2023-04-29 20:29:39,623 [django.server:187] [basehttp:log_message] [INFO] "GET /factory/data_sync/ HTTP/1.1" 200 26110
2023-04-29 20:29:39,698 [django.server:187] [basehttp:log_message] [WARNING] "GET /factory/static/images/users/avatar-1.jpg HTTP/1.1" 404 4099
2023-04-29 20:29:39,699 [django.server:187] [basehttp:log_message] [WARNING] "GET /factory/static/images/logo-sm.png HTTP/1.1" 404 4078
2023-04-29 20:29:40,133 [django.server:187] [basehttp:log_message] [INFO] "GET /factory/sync/query_instance/?instance=null&database=null HTTP/1.1" 200 1532
2023-04-29 20:29:42,130 [django.server:187] [basehttp:log_message] [INFO] "POST /factory/query/ HTTP/1.1" 200 50469
2023-04-29 20:30:08,651 [django.server:187] [basehttp:log_message] [INFO] "GET /factory/data_sync/ HTTP/1.1" 200 26070
2023-04-29 20:30:08,759 [django.server:187] [basehttp:log_message] [WARNING] "GET /factory/static/images/users/avatar-1.jpg HTTP/1.1" 404 4099
2023-04-29 20:30:08,761 [django.server:187] [basehttp:log_message] [WARNING] "GET /factory/static/images/logo-sm.png HTTP/1.1" 404 4078
2023-04-29 20:30:09,523 [django.server:187] [basehttp:log_message] [INFO] "GET /factory/sync/query_instance/?instance=null&database=null HTTP/1.1" 200 1532
2023-04-29 20:30:11,716 [django.server:187] [basehttp:log_message] [INFO] "POST /factory/query/ HTTP/1.1" 200 50470
2023-04-29 20:31:33,425 [django.utils.autoreload:266] [autoreload:trigger_reload] [INFO] D:\项目\data_factory_platform\data_sync\business\online_data_sync.py changed, reloading.
2023-04-29 20:31:34,157 [django.utils.autoreload:677] [autoreload:run_with_reloader] [INFO] Watching for file changes with StatReloader
2023-04-29 20:31:39,066 [django.server:187] [basehttp:log_message] [INFO] "GET /factory/data_sync/ HTTP/1.1" 200 26110
2023-04-29 20:31:39,119 [django.server:187] [basehttp:log_message] [WARNING] "GET /factory/static/images/users/avatar-1.jpg HTTP/1.1" 404 4099
2023-04-29 20:31:39,121 [django.server:187] [basehttp:log_message] [WARNING] "GET /factory/static/images/logo-sm.png HTTP/1.1" 404 4078
2023-04-29 20:31:39,586 [django.server:187] [basehttp:log_message] [INFO] "GET /factory/sync/query_instance/?instance=null&database=null HTTP/1.1" 200 1532
2023-04-29 20:31:41,952 [django.server:187] [basehttp:log_message] [INFO] "POST /factory/query/ HTTP/1.1" 200 50470
2023-04-29 20:36:04,161 [django.server:187] [basehttp:log_message] [INFO] "GET /factory/data_sync/ HTTP/1.1" 200 26133
2023-04-29 20:36:04,218 [django.server:187] [basehttp:log_message] [WARNING] "GET /factory/static/images/users/avatar-1.jpg HTTP/1.1" 404 4099
2023-04-29 20:36:04,218 [django.server:187] [basehttp:log_message] [WARNING] "GET /factory/static/images/logo-sm.png HTTP/1.1" 404 4078
2023-04-29 20:36:04,609 [django.server:187] [basehttp:log_message] [INFO] "GET /factory/sync/query_instance/?instance=null&database=null HTTP/1.1" 200 1532
2023-04-29 20:36:07,270 [django.server:187] [basehttp:log_message] [INFO] "POST /factory/query/ HTTP/1.1" 200 50470
2023-04-29 20:38:26,384 [django.server:187] [basehttp:log_message] [INFO] "GET /factory/data_sync/ HTTP/1.1" 200 26130
2023-04-29 20:38:26,431 [django.server:187] [basehttp:log_message] [WARNING] "GET /factory/static/images/users/avatar-1.jpg HTTP/1.1" 404 4099
2023-04-29 20:38:26,432 [django.server:187] [basehttp:log_message] [WARNING] "GET /factory/static/images/logo-sm.png HTTP/1.1" 404 4078
2023-04-29 20:38:26,863 [django.server:187] [basehttp:log_message] [INFO] "GET /factory/sync/query_instance/?instance=null&database=null HTTP/1.1" 200 1532
2023-04-29 20:38:29,179 [django.server:187] [basehttp:log_message] [INFO] "POST /factory/query/ HTTP/1.1" 200 50470
2023-04-29 20:44:00,506 [django.server:187] [basehttp:log_message] [INFO] "GET /factory/data_sync/ HTTP/1.1" 200 26128
2023-04-29 20:44:00,573 [django.server:187] [basehttp:log_message] [WARNING] "GET /factory/static/images/logo-sm.png HTTP/1.1" 404 4078
2023-04-29 20:44:00,574 [django.server:187] [basehttp:log_message] [WARNING] "GET /factory/static/images/users/avatar-1.jpg HTTP/1.1" 404 4099
2023-04-29 20:44:01,201 [django.server:187] [basehttp:log_message] [INFO] "GET /factory/sync/query_instance/?instance=null&database=null HTTP/1.1" 200 1532
2023-04-29 20:44:03,847 [django.server:187] [basehttp:log_message] [INFO] "POST /factory/query/ HTTP/1.1" 200 50470
2023-04-29 20:46:17,914 [django.server:187] [basehttp:log_message] [INFO] "GET /factory/data_sync/ HTTP/1.1" 200 26128
2023-04-29 20:46:17,955 [django.server:187] [basehttp:log_message] [WARNING] "GET /factory/static/images/users/avatar-1.jpg HTTP/1.1" 404 4099
2023-04-29 20:46:17,956 [django.server:187] [basehttp:log_message] [WARNING] "GET /factory/static/images/logo-sm.png HTTP/1.1" 404 4078
2023-04-29 20:46:18,266 [django.server:187] [basehttp:log_message] [INFO] "GET /factory/sync/query_instance/?instance=null&database=null HTTP/1.1" 200 1532
2023-04-29 20:46:20,387 [django.server:187] [basehttp:log_message] [INFO] "POST /factory/query/ HTTP/1.1" 200 50470
2023-04-29 20:47:10,693 [django.server:187] [basehttp:log_message] [INFO] "GET /factory/data_sync/ HTTP/1.1" 200 26074
2023-04-29 20:47:10,760 [django.server:187] [basehttp:log_message] [WARNING] "GET /factory/static/images/logo-sm.png HTTP/1.1" 404 4078
2023-04-29 20:47:10,760 [django.server:187] [basehttp:log_message] [WARNING] "GET /factory/static/images/users/avatar-1.jpg HTTP/1.1" 404 4099
2023-04-29 20:47:11,237 [django.server:187] [basehttp:log_message] [INFO] "GET /factory/sync/query_instance/?instance=null&database=null HTTP/1.1" 200 1532
2023-04-29 20:47:13,020 [django.server:187] [basehttp:log_message] [INFO] "POST /factory/query/ HTTP/1.1" 200 50470
2023-04-29 20:50:00,212 [django.server:187] [basehttp:log_message] [INFO] "GET /factory/data_sync/ HTTP/1.1" 200 26249
2023-04-29 20:50:00,254 [django.server:187] [basehttp:log_message] [WARNING] "GET /factory/static/images/users/avatar-1.jpg HTTP/1.1" 404 4099
2023-04-29 20:50:00,254 [django.server:187] [basehttp:log_message] [WARNING] "GET /factory/static/images/logo-sm.png HTTP/1.1" 404 4078
2023-04-29 20:50:00,555 [django.server:187] [basehttp:log_message] [INFO] "GET /factory/sync/query_instance/?instance=null&database=null HTTP/1.1" 200 1532
2023-04-29 20:50:03,117 [django.server:187] [basehttp:log_message] [INFO] "POST /factory/query/ HTTP/1.1" 200 50470
2023-04-29 20:56:47,078 [django.server:187] [basehttp:log_message] [INFO] "GET /factory/intranet/list/ HTTP/1.1" 200 24509
2023-04-29 20:56:47,107 [django.server:187] [basehttp:log_message] [WARNING] "GET /factory/intranet/static/images/logo-sm.png HTTP/1.1" 404 4105
2023-04-29 20:56:47,111 [django.server:187] [basehttp:log_message] [WARNING] "GET /factory/intranet/static/images/users/avatar-1.jpg HTTP/1.1" 404 4126
2023-04-29 20:56:47,186 [django.server:187] [basehttp:log_message] [INFO] "GET /static/fonts/mobirise.ttf?5dqoim HTTP/1.1" 200 54304
2023-04-29 20:56:47,229 [django.server:187] [basehttp:log_message] [WARNING] "GET /factory/intranet/static/images/favicon.ico HTTP/1.1" 404 4105
2023-04-29 20:57:39,010 [django.server:187] [basehttp:log_message] [INFO] "GET /factory/data_sync/ HTTP/1.1" 200 26249
2023-04-29 20:57:39,047 [django.server:187] [basehttp:log_message] [WARNING] "GET /factory/static/images/users/avatar-1.jpg HTTP/1.1" 404 4099
2023-04-29 20:57:39,049 [django.server:187] [basehttp:log_message] [WARNING] "GET /factory/static/images/logo-sm.png HTTP/1.1" 404 4078
2023-04-29 20:57:39,370 [django.server:187] [basehttp:log_message] [INFO] "GET /factory/sync/query_instance/?instance=null&database=null HTTP/1.1" 200 1532
2023-04-29 20:57:52,061 [django.server:187] [basehttp:log_message] [INFO] "POST /factory/query/ HTTP/1.1" 200 50470
2023-04-29 21:01:18,742 [django.server:187] [basehttp:log_message] [INFO] "GET /factory/data_sync/ HTTP/1.1" 200 27120
2023-04-29 21:01:18,775 [django.server:187] [basehttp:log_message] [WARNING] "GET /factory/static/images/logo-sm.png HTTP/1.1" 404 4078
2023-04-29 21:01:18,778 [django.server:187] [basehttp:log_message] [WARNING] "GET /factory/static/images/users/avatar-1.jpg HTTP/1.1" 404 4099
2023-04-29 21:01:19,089 [django.server:187] [basehttp:log_message] [INFO] "GET /factory/sync/query_instance/?instance=null&database=null HTTP/1.1" 200 1532
2023-04-29 21:01:47,623 [django.server:187] [basehttp:log_message] [INFO] "GET /factory/data_sync/ HTTP/1.1" 200 27121
2023-04-29 21:01:47,655 [django.server:187] [basehttp:log_message] [WARNING] "GET /factory/static/images/users/avatar-1.jpg HTTP/1.1" 404 4099
2023-04-29 21:01:47,657 [django.server:187] [basehttp:log_message] [WARNING] "GET /factory/static/images/logo-sm.png HTTP/1.1" 404 4078
2023-04-29 21:01:48,074 [django.server:187] [basehttp:log_message] [INFO] "GET /factory/sync/query_instance/?instance=null&database=null HTTP/1.1" 200 1532
2023-04-29 21:01:50,277 [django.server:187] [basehttp:log_message] [INFO] "POST /factory/query/ HTTP/1.1" 200 50470
2023-04-29 21:04:14,246 [django.server:187] [basehttp:log_message] [INFO] "GET /factory/data_sync/ HTTP/1.1" 200 26627
2023-04-29 21:04:14,294 [django.server:187] [basehttp:log_message] [WARNING] "GET /factory/static/images/logo-sm.png HTTP/1.1" 404 4078
2023-04-29 21:04:14,296 [django.server:187] [basehttp:log_message] [WARNING] "GET /factory/static/images/users/avatar-1.jpg HTTP/1.1" 404 4099
2023-04-29 21:04:14,755 [django.server:187] [basehttp:log_message] [INFO] "GET /factory/sync/query_instance/?instance=null&database=null HTTP/1.1" 200 1532
2023-04-29 21:05:37,160 [django.server:187] [basehttp:log_message] [INFO] "GET /factory/data_sync/ HTTP/1.1" 200 26629
2023-04-29 21:05:37,211 [django.server:187] [basehttp:log_message] [WARNING] "GET /factory/static/images/logo-sm.png HTTP/1.1" 404 4078
2023-04-29 21:05:37,212 [django.server:187] [basehttp:log_message] [WARNING] "GET /factory/static/images/users/avatar-1.jpg HTTP/1.1" 404 4099
2023-04-29 21:05:37,670 [django.server:187] [basehttp:log_message] [INFO] "GET /factory/sync/query_instance/?instance=null&database=null HTTP/1.1" 200 1532
2023-04-29 21:05:47,484 [django.server:187] [basehttp:log_message] [INFO] "GET /factory/data_sync/ HTTP/1.1" 200 26630
2023-04-29 21:05:47,520 [django.server:187] [basehttp:log_message] [WARNING] "GET /factory/static/images/logo-sm.png HTTP/1.1" 404 4078
2023-04-29 21:05:47,522 [django.server:187] [basehttp:log_message] [WARNING] "GET /factory/static/images/users/avatar-1.jpg HTTP/1.1" 404 4099
2023-04-29 21:05:47,932 [django.server:187] [basehttp:log_message] [INFO] "GET /factory/sync/query_instance/?instance=null&database=null HTTP/1.1" 200 1532
2023-04-29 21:06:13,397 [django.server:187] [basehttp:log_message] [INFO] "GET /factory/data_sync/ HTTP/1.1" 200 26665
2023-04-29 21:06:13,432 [django.server:187] [basehttp:log_message] [WARNING] "GET /factory/static/images/logo-sm.png HTTP/1.1" 404 4078
2023-04-29 21:06:13,433 [django.server:187] [basehttp:log_message] [WARNING] "GET /factory/static/images/users/avatar-1.jpg HTTP/1.1" 404 4099
2023-04-29 21:06:13,750 [django.server:187] [basehttp:log_message] [INFO] "GET /factory/sync/query_instance/?instance=null&database=null HTTP/1.1" 200 1532
2023-04-29 21:07:10,906 [django.server:187] [basehttp:log_message] [INFO] "GET /factory/data_sync/ HTTP/1.1" 200 26687
2023-04-29 21:07:10,943 [django.server:187] [basehttp:log_message] [WARNING] "GET /factory/static/images/logo-sm.png HTTP/1.1" 404 4078
2023-04-29 21:07:10,945 [django.server:187] [basehttp:log_message] [WARNING] "GET /factory/static/images/users/avatar-1.jpg HTTP/1.1" 404 4099
2023-04-29 21:07:11,280 [django.server:187] [basehttp:log_message] [INFO] "GET /factory/sync/query_instance/?instance=null&database=null HTTP/1.1" 200 1532
2023-04-29 21:08:54,286 [django.server:187] [basehttp:log_message] [INFO] "GET /factory/data_sync/ HTTP/1.1" 200 26749
2023-04-29 21:08:54,320 [django.server:187] [basehttp:log_message] [WARNING] "GET /factory/static/images/logo-sm.png HTTP/1.1" 404 4078
2023-04-29 21:08:54,321 [django.server:187] [basehttp:log_message] [WARNING] "GET /factory/static/images/users/avatar-1.jpg HTTP/1.1" 404 4099
2023-04-29 21:08:54,612 [django.server:187] [basehttp:log_message] [INFO] "GET /factory/sync/query_instance/?instance=null&database=null HTTP/1.1" 200 1532
2023-04-29 21:08:56,778 [django.server:187] [basehttp:log_message] [INFO] "POST /factory/query/ HTTP/1.1" 200 50470
2023-04-29 21:11:49,203 [django.server:187] [basehttp:log_message] [INFO] "GET /factory/data_sync/ HTTP/1.1" 200 26747
2023-04-29 21:11:49,237 [django.server:187] [basehttp:log_message] [WARNING] "GET /factory/static/images/users/avatar-1.jpg HTTP/1.1" 404 4099
2023-04-29 21:11:49,237 [django.server:187] [basehttp:log_message] [WARNING] "GET /factory/static/images/logo-sm.png HTTP/1.1" 404 4078
2023-04-29 21:11:49,559 [django.server:187] [basehttp:log_message] [INFO] "GET /factory/sync/query_instance/?instance=null&database=null HTTP/1.1" 200 1532
2023-04-29 21:11:51,505 [django.server:187] [basehttp:log_message] [INFO] "POST /factory/query/ HTTP/1.1" 200 50469
2023-04-29 21:15:01,745 [django.server:187] [basehttp:log_message] [INFO] "GET /factory/data_sync/ HTTP/1.1" 200 26769
2023-04-29 21:15:01,775 [django.server:187] [basehttp:log_message] [WARNING] "GET /factory/static/images/logo-sm.png HTTP/1.1" 404 4078
2023-04-29 21:15:01,778 [django.server:187] [basehttp:log_message] [WARNING] "GET /factory/static/images/users/avatar-1.jpg HTTP/1.1" 404 4099
2023-04-29 21:15:02,102 [django.server:187] [basehttp:log_message] [INFO] "GET /factory/sync/query_instance/?instance=null&database=null HTTP/1.1" 200 1532
2023-04-29 21:15:03,984 [django.server:187] [basehttp:log_message] [INFO] "POST /factory/query/ HTTP/1.1" 200 50470
2023-04-29 21:15:46,269 [django.server:187] [basehttp:log_message] [INFO] "GET /factory/data_sync/ HTTP/1.1" 200 26811
2023-04-29 21:15:46,313 [django.server:187] [basehttp:log_message] [WARNING] "GET /factory/static/images/users/avatar-1.jpg HTTP/1.1" 404 4099
2023-04-29 21:15:46,314 [django.server:187] [basehttp:log_message] [WARNING] "GET /factory/static/images/logo-sm.png HTTP/1.1" 404 4078
2023-04-29 21:15:46,648 [django.server:187] [basehttp:log_message] [INFO] "GET /factory/sync/query_instance/?instance=null&database=null HTTP/1.1" 200 1532
2023-04-29 21:15:48,675 [django.server:187] [basehttp:log_message] [INFO] "POST /factory/query/ HTTP/1.1" 200 50470
2023-04-29 21:19:23,606 [django.server:187] [basehttp:log_message] [INFO] "GET /factory/data_sync/ HTTP/1.1" 200 26866
2023-04-29 21:19:23,683 [django.server:187] [basehttp:log_message] [WARNING] "GET /factory/static/images/logo-sm.png HTTP/1.1" 404 4078
2023-04-29 21:19:23,683 [django.server:187] [basehttp:log_message] [WARNING] "GET /factory/static/images/users/avatar-1.jpg HTTP/1.1" 404 4099
2023-04-29 21:19:24,015 [django.server:187] [basehttp:log_message] [INFO] "GET /factory/sync/query_instance/?instance=null&database=null HTTP/1.1" 200 1532
2023-04-29 21:19:25,968 [django.server:187] [basehttp:log_message] [INFO] "POST /factory/query/ HTTP/1.1" 200 50470
2023-04-29 21:20:06,003 [django.server:187] [basehttp:log_message] [INFO] "GET /factory/data_sync/ HTTP/1.1" 200 26864
2023-04-29 21:20:06,051 [django.server:187] [basehttp:log_message] [WARNING] "GET /factory/static/images/logo-sm.png HTTP/1.1" 404 4078
2023-04-29 21:20:06,052 [django.server:187] [basehttp:log_message] [WARNING] "GET /factory/static/images/users/avatar-1.jpg HTTP/1.1" 404 4099
2023-04-29 21:20:06,515 [django.server:187] [basehttp:log_message] [INFO] "GET /factory/sync/query_instance/?instance=null&database=null HTTP/1.1" 200 1532
2023-04-29 21:20:09,291 [django.server:187] [basehttp:log_message] [INFO] "POST /factory/query/ HTTP/1.1" 200 50470
2023-04-29 21:20:26,615 [django.server:187] [basehttp:log_message] [INFO] "GET /factory/data_sync/ HTTP/1.1" 200 26809
2023-04-29 21:20:26,653 [django.server:187] [basehttp:log_message] [WARNING] "GET /factory/static/images/users/avatar-1.jpg HTTP/1.1" 404 4099
2023-04-29 21:20:26,654 [django.server:187] [basehttp:log_message] [WARNING] "GET /factory/static/images/logo-sm.png HTTP/1.1" 404 4078
2023-04-29 21:20:26,993 [django.server:187] [basehttp:log_message] [INFO] "GET /factory/sync/query_instance/?instance=null&database=null HTTP/1.1" 200 1532
2023-04-29 21:20:29,488 [django.server:187] [basehttp:log_message] [INFO] "POST /factory/query/ HTTP/1.1" 200 50469
2023-04-29 21:21:17,285 [django.server:187] [basehttp:log_message] [INFO] "GET /factory/data_sync/ HTTP/1.1" 200 26894
2023-04-29 21:21:17,321 [django.server:187] [basehttp:log_message] [WARNING] "GET /factory/static/images/users/avatar-1.jpg HTTP/1.1" 404 4099
2023-04-29 21:21:17,322 [django.server:187] [basehttp:log_message] [WARNING] "GET /factory/static/images/logo-sm.png HTTP/1.1" 404 4078
2023-04-29 21:21:17,653 [django.server:187] [basehttp:log_message] [INFO] "GET /factory/sync/query_instance/?instance=null&database=null HTTP/1.1" 200 1532
2023-04-29 21:21:19,254 [django.server:187] [basehttp:log_message] [INFO] "POST /factory/query/ HTTP/1.1" 200 50470
2023-04-29 21:23:23,444 [django.server:187] [basehttp:log_message] [INFO] "GET /factory/data_sync/ HTTP/1.1" 200 26897
2023-04-29 21:23:23,483 [django.server:187] [basehttp:log_message] [WARNING] "GET /factory/static/images/users/avatar-1.jpg HTTP/1.1" 404 4099
2023-04-29 21:23:23,484 [django.server:187] [basehttp:log_message] [WARNING] "GET /factory/static/images/logo-sm.png HTTP/1.1" 404 4078
2023-04-29 21:23:23,793 [django.server:187] [basehttp:log_message] [INFO] "GET /factory/sync/query_instance/?instance=null&database=null HTTP/1.1" 200 1532
2023-04-29 21:23:25,485 [django.server:187] [basehttp:log_message] [INFO] "POST /factory/query/ HTTP/1.1" 200 50470
2023-04-29 21:24:39,377 [django.server:187] [basehttp:log_message] [INFO] "GET /factory/data_sync/ HTTP/1.1" 200 26907
2023-04-29 21:24:39,428 [django.server:187] [basehttp:log_message] [WARNING] "GET /factory/static/images/users/avatar-1.jpg HTTP/1.1" 404 4099
2023-04-29 21:24:39,428 [django.server:187] [basehttp:log_message] [WARNING] "GET /factory/static/images/logo-sm.png HTTP/1.1" 404 4078
2023-04-29 21:24:39,795 [django.server:187] [basehttp:log_message] [INFO] "GET /factory/sync/query_instance/?instance=null&database=null HTTP/1.1" 200 1532
2023-04-29 21:24:41,676 [django.server:187] [basehttp:log_message] [INFO] "POST /factory/query/ HTTP/1.1" 200 50469
2023-04-29 21:25:02,538 [django.server:187] [basehttp:log_message] [INFO] "POST /factory/query/ HTTP/1.1" 200 50470
2023-04-29 21:25:03,540 [django.server:187] [basehttp:log_message] [INFO] "GET /factory/data_sync/ HTTP/1.1" 200 26897
2023-04-29 21:25:03,567 [django.server:187] [basehttp:log_message] [WARNING] "GET /factory/static/images/logo-sm.png HTTP/1.1" 404 4078
2023-04-29 21:25:03,567 [django.server:187] [basehttp:log_message] [WARNING] "GET /factory/static/images/users/avatar-1.jpg HTTP/1.1" 404 4099
2023-04-29 21:25:03,862 [django.server:187] [basehttp:log_message] [INFO] "GET /factory/sync/query_instance/?instance=null&database=null HTTP/1.1" 200 1532
2023-04-29 21:25:05,508 [django.server:187] [basehttp:log_message] [INFO] "POST /factory/query/ HTTP/1.1" 200 50470
2023-04-29 21:25:25,979 [django.server:187] [basehttp:log_message] [INFO] "GET /factory/data_sync/ HTTP/1.1" 200 26857
2023-04-29 21:25:26,008 [django.server:187] [basehttp:log_message] [WARNING] "GET /factory/static/images/logo-sm.png HTTP/1.1" 404 4078
2023-04-29 21:25:26,009 [django.server:187] [basehttp:log_message] [WARNING] "GET /factory/static/images/users/avatar-1.jpg HTTP/1.1" 404 4099
2023-04-29 21:25:26,381 [django.server:187] [basehttp:log_message] [INFO] "GET /factory/sync/query_instance/?instance=null&database=null HTTP/1.1" 200 1532
2023-04-29 21:25:28,103 [django.server:187] [basehttp:log_message] [INFO] "POST /factory/query/ HTTP/1.1" 200 50470
2023-04-29 21:27:13,480 [django.server:187] [basehttp:log_message] [INFO] "GET /factory/data_sync/ HTTP/1.1" 200 26961
2023-04-29 21:27:13,517 [django.server:187] [basehttp:log_message] [WARNING] "GET /factory/static/images/logo-sm.png HTTP/1.1" 404 4078
2023-04-29 21:27:13,521 [django.server:187] [basehttp:log_message] [WARNING] "GET /factory/static/images/users/avatar-1.jpg HTTP/1.1" 404 4099
2023-04-29 21:27:13,813 [django.server:187] [basehttp:log_message] [INFO] "GET /factory/sync/query_instance/?instance=null&database=null HTTP/1.1" 200 1532
2023-04-29 21:27:15,512 [django.server:187] [basehttp:log_message] [INFO] "POST /factory/query/ HTTP/1.1" 200 50470
2023-04-29 21:33:24,125 [django.server:187] [basehttp:log_message] [INFO] "GET /factory/data_sync/ HTTP/1.1" 200 26996
2023-04-29 21:33:24,154 [django.server:187] [basehttp:log_message] [WARNING] "GET /factory/static/images/logo-sm.png HTTP/1.1" 404 4078
2023-04-29 21:33:24,155 [django.server:187] [basehttp:log_message] [WARNING] "GET /factory/static/images/users/avatar-1.jpg HTTP/1.1" 404 4099
2023-04-29 21:33:24,458 [django.server:187] [basehttp:log_message] [INFO] "GET /factory/sync/query_instance/?instance=null&database=null HTTP/1.1" 200 1532
2023-04-29 21:33:26,356 [django.server:187] [basehttp:log_message] [INFO] "POST /factory/query/ HTTP/1.1" 200 50470
2023-04-29 21:37:55,584 [django.server:187] [basehttp:log_message] [INFO] "GET /factory/data_sync/ HTTP/1.1" 200 26961
2023-04-29 21:37:55,605 [django.server:187] [basehttp:log_message] [WARNING] "GET /factory/static/images/logo-sm.png HTTP/1.1" 404 4078
2023-04-29 21:37:55,626 [django.server:187] [basehttp:log_message] [WARNING] "GET /factory/static/images/users/avatar-1.jpg HTTP/1.1" 404 4099
2023-04-29 21:37:56,021 [django.server:187] [basehttp:log_message] [INFO] "GET /factory/sync/query_instance/?instance=null&database=null HTTP/1.1" 200 1532
2023-04-29 21:37:58,222 [django.server:187] [basehttp:log_message] [INFO] "POST /factory/query/ HTTP/1.1" 200 50470
2023-04-29 21:38:19,955 [django.server:187] [basehttp:log_message] [INFO] "GET /factory/data_sync/ HTTP/1.1" 200 26998
2023-04-29 21:38:19,987 [django.server:187] [basehttp:log_message] [WARNING] "GET /factory/static/images/logo-sm.png HTTP/1.1" 404 4078
2023-04-29 21:38:19,988 [django.server:187] [basehttp:log_message] [WARNING] "GET /factory/static/images/users/avatar-1.jpg HTTP/1.1" 404 4099
2023-04-29 21:38:20,354 [django.server:187] [basehttp:log_message] [INFO] "GET /factory/sync/query_instance/?instance=null&database=null HTTP/1.1" 200 1532
2023-04-29 21:38:21,956 [django.server:187] [basehttp:log_message] [INFO] "POST /factory/query/ HTTP/1.1" 200 50470
2023-04-29 21:38:34,055 [django.server:187] [basehttp:log_message] [INFO] "GET /factory/data_sync/ HTTP/1.1" 200 27000
2023-04-29 21:38:34,093 [django.server:187] [basehttp:log_message] [WARNING] "GET /factory/static/images/logo-sm.png HTTP/1.1" 404 4078
2023-04-29 21:38:34,094 [django.server:187] [basehttp:log_message] [WARNING] "GET /factory/static/images/users/avatar-1.jpg HTTP/1.1" 404 4099
2023-04-29 21:38:34,395 [django.server:187] [basehttp:log_message] [INFO] "GET /factory/sync/query_instance/?instance=null&database=null HTTP/1.1" 200 1532
2023-04-29 21:38:36,830 [django.server:187] [basehttp:log_message] [INFO] "POST /factory/query/ HTTP/1.1" 200 50470
2023-04-29 21:42:44,227 [django.server:187] [basehttp:log_message] [INFO] "GET /factory/data_sync/ HTTP/1.1" 200 26966
2023-04-29 21:42:44,247 [django.server:187] [basehttp:log_message] [INFO] "GET /static/css/bootstrap-table.min.css HTTP/1.1" 200 10234
2023-04-29 21:42:44,265 [django.server:187] [basehttp:log_message] [WARNING] "GET /factory/static/images/users/avatar-1.jpg HTTP/1.1" 404 4099
2023-04-29 21:42:44,265 [django.server:187] [basehttp:log_message] [WARNING] "GET /factory/static/images/logo-sm.png HTTP/1.1" 404 4078
2023-04-29 21:42:44,555 [django.server:187] [basehttp:log_message] [INFO] "GET /factory/sync/query_instance/?instance=null&database=null HTTP/1.1" 200 1532
2023-04-29 21:42:46,488 [django.server:187] [basehttp:log_message] [INFO] "POST /factory/query/ HTTP/1.1" 200 50470
2023-04-29 21:43:06,986 [django.server:187] [basehttp:log_message] [INFO] "GET /static/css/bootstrap-table.min.css HTTP/1.1" 304 0
2023-04-29 21:45:54,959 [django.server:187] [basehttp:log_message] [INFO] "GET /factory/data_sync/ HTTP/1.1" 200 26966
2023-04-29 21:45:54,984 [django.server:187] [basehttp:log_message] [INFO] "GET /static/css/bootstrap-table.min.css HTTP/1.1" 304 0
2023-04-29 21:45:54,986 [django.server:187] [basehttp:log_message] [WARNING] "GET /factory/static/images/logo-sm.png HTTP/1.1" 404 4078
2023-04-29 21:45:55,011 [django.server:187] [basehttp:log_message] [WARNING] "GET /factory/static/images/users/avatar-1.jpg HTTP/1.1" 404 4099
2023-04-29 21:45:55,429 [django.server:187] [basehttp:log_message] [INFO] "GET /factory/sync/query_instance/?instance=null&database=null HTTP/1.1" 200 1532
2023-04-29 21:45:57,292 [django.server:187] [basehttp:log_message] [INFO] "POST /factory/query/ HTTP/1.1" 200 50470
2023-04-29 21:50:16,697 [django.server:187] [basehttp:log_message] [INFO] "GET /factory/data_sync/ HTTP/1.1" 200 26966
2023-04-29 21:50:16,719 [django.server:187] [basehttp:log_message] [INFO] "GET /static/css/bootstrap-table.min.css HTTP/1.1" 200 10222
2023-04-29 21:50:16,747 [django.server:187] [basehttp:log_message] [WARNING] "GET /factory/static/images/logo-sm.png HTTP/1.1" 404 4078
2023-04-29 21:50:16,748 [django.server:187] [basehttp:log_message] [WARNING] "GET /factory/static/images/users/avatar-1.jpg HTTP/1.1" 404 4099
2023-04-29 21:50:17,188 [django.server:187] [basehttp:log_message] [INFO] "GET /factory/sync/query_instance/?instance=null&database=null HTTP/1.1" 200 1532
2023-04-29 21:50:19,062 [django.server:187] [basehttp:log_message] [INFO] "POST /factory/query/ HTTP/1.1" 200 50470
2023-04-29 21:52:01,820 [django.server:187] [basehttp:log_message] [INFO] "GET /factory/data_sync/ HTTP/1.1" 200 26966
2023-04-29 21:52:01,842 [django.server:187] [basehttp:log_message] [INFO] "GET /static/css/bootstrap-table.min.css HTTP/1.1" 200 10234
2023-04-29 21:52:01,866 [django.server:187] [basehttp:log_message] [WARNING] "GET /factory/static/images/users/avatar-1.jpg HTTP/1.1" 404 4099
2023-04-29 21:52:01,867 [django.server:187] [basehttp:log_message] [WARNING] "GET /factory/static/images/logo-sm.png HTTP/1.1" 404 4078
2023-04-29 21:52:02,288 [django.server:187] [basehttp:log_message] [INFO] "GET /factory/sync/query_instance/?instance=null&database=null HTTP/1.1" 200 1532
2023-04-29 21:52:04,857 [django.server:187] [basehttp:log_message] [INFO] "POST /factory/query/ HTTP/1.1" 200 50470
2023-04-29 21:52:09,593 [django.server:187] [basehttp:log_message] [INFO] "GET /static/css/bootstrap-table.min.css HTTP/1.1" 304 0
2023-04-29 21:55:14,390 [django.server:187] [basehttp:log_message] [INFO] "GET /factory/data_sync/ HTTP/1.1" 200 26966
2023-04-29 21:55:14,441 [django.server:187] [basehttp:log_message] [INFO] "GET /static/css/bootstrap-table.min.css HTTP/1.1" 200 10251
2023-04-29 21:55:14,458 [django.server:187] [basehttp:log_message] [WARNING] "GET /factory/static/images/users/avatar-1.jpg HTTP/1.1" 404 4099
2023-04-29 21:55:14,458 [django.server:187] [basehttp:log_message] [WARNING] "GET /factory/static/images/logo-sm.png HTTP/1.1" 404 4078
2023-04-29 21:55:15,019 [django.server:187] [basehttp:log_message] [INFO] "GET /factory/sync/query_instance/?instance=null&database=null HTTP/1.1" 200 1532
2023-04-29 21:55:16,706 [django.server:187] [basehttp:log_message] [INFO] "POST /factory/query/ HTTP/1.1" 200 50469
2023-04-29 21:55:46,799 [django.server:187] [basehttp:log_message] [INFO] "GET /factory/data_sync/ HTTP/1.1" 200 26966
2023-04-29 21:55:46,821 [django.server:187] [basehttp:log_message] [INFO] "GET /static/css/bootstrap-table.min.css HTTP/1.1" 200 10235
2023-04-29 21:55:46,897 [django.server:187] [basehttp:log_message] [WARNING] "GET /factory/static/images/logo-sm.png HTTP/1.1" 404 4078
2023-04-29 21:55:46,898 [django.server:187] [basehttp:log_message] [WARNING] "GET /factory/static/images/users/avatar-1.jpg HTTP/1.1" 404 4099
2023-04-29 21:55:47,346 [django.server:187] [basehttp:log_message] [INFO] "GET /factory/sync/query_instance/?instance=null&database=null HTTP/1.1" 200 1532
2023-04-29 21:55:49,129 [django.server:187] [basehttp:log_message] [INFO] "POST /factory/query/ HTTP/1.1" 200 50470
2023-04-29 21:56:20,225 [django.server:187] [basehttp:log_message] [INFO] "GET /factory/data_sync/ HTTP/1.1" 200 26966
2023-04-29 21:56:20,248 [django.server:187] [basehttp:log_message] [INFO] "GET /static/css/bootstrap-table.min.css HTTP/1.1" 200 10234
2023-04-29 21:56:20,270 [django.server:187] [basehttp:log_message] [WARNING] "GET /factory/static/images/users/avatar-1.jpg HTTP/1.1" 404 4099
2023-04-29 21:56:20,271 [django.server:187] [basehttp:log_message] [WARNING] "GET /factory/static/images/logo-sm.png HTTP/1.1" 404 4078
2023-04-29 21:56:20,768 [django.server:187] [basehttp:log_message] [INFO] "GET /factory/sync/query_instance/?instance=null&database=null HTTP/1.1" 200 1532
2023-04-29 21:56:23,348 [django.server:187] [basehttp:log_message] [INFO] "POST /factory/query/ HTTP/1.1" 200 50469
2023-04-29 21:56:53,151 [django.server:187] [basehttp:log_message] [INFO] "GET /factory/data_sync/ HTTP/1.1" 200 26966
2023-04-29 21:56:53,168 [django.server:187] [basehttp:log_message] [INFO] "GET /static/css/bootstrap-table.min.css HTTP/1.1" 200 10234
2023-04-29 21:56:53,197 [django.server:187] [basehttp:log_message] [WARNING] "GET /factory/static/images/logo-sm.png HTTP/1.1" 404 4078
2023-04-29 21:56:53,198 [django.server:187] [basehttp:log_message] [WARNING] "GET /factory/static/images/users/avatar-1.jpg HTTP/1.1" 404 4099
2023-04-29 21:56:53,703 [django.server:187] [basehttp:log_message] [INFO] "GET /factory/sync/query_instance/?instance=null&database=null HTTP/1.1" 200 1532
2023-04-29 21:56:55,895 [django.server:187] [basehttp:log_message] [INFO] "POST /factory/query/ HTTP/1.1" 200 50469
2023-04-29 22:02:00,888 [django.server:187] [basehttp:log_message] [INFO] "GET /factory/data_sync/ HTTP/1.1" 200 27003
2023-04-29 22:02:00,902 [django.server:187] [basehttp:log_message] [INFO] "GET /static/css/bootstrap-table.min.css HTTP/1.1" 304 0
2023-04-29 22:02:00,925 [django.server:187] [basehttp:log_message] [WARNING] "GET /factory/static/images/logo-sm.png HTTP/1.1" 404 4078
2023-04-29 22:02:00,925 [django.server:187] [basehttp:log_message] [WARNING] "GET /factory/static/images/users/avatar-1.jpg HTTP/1.1" 404 4099
2023-04-29 22:02:01,246 [django.server:187] [basehttp:log_message] [INFO] "GET /factory/sync/query_instance/?instance=null&database=null HTTP/1.1" 200 1532
2023-04-29 22:02:03,120 [django.server:187] [basehttp:log_message] [INFO] "POST /factory/query/ HTTP/1.1" 200 50470
2023-04-29 22:02:27,117 [django.server:187] [basehttp:log_message] [INFO] "GET /factory/data_sync/ HTTP/1.1" 200 26929
2023-04-29 22:02:27,155 [django.server:187] [basehttp:log_message] [WARNING] "GET /factory/static/images/logo-sm.png HTTP/1.1" 404 4078
2023-04-29 22:02:27,156 [django.server:187] [basehttp:log_message] [WARNING] "GET /factory/static/images/users/avatar-1.jpg HTTP/1.1" 404 4099
2023-04-29 22:02:27,484 [django.server:187] [basehttp:log_message] [INFO] "GET /factory/sync/query_instance/?instance=null&database=null HTTP/1.1" 200 1532
2023-04-29 22:02:29,231 [django.server:187] [basehttp:log_message] [INFO] "POST /factory/query/ HTTP/1.1" 200 50470
2023-04-29 22:04:45,679 [django.server:187] [basehttp:log_message] [INFO] "GET /factory/data_sync/ HTTP/1.1" 200 26936
2023-04-29 22:04:45,697 [django.server:187] [basehttp:log_message] [INFO] "GET /static/css/bootstrap-table.min.css HTTP/1.1" 304 0
2023-04-29 22:04:45,709 [django.server:187] [basehttp:log_message] [WARNING] "GET /factory/static/images/logo-sm.png HTTP/1.1" 404 4078
2023-04-29 22:04:45,710 [django.server:187] [basehttp:log_message] [WARNING] "GET /factory/static/images/users/avatar-1.jpg HTTP/1.1" 404 4099
2023-04-29 22:04:46,050 [django.server:187] [basehttp:log_message] [INFO] "GET /factory/sync/query_instance/?instance=null&database=null HTTP/1.1" 200 1532
2023-04-29 22:04:47,925 [django.server:187] [basehttp:log_message] [INFO] "POST /factory/query/ HTTP/1.1" 200 50470
