2023-04-12 15:17:01,012 [django.utils.autoreload:677] [autoreload:run_with_reloader] [INFO] Watching for file changes with StatReloader
2023-04-12 15:17:57,601 [django.utils.autoreload:266] [autoreload:trigger_reload] [INFO] D:\项目\data_factory_platform\data_factory_platform\urls.py changed, reloading.
2023-04-12 15:17:58,831 [django.utils.autoreload:677] [autoreload:run_with_reloader] [INFO] Watching for file changes with StatReloader
2023-04-12 15:18:07,040 [django.server:187] [basehttp:log_message] [INFO] "GET /factory/get_intranet_config/ HTTP/1.1" 200 13934
2023-04-12 15:18:07,214 [django.server:187] [basehttp:log_message] [WARNING] "GET /factory/static/css/icons.css HTTP/1.1" 404 2544
2023-04-12 15:18:07,215 [django.server:187] [basehttp:log_message] [WARNING] "GET /factory/static/js/jquery.min.js HTTP/1.1" 404 2553
2023-04-12 15:18:07,216 [django.server:187] [basehttp:log_message] [WARNING] "GET /factory/static/css/style.css HTTP/1.1" 404 2544
2023-04-12 15:18:07,216 [django.server:187] [basehttp:log_message] [WARNING] "GET /factory/static/js/bootstrap.bundle.min.js HTTP/1.1" 404 2583
2023-04-12 15:18:07,216 [django.server:187] [basehttp:log_message] [WARNING] "GET /factory/static/css/bootstrap.min.css HTTP/1.1" 404 2568
2023-04-12 15:18:07,217 [django.server:187] [basehttp:log_message] [WARNING] "GET /factory/static/plugins/fullcalendar/css/fullcalendar.min.css HTTP/1.1" 404 2640
2023-04-12 15:18:07,237 [django.server:187] [basehttp:log_message] [WARNING] "GET /factory/static/js/modernizr.min.js HTTP/1.1" 404 2562
2023-04-12 15:18:07,244 [django.server:187] [basehttp:log_message] [WARNING] "GET /factory/static/js/jquery.slimscroll.js HTTP/1.1" 404 2574
2023-04-12 15:18:07,251 [django.server:187] [basehttp:log_message] [WARNING] "GET /factory/static/js/jquery.nicescroll.js HTTP/1.1" 404 2574
2023-04-12 15:18:07,251 [django.server:187] [basehttp:log_message] [WARNING] "GET /factory/static/plugins/jquery-ui/jquery-ui.min.js HTTP/1.1" 404 2607
2023-04-12 15:18:07,257 [django.server:187] [basehttp:log_message] [WARNING] "GET /factory/static/js/jquery.scrollTo.min.js HTTP/1.1" 404 2580
2023-04-12 15:18:07,264 [django.server:187] [basehttp:log_message] [WARNING] "GET /factory/static/js/waves.js HTTP/1.1" 404 2538
2023-04-12 15:18:07,270 [django.server:187] [basehttp:log_message] [WARNING] "GET /factory/static/plugins/moment/moment.js HTTP/1.1" 404 2577
2023-04-12 15:18:07,273 [django.server:187] [basehttp:log_message] [WARNING] "GET /factory/static/plugins/fullcalendar/js/fullcalendar.min.js HTTP/1.1" 404 2634
2023-04-12 15:18:07,273 [django.server:80] [basehttp:handle_error] [INFO] - Broken pipe from ('127.0.0.1', 54338)
2023-04-12 15:18:07,273 [django.server:187] [basehttp:log_message] [WARNING] "GET /factory/static/js/app.js HTTP/1.1" 404 2532
2023-04-12 15:18:07,275 [django.server:80] [basehttp:handle_error] [INFO] - Broken pipe from ('127.0.0.1', 54340)
2023-04-12 15:18:07,275 [django.server:187] [basehttp:log_message] [WARNING] "GET /factory/static/pages/calendar-init.js HTTP/1.1" 404 2571
2023-04-12 15:18:07,277 [django.server:187] [basehttp:log_message] [WARNING] "GET /factory/static/images/users/avatar-1.jpg HTTP/1.1" 404 2580
2023-04-12 15:18:07,278 [django.server:187] [basehttp:log_message] [WARNING] "GET /factory/static/images/logo-sm.png HTTP/1.1" 404 2559
2023-04-12 15:18:07,307 [django.server:187] [basehttp:log_message] [WARNING] "GET /factory/static/images/favicon.ico HTTP/1.1" 404 2559
2023-04-12 15:20:17,374 [django.utils.autoreload:266] [autoreload:trigger_reload] [INFO] D:\项目\data_factory_platform\data_sync\urls.py changed, reloading.
2023-04-12 15:20:17,980 [django.utils.autoreload:677] [autoreload:run_with_reloader] [INFO] Watching for file changes with StatReloader
2023-04-12 15:20:23,607 [django.server:187] [basehttp:log_message] [INFO] "GET /factory/index/ HTTP/1.1" 200 12835
2023-04-12 15:20:23,670 [django.server:187] [basehttp:log_message] [WARNING] "GET /factory/static/js/bootstrap.bundle.min.js HTTP/1.1" 404 2744
2023-04-12 15:20:23,671 [django.server:187] [basehttp:log_message] [WARNING] "GET /factory/static/css/bootstrap.min.css HTTP/1.1" 404 2729
2023-04-12 15:20:23,671 [django.server:187] [basehttp:log_message] [WARNING] "GET /factory/static/css/style.css HTTP/1.1" 404 2705
2023-04-12 15:20:23,671 [django.server:187] [basehttp:log_message] [WARNING] "GET /factory/static/css/icons.css HTTP/1.1" 404 2705
2023-04-12 15:20:23,676 [django.server:187] [basehttp:log_message] [WARNING] "GET /factory/static/js/jquery.min.js HTTP/1.1" 404 2714
2023-04-12 15:20:23,678 [django.server:187] [basehttp:log_message] [WARNING] "GET /factory/static/plugins/fullcalendar/css/fullcalendar.min.css HTTP/1.1" 404 2801
2023-04-12 15:20:23,697 [django.server:187] [basehttp:log_message] [WARNING] "GET /factory/static/js/modernizr.min.js HTTP/1.1" 404 2723
2023-04-12 15:20:23,697 [django.server:187] [basehttp:log_message] [WARNING] "GET /factory/static/js/jquery.nicescroll.js HTTP/1.1" 404 2735
2023-04-12 15:20:23,699 [django.server:187] [basehttp:log_message] [WARNING] "GET /factory/static/js/jquery.slimscroll.js HTTP/1.1" 404 2735
2023-04-12 15:20:23,701 [django.server:187] [basehttp:log_message] [WARNING] "GET /factory/static/js/waves.js HTTP/1.1" 404 2699
2023-04-12 15:20:23,705 [django.server:187] [basehttp:log_message] [WARNING] "GET /factory/static/plugins/jquery-ui/jquery-ui.min.js HTTP/1.1" 404 2768
2023-04-12 15:20:23,715 [django.server:187] [basehttp:log_message] [WARNING] "GET /factory/static/js/jquery.scrollTo.min.js HTTP/1.1" 404 2741
2023-04-12 15:20:23,721 [django.server:187] [basehttp:log_message] [WARNING] "GET /factory/static/images/logo-sm.png HTTP/1.1" 404 2720
2023-04-12 15:20:23,726 [django.server:187] [basehttp:log_message] [WARNING] "GET /factory/static/plugins/moment/moment.js HTTP/1.1" 404 2738
2023-04-12 15:20:23,726 [django.server:187] [basehttp:log_message] [WARNING] "GET /factory/static/images/users/avatar-1.jpg HTTP/1.1" 404 2741
2023-04-12 15:20:23,727 [django.server:80] [basehttp:handle_error] [INFO] - Broken pipe from ('127.0.0.1', 54830)
2023-04-12 15:20:23,727 [django.server:187] [basehttp:log_message] [WARNING] "GET /factory/static/plugins/fullcalendar/js/fullcalendar.min.js HTTP/1.1" 404 2795
2023-04-12 15:20:23,728 [django.server:187] [basehttp:log_message] [WARNING] "GET /factory/static/pages/calendar-init.js HTTP/1.1" 404 2732
2023-04-12 15:20:23,728 [django.server:187] [basehttp:log_message] [WARNING] "GET /factory/static/js/app.js HTTP/1.1" 404 2693
2023-04-12 15:23:34,894 [django.utils.autoreload:266] [autoreload:trigger_reload] [INFO] D:\项目\data_factory_platform\data_factory_platform\settings.py changed, reloading.
2023-04-12 15:23:36,177 [django.utils.autoreload:677] [autoreload:run_with_reloader] [INFO] Watching for file changes with StatReloader
2023-04-12 15:23:40,063 [django.server:187] [basehttp:log_message] [INFO] "GET /factory/index/ HTTP/1.1" 200 12835
2023-04-12 15:23:40,110 [django.server:187] [basehttp:log_message] [WARNING] "GET /factory/static/css/icons.css HTTP/1.1" 404 2705
2023-04-12 15:23:40,110 [django.server:187] [basehttp:log_message] [WARNING] "GET /factory/static/plugins/fullcalendar/css/fullcalendar.min.css HTTP/1.1" 404 2801
2023-04-12 15:23:40,116 [django.server:187] [basehttp:log_message] [WARNING] "GET /factory/static/css/style.css HTTP/1.1" 404 2705
2023-04-12 15:23:40,117 [django.server:80] [basehttp:handle_error] [INFO] - Broken pipe from ('127.0.0.1', 55562)
2023-04-12 15:23:40,121 [django.server:187] [basehttp:log_message] [WARNING] "GET /factory/static/css/bootstrap.min.css HTTP/1.1" 404 2729
2023-04-12 15:23:40,121 [django.server:187] [basehttp:log_message] [WARNING] "GET /factory/static/js/jquery.min.js HTTP/1.1" 404 2714
2023-04-12 15:23:40,124 [django.server:187] [basehttp:log_message] [WARNING] "GET /factory/static/js/bootstrap.bundle.min.js HTTP/1.1" 404 2744
2023-04-12 15:23:40,129 [django.server:80] [basehttp:handle_error] [INFO] - Broken pipe from ('127.0.0.1', 55560)
2023-04-12 15:23:40,137 [django.server:80] [basehttp:handle_error] [INFO] - Broken pipe from ('127.0.0.1', 55564)
2023-04-12 15:23:40,138 [django.server:187] [basehttp:log_message] [WARNING] "GET /factory/static/js/jquery.slimscroll.js HTTP/1.1" 404 2735
2023-04-12 15:23:40,143 [django.server:187] [basehttp:log_message] [WARNING] "GET /factory/static/js/modernizr.min.js HTTP/1.1" 404 2723
2023-04-12 15:23:40,145 [django.server:187] [basehttp:log_message] [WARNING] "GET /factory/static/js/waves.js HTTP/1.1" 404 2699
2023-04-12 15:23:40,148 [django.server:187] [basehttp:log_message] [WARNING] "GET /factory/static/images/logo-sm.png HTTP/1.1" 404 2720
2023-04-12 15:23:40,162 [django.server:187] [basehttp:log_message] [WARNING] "GET /factory/static/images/users/avatar-1.jpg HTTP/1.1" 404 2741
2023-04-12 15:23:40,164 [django.server:80] [basehttp:handle_error] [INFO] - Broken pipe from ('127.0.0.1', 55567)
2023-04-12 15:23:40,164 [django.server:187] [basehttp:log_message] [WARNING] "GET /factory/static/js/jquery.nicescroll.js HTTP/1.1" 404 2735
2023-04-12 15:23:40,172 [django.server:187] [basehttp:log_message] [WARNING] "GET /factory/static/js/jquery.scrollTo.min.js HTTP/1.1" 404 2741
2023-04-12 15:23:40,178 [django.server:187] [basehttp:log_message] [WARNING] "GET /factory/static/plugins/moment/moment.js HTTP/1.1" 404 2738
2023-04-12 15:23:40,179 [django.server:187] [basehttp:log_message] [WARNING] "GET /factory/static/plugins/jquery-ui/jquery-ui.min.js HTTP/1.1" 404 2768
2023-04-12 15:23:40,179 [django.server:80] [basehttp:handle_error] [INFO] - Broken pipe from ('127.0.0.1', 55568)
2023-04-12 15:23:40,180 [django.server:80] [basehttp:handle_error] [INFO] - Broken pipe from ('127.0.0.1', 55559)
2023-04-12 15:23:40,183 [django.server:80] [basehttp:handle_error] [INFO] - Broken pipe from ('127.0.0.1', 55570)
2023-04-12 15:23:40,183 [django.server:187] [basehttp:log_message] [WARNING] "GET /factory/static/js/app.js HTTP/1.1" 404 2693
2023-04-12 15:23:40,184 [django.server:187] [basehttp:log_message] [WARNING] "GET /factory/static/plugins/fullcalendar/js/fullcalendar.min.js HTTP/1.1" 404 2795
2023-04-12 15:23:40,184 [django.server:187] [basehttp:log_message] [WARNING] "GET /factory/static/pages/calendar-init.js HTTP/1.1" 404 2732
2023-04-12 15:23:40,767 [django.server:187] [basehttp:log_message] [INFO] "GET /factory/index/ HTTP/1.1" 200 12835
2023-04-12 15:23:40,797 [django.server:187] [basehttp:log_message] [WARNING] "GET /factory/static/plugins/fullcalendar/css/fullcalendar.min.css HTTP/1.1" 404 2801
2023-04-12 15:23:40,798 [django.server:187] [basehttp:log_message] [WARNING] "GET /factory/static/css/bootstrap.min.css HTTP/1.1" 404 2729
2023-04-12 15:23:40,800 [django.server:187] [basehttp:log_message] [WARNING] "GET /factory/static/css/style.css HTTP/1.1" 404 2705
2023-04-12 15:23:40,803 [django.server:187] [basehttp:log_message] [WARNING] "GET /factory/static/css/icons.css HTTP/1.1" 404 2705
2023-04-12 15:23:40,807 [django.server:187] [basehttp:log_message] [WARNING] "GET /factory/static/js/jquery.min.js HTTP/1.1" 404 2714
2023-04-12 15:23:40,810 [django.server:80] [basehttp:handle_error] [INFO] - Broken pipe from ('127.0.0.1', 55563)
2023-04-12 15:23:40,810 [django.server:187] [basehttp:log_message] [WARNING] "GET /factory/static/js/bootstrap.bundle.min.js HTTP/1.1" 404 2744
2023-04-12 15:23:40,817 [django.server:187] [basehttp:log_message] [WARNING] "GET /factory/static/js/jquery.slimscroll.js HTTP/1.1" 404 2735
2023-04-12 15:23:40,820 [django.server:187] [basehttp:log_message] [WARNING] "GET /factory/static/js/waves.js HTTP/1.1" 404 2699
2023-04-12 15:23:40,821 [django.server:187] [basehttp:log_message] [WARNING] "GET /factory/static/js/modernizr.min.js HTTP/1.1" 404 2723
2023-04-12 15:23:40,823 [django.server:187] [basehttp:log_message] [WARNING] "GET /factory/static/js/jquery.nicescroll.js HTTP/1.1" 404 2735
2023-04-12 15:23:40,832 [django.server:187] [basehttp:log_message] [WARNING] "GET /factory/static/js/jquery.scrollTo.min.js HTTP/1.1" 404 2741
2023-04-12 15:23:40,844 [django.server:187] [basehttp:log_message] [WARNING] "GET /factory/static/images/logo-sm.png HTTP/1.1" 404 2720
2023-04-12 15:23:40,844 [django.server:187] [basehttp:log_message] [WARNING] "GET /factory/static/images/users/avatar-1.jpg HTTP/1.1" 404 2741
2023-04-12 15:23:40,845 [django.server:187] [basehttp:log_message] [WARNING] "GET /factory/static/plugins/jquery-ui/jquery-ui.min.js HTTP/1.1" 404 2768
2023-04-12 15:23:40,846 [django.server:187] [basehttp:log_message] [WARNING] "GET /factory/static/plugins/moment/moment.js HTTP/1.1" 404 2738
2023-04-12 15:23:40,847 [django.server:187] [basehttp:log_message] [WARNING] "GET /factory/static/plugins/fullcalendar/js/fullcalendar.min.js HTTP/1.1" 404 2795
2023-04-12 15:23:40,849 [django.server:187] [basehttp:log_message] [WARNING] "GET /factory/static/pages/calendar-init.js HTTP/1.1" 404 2732
2023-04-12 15:23:40,851 [django.server:187] [basehttp:log_message] [WARNING] "GET /factory/static/js/app.js HTTP/1.1" 404 2693
2023-04-12 15:23:43,910 [django.server:187] [basehttp:log_message] [INFO] "GET /factory/get_intranet_config/ HTTP/1.1" 200 13934
2023-04-12 15:23:43,939 [django.server:187] [basehttp:log_message] [WARNING] "GET /factory/static/plugins/fullcalendar/css/fullcalendar.min.css HTTP/1.1" 404 2801
2023-04-12 15:23:43,943 [django.server:187] [basehttp:log_message] [WARNING] "GET /factory/static/css/icons.css HTTP/1.1" 404 2705
2023-04-12 15:23:43,947 [django.server:187] [basehttp:log_message] [WARNING] "GET /factory/static/css/style.css HTTP/1.1" 404 2705
2023-04-12 15:23:43,951 [django.server:187] [basehttp:log_message] [WARNING] "GET /factory/static/js/jquery.min.js HTTP/1.1" 404 2714
2023-04-12 15:23:43,957 [django.server:187] [basehttp:log_message] [WARNING] "GET /factory/static/css/bootstrap.min.css HTTP/1.1" 404 2729
2023-04-12 15:23:43,959 [django.server:80] [basehttp:handle_error] [INFO] - Broken pipe from ('127.0.0.1', 55561)
2023-04-12 15:23:43,960 [django.server:187] [basehttp:log_message] [WARNING] "GET /factory/static/js/bootstrap.bundle.min.js HTTP/1.1" 404 2744
2023-04-12 15:23:43,963 [django.server:187] [basehttp:log_message] [WARNING] "GET /factory/static/js/modernizr.min.js HTTP/1.1" 404 2723
2023-04-12 15:23:43,964 [django.server:187] [basehttp:log_message] [WARNING] "GET /factory/static/js/jquery.slimscroll.js HTTP/1.1" 404 2735
2023-04-12 15:23:43,974 [django.server:187] [basehttp:log_message] [WARNING] "GET /factory/static/js/waves.js HTTP/1.1" 404 2699
2023-04-12 15:23:43,974 [django.server:80] [basehttp:handle_error] [INFO] - Broken pipe from ('127.0.0.1', 55573)
2023-04-12 15:23:43,980 [django.server:187] [basehttp:log_message] [WARNING] "GET /factory/static/js/jquery.nicescroll.js HTTP/1.1" 404 2735
2023-04-12 15:23:43,987 [django.server:187] [basehttp:log_message] [WARNING] "GET /factory/static/images/users/avatar-1.jpg HTTP/1.1" 404 2741
2023-04-12 15:23:43,988 [django.server:187] [basehttp:log_message] [WARNING] "GET /factory/static/js/jquery.scrollTo.min.js HTTP/1.1" 404 2741
2023-04-12 15:23:43,990 [django.server:80] [basehttp:handle_error] [INFO] - Broken pipe from ('127.0.0.1', 55588)
2023-04-12 15:23:43,991 [django.server:187] [basehttp:log_message] [WARNING] "GET /factory/static/images/logo-sm.png HTTP/1.1" 404 2720
2023-04-12 15:23:43,992 [django.server:187] [basehttp:log_message] [WARNING] "GET /factory/static/plugins/jquery-ui/jquery-ui.min.js HTTP/1.1" 404 2768
2023-04-12 15:23:43,999 [django.server:187] [basehttp:log_message] [WARNING] "GET /factory/static/plugins/fullcalendar/js/fullcalendar.min.js HTTP/1.1" 404 2795
2023-04-12 15:23:44,000 [django.server:187] [basehttp:log_message] [WARNING] "GET /factory/static/plugins/moment/moment.js HTTP/1.1" 404 2738
2023-04-12 15:23:44,001 [django.server:187] [basehttp:log_message] [WARNING] "GET /factory/static/pages/calendar-init.js HTTP/1.1" 404 2732
2023-04-12 15:23:44,002 [django.server:187] [basehttp:log_message] [WARNING] "GET /factory/static/js/app.js HTTP/1.1" 404 2693
2023-04-12 15:24:34,404 [django.utils.autoreload:266] [autoreload:trigger_reload] [INFO] D:\项目\data_factory_platform\data_factory_platform\settings.py changed, reloading.
2023-04-12 15:24:35,799 [django.utils.autoreload:677] [autoreload:run_with_reloader] [INFO] Watching for file changes with StatReloader
2023-04-12 15:25:19,184 [django.server:187] [basehttp:log_message] [INFO] "GET /factory/get_intranet_config/ HTTP/1.1" 200 13935
2023-04-12 15:25:19,235 [django.server:187] [basehttp:log_message] [WARNING] "GET /factory/static/css/style.css HTTP/1.1" 404 2705
2023-04-12 15:25:19,235 [django.server:187] [basehttp:log_message] [WARNING] "GET /factory/static/css/bootstrap.min.css HTTP/1.1" 404 2729
2023-04-12 15:25:19,236 [django.server:187] [basehttp:log_message] [WARNING] "GET /factory/static/css/icons.css HTTP/1.1" 404 2705
2023-04-12 15:25:19,236 [django.server:187] [basehttp:log_message] [WARNING] "GET /factory/static/plugins/fullcalendar/css/fullcalendar.min.css HTTP/1.1" 404 2801
2023-04-12 15:25:19,268 [django.server:187] [basehttp:log_message] [WARNING] "GET /factory/static/js/bootstrap.bundle.min.js HTTP/1.1" 404 2744
2023-04-12 15:25:19,271 [django.server:187] [basehttp:log_message] [WARNING] "GET /factory/static/js/jquery.min.js HTTP/1.1" 404 2714
2023-04-12 15:25:19,275 [django.server:187] [basehttp:log_message] [WARNING] "GET /factory/static/js/modernizr.min.js HTTP/1.1" 404 2723
2023-04-12 15:25:19,276 [django.server:80] [basehttp:handle_error] [INFO] - Broken pipe from ('127.0.0.1', 55918)
2023-04-12 15:25:19,276 [django.server:187] [basehttp:log_message] [WARNING] "GET /factory/static/js/jquery.slimscroll.js HTTP/1.1" 404 2735
2023-04-12 15:25:19,280 [django.server:80] [basehttp:handle_error] [INFO] - Broken pipe from ('127.0.0.1', 55919)
2023-04-12 15:25:19,281 [django.server:187] [basehttp:log_message] [WARNING] "GET /factory/static/js/jquery.nicescroll.js HTTP/1.1" 404 2735
2023-04-12 15:25:19,282 [django.server:187] [basehttp:log_message] [WARNING] "GET /factory/static/js/waves.js HTTP/1.1" 404 2699
2023-04-12 15:25:19,283 [django.server:187] [basehttp:log_message] [WARNING] "GET /factory/static/images/logo-sm.png HTTP/1.1" 404 2720
2023-04-12 15:25:19,284 [django.server:187] [basehttp:log_message] [WARNING] "GET /factory/static/images/users/avatar-1.jpg HTTP/1.1" 404 2741
2023-04-12 15:25:19,314 [django.server:187] [basehttp:log_message] [WARNING] "GET /factory/static/plugins/jquery-ui/jquery-ui.min.js HTTP/1.1" 404 2768
2023-04-12 15:25:19,316 [django.server:80] [basehttp:handle_error] [INFO] - Broken pipe from ('127.0.0.1', 55922)
2023-04-12 15:25:19,317 [django.server:187] [basehttp:log_message] [WARNING] "GET /factory/static/plugins/moment/moment.js HTTP/1.1" 404 2738
2023-04-12 15:25:19,318 [django.server:187] [basehttp:log_message] [WARNING] "GET /factory/static/pages/calendar-init.js HTTP/1.1" 404 2732
2023-04-12 15:25:19,318 [django.server:187] [basehttp:log_message] [WARNING] "GET /factory/static/js/jquery.scrollTo.min.js HTTP/1.1" 404 2741
2023-04-12 15:25:19,319 [django.server:187] [basehttp:log_message] [WARNING] "GET /factory/static/js/app.js HTTP/1.1" 404 2693
2023-04-12 15:25:19,319 [django.server:187] [basehttp:log_message] [WARNING] "GET /factory/static/plugins/fullcalendar/js/fullcalendar.min.js HTTP/1.1" 404 2795
2023-04-12 15:25:24,011 [django.server:187] [basehttp:log_message] [INFO] "GET /factory/index/ HTTP/1.1" 200 12836
2023-04-12 15:25:24,053 [django.server:187] [basehttp:log_message] [WARNING] "GET /factory/static/css/style.css HTTP/1.1" 404 2705
2023-04-12 15:25:24,054 [django.server:187] [basehttp:log_message] [WARNING] "GET /factory/static/css/bootstrap.min.css HTTP/1.1" 404 2729
2023-04-12 15:25:24,054 [django.server:187] [basehttp:log_message] [WARNING] "GET /factory/static/css/icons.css HTTP/1.1" 404 2705
2023-04-12 15:25:24,055 [django.server:187] [basehttp:log_message] [WARNING] "GET /factory/static/plugins/fullcalendar/css/fullcalendar.min.css HTTP/1.1" 404 2801
2023-04-12 15:25:24,081 [django.server:187] [basehttp:log_message] [WARNING] "GET /factory/static/js/jquery.nicescroll.js HTTP/1.1" 404 2735
2023-04-12 15:25:24,081 [django.server:187] [basehttp:log_message] [WARNING] "GET /factory/static/js/jquery.min.js HTTP/1.1" 404 2714
2023-04-12 15:25:24,082 [django.server:187] [basehttp:log_message] [WARNING] "GET /factory/static/js/waves.js HTTP/1.1" 404 2699
2023-04-12 15:25:24,083 [django.server:187] [basehttp:log_message] [WARNING] "GET /factory/static/js/bootstrap.bundle.min.js HTTP/1.1" 404 2744
2023-04-12 15:25:24,083 [django.server:187] [basehttp:log_message] [WARNING] "GET /factory/static/js/jquery.slimscroll.js HTTP/1.1" 404 2735
2023-04-12 15:25:24,085 [django.server:187] [basehttp:log_message] [WARNING] "GET /factory/static/js/modernizr.min.js HTTP/1.1" 404 2723
2023-04-12 15:25:24,106 [django.server:187] [basehttp:log_message] [WARNING] "GET /factory/static/plugins/jquery-ui/jquery-ui.min.js HTTP/1.1" 404 2768
2023-04-12 15:25:24,108 [django.server:187] [basehttp:log_message] [WARNING] "GET /factory/static/js/app.js HTTP/1.1" 404 2693
2023-04-12 15:25:24,111 [django.server:187] [basehttp:log_message] [WARNING] "GET /factory/static/js/jquery.scrollTo.min.js HTTP/1.1" 404 2741
2023-04-12 15:25:24,115 [django.server:187] [basehttp:log_message] [WARNING] "GET /factory/static/pages/calendar-init.js HTTP/1.1" 404 2732
2023-04-12 15:25:24,117 [django.server:187] [basehttp:log_message] [WARNING] "GET /factory/static/plugins/moment/moment.js HTTP/1.1" 404 2738
2023-04-12 15:25:24,117 [django.server:187] [basehttp:log_message] [WARNING] "GET /factory/static/plugins/fullcalendar/js/fullcalendar.min.js HTTP/1.1" 404 2795
2023-04-12 15:25:24,119 [django.server:187] [basehttp:log_message] [WARNING] "GET /factory/static/images/logo-sm.png HTTP/1.1" 404 2720
2023-04-12 15:25:24,119 [django.server:187] [basehttp:log_message] [WARNING] "GET /factory/static/images/users/avatar-1.jpg HTTP/1.1" 404 2741
2023-04-12 15:26:05,354 [django.server:187] [basehttp:log_message] [WARNING] "GET /factory/static/css/icons.css HTTP/1.1" 404 2705
2023-04-12 15:26:05,354 [django.server:187] [basehttp:log_message] [WARNING] "GET /factory/static/css/style.css HTTP/1.1" 404 2705
2023-04-12 15:26:05,355 [django.server:187] [basehttp:log_message] [WARNING] "GET /factory/static/plugins/fullcalendar/css/fullcalendar.min.css HTTP/1.1" 404 2801
2023-04-12 15:26:05,356 [django.server:187] [basehttp:log_message] [WARNING] "GET /factory/static/css/bootstrap.min.css HTTP/1.1" 404 2729
2023-04-12 15:29:58,343 [django.server:187] [basehttp:log_message] [INFO] "GET /factory/index/ HTTP/1.1" 200 12943
2023-04-12 15:29:58,392 [django.server:187] [basehttp:log_message] [WARNING] "GET /factory/static/css/bootstrap.min.css HTTP/1.1" 404 2729
2023-04-12 15:29:58,393 [django.server:80] [basehttp:handle_error] [INFO] - Broken pipe from ('127.0.0.1', 55948)
2023-04-12 15:29:58,394 [django.server:187] [basehttp:log_message] [WARNING] "GET /factory/static/plugins/fullcalendar/css/fullcalendar.min.css HTTP/1.1" 404 2801
2023-04-12 15:29:58,394 [django.server:187] [basehttp:log_message] [WARNING] "GET /factory/static/css/style.css HTTP/1.1" 404 2705
2023-04-12 15:29:58,400 [django.server:187] [basehttp:log_message] [WARNING] "GET /factory/static/js/jquery.min.js HTTP/1.1" 404 2714
2023-04-12 15:29:58,402 [django.server:187] [basehttp:log_message] [WARNING] "GET /factory/static/js/bootstrap.bundle.min.js HTTP/1.1" 404 2744
2023-04-12 15:29:58,411 [django.server:187] [basehttp:log_message] [WARNING] "GET /factory/static/js/jquery.slimscroll.js HTTP/1.1" 404 2735
2023-04-12 15:29:58,418 [django.server:187] [basehttp:log_message] [WARNING] "GET /factory/static/css/icons.css HTTP/1.1" 404 2705
2023-04-12 15:29:58,435 [django.server:187] [basehttp:log_message] [WARNING] "GET /factory/static/js/modernizr.min.js HTTP/1.1" 404 2723
2023-04-12 15:29:58,436 [django.server:187] [basehttp:log_message] [WARNING] "GET /factory/static/js/waves.js HTTP/1.1" 404 2699
2023-04-12 15:29:58,440 [django.server:187] [basehttp:log_message] [WARNING] "GET /factory/static/js/jquery.scrollTo.min.js HTTP/1.1" 404 2741
2023-04-12 15:29:58,443 [django.server:187] [basehttp:log_message] [WARNING] "GET /factory/static/js/jquery.nicescroll.js HTTP/1.1" 404 2735
2023-04-12 15:29:58,450 [django.server:187] [basehttp:log_message] [WARNING] "GET /factory/static/plugins/jquery-ui/jquery-ui.min.js HTTP/1.1" 404 2768
2023-04-12 15:29:58,460 [django.server:187] [basehttp:log_message] [WARNING] "GET /factory/static/plugins/moment/moment.js HTTP/1.1" 404 2738
2023-04-12 15:29:58,468 [django.server:80] [basehttp:handle_error] [INFO] - Broken pipe from ('127.0.0.1', 55921)
2023-04-12 15:29:58,469 [django.server:187] [basehttp:log_message] [WARNING] "GET /factory/static/images/users/avatar-1.jpg HTTP/1.1" 404 2741
2023-04-12 15:29:58,471 [django.server:187] [basehttp:log_message] [WARNING] "GET /factory/static/plugins/fullcalendar/js/fullcalendar.min.js HTTP/1.1" 404 2795
2023-04-12 15:29:58,472 [django.server:187] [basehttp:log_message] [WARNING] "GET /factory/static/images/logo-sm.png HTTP/1.1" 404 2720
2023-04-12 15:29:58,473 [django.server:187] [basehttp:log_message] [WARNING] "GET /factory/static/pages/calendar-init.js HTTP/1.1" 404 2732
2023-04-12 15:29:58,473 [django.server:187] [basehttp:log_message] [WARNING] "GET /factory/static/js/app.js HTTP/1.1" 404 2693
2023-04-12 15:31:57,200 [django.server:187] [basehttp:log_message] [INFO] "GET /factory/index/ HTTP/1.1" 200 12882
2023-04-12 15:31:57,227 [django.server:187] [basehttp:log_message] [WARNING] "GET /factory/static/css/bootstrap.min.css HTTP/1.1" 404 2729
2023-04-12 15:31:57,269 [django.server:187] [basehttp:log_message] [WARNING] "GET /factory/static/plugins/fullcalendar/css/fullcalendar.min.css HTTP/1.1" 404 2801
2023-04-12 15:31:57,271 [django.server:187] [basehttp:log_message] [WARNING] "GET /factory/static/css/icons.css HTTP/1.1" 404 2705
2023-04-12 15:31:57,272 [django.server:187] [basehttp:log_message] [WARNING] "GET /factory/static/css/style.css HTTP/1.1" 404 2705
2023-04-12 15:31:57,273 [django.server:187] [basehttp:log_message] [WARNING] "GET /factory/static/js/jquery.min.js HTTP/1.1" 404 2714
2023-04-12 15:31:57,274 [django.server:187] [basehttp:log_message] [WARNING] "GET /factory/static/js/bootstrap.bundle.min.js HTTP/1.1" 404 2744
2023-04-12 15:31:57,274 [django.server:187] [basehttp:log_message] [WARNING] "GET /factory/static/js/modernizr.min.js HTTP/1.1" 404 2723
2023-04-12 15:31:57,338 [django.server:187] [basehttp:log_message] [WARNING] "GET /factory/static/images/users/avatar-1.jpg HTTP/1.1" 404 2741
2023-04-12 15:31:57,340 [django.server:187] [basehttp:log_message] [WARNING] "GET /factory/static/images/logo-sm.png HTTP/1.1" 404 2720
2023-04-12 15:31:57,345 [django.server:187] [basehttp:log_message] [WARNING] "GET /factory/static/js/jquery.nicescroll.js HTTP/1.1" 404 2735
2023-04-12 15:31:57,346 [django.server:187] [basehttp:log_message] [WARNING] "GET /factory/static/js/waves.js HTTP/1.1" 404 2699
2023-04-12 15:31:57,350 [django.server:187] [basehttp:log_message] [WARNING] "GET /factory/static/js/jquery.scrollTo.min.js HTTP/1.1" 404 2741
2023-04-12 15:31:57,368 [django.server:187] [basehttp:log_message] [WARNING] "GET /factory/static/plugins/jquery-ui/jquery-ui.min.js HTTP/1.1" 404 2768
2023-04-12 15:31:57,368 [django.server:187] [basehttp:log_message] [WARNING] "GET /factory/static/js/jquery.slimscroll.js HTTP/1.1" 404 2735
2023-04-12 15:31:57,380 [django.server:187] [basehttp:log_message] [WARNING] "GET /factory/static/plugins/moment/moment.js HTTP/1.1" 404 2738
2023-04-12 15:31:57,382 [django.server:187] [basehttp:log_message] [WARNING] "GET /factory/static/pages/calendar-init.js HTTP/1.1" 404 2732
2023-04-12 15:31:57,385 [django.server:187] [basehttp:log_message] [WARNING] "GET /factory/static/js/app.js HTTP/1.1" 404 2693
2023-04-12 15:31:57,401 [django.server:187] [basehttp:log_message] [WARNING] "GET /factory/static/plugins/fullcalendar/js/fullcalendar.min.js HTTP/1.1" 404 2795
2023-04-12 15:34:31,347 [django.server:187] [basehttp:log_message] [INFO] "GET /factory/index/ HTTP/1.1" 200 12874
2023-04-12 15:34:31,380 [django.server:187] [basehttp:log_message] [WARNING] "GET /factory/static/js/jquery.min.js HTTP/1.1" 404 2714
2023-04-12 15:34:31,380 [django.server:187] [basehttp:log_message] [WARNING] "GET /factory/static/js/bootstrap.bundle.min.js HTTP/1.1" 404 2744
2023-04-12 15:34:31,395 [django.server:187] [basehttp:log_message] [WARNING] "GET /factory/static/js/modernizr.min.js HTTP/1.1" 404 2723
2023-04-12 15:34:31,396 [django.server:187] [basehttp:log_message] [WARNING] "GET /factory/static/js/jquery.slimscroll.js HTTP/1.1" 404 2735
2023-04-12 15:34:31,407 [django.server:187] [basehttp:log_message] [WARNING] "GET /factory/static/js/waves.js HTTP/1.1" 404 2699
2023-04-12 15:34:31,407 [django.server:187] [basehttp:log_message] [WARNING] "GET /factory/static/js/jquery.nicescroll.js HTTP/1.1" 404 2735
2023-04-12 15:34:31,419 [django.server:187] [basehttp:log_message] [WARNING] "GET /factory/static/plugins/jquery-ui/jquery-ui.min.js HTTP/1.1" 404 2768
2023-04-12 15:34:31,419 [django.server:187] [basehttp:log_message] [WARNING] "GET /factory/static/js/jquery.scrollTo.min.js HTTP/1.1" 404 2741
2023-04-12 15:34:31,435 [django.server:187] [basehttp:log_message] [WARNING] "GET /factory/static/plugins/fullcalendar/js/fullcalendar.min.js HTTP/1.1" 404 2795
2023-04-12 15:34:31,435 [django.server:187] [basehttp:log_message] [WARNING] "GET /factory/static/plugins/moment/moment.js HTTP/1.1" 404 2738
2023-04-12 15:34:31,436 [django.server:187] [basehttp:log_message] [INFO] "GET /static/plugins/fullcalendar/css/fullcalendar.min.css HTTP/1.1" 200 13709
2023-04-12 15:34:31,437 [django.server:187] [basehttp:log_message] [INFO] "GET /static/css/style.css HTTP/1.1" 200 83156
2023-04-12 15:34:31,451 [django.server:187] [basehttp:log_message] [INFO] "GET /static/css/bootstrap.min.css HTTP/1.1" 200 203848
2023-04-12 15:34:31,452 [django.server:187] [basehttp:log_message] [INFO] "GET /static/css/icons.css HTTP/1.1" 200 253084
2023-04-12 15:34:31,455 [django.server:187] [basehttp:log_message] [WARNING] "GET /factory/static/pages/calendar-init.js HTTP/1.1" 404 2732
2023-04-12 15:34:31,456 [django.server:187] [basehttp:log_message] [WARNING] "GET /factory/static/images/users/avatar-1.jpg HTTP/1.1" 404 2741
2023-04-12 15:34:31,457 [django.server:187] [basehttp:log_message] [WARNING] "GET /factory/static/js/app.js HTTP/1.1" 404 2693
2023-04-12 15:34:31,457 [django.server:187] [basehttp:log_message] [WARNING] "GET /factory/static/images/logo-sm.png HTTP/1.1" 404 2720
2023-04-12 15:34:31,835 [django.server:187] [basehttp:log_message] [INFO] "GET /static/fonts/materialdesignicons-webfont.woff2?v=1.6.50 HTTP/1.1" 200 90140
2023-04-12 15:34:31,843 [django.server:187] [basehttp:log_message] [WARNING] "GET /static/css/bootstrap.min.css.map HTTP/1.1" 404 1834
2023-04-12 15:34:31,843 [django.server:187] [basehttp:log_message] [INFO] "GET /static/fonts/dripicons-v2.woff HTTP/1.1" 200 26004
2023-04-12 15:34:31,845 [django.server:187] [basehttp:log_message] [INFO] "GET /static/fonts/ionicons.ttf?v=1.5.0 HTTP/1.1" 200 164548
2023-04-12 15:34:31,846 [django.server:187] [basehttp:log_message] [INFO] "GET /static/css/style.css.map HTTP/1.1" 200 91053
2023-04-12 15:34:31,847 [django.server:187] [basehttp:log_message] [INFO] "GET /static/css/icons.css.map HTTP/1.1" 200 301689
2023-04-12 15:37:51,662 [django.server:187] [basehttp:log_message] [INFO] "GET /factory/index/ HTTP/1.1" 200 12850
2023-04-12 15:37:51,685 [django.server:187] [basehttp:log_message] [INFO] "GET /static/js/modernizr.min.js HTTP/1.1" 200 11084
2023-04-12 15:37:51,686 [django.server:187] [basehttp:log_message] [INFO] "GET /static/js/jquery.slimscroll.js HTTP/1.1" 200 13832
2023-04-12 15:37:51,687 [django.server:187] [basehttp:log_message] [INFO] "GET /static/js/jquery.min.js HTTP/1.1" 200 86927
2023-04-12 15:37:51,687 [django.server:187] [basehttp:log_message] [INFO] "GET /static/js/bootstrap.bundle.min.js HTTP/1.1" 200 78635
2023-04-12 15:37:51,688 [django.server:187] [basehttp:log_message] [INFO] "GET /static/js/waves.js HTTP/1.1" 200 69263
2023-04-12 15:37:51,688 [django.server:187] [basehttp:log_message] [INFO] "GET /static/js/jquery.scrollTo.min.js HTTP/1.1" 200 2447
2023-04-12 15:37:51,694 [django.server:187] [basehttp:log_message] [INFO] "GET /static/js/jquery.nicescroll.js HTTP/1.1" 200 119939
2023-04-12 15:37:51,694 [django.server:187] [basehttp:log_message] [INFO] "GET /static/pages/calendar-init.js HTTP/1.1" 200 5502
2023-04-12 15:37:51,695 [django.server:187] [basehttp:log_message] [INFO] "GET /static/js/app.js HTTP/1.1" 200 6452
2023-04-12 15:37:51,696 [django.server:187] [basehttp:log_message] [INFO] "GET /static/plugins/fullcalendar/js/fullcalendar.min.js HTTP/1.1" 200 118884
2023-04-12 15:37:51,697 [django.server:187] [basehttp:log_message] [INFO] "GET /static/plugins/moment/moment.js HTTP/1.1" 200 150941
2023-04-12 15:37:51,698 [django.server:187] [basehttp:log_message] [INFO] "GET /static/plugins/jquery-ui/jquery-ui.min.js HTTP/1.1" 200 253668
2023-04-12 15:37:51,709 [django.server:187] [basehttp:log_message] [WARNING] "GET /factory/static/images/logo-sm.png HTTP/1.1" 404 2720
2023-04-12 15:37:51,710 [django.server:187] [basehttp:log_message] [WARNING] "GET /factory/static/images/users/avatar-1.jpg HTTP/1.1" 404 2741
2023-04-12 15:38:31,972 [django.server:187] [basehttp:log_message] [INFO] "GET /factory/get_intranet_config/ HTTP/1.1" 200 13949
2023-04-12 15:38:32,004 [django.server:187] [basehttp:log_message] [WARNING] "GET /factory/static/images/logo-sm.png HTTP/1.1" 404 2720
2023-04-12 15:38:32,005 [django.server:187] [basehttp:log_message] [WARNING] "GET /factory/static/images/users/avatar-1.jpg HTTP/1.1" 404 2741
2023-04-12 15:38:36,451 [django.server:187] [basehttp:log_message] [INFO] "GET /factory/get_intranet_config/ HTTP/1.1" 200 13949
2023-04-12 15:38:36,472 [django.server:187] [basehttp:log_message] [WARNING] "GET /factory/static/images/users/avatar-1.jpg HTTP/1.1" 404 2741
2023-04-12 15:38:36,472 [django.server:187] [basehttp:log_message] [WARNING] "GET /factory/static/images/logo-sm.png HTTP/1.1" 404 2720
2023-04-12 15:38:49,782 [django.server:187] [basehttp:log_message] [WARNING] "GET /factory/get_intranet_config/form-elements.html HTTP/1.1" 404 2759
2023-04-12 15:38:49,808 [django.server:187] [basehttp:log_message] [WARNING] "GET /favicon.ico HTTP/1.1" 404 2233
2023-04-12 15:38:52,936 [django.server:187] [basehttp:log_message] [INFO] "GET /factory/get_intranet_config/ HTTP/1.1" 200 13949
2023-04-12 15:38:52,961 [django.server:187] [basehttp:log_message] [WARNING] "GET /factory/static/images/users/avatar-1.jpg HTTP/1.1" 404 2741
2023-04-12 15:38:52,961 [django.server:187] [basehttp:log_message] [WARNING] "GET /factory/static/images/logo-sm.png HTTP/1.1" 404 2720
2023-04-12 15:40:51,076 [django.server:187] [basehttp:log_message] [INFO] "GET /factory/get_intranet_config/ HTTP/1.1" 200 13949
2023-04-12 15:40:51,097 [django.server:187] [basehttp:log_message] [WARNING] "GET /factory/static/images/logo-sm.png HTTP/1.1" 404 2720
2023-04-12 15:40:51,098 [django.server:187] [basehttp:log_message] [WARNING] "GET /factory/static/images/users/avatar-1.jpg HTTP/1.1" 404 2741
2023-04-12 15:40:55,036 [django.server:187] [basehttp:log_message] [INFO] "GET /factory/get_intranet_config/ HTTP/1.1" 200 13945
2023-04-12 15:40:55,064 [django.server:187] [basehttp:log_message] [WARNING] "GET /factory/static/images/logo-sm.png HTTP/1.1" 404 2720
2023-04-12 15:40:55,064 [django.server:187] [basehttp:log_message] [WARNING] "GET /factory/static/images/users/avatar-1.jpg HTTP/1.1" 404 2741
2023-04-12 15:40:59,424 [django.server:187] [basehttp:log_message] [WARNING] "GET /factory/get_intranet_config/intranet_data_config.html HTTP/1.1" 404 2780
2023-04-12 15:41:01,899 [django.server:187] [basehttp:log_message] [WARNING] "GET /factory/get_intranet_config/intranet_data_config.html HTTP/1.1" 404 2780
2023-04-12 15:41:09,820 [django.server:187] [basehttp:log_message] [INFO] "GET /factory/get_intranet_config/ HTTP/1.1" 200 13945
2023-04-12 15:41:09,843 [django.server:187] [basehttp:log_message] [WARNING] "GET /factory/static/images/logo-sm.png HTTP/1.1" 404 2720
2023-04-12 15:41:09,843 [django.server:187] [basehttp:log_message] [WARNING] "GET /factory/static/images/users/avatar-1.jpg HTTP/1.1" 404 2741
2023-04-12 15:41:18,214 [django.server:187] [basehttp:log_message] [WARNING] "GET /factory/get_intranet_config/intranet_data_config.html HTTP/1.1" 404 2780
2023-04-12 15:41:22,149 [django.server:187] [basehttp:log_message] [INFO] "GET /factory/get_intranet_config/ HTTP/1.1" 200 13945
2023-04-12 15:41:22,173 [django.server:187] [basehttp:log_message] [WARNING] "GET /factory/static/images/users/avatar-1.jpg HTTP/1.1" 404 2741
2023-04-12 15:41:22,173 [django.server:187] [basehttp:log_message] [WARNING] "GET /factory/static/images/logo-sm.png HTTP/1.1" 404 2720
2023-04-12 15:41:25,373 [django.server:187] [basehttp:log_message] [WARNING] "GET /factory/get_intranet_config/intranet_data_config.html HTTP/1.1" 404 2780
2023-04-12 15:41:36,843 [django.server:187] [basehttp:log_message] [INFO] "GET /factory/get_intranet_config/ HTTP/1.1" 200 13945
2023-04-12 15:41:36,861 [django.server:187] [basehttp:log_message] [WARNING] "GET /factory/static/images/logo-sm.png HTTP/1.1" 404 2720
2023-04-12 15:41:36,871 [django.server:187] [basehttp:log_message] [WARNING] "GET /factory/static/images/users/avatar-1.jpg HTTP/1.1" 404 2741
2023-04-12 15:41:55,782 [django.utils.autoreload:677] [autoreload:run_with_reloader] [INFO] Watching for file changes with StatReloader
2023-04-12 15:41:57,589 [django.server:187] [basehttp:log_message] [INFO] "GET /factory/index/ HTTP/1.1" 200 12846
2023-04-12 15:41:57,678 [django.server:187] [basehttp:log_message] [WARNING] "GET /factory/static/images/users/avatar-1.jpg HTTP/1.1" 404 2741
2023-04-12 15:41:57,679 [django.server:187] [basehttp:log_message] [WARNING] "GET /factory/static/images/logo-sm.png HTTP/1.1" 404 2720
2023-04-12 15:42:00,350 [django.server:187] [basehttp:log_message] [WARNING] "GET /factory/index/intranet_data_config.html HTTP/1.1" 404 2738
2023-04-12 15:42:32,606 [django.server:187] [basehttp:log_message] [WARNING] "GET /factory/index/intranet_data_config.html HTTP/1.1" 404 2738
2023-04-12 15:42:37,451 [django.server:187] [basehttp:log_message] [WARNING] "GET /factory/index/intranet_data_config.html HTTP/1.1" 404 2738
2023-04-12 15:42:40,650 [django.server:187] [basehttp:log_message] [INFO] "GET /factory/index/ HTTP/1.1" 200 12850
2023-04-12 15:42:40,686 [django.server:187] [basehttp:log_message] [WARNING] "GET /factory/static/images/logo-sm.png HTTP/1.1" 404 2720
2023-04-12 15:42:40,690 [django.server:187] [basehttp:log_message] [WARNING] "GET /factory/static/images/users/avatar-1.jpg HTTP/1.1" 404 2741
2023-04-12 15:42:42,529 [django.server:187] [basehttp:log_message] [INFO] "GET /factory/get_intranet_config/ HTTP/1.1" 200 13949
2023-04-12 15:42:42,577 [django.server:187] [basehttp:log_message] [WARNING] "GET /factory/static/images/logo-sm.png HTTP/1.1" 404 2720
2023-04-12 15:42:42,577 [django.server:187] [basehttp:log_message] [WARNING] "GET /factory/static/images/users/avatar-1.jpg HTTP/1.1" 404 2741
2023-04-12 15:44:19,541 [django.server:187] [basehttp:log_message] [WARNING] "GET /factory/get_intranet_config/index.html HTTP/1.1" 404 2735
2023-04-12 15:44:40,927 [django.server:187] [basehttp:log_message] [INFO] "GET /factory/get_intranet_config/ HTTP/1.1" 200 13949
2023-04-12 15:44:40,951 [django.server:187] [basehttp:log_message] [WARNING] "GET /factory/static/images/logo-sm.png HTTP/1.1" 404 2720
2023-04-12 15:44:40,951 [django.server:187] [basehttp:log_message] [WARNING] "GET /factory/static/images/users/avatar-1.jpg HTTP/1.1" 404 2741
2023-04-12 15:55:59,840 [django.server:187] [basehttp:log_message] [INFO] "GET /factory/get_intranet_config/ HTTP/1.1" 200 13949
2023-04-12 15:55:59,861 [django.server:187] [basehttp:log_message] [WARNING] "GET /factory/static/images/logo-sm.png HTTP/1.1" 404 2720
2023-04-12 15:55:59,868 [django.server:187] [basehttp:log_message] [WARNING] "GET /factory/static/images/users/avatar-1.jpg HTTP/1.1" 404 2741
2023-04-12 16:47:14,242 [django.server:187] [basehttp:log_message] [INFO] "GET /factory/get_intranet_config/ HTTP/1.1" 200 13890
2023-04-12 16:47:14,273 [django.server:187] [basehttp:log_message] [INFO] "GET /static/css/bootstrap.min.css HTTP/1.1" 304 0
2023-04-12 16:47:14,304 [django.server:187] [basehttp:log_message] [WARNING] "GET /factory/static/images/users/avatar-1.jpg HTTP/1.1" 404 2741
2023-04-12 16:47:14,305 [django.server:187] [basehttp:log_message] [WARNING] "GET /factory/static/images/logo-sm.png HTTP/1.1" 404 2720
2023-04-12 16:49:03,821 [django.server:187] [basehttp:log_message] [INFO] "GET /factory/get_intranet_config/ HTTP/1.1" 200 13890
2023-04-12 16:49:03,846 [django.server:187] [basehttp:log_message] [WARNING] "GET /factory/static/images/logo-sm.png HTTP/1.1" 404 2720
2023-04-12 16:49:03,847 [django.server:187] [basehttp:log_message] [WARNING] "GET /factory/static/images/users/avatar-1.jpg HTTP/1.1" 404 2741
2023-04-12 16:49:09,975 [django.server:187] [basehttp:log_message] [INFO] "GET /factory/get_intranet_config/ HTTP/1.1" 200 13896
2023-04-12 16:49:10,020 [django.server:187] [basehttp:log_message] [WARNING] "GET /factory/static/images/logo-sm.png HTTP/1.1" 404 2720
2023-04-12 16:49:10,021 [django.server:187] [basehttp:log_message] [WARNING] "GET /factory/static/images/users/avatar-1.jpg HTTP/1.1" 404 2741
2023-04-12 16:53:45,017 [django.server:187] [basehttp:log_message] [INFO] "GET /factory/get_intranet_config/ HTTP/1.1" 200 13537
2023-04-12 16:53:45,056 [django.server:187] [basehttp:log_message] [WARNING] "GET /factory/static/images/logo-sm.png HTTP/1.1" 404 2720
2023-04-12 16:53:45,086 [django.server:187] [basehttp:log_message] [WARNING] "GET /factory/static/images/users/avatar-1.jpg HTTP/1.1" 404 2741
2023-04-12 16:53:47,630 [django.server:187] [basehttp:log_message] [INFO] "GET /factory/get_intranet_config/ HTTP/1.1" 200 13537
2023-04-12 16:53:47,653 [django.server:187] [basehttp:log_message] [WARNING] "GET /factory/static/images/users/avatar-1.jpg HTTP/1.1" 404 2741
2023-04-12 16:53:47,654 [django.server:187] [basehttp:log_message] [WARNING] "GET /factory/static/images/logo-sm.png HTTP/1.1" 404 2720
2023-04-12 16:54:24,528 [django.server:187] [basehttp:log_message] [INFO] "GET /factory/get_intranet_config/ HTTP/1.1" 200 13537
2023-04-12 16:54:24,552 [django.server:187] [basehttp:log_message] [WARNING] "GET /factory/static/images/users/avatar-1.jpg HTTP/1.1" 404 2741
2023-04-12 16:54:24,552 [django.server:187] [basehttp:log_message] [WARNING] "GET /factory/static/images/logo-sm.png HTTP/1.1" 404 2720
2023-04-12 16:54:26,911 [django.server:187] [basehttp:log_message] [INFO] "GET /factory/get_intranet_config/ HTTP/1.1" 200 13570
2023-04-12 16:54:26,953 [django.server:187] [basehttp:log_message] [WARNING] "GET /factory/static/images/logo-sm.png HTTP/1.1" 404 2720
2023-04-12 16:54:26,954 [django.server:187] [basehttp:log_message] [WARNING] "GET /factory/static/images/users/avatar-1.jpg HTTP/1.1" 404 2741
2023-04-12 16:54:37,967 [django.server:187] [basehttp:log_message] [INFO] "GET /factory/get_intranet_config/ HTTP/1.1" 200 13561
2023-04-12 16:54:38,039 [django.server:187] [basehttp:log_message] [WARNING] "GET /factory/static/images/users/avatar-1.jpg HTTP/1.1" 404 2741
2023-04-12 16:54:38,039 [django.server:187] [basehttp:log_message] [WARNING] "GET /factory/static/images/logo-sm.png HTTP/1.1" 404 2720
2023-04-12 16:57:53,717 [django.server:187] [basehttp:log_message] [INFO] "GET /factory/get_intranet_config/ HTTP/1.1" 200 13849
2023-04-12 16:57:53,735 [django.server:187] [basehttp:log_message] [WARNING] "GET /factory/static/images/logo-sm.png HTTP/1.1" 404 2720
2023-04-12 16:57:53,745 [django.server:187] [basehttp:log_message] [WARNING] "GET /factory/static/images/users/avatar-1.jpg HTTP/1.1" 404 2741
2023-04-12 17:04:51,268 [django.server:187] [basehttp:log_message] [INFO] "GET /factory/get_intranet_config/ HTTP/1.1" 200 13896
2023-04-12 17:04:51,297 [django.server:187] [basehttp:log_message] [WARNING] "GET /factory/static/images/logo-sm.png HTTP/1.1" 404 2720
2023-04-12 17:04:51,298 [django.server:187] [basehttp:log_message] [WARNING] "GET /factory/static/images/users/avatar-1.jpg HTTP/1.1" 404 2741
2023-04-12 17:05:21,167 [django.server:187] [basehttp:log_message] [INFO] "GET /factory/get_intranet_config/ HTTP/1.1" 200 13900
2023-04-12 17:05:21,216 [django.server:187] [basehttp:log_message] [WARNING] "GET /factory/static/images/logo-sm.png HTTP/1.1" 404 2720
2023-04-12 17:05:21,222 [django.server:187] [basehttp:log_message] [WARNING] "GET /factory/static/images/users/avatar-1.jpg HTTP/1.1" 404 2741
2023-04-12 17:05:38,606 [django.server:187] [basehttp:log_message] [INFO] "GET /factory/get_intranet_config/ HTTP/1.1" 200 13888
2023-04-12 17:05:38,628 [django.server:187] [basehttp:log_message] [WARNING] "GET /factory/static/images/logo-sm.png HTTP/1.1" 404 2720
2023-04-12 17:05:38,635 [django.server:187] [basehttp:log_message] [WARNING] "GET /factory/static/images/users/avatar-1.jpg HTTP/1.1" 404 2741
2023-04-12 17:06:27,665 [django.server:187] [basehttp:log_message] [INFO] "GET /factory/get_intranet_config/ HTTP/1.1" 200 13884
2023-04-12 17:06:27,704 [django.server:187] [basehttp:log_message] [WARNING] "GET /factory/static/images/logo-sm.png HTTP/1.1" 404 2720
2023-04-12 17:06:27,705 [django.server:187] [basehttp:log_message] [WARNING] "GET /factory/static/images/users/avatar-1.jpg HTTP/1.1" 404 2741
2023-04-12 17:07:36,975 [django.server:187] [basehttp:log_message] [INFO] "GET /factory/get_intranet_config/ HTTP/1.1" 200 13874
2023-04-12 17:07:37,003 [django.server:187] [basehttp:log_message] [WARNING] "GET /factory/static/images/logo-sm.png HTTP/1.1" 404 2720
2023-04-12 17:07:37,004 [django.server:187] [basehttp:log_message] [WARNING] "GET /factory/static/images/users/avatar-1.jpg HTTP/1.1" 404 2741
2023-04-12 17:07:54,360 [django.server:187] [basehttp:log_message] [INFO] "GET /factory/get_intranet_config/ HTTP/1.1" 200 13858
2023-04-12 17:07:54,388 [django.server:187] [basehttp:log_message] [WARNING] "GET /factory/static/images/users/avatar-1.jpg HTTP/1.1" 404 2741
2023-04-12 17:07:54,389 [django.server:187] [basehttp:log_message] [WARNING] "GET /factory/static/images/logo-sm.png HTTP/1.1" 404 2720
2023-04-12 17:08:25,039 [django.server:187] [basehttp:log_message] [INFO] "GET /factory/get_intranet_config/ HTTP/1.1" 200 13874
2023-04-12 17:08:25,077 [django.server:187] [basehttp:log_message] [WARNING] "GET /factory/static/images/logo-sm.png HTTP/1.1" 404 2720
2023-04-12 17:08:25,077 [django.server:187] [basehttp:log_message] [WARNING] "GET /factory/static/images/users/avatar-1.jpg HTTP/1.1" 404 2741
2023-04-12 17:10:55,124 [django.server:187] [basehttp:log_message] [INFO] "GET /factory/get_intranet_config/ HTTP/1.1" 200 13872
2023-04-12 17:10:55,142 [django.server:187] [basehttp:log_message] [WARNING] "GET /factory/static/images/logo-sm.png HTTP/1.1" 404 2720
2023-04-12 17:10:55,150 [django.server:187] [basehttp:log_message] [WARNING] "GET /factory/static/images/users/avatar-1.jpg HTTP/1.1" 404 2741
2023-04-12 17:10:55,208 [django.server:187] [basehttp:log_message] [INFO] "GET /static/fonts/mobirise.ttf?5dqoim HTTP/1.1" 200 54304
2023-04-12 17:16:48,447 [django.server:187] [basehttp:log_message] [INFO] "GET /factory/get_intranet_config/ HTTP/1.1" 200 13780
2023-04-12 17:16:48,472 [django.server:187] [basehttp:log_message] [WARNING] "GET /factory/static/images/logo-sm.png HTTP/1.1" 404 2720
2023-04-12 17:16:48,485 [django.server:187] [basehttp:log_message] [WARNING] "GET /factory/static/images/users/avatar-1.jpg HTTP/1.1" 404 2741
2023-04-12 17:17:05,909 [django.server:187] [basehttp:log_message] [INFO] "GET /factory/get_intranet_config/ HTTP/1.1" 200 13798
2023-04-12 17:17:05,950 [django.server:187] [basehttp:log_message] [WARNING] "GET /factory/static/images/users/avatar-1.jpg HTTP/1.1" 404 2741
2023-04-12 17:17:05,951 [django.server:187] [basehttp:log_message] [WARNING] "GET /factory/static/images/logo-sm.png HTTP/1.1" 404 2720
2023-04-12 17:17:53,523 [django.server:187] [basehttp:log_message] [INFO] "GET /factory/get_intranet_config/ HTTP/1.1" 200 13805
2023-04-12 17:17:53,546 [django.server:187] [basehttp:log_message] [WARNING] "GET /factory/static/images/logo-sm.png HTTP/1.1" 404 2720
2023-04-12 17:17:53,554 [django.server:187] [basehttp:log_message] [WARNING] "GET /factory/static/images/users/avatar-1.jpg HTTP/1.1" 404 2741
2023-04-12 17:18:55,645 [django.server:187] [basehttp:log_message] [INFO] "GET /factory/get_intranet_config/ HTTP/1.1" 200 13811
2023-04-12 17:18:55,664 [django.server:187] [basehttp:log_message] [INFO] "GET /static/css/bootstrap.min.css HTTP/1.1" 304 0
2023-04-12 17:18:55,680 [django.server:187] [basehttp:log_message] [WARNING] "GET /factory/static/images/logo-sm.png HTTP/1.1" 404 2720
2023-04-12 17:18:55,681 [django.server:187] [basehttp:log_message] [WARNING] "GET /factory/static/images/users/avatar-1.jpg HTTP/1.1" 404 2741
2023-04-12 17:20:44,670 [django.server:187] [basehttp:log_message] [INFO] "GET /factory/get_intranet_config/ HTTP/1.1" 200 13831
2023-04-12 17:20:44,698 [django.server:187] [basehttp:log_message] [WARNING] "GET /factory/static/images/logo-sm.png HTTP/1.1" 404 2720
2023-04-12 17:20:44,699 [django.server:187] [basehttp:log_message] [WARNING] "GET /factory/static/images/users/avatar-1.jpg HTTP/1.1" 404 2741
2023-04-12 17:21:38,966 [django.server:187] [basehttp:log_message] [INFO] "GET /factory/get_intranet_config/ HTTP/1.1" 200 13825
2023-04-12 17:21:38,991 [django.server:187] [basehttp:log_message] [WARNING] "GET /factory/static/images/logo-sm.png HTTP/1.1" 404 2720
2023-04-12 17:21:38,992 [django.server:187] [basehttp:log_message] [WARNING] "GET /factory/static/images/users/avatar-1.jpg HTTP/1.1" 404 2741
2023-04-12 17:22:03,469 [django.server:187] [basehttp:log_message] [INFO] "GET /factory/get_intranet_config/ HTTP/1.1" 200 13823
2023-04-12 17:22:03,520 [django.server:187] [basehttp:log_message] [WARNING] "GET /factory/static/images/users/avatar-1.jpg HTTP/1.1" 404 2741
2023-04-12 17:22:03,526 [django.server:187] [basehttp:log_message] [WARNING] "GET /factory/static/images/logo-sm.png HTTP/1.1" 404 2720
2023-04-12 17:22:21,087 [django.server:187] [basehttp:log_message] [INFO] "GET /factory/get_intranet_config/ HTTP/1.1" 200 13811
2023-04-12 17:22:21,113 [django.server:187] [basehttp:log_message] [WARNING] "GET /factory/static/images/logo-sm.png HTTP/1.1" 404 2720
2023-04-12 17:22:21,121 [django.server:187] [basehttp:log_message] [WARNING] "GET /factory/static/images/users/avatar-1.jpg HTTP/1.1" 404 2741
2023-04-12 17:26:56,185 [django.server:187] [basehttp:log_message] [INFO] "GET /factory/get_intranet_config/ HTTP/1.1" 200 14780
2023-04-12 17:26:56,300 [django.server:187] [basehttp:log_message] [WARNING] "GET /factory/static/images/users/avatar-1.jpg HTTP/1.1" 404 2741
2023-04-12 17:26:56,301 [django.server:187] [basehttp:log_message] [WARNING] "GET /factory/static/images/logo-sm.png HTTP/1.1" 404 2720
2023-04-12 17:27:57,526 [django.server:187] [basehttp:log_message] [INFO] "GET /factory/get_intranet_config/ HTTP/1.1" 200 14771
2023-04-12 17:27:57,609 [django.server:187] [basehttp:log_message] [WARNING] "GET /factory/static/images/users/avatar-1.jpg HTTP/1.1" 404 2741
2023-04-12 17:27:57,612 [django.server:187] [basehttp:log_message] [WARNING] "GET /factory/static/images/logo-sm.png HTTP/1.1" 404 2720
2023-04-12 17:28:14,932 [django.server:187] [basehttp:log_message] [INFO] "GET /factory/get_intranet_config/ HTTP/1.1" 200 14771
2023-04-12 17:28:14,991 [django.server:187] [basehttp:log_message] [WARNING] "GET /factory/static/images/users/avatar-1.jpg HTTP/1.1" 404 2741
2023-04-12 17:28:14,991 [django.server:187] [basehttp:log_message] [WARNING] "GET /factory/static/images/logo-sm.png HTTP/1.1" 404 2720
2023-04-12 17:28:23,626 [django.server:187] [basehttp:log_message] [INFO] "GET /factory/get_intranet_config/ HTTP/1.1" 200 14768
2023-04-12 17:28:23,680 [django.server:187] [basehttp:log_message] [WARNING] "GET /factory/static/images/users/avatar-1.jpg HTTP/1.1" 404 2741
2023-04-12 17:28:23,681 [django.server:187] [basehttp:log_message] [WARNING] "GET /factory/static/images/logo-sm.png HTTP/1.1" 404 2720
2023-04-12 17:28:48,175 [django.server:187] [basehttp:log_message] [INFO] "GET /factory/get_intranet_config/ HTTP/1.1" 200 14786
2023-04-12 17:28:48,205 [django.server:187] [basehttp:log_message] [WARNING] "GET /factory/static/images/logo-sm.png HTTP/1.1" 404 2720
2023-04-12 17:28:48,215 [django.server:187] [basehttp:log_message] [WARNING] "GET /factory/static/images/users/avatar-1.jpg HTTP/1.1" 404 2741
2023-04-12 17:29:46,737 [django.server:187] [basehttp:log_message] [INFO] "GET /factory/get_intranet_config/ HTTP/1.1" 200 14789
2023-04-12 17:29:46,769 [django.server:187] [basehttp:log_message] [WARNING] "GET /factory/static/images/logo-sm.png HTTP/1.1" 404 2720
2023-04-12 17:29:46,778 [django.server:187] [basehttp:log_message] [WARNING] "GET /factory/static/images/users/avatar-1.jpg HTTP/1.1" 404 2741
2023-04-12 17:33:22,890 [django.server:187] [basehttp:log_message] [INFO] "GET /factory/get_intranet_config/ HTTP/1.1" 200 15563
2023-04-12 17:33:22,910 [django.server:187] [basehttp:log_message] [WARNING] "GET /factory/static/images/logo-sm.png HTTP/1.1" 404 2720
2023-04-12 17:33:22,921 [django.server:187] [basehttp:log_message] [WARNING] "GET /factory/static/images/users/avatar-1.jpg HTTP/1.1" 404 2741
2023-04-12 17:38:19,491 [django.server:187] [basehttp:log_message] [INFO] "GET /factory/get_intranet_config/ HTTP/1.1" 200 16140
2023-04-12 17:38:19,549 [django.server:187] [basehttp:log_message] [WARNING] "GET /factory/static/images/logo-sm.png HTTP/1.1" 404 2720
2023-04-12 17:38:19,550 [django.server:187] [basehttp:log_message] [WARNING] "GET /factory/static/images/users/avatar-1.jpg HTTP/1.1" 404 2741
2023-04-12 17:38:41,446 [django.server:187] [basehttp:log_message] [INFO] "GET /factory/get_intranet_config/ HTTP/1.1" 200 16112
2023-04-12 17:38:41,474 [django.server:187] [basehttp:log_message] [WARNING] "GET /factory/static/images/users/avatar-1.jpg HTTP/1.1" 404 2741
2023-04-12 17:38:41,474 [django.server:187] [basehttp:log_message] [WARNING] "GET /factory/static/images/logo-sm.png HTTP/1.1" 404 2720
2023-04-12 17:47:59,467 [django.server:187] [basehttp:log_message] [INFO] "GET /factory/get_intranet_config/ HTTP/1.1" 200 16143
2023-04-12 17:47:59,489 [django.server:187] [basehttp:log_message] [WARNING] "GET /factory/static/images/logo-sm.png HTTP/1.1" 404 2720
2023-04-12 17:47:59,489 [django.server:187] [basehttp:log_message] [WARNING] "GET /factory/static/images/users/avatar-1.jpg HTTP/1.1" 404 2741
2023-04-12 17:48:21,803 [django.server:187] [basehttp:log_message] [INFO] "GET /factory/get_intranet_config/ HTTP/1.1" 200 16135
2023-04-12 17:48:21,856 [django.server:187] [basehttp:log_message] [WARNING] "GET /factory/static/images/logo-sm.png HTTP/1.1" 404 2720
2023-04-12 17:48:21,880 [django.server:187] [basehttp:log_message] [WARNING] "GET /factory/static/images/users/avatar-1.jpg HTTP/1.1" 404 2741
2023-04-12 17:48:38,989 [django.server:187] [basehttp:log_message] [INFO] "GET /factory/get_intranet_config/ HTTP/1.1" 200 16143
2023-04-12 17:48:39,011 [django.server:187] [basehttp:log_message] [WARNING] "GET /factory/static/images/logo-sm.png HTTP/1.1" 404 2720
2023-04-12 17:48:39,019 [django.server:187] [basehttp:log_message] [WARNING] "GET /factory/static/images/users/avatar-1.jpg HTTP/1.1" 404 2741
2023-04-12 17:48:58,735 [django.server:187] [basehttp:log_message] [INFO] "GET /factory/get_intranet_config/ HTTP/1.1" 200 16142
2023-04-12 17:48:58,768 [django.server:187] [basehttp:log_message] [WARNING] "GET /factory/static/images/logo-sm.png HTTP/1.1" 404 2720
2023-04-12 17:48:58,769 [django.server:187] [basehttp:log_message] [WARNING] "GET /factory/static/images/users/avatar-1.jpg HTTP/1.1" 404 2741
2023-04-12 17:49:19,389 [django.server:187] [basehttp:log_message] [INFO] "GET /factory/get_intranet_config/ HTTP/1.1" 200 16141
2023-04-12 17:49:19,421 [django.server:187] [basehttp:log_message] [WARNING] "GET /factory/static/images/logo-sm.png HTTP/1.1" 404 2720
2023-04-12 17:49:19,421 [django.server:187] [basehttp:log_message] [WARNING] "GET /factory/static/images/users/avatar-1.jpg HTTP/1.1" 404 2741
2023-04-12 17:50:09,343 [django.server:187] [basehttp:log_message] [INFO] "GET /factory/get_intranet_config/ HTTP/1.1" 200 16143
2023-04-12 17:50:09,406 [django.server:187] [basehttp:log_message] [WARNING] "GET /factory/static/images/logo-sm.png HTTP/1.1" 404 2720
2023-04-12 17:50:09,406 [django.server:187] [basehttp:log_message] [WARNING] "GET /factory/static/images/users/avatar-1.jpg HTTP/1.1" 404 2741
2023-04-12 17:50:28,177 [django.server:187] [basehttp:log_message] [INFO] "GET /factory/get_intranet_config/ HTTP/1.1" 200 16143
2023-04-12 17:50:28,210 [django.server:187] [basehttp:log_message] [WARNING] "GET /factory/static/images/logo-sm.png HTTP/1.1" 404 2720
2023-04-12 17:50:28,229 [django.server:187] [basehttp:log_message] [WARNING] "GET /factory/static/images/users/avatar-1.jpg HTTP/1.1" 404 2741
2023-04-12 17:55:50,814 [django.server:187] [basehttp:log_message] [INFO] "GET /factory/get_intranet_config/ HTTP/1.1" 200 16154
2023-04-12 17:55:50,829 [django.server:187] [basehttp:log_message] [INFO] "GET /static/css/bootstrap.min.css HTTP/1.1" 304 0
2023-04-12 17:55:50,847 [django.server:187] [basehttp:log_message] [WARNING] "GET /factory/static/images/logo-sm.png HTTP/1.1" 404 2720
2023-04-12 17:55:50,848 [django.server:187] [basehttp:log_message] [WARNING] "GET /factory/static/images/users/avatar-1.jpg HTTP/1.1" 404 2741
2023-04-12 18:00:18,642 [django.server:187] [basehttp:log_message] [INFO] "GET /factory/get_intranet_config/ HTTP/1.1" 200 16130
2023-04-12 18:00:18,670 [django.server:187] [basehttp:log_message] [WARNING] "GET /factory/static/images/logo-sm.png HTTP/1.1" 404 2720
2023-04-12 18:00:18,671 [django.server:187] [basehttp:log_message] [WARNING] "GET /factory/static/images/users/avatar-1.jpg HTTP/1.1" 404 2741
2023-04-12 18:00:41,753 [django.server:187] [basehttp:log_message] [INFO] "GET /factory/get_intranet_config/ HTTP/1.1" 200 16059
2023-04-12 18:00:41,785 [django.server:187] [basehttp:log_message] [WARNING] "GET /factory/static/images/logo-sm.png HTTP/1.1" 404 2720
2023-04-12 18:00:41,785 [django.server:187] [basehttp:log_message] [WARNING] "GET /factory/static/images/users/avatar-1.jpg HTTP/1.1" 404 2741
2023-04-12 18:02:34,278 [django.server:187] [basehttp:log_message] [INFO] "GET /factory/get_intranet_config/ HTTP/1.1" 200 15796
2023-04-12 18:02:34,327 [django.server:187] [basehttp:log_message] [WARNING] "GET /factory/static/images/logo-sm.png HTTP/1.1" 404 2720
2023-04-12 18:02:34,327 [django.server:187] [basehttp:log_message] [WARNING] "GET /factory/static/images/users/avatar-1.jpg HTTP/1.1" 404 2741
2023-04-12 18:03:02,689 [django.server:187] [basehttp:log_message] [INFO] "GET /factory/get_intranet_config/ HTTP/1.1" 200 16083
2023-04-12 18:03:02,751 [django.server:187] [basehttp:log_message] [WARNING] "GET /factory/static/images/logo-sm.png HTTP/1.1" 404 2720
2023-04-12 18:03:02,751 [django.server:187] [basehttp:log_message] [WARNING] "GET /factory/static/images/users/avatar-1.jpg HTTP/1.1" 404 2741
2023-04-12 19:09:27,476 [django.server:187] [basehttp:log_message] [INFO] "GET /factory/get_intranet_config/ HTTP/1.1" 200 16087
2023-04-12 19:09:27,544 [django.server:187] [basehttp:log_message] [INFO] "GET /static/css/bootstrap.min.css HTTP/1.1" 304 0
2023-04-12 19:09:27,560 [django.server:187] [basehttp:log_message] [WARNING] "GET /factory/static/images/logo-sm.png HTTP/1.1" 404 2720
2023-04-12 19:09:27,582 [django.server:187] [basehttp:log_message] [WARNING] "GET /factory/static/images/users/avatar-1.jpg HTTP/1.1" 404 2741
2023-04-12 19:22:58,016 [django.server:187] [basehttp:log_message] [INFO] "GET /factory/get_intranet_config/ HTTP/1.1" 200 16083
2023-04-12 19:22:58,041 [django.server:187] [basehttp:log_message] [WARNING] "GET /factory/static/images/logo-sm.png HTTP/1.1" 404 2720
2023-04-12 19:22:58,042 [django.server:187] [basehttp:log_message] [WARNING] "GET /factory/static/images/users/avatar-1.jpg HTTP/1.1" 404 2741
2023-04-12 19:24:11,840 [django.server:187] [basehttp:log_message] [INFO] "GET /factory/get_intranet_config/ HTTP/1.1" 200 15997
2023-04-12 19:24:11,862 [django.server:187] [basehttp:log_message] [WARNING] "GET /factory/static/images/logo-sm.png HTTP/1.1" 404 2720
2023-04-12 19:24:11,863 [django.server:187] [basehttp:log_message] [WARNING] "GET /factory/static/images/users/avatar-1.jpg HTTP/1.1" 404 2741
2023-04-12 19:25:01,932 [django.server:187] [basehttp:log_message] [INFO] "GET /factory/get_intranet_config/ HTTP/1.1" 200 16084
2023-04-12 19:25:01,994 [django.server:187] [basehttp:log_message] [WARNING] "GET /factory/static/images/users/avatar-1.jpg HTTP/1.1" 404 2741
2023-04-12 19:25:01,994 [django.server:187] [basehttp:log_message] [WARNING] "GET /factory/static/images/logo-sm.png HTTP/1.1" 404 2720
2023-04-12 19:25:29,804 [django.server:187] [basehttp:log_message] [INFO] "GET /factory/get_intranet_config/ HTTP/1.1" 200 16083
2023-04-12 19:25:29,888 [django.server:187] [basehttp:log_message] [WARNING] "GET /factory/static/images/logo-sm.png HTTP/1.1" 404 2720
2023-04-12 19:25:29,888 [django.server:187] [basehttp:log_message] [WARNING] "GET /factory/static/images/users/avatar-1.jpg HTTP/1.1" 404 2741
2023-04-12 19:33:43,902 [django.utils.autoreload:266] [autoreload:trigger_reload] [INFO] D:\项目\data_factory_platform\data_sync\models.py changed, reloading.
2023-04-12 19:33:46,160 [django.utils.autoreload:677] [autoreload:run_with_reloader] [INFO] Watching for file changes with StatReloader
2023-04-12 19:53:06,152 [django.utils.autoreload:677] [autoreload:run_with_reloader] [INFO] Watching for file changes with StatReloader
2023-04-12 19:53:09,218 [django.server:187] [basehttp:log_message] [INFO] "GET /factory/get_intranet_config/ HTTP/1.1" 200 16147
2023-04-12 19:53:09,404 [django.server:187] [basehttp:log_message] [WARNING] "GET /factory/static/images/logo-sm.png HTTP/1.1" 404 2923
2023-04-12 19:53:09,406 [django.server:187] [basehttp:log_message] [WARNING] "GET /factory/static/images/users/avatar-1.jpg HTTP/1.1" 404 2944
2023-04-12 19:53:37,561 [django.server:187] [basehttp:log_message] [WARNING] "POST /add_intranet_config/ HTTP/1.1" 404 2261
2023-04-12 19:54:07,795 [django.server:187] [basehttp:log_message] [WARNING] "POST /add_intranet_config/ HTTP/1.1" 404 2261
2023-04-12 19:54:11,906 [django.server:187] [basehttp:log_message] [INFO] "GET /factory/get_intranet_config/ HTTP/1.1" 200 16155
2023-04-12 19:54:11,931 [django.server:187] [basehttp:log_message] [WARNING] "GET /factory/static/images/logo-sm.png HTTP/1.1" 404 2923
2023-04-12 19:54:11,931 [django.server:187] [basehttp:log_message] [WARNING] "GET /factory/static/images/users/avatar-1.jpg HTTP/1.1" 404 2944
2023-04-12 19:54:16,822 [django.security.csrf:241] [log:log_response] [WARNING] Forbidden (CSRF token missing.): /factory/add_intranet_config/
2023-04-12 19:54:16,822 [django.server:187] [basehttp:log_message] [WARNING] "POST /factory/add_intranet_config/ HTTP/1.1" 403 2501
2023-04-12 19:54:32,119 [django.utils.autoreload:266] [autoreload:trigger_reload] [INFO] D:\项目\data_factory_platform\data_sync\views.py changed, reloading.
2023-04-12 19:54:33,871 [django.utils.autoreload:677] [autoreload:run_with_reloader] [INFO] Watching for file changes with StatReloader
2023-04-12 19:54:34,230 [django.server:187] [basehttp:log_message] [INFO] "POST /factory/add_intranet_config/ HTTP/1.1" 302 0
2023-04-12 19:54:34,240 [django.server:187] [basehttp:log_message] [INFO] "GET /factory/get_intranet_config/ HTTP/1.1" 200 16155
2023-04-12 19:54:34,271 [django.server:187] [basehttp:log_message] [WARNING] "GET /factory/static/images/logo-sm.png HTTP/1.1" 404 2923
2023-04-12 19:54:34,279 [django.server:187] [basehttp:log_message] [WARNING] "GET /factory/static/images/users/avatar-1.jpg HTTP/1.1" 404 2944
2023-04-12 20:01:31,405 [django.utils.autoreload:266] [autoreload:trigger_reload] [INFO] D:\项目\data_factory_platform\data_factory_platform\settings.py changed, reloading.
2023-04-12 20:02:57,147 [django.utils.autoreload:677] [autoreload:run_with_reloader] [INFO] Watching for file changes with StatReloader
2023-04-12 20:03:28,715 [django.server:187] [basehttp:log_message] [INFO] "POST /factory/add_intranet_config/ HTTP/1.1" 302 0
2023-04-12 20:03:28,725 [django.server:187] [basehttp:log_message] [INFO] "GET /factory/get_intranet_config/ HTTP/1.1" 200 16155
2023-04-12 20:03:28,738 [django.server:187] [basehttp:log_message] [INFO] "GET /static/css/bootstrap.min.css HTTP/1.1" 304 0
2023-04-12 20:03:28,757 [django.server:187] [basehttp:log_message] [WARNING] "GET /factory/static/images/users/avatar-1.jpg HTTP/1.1" 404 2944
2023-04-12 20:03:28,758 [django.server:187] [basehttp:log_message] [WARNING] "GET /factory/static/images/logo-sm.png HTTP/1.1" 404 2923
2023-04-13 09:39:53,877 [django.server:187] [basehttp:log_message] [WARNING] "GET /data_factory/get_intranet_config/ HTTP/1.1" 404 2299
2023-04-13 09:40:18,132 [django.server:187] [basehttp:log_message] [INFO] "GET /factory/get_intranet_config/ HTTP/1.1" 200 16154
2023-04-13 09:40:31,629 [django.server:187] [basehttp:log_message] [INFO] "GET /factory/get_intranet_config/ HTTP/1.1" 200 16154
2023-04-13 09:41:47,402 [django.utils.autoreload:266] [autoreload:trigger_reload] [INFO] D:\项目\data_factory_platform\data_sync\views.py changed, reloading.
