2023-04-30 11:47:38,950 [django.utils.autoreload:677] [autoreload:run_with_reloader] [INFO] Watching for file changes with StatReloader
2023-04-30 11:47:43,257 [django.server:187] [basehttp:log_message] [INFO] "GET /factory/data_sync/ HTTP/1.1" 200 33704
2023-04-30 11:47:43,281 [django.server:187] [basehttp:log_message] [INFO] "GET /static/css/bootstrap-table.min.css HTTP/1.1" 304 0
2023-04-30 11:47:43,304 [django.server:187] [basehttp:log_message] [INFO] "GET /static/js/bootstrap.bundle.js HTTP/1.1" 304 0
2023-04-30 11:47:43,438 [django.server:187] [basehttp:log_message] [WARNING] "GET /factory/static/images/logo-sm.png HTTP/1.1" 404 4078
2023-04-30 11:47:43,439 [django.server:187] [basehttp:log_message] [WARNING] "GET /factory/static/images/users/avatar-1.jpg HTTP/1.1" 404 4099
2023-04-30 11:47:43,827 [django.server:187] [basehttp:log_message] [ERROR] "GET /factory/sync/query_instance/?instance=null&database=null HTTP/1.1" 500 115249
2023-04-30 11:48:28,427 [django.server:187] [basehttp:log_message] [ERROR] "POST /factory/intranet/add/ HTTP/1.1" 500 162529
2023-04-30 11:48:28,558 [django.server:187] [basehttp:log_message] [WARNING] "GET /favicon.ico HTTP/1.1" 404 2233
2023-04-30 11:56:20,174 [django.server:187] [basehttp:log_message] [INFO] "GET /factory/data_sync/ HTTP/1.1" 200 33704
2023-04-30 11:56:20,206 [django.server:187] [basehttp:log_message] [WARNING] "GET /factory/static/images/logo-sm.png HTTP/1.1" 404 4078
2023-04-30 11:56:20,207 [django.server:187] [basehttp:log_message] [WARNING] "GET /factory/static/images/users/avatar-1.jpg HTTP/1.1" 404 4099
2023-04-30 11:56:20,636 [django.server:187] [basehttp:log_message] [ERROR] "GET /factory/sync/query_instance/?instance=null&database=null HTTP/1.1" 500 115249
2023-04-30 11:56:28,351 [django.server:187] [basehttp:log_message] [ERROR] "POST /factory/intranet/add/ HTTP/1.1" 500 162529
2023-04-30 11:56:46,687 [django.server:187] [basehttp:log_message] [INFO] "GET /factory/data_sync/ HTTP/1.1" 200 33704
2023-04-30 11:56:46,717 [django.server:187] [basehttp:log_message] [WARNING] "GET /factory/static/images/users/avatar-1.jpg HTTP/1.1" 404 4099
2023-04-30 11:56:46,717 [django.server:187] [basehttp:log_message] [WARNING] "GET /factory/static/images/logo-sm.png HTTP/1.1" 404 4078
2023-04-30 11:56:47,060 [django.server:187] [basehttp:log_message] [ERROR] "GET /factory/sync/query_instance/?instance=null&database=null HTTP/1.1" 500 115249
2023-04-30 11:57:02,231 [django.utils.autoreload:677] [autoreload:run_with_reloader] [INFO] Watching for file changes with StatReloader
2023-04-30 11:57:06,713 [django.server:187] [basehttp:log_message] [INFO] "GET /factory/data_sync/ HTTP/1.1" 200 33704
2023-04-30 11:57:06,820 [django.server:187] [basehttp:log_message] [INFO] "GET /static/css/bootstrap.min.css HTTP/1.1" 200 203848
2023-04-30 11:57:06,826 [django.server:187] [basehttp:log_message] [INFO] "GET /static/css/bootstrap-table.min.css HTTP/1.1" 200 10234
2023-04-30 11:57:06,840 [django.server:187] [basehttp:log_message] [INFO] "GET /static/plugins/fullcalendar/css/fullcalendar.min.css HTTP/1.1" 200 13709
2023-04-30 11:57:06,845 [django.server:187] [basehttp:log_message] [INFO] "GET /static/css/icons.css HTTP/1.1" 200 253084
2023-04-30 11:57:06,848 [django.server:187] [basehttp:log_message] [INFO] "GET /static/css/style.css HTTP/1.1" 200 83156
2023-04-30 11:57:06,862 [django.server:187] [basehttp:log_message] [INFO] "GET /static/js/jquery.scrollTo.min.js HTTP/1.1" 200 2447
2023-04-30 11:57:06,875 [django.server:187] [basehttp:log_message] [INFO] "GET /static/js/jquery.slimscroll.js HTTP/1.1" 200 13832
2023-04-30 11:57:06,881 [django.server:187] [basehttp:log_message] [INFO] "GET /static/js/jquery.nicescroll.js HTTP/1.1" 200 119939
2023-04-30 11:57:06,888 [django.server:187] [basehttp:log_message] [INFO] "GET /static/js/modernizr.min.js HTTP/1.1" 200 11084
2023-04-30 11:57:06,902 [django.server:187] [basehttp:log_message] [INFO] "GET /static/js/waves.js HTTP/1.1" 200 69263
2023-04-30 11:57:06,914 [django.server:187] [basehttp:log_message] [INFO] "GET /static/js/jquery.min.js HTTP/1.1" 200 135233
2023-04-30 11:57:06,919 [django.server:187] [basehttp:log_message] [INFO] "GET /static/js/bootstrap.bundle.js HTTP/1.1" 200 228435
2023-04-30 11:57:06,920 [django.server:187] [basehttp:log_message] [INFO] "GET /static/plugins/moment/moment.js HTTP/1.1" 200 150941
2023-04-30 11:57:06,939 [django.server:187] [basehttp:log_message] [WARNING] "GET /factory/static/images/logo-sm.png HTTP/1.1" 404 4078
2023-04-30 11:57:06,957 [django.server:187] [basehttp:log_message] [WARNING] "GET /factory/static/images/users/avatar-1.jpg HTTP/1.1" 404 4099
2023-04-30 11:57:06,959 [django.server:187] [basehttp:log_message] [INFO] "GET /static/js/app.js HTTP/1.1" 200 6452
2023-04-30 11:57:06,959 [django.server:187] [basehttp:log_message] [INFO] "GET /static/pages/calendar-init.js HTTP/1.1" 200 5502
2023-04-30 11:57:06,962 [django.server:187] [basehttp:log_message] [INFO] "GET /static/plugins/fullcalendar/js/fullcalendar.min.js HTTP/1.1" 200 118884
2023-04-30 11:57:06,982 [django.server:187] [basehttp:log_message] [INFO] "GET /static/plugins/jquery-ui/jquery-ui.min.js HTTP/1.1" 200 253668
2023-04-30 11:57:06,987 [django.server:187] [basehttp:log_message] [INFO] "GET /static/fonts/dripicons-v2.woff HTTP/1.1" 200 26004
2023-04-30 11:57:06,989 [django.server:187] [basehttp:log_message] [INFO] "GET /static/fonts/materialdesignicons-webfont.woff2?v=1.6.50 HTTP/1.1" 200 90140
2023-04-30 11:57:06,990 [django.server:187] [basehttp:log_message] [INFO] "GET /static/fonts/ionicons.ttf?v=1.5.0 HTTP/1.1" 200 164548
2023-04-30 11:57:07,056 [django.server:187] [basehttp:log_message] [INFO] "GET /static/css/style.css.map HTTP/1.1" 200 91053
2023-04-30 11:57:07,058 [django.server:187] [basehttp:log_message] [INFO] "GET /static/css/icons.css.map HTTP/1.1" 200 301689
2023-04-30 11:57:07,062 [django.server:187] [basehttp:log_message] [INFO] "GET /static/css/bootstrap.min.css.map HTTP/1.1" 200 646357
2023-04-30 11:57:07,317 [django.server:187] [basehttp:log_message] [INFO] "GET /static/js/bootstrap.bundle.js.map HTTP/1.1" 200 410255
2023-04-30 11:57:28,092 [django.server:187] [basehttp:log_message] [ERROR] "GET /factory/sync/query_instance/?instance=null&database=null HTTP/1.1" 500 115514
2023-04-30 11:57:28,121 [django.server:187] [basehttp:log_message] [WARNING] "GET /factory/static/images/favicon.ico HTTP/1.1" 404 4078
2023-04-30 11:57:37,705 [django.server:187] [basehttp:log_message] [INFO] "GET /factory/data_sync/ HTTP/1.1" 200 33704
2023-04-30 11:57:37,741 [django.server:187] [basehttp:log_message] [WARNING] "GET /factory/static/images/users/avatar-1.jpg HTTP/1.1" 404 4099
2023-04-30 11:57:37,742 [django.server:187] [basehttp:log_message] [WARNING] "GET /factory/static/images/logo-sm.png HTTP/1.1" 404 4078
2023-04-30 11:57:39,187 [django.server:187] [basehttp:log_message] [INFO] "GET /factory/sync/query_instance/?instance=null&database=null HTTP/1.1" 200 1532
2023-04-30 11:57:47,964 [django.server:187] [basehttp:log_message] [ERROR] "POST /factory/intranet/add/ HTTP/1.1" 500 162529
2023-04-30 11:57:48,063 [django.server:187] [basehttp:log_message] [WARNING] "GET /favicon.ico HTTP/1.1" 404 2233
2023-04-30 11:59:05,603 [django.server:187] [basehttp:log_message] [INFO] "GET /factory/data_sync/ HTTP/1.1" 200 32991
2023-04-30 11:59:05,633 [django.server:187] [basehttp:log_message] [WARNING] "GET /factory/static/images/users/avatar-1.jpg HTTP/1.1" 404 4099
2023-04-30 11:59:05,634 [django.server:187] [basehttp:log_message] [WARNING] "GET /factory/static/images/logo-sm.png HTTP/1.1" 404 4078
2023-04-30 11:59:06,015 [django.server:187] [basehttp:log_message] [INFO] "GET /factory/sync/query_instance/?instance=null&database=null HTTP/1.1" 200 1532
2023-04-30 12:04:26,188 [django.server:187] [basehttp:log_message] [ERROR] "POST /factory/intranet/add/ HTTP/1.1" 500 162529
2023-04-30 12:04:29,716 [django.server:187] [basehttp:log_message] [INFO] "GET /factory/data_sync/ HTTP/1.1" 200 32992
2023-04-30 12:04:29,740 [django.server:187] [basehttp:log_message] [WARNING] "GET /factory/static/images/logo-sm.png HTTP/1.1" 404 4078
2023-04-30 12:04:29,741 [django.server:187] [basehttp:log_message] [WARNING] "GET /factory/static/images/users/avatar-1.jpg HTTP/1.1" 404 4099
2023-04-30 12:04:30,058 [django.server:187] [basehttp:log_message] [INFO] "GET /factory/sync/query_instance/?instance=null&database=null HTTP/1.1" 200 1532
2023-04-30 12:05:38,428 [django.server:187] [basehttp:log_message] [INFO] "GET /factory/data_sync/ HTTP/1.1" 200 32992
2023-04-30 12:05:38,464 [django.server:187] [basehttp:log_message] [WARNING] "GET /factory/static/images/users/avatar-1.jpg HTTP/1.1" 404 4099
2023-04-30 12:05:38,464 [django.server:187] [basehttp:log_message] [WARNING] "GET /factory/static/images/logo-sm.png HTTP/1.1" 404 4078
2023-04-30 12:05:38,992 [django.server:187] [basehttp:log_message] [INFO] "GET /factory/sync/query_instance/?instance=null&database=null HTTP/1.1" 200 1532
2023-04-30 12:07:36,811 [django.server:187] [basehttp:log_message] [INFO] "GET /factory/data_sync/ HTTP/1.1" 200 32991
2023-04-30 12:07:36,849 [django.server:187] [basehttp:log_message] [WARNING] "GET /factory/static/images/users/avatar-1.jpg HTTP/1.1" 404 4099
2023-04-30 12:07:36,849 [django.server:187] [basehttp:log_message] [WARNING] "GET /factory/static/images/logo-sm.png HTTP/1.1" 404 4078
2023-04-30 12:07:37,398 [django.server:187] [basehttp:log_message] [INFO] "GET /factory/sync/query_instance/?instance=null&database=null HTTP/1.1" 200 1532
2023-04-30 12:08:35,118 [django.server:187] [basehttp:log_message] [INFO] "GET /factory/data_sync/ HTTP/1.1" 200 32991
2023-04-30 12:08:35,159 [django.server:187] [basehttp:log_message] [WARNING] "GET /factory/static/images/logo-sm.png HTTP/1.1" 404 4078
2023-04-30 12:08:35,160 [django.server:187] [basehttp:log_message] [WARNING] "GET /factory/static/images/users/avatar-1.jpg HTTP/1.1" 404 4099
2023-04-30 12:08:35,695 [django.server:187] [basehttp:log_message] [INFO] "GET /factory/sync/query_instance/?instance=null&database=null HTTP/1.1" 200 1532
2023-04-30 12:09:45,257 [django.server:187] [basehttp:log_message] [INFO] "GET /factory/data_sync/ HTTP/1.1" 200 32991
2023-04-30 12:09:45,303 [django.server:187] [basehttp:log_message] [WARNING] "GET /factory/static/images/logo-sm.png HTTP/1.1" 404 4078
2023-04-30 12:09:45,304 [django.server:187] [basehttp:log_message] [WARNING] "GET /factory/static/images/users/avatar-1.jpg HTTP/1.1" 404 4099
2023-04-30 12:09:45,893 [django.server:187] [basehttp:log_message] [INFO] "GET /factory/sync/query_instance/?instance=null&database=null HTTP/1.1" 200 1532
2023-04-30 12:13:26,489 [django.server:187] [basehttp:log_message] [INFO] "GET /factory/data_sync/ HTTP/1.1" 200 33027
2023-04-30 12:13:26,533 [django.server:187] [basehttp:log_message] [WARNING] "GET /factory/static/images/users/avatar-1.jpg HTTP/1.1" 404 4099
2023-04-30 12:13:26,534 [django.server:187] [basehttp:log_message] [WARNING] "GET /factory/static/images/logo-sm.png HTTP/1.1" 404 4078
2023-04-30 12:13:27,068 [django.server:187] [basehttp:log_message] [INFO] "GET /factory/sync/query_instance/?instance=null&database=null HTTP/1.1" 200 1532
2023-04-30 12:14:09,331 [django.server:187] [basehttp:log_message] [INFO] "GET /factory/data_sync/ HTTP/1.1" 200 33028
2023-04-30 12:14:09,392 [django.server:187] [basehttp:log_message] [WARNING] "GET /factory/static/images/users/avatar-1.jpg HTTP/1.1" 404 4099
2023-04-30 12:14:09,401 [django.server:187] [basehttp:log_message] [WARNING] "GET /factory/static/images/logo-sm.png HTTP/1.1" 404 4078
2023-04-30 12:14:09,789 [django.server:187] [basehttp:log_message] [INFO] "GET /factory/sync/query_instance/?instance=null&database=null HTTP/1.1" 200 1532
2023-04-30 12:14:27,401 [django.server:187] [basehttp:log_message] [INFO] "GET /factory/data_sync/ HTTP/1.1" 200 32992
2023-04-30 12:14:27,436 [django.server:187] [basehttp:log_message] [WARNING] "GET /factory/static/images/logo-sm.png HTTP/1.1" 404 4078
2023-04-30 12:14:27,437 [django.server:187] [basehttp:log_message] [WARNING] "GET /factory/static/images/users/avatar-1.jpg HTTP/1.1" 404 4099
2023-04-30 12:14:27,762 [django.server:187] [basehttp:log_message] [INFO] "GET /factory/sync/query_instance/?instance=null&database=null HTTP/1.1" 200 1532
2023-04-30 12:15:04,605 [django.server:187] [basehttp:log_message] [INFO] "GET /factory/data_sync/ HTTP/1.1" 200 33028
2023-04-30 12:15:04,651 [django.server:187] [basehttp:log_message] [WARNING] "GET /factory/static/images/users/avatar-1.jpg HTTP/1.1" 404 4099
2023-04-30 12:15:04,652 [django.server:187] [basehttp:log_message] [WARNING] "GET /factory/static/images/logo-sm.png HTTP/1.1" 404 4078
2023-04-30 12:15:05,004 [django.server:187] [basehttp:log_message] [INFO] "GET /factory/sync/query_instance/?instance=null&database=null HTTP/1.1" 200 1532
2023-04-30 12:19:19,933 [django.server:187] [basehttp:log_message] [INFO] "GET /factory/data_sync/ HTTP/1.1" 200 33015
2023-04-30 12:19:19,966 [django.server:187] [basehttp:log_message] [WARNING] "GET /factory/static/images/users/avatar-1.jpg HTTP/1.1" 404 4099
2023-04-30 12:19:19,967 [django.server:187] [basehttp:log_message] [WARNING] "GET /factory/static/images/logo-sm.png HTTP/1.1" 404 4078
2023-04-30 12:19:20,940 [django.server:187] [basehttp:log_message] [INFO] "GET /factory/sync/query_instance/?instance=null&database=null HTTP/1.1" 200 1532
2023-04-30 12:19:45,199 [django.server:187] [basehttp:log_message] [INFO] "GET /factory/data_sync/ HTTP/1.1" 200 33016
2023-04-30 12:19:45,245 [django.server:187] [basehttp:log_message] [WARNING] "GET /factory/static/images/users/avatar-1.jpg HTTP/1.1" 404 4099
2023-04-30 12:19:45,247 [django.server:187] [basehttp:log_message] [WARNING] "GET /factory/static/images/logo-sm.png HTTP/1.1" 404 4078
2023-04-30 12:19:45,823 [django.server:187] [basehttp:log_message] [INFO] "GET /factory/sync/query_instance/?instance=null&database=null HTTP/1.1" 200 1532
2023-04-30 12:33:06,111 [django.server:187] [basehttp:log_message] [INFO] "GET /factory/data_sync/ HTTP/1.1" 200 37492
2023-04-30 12:33:06,155 [django.server:187] [basehttp:log_message] [WARNING] "GET /factory/static/images/users/avatar-1.jpg HTTP/1.1" 404 4099
2023-04-30 12:33:06,155 [django.server:187] [basehttp:log_message] [WARNING] "GET /factory/static/images/logo-sm.png HTTP/1.1" 404 4078
2023-04-30 12:33:06,512 [django.server:187] [basehttp:log_message] [INFO] "GET /factory/sync/query_instance/?instance=null&database=null HTTP/1.1" 200 1532
2023-04-30 16:10:04,922 [django.server:187] [basehttp:log_message] [INFO] "GET /factory/data_sync/ HTTP/1.1" 200 37698
2023-04-30 16:10:04,939 [django.server:187] [basehttp:log_message] [INFO] "GET /static/css/bootstrap-table.min.css HTTP/1.1" 304 0
2023-04-30 16:10:04,969 [django.server:187] [basehttp:log_message] [WARNING] "GET /factory/static/images/logo-sm.png HTTP/1.1" 404 4078
2023-04-30 16:10:04,969 [django.server:187] [basehttp:log_message] [WARNING] "GET /factory/static/images/users/avatar-1.jpg HTTP/1.1" 404 4099
2023-04-30 16:10:06,008 [django.server:187] [basehttp:log_message] [INFO] "GET /factory/sync/query_instance/?instance=null&database=null HTTP/1.1" 200 1532
2023-04-30 16:16:00,186 [django.server:187] [basehttp:log_message] [INFO] "GET /factory/data_sync/ HTTP/1.1" 200 37750
2023-04-30 16:16:00,204 [django.server:187] [basehttp:log_message] [INFO] "GET /static/css/bootstrap.css HTTP/1.1" 200 200387
2023-04-30 16:16:00,221 [django.server:187] [basehttp:log_message] [WARNING] "GET /factory/static/images/logo-sm.png HTTP/1.1" 404 4078
2023-04-30 16:16:00,222 [django.server:187] [basehttp:log_message] [WARNING] "GET /factory/static/images/users/avatar-1.jpg HTTP/1.1" 404 4099
2023-04-30 16:16:08,065 [django.server:187] [basehttp:log_message] [WARNING] "GET /static/css/bootstrap.css.map HTTP/1.1" 404 1822
2023-04-30 16:16:22,237 [django.server:187] [basehttp:log_message] [INFO] "GET /factory/sync/query_instance/?instance=null&database=null HTTP/1.1" 200 1532
2023-04-30 16:16:36,983 [django.server:187] [basehttp:log_message] [INFO] "GET /factory/data_sync/ HTTP/1.1" 200 37750
2023-04-30 16:16:37,002 [django.server:187] [basehttp:log_message] [WARNING] "GET /factory/static/images/logo-sm.png HTTP/1.1" 404 4078
2023-04-30 16:16:37,019 [django.server:187] [basehttp:log_message] [WARNING] "GET /factory/static/images/users/avatar-1.jpg HTTP/1.1" 404 4099
2023-04-30 16:16:58,748 [django.server:187] [basehttp:log_message] [INFO] "GET /factory/sync/query_instance/?instance=null&database=null HTTP/1.1" 200 1532
2023-04-30 16:18:21,095 [django.server:187] [basehttp:log_message] [INFO] "GET /factory/data_sync/ HTTP/1.1" 200 37750
2023-04-30 16:18:21,140 [django.server:187] [basehttp:log_message] [WARNING] "GET /factory/static/images/users/avatar-1.jpg HTTP/1.1" 404 4099
2023-04-30 16:18:21,141 [django.server:187] [basehttp:log_message] [WARNING] "GET /factory/static/images/logo-sm.png HTTP/1.1" 404 4078
2023-04-30 16:18:22,214 [django.server:187] [basehttp:log_message] [INFO] "GET /factory/sync/query_instance/?instance=null&database=null HTTP/1.1" 200 1532
2023-04-30 16:21:36,908 [django.server:187] [basehttp:log_message] [INFO] "GET /factory/data_sync/ HTTP/1.1" 200 37751
2023-04-30 16:21:36,945 [django.server:187] [basehttp:log_message] [WARNING] "GET /factory/static/images/users/avatar-1.jpg HTTP/1.1" 404 4099
2023-04-30 16:21:36,945 [django.server:187] [basehttp:log_message] [WARNING] "GET /factory/static/images/logo-sm.png HTTP/1.1" 404 4078
2023-04-30 16:21:37,240 [django.server:187] [basehttp:log_message] [INFO] "GET /factory/sync/query_instance/?instance=null&database=null HTTP/1.1" 200 1532
2023-04-30 16:25:14,120 [django.server:187] [basehttp:log_message] [INFO] "GET /factory/data_sync/ HTTP/1.1" 200 37858
2023-04-30 16:25:14,148 [django.server:187] [basehttp:log_message] [WARNING] "GET /factory/static/images/logo-sm.png HTTP/1.1" 404 4078
2023-04-30 16:25:14,149 [django.server:187] [basehttp:log_message] [WARNING] "GET /factory/static/images/users/avatar-1.jpg HTTP/1.1" 404 4099
2023-04-30 16:25:14,170 [django.server:187] [basehttp:log_message] [INFO] "GET /static/js/bootstrap.min.js HTTP/1.1" 200 60044
2023-04-30 16:25:15,918 [django.server:187] [basehttp:log_message] [INFO] "GET /factory/sync/query_instance/?instance=null&database=null HTTP/1.1" 200 1532
2023-04-30 16:25:26,892 [django.server:187] [basehttp:log_message] [INFO] "GET /static/js/bootstrap.min.js.map HTTP/1.1" 200 192261
2023-04-30 16:25:26,937 [django.server:187] [basehttp:log_message] [WARNING] "GET /static/css/bootstrap.css.map HTTP/1.1" 404 1822
2023-04-30 16:25:28,071 [django.server:187] [basehttp:log_message] [INFO] "GET /factory/data_sync/ HTTP/1.1" 200 37858
2023-04-30 16:25:28,096 [django.server:187] [basehttp:log_message] [INFO] "GET /static/css/bootstrap.css HTTP/1.1" 200 216761
2023-04-30 16:25:28,104 [django.server:187] [basehttp:log_message] [INFO] "GET /static/css/bootstrap.min.css HTTP/1.1" 200 212514
2023-04-30 16:25:28,114 [django.server:187] [basehttp:log_message] [INFO] "GET /static/plugins/fullcalendar/css/fullcalendar.min.css HTTP/1.1" 200 13709
2023-04-30 16:25:28,119 [django.server:187] [basehttp:log_message] [INFO] "GET /static/css/bootstrap-table.min.css HTTP/1.1" 200 10234
2023-04-30 16:25:28,120 [django.server:187] [basehttp:log_message] [INFO] "GET /static/js/bootstrap.min.js HTTP/1.1" 200 60044
2023-04-30 16:25:28,123 [django.server:187] [basehttp:log_message] [INFO] "GET /static/css/icons.css HTTP/1.1" 200 253084
2023-04-30 16:25:28,127 [django.server:187] [basehttp:log_message] [INFO] "GET /static/css/style.css HTTP/1.1" 200 83156
2023-04-30 16:25:28,168 [django.server:187] [basehttp:log_message] [INFO] "GET /static/js/jquery.nicescroll.js HTTP/1.1" 200 119939
2023-04-30 16:25:28,176 [django.server:187] [basehttp:log_message] [INFO] "GET /static/js/jquery.min.js HTTP/1.1" 200 135233
2023-04-30 16:25:28,191 [django.server:187] [basehttp:log_message] [INFO] "GET /static/js/jquery.scrollTo.min.js HTTP/1.1" 200 2447
2023-04-30 16:25:28,199 [django.server:187] [basehttp:log_message] [INFO] "GET /static/js/modernizr.min.js HTTP/1.1" 200 11084
2023-04-30 16:25:28,202 [django.server:187] [basehttp:log_message] [INFO] "GET /static/js/jquery.slimscroll.js HTTP/1.1" 200 13832
2023-04-30 16:25:28,218 [django.server:187] [basehttp:log_message] [INFO] "GET /static/js/waves.js HTTP/1.1" 200 69263
2023-04-30 16:25:28,234 [django.server:187] [basehttp:log_message] [INFO] "GET /static/plugins/moment/moment.js HTTP/1.1" 200 150941
2023-04-30 16:25:28,250 [django.server:187] [basehttp:log_message] [INFO] "GET /static/pages/calendar-init.js HTTP/1.1" 200 5502
2023-04-30 16:25:28,264 [django.server:187] [basehttp:log_message] [INFO] "GET /static/js/app.js HTTP/1.1" 200 6452
2023-04-30 16:25:28,265 [django.server:187] [basehttp:log_message] [INFO] "GET /static/plugins/fullcalendar/js/fullcalendar.min.js HTTP/1.1" 200 118884
2023-04-30 16:25:28,272 [django.server:187] [basehttp:log_message] [WARNING] "GET /factory/static/images/logo-sm.png HTTP/1.1" 404 4078
2023-04-30 16:25:28,274 [django.server:187] [basehttp:log_message] [INFO] "GET /static/plugins/jquery-ui/jquery-ui.min.js HTTP/1.1" 200 253668
2023-04-30 16:25:28,284 [django.server:187] [basehttp:log_message] [WARNING] "GET /factory/static/images/users/avatar-1.jpg HTTP/1.1" 404 4099
2023-04-30 16:25:33,592 [django.server:187] [basehttp:log_message] [INFO] "GET /static/fonts/dripicons-v2.woff HTTP/1.1" 200 26004
2023-04-30 16:25:33,593 [django.server:187] [basehttp:log_message] [INFO] "GET /static/fonts/ionicons.ttf?v=1.5.0 HTTP/1.1" 200 164548
2023-04-30 16:25:33,594 [django.server:187] [basehttp:log_message] [INFO] "GET /static/fonts/materialdesignicons-webfont.woff2?v=1.6.50 HTTP/1.1" 200 90140
2023-04-30 16:25:33,635 [django.server:187] [basehttp:log_message] [WARNING] "GET /static/css/bootstrap.css.map HTTP/1.1" 404 1822
2023-04-30 16:25:33,636 [django.server:187] [basehttp:log_message] [INFO] "GET /static/css/style.css.map HTTP/1.1" 200 91053
2023-04-30 16:25:33,639 [django.server:187] [basehttp:log_message] [INFO] "GET /static/css/bootstrap.min.css.map HTTP/1.1" 200 654593
2023-04-30 16:25:33,640 [django.server:187] [basehttp:log_message] [INFO] "GET /static/css/icons.css.map HTTP/1.1" 200 301689
2023-04-30 16:25:39,426 [django.server:187] [basehttp:log_message] [WARNING] "GET /static/css/bootstrap.css.map HTTP/1.1" 404 1822
2023-04-30 16:25:49,210 [django.server:187] [basehttp:log_message] [INFO] "GET /static/js/bootstrap.min.js.map HTTP/1.1" 200 192261
2023-04-30 16:25:50,767 [django.server:187] [basehttp:log_message] [INFO] "GET /factory/sync/query_instance/?instance=null&database=null HTTP/1.1" 200 1532
2023-04-30 16:25:50,792 [django.server:187] [basehttp:log_message] [WARNING] "GET /factory/static/images/favicon.ico HTTP/1.1" 404 4078
2023-04-30 16:59:50,627 [django.server:187] [basehttp:log_message] [INFO] "GET /factory/data_sync/ HTTP/1.1" 200 37858
2023-04-30 16:59:50,646 [django.server:187] [basehttp:log_message] [INFO] "GET /static/css/bootstrap.css HTTP/1.1" 304 0
2023-04-30 16:59:50,648 [django.server:187] [basehttp:log_message] [INFO] "GET /static/css/bootstrap.min.css HTTP/1.1" 304 0
2023-04-30 16:59:50,669 [django.server:187] [basehttp:log_message] [WARNING] "GET /factory/static/images/logo-sm.png HTTP/1.1" 404 4078
2023-04-30 16:59:50,669 [django.server:187] [basehttp:log_message] [WARNING] "GET /factory/static/images/users/avatar-1.jpg HTTP/1.1" 404 4099
2023-04-30 16:59:54,536 [django.server:187] [basehttp:log_message] [WARNING] "GET /static/css/bootstrap.css.map HTTP/1.1" 404 1822
2023-04-30 17:00:10,674 [django.server:187] [basehttp:log_message] [WARNING] "GET /static/css/bootstrap.css.map HTTP/1.1" 404 1822
2023-04-30 17:00:10,735 [django.server:187] [basehttp:log_message] [WARNING] "GET /favicon.ico HTTP/1.1" 404 2233
2023-04-30 17:00:12,442 [django.server:187] [basehttp:log_message] [INFO] "GET /factory/sync/query_instance/?instance=null&database=null HTTP/1.1" 200 1532
2023-04-30 17:02:11,360 [django.server:187] [basehttp:log_message] [INFO] "GET /factory/data_sync/ HTTP/1.1" 200 37858
2023-04-30 17:02:11,377 [django.server:187] [basehttp:log_message] [INFO] "GET /static/plugins/fullcalendar/css/fullcalendar.min.css HTTP/1.1" 200 13709
2023-04-30 17:02:11,381 [django.server:187] [basehttp:log_message] [INFO] "GET /static/css/bootstrap-table.min.css HTTP/1.1" 200 10234
2023-04-30 17:02:11,383 [django.server:187] [basehttp:log_message] [INFO] "GET /static/css/bootstrap.css HTTP/1.1" 200 216761
2023-04-30 17:02:11,384 [django.server:187] [basehttp:log_message] [INFO] "GET /static/css/style.css HTTP/1.1" 200 83156
2023-04-30 17:02:11,385 [django.server:187] [basehttp:log_message] [INFO] "GET /static/css/bootstrap.min.css HTTP/1.1" 200 212514
2023-04-30 17:02:11,385 [django.server:187] [basehttp:log_message] [INFO] "GET /static/css/icons.css HTTP/1.1" 200 253084
2023-04-30 17:02:11,392 [django.server:187] [basehttp:log_message] [INFO] "GET /static/js/jquery.min.js HTTP/1.1" 200 135233
2023-04-30 17:02:11,394 [django.server:187] [basehttp:log_message] [INFO] "GET /static/js/bootstrap.min.js HTTP/1.1" 200 60044
2023-04-30 17:02:11,400 [django.server:187] [basehttp:log_message] [INFO] "GET /static/js/jquery.scrollTo.min.js HTTP/1.1" 200 2447
2023-04-30 17:02:11,401 [django.server:187] [basehttp:log_message] [INFO] "GET /static/js/modernizr.min.js HTTP/1.1" 200 11084
2023-04-30 17:02:11,402 [django.server:187] [basehttp:log_message] [INFO] "GET /static/js/jquery.slimscroll.js HTTP/1.1" 200 13832
2023-04-30 17:02:11,402 [django.server:187] [basehttp:log_message] [INFO] "GET /static/js/waves.js HTTP/1.1" 200 69263
2023-04-30 17:02:11,402 [django.server:187] [basehttp:log_message] [INFO] "GET /static/js/jquery.nicescroll.js HTTP/1.1" 200 119939
2023-04-30 17:02:11,409 [django.server:187] [basehttp:log_message] [INFO] "GET /static/pages/calendar-init.js HTTP/1.1" 200 5502
2023-04-30 17:02:11,410 [django.server:187] [basehttp:log_message] [INFO] "GET /static/plugins/fullcalendar/js/fullcalendar.min.js HTTP/1.1" 200 118884
2023-04-30 17:02:11,410 [django.server:187] [basehttp:log_message] [INFO] "GET /static/plugins/moment/moment.js HTTP/1.1" 200 150941
2023-04-30 17:02:11,411 [django.server:187] [basehttp:log_message] [INFO] "GET /static/plugins/jquery-ui/jquery-ui.min.js HTTP/1.1" 200 253668
2023-04-30 17:02:11,426 [django.server:187] [basehttp:log_message] [INFO] "GET /static/js/app.js HTTP/1.1" 200 6452
2023-04-30 17:02:11,435 [django.server:187] [basehttp:log_message] [WARNING] "GET /factory/static/images/logo-sm.png HTTP/1.1" 404 4078
2023-04-30 17:02:11,437 [django.server:187] [basehttp:log_message] [WARNING] "GET /factory/static/images/users/avatar-1.jpg HTTP/1.1" 404 4099
2023-04-30 17:02:23,422 [django.server:187] [basehttp:log_message] [INFO] "GET /static/fonts/dripicons-v2.woff HTTP/1.1" 200 26004
2023-04-30 17:02:23,423 [django.server:187] [basehttp:log_message] [INFO] "GET /static/fonts/materialdesignicons-webfont.woff2?v=1.6.50 HTTP/1.1" 200 90140
2023-04-30 17:02:23,423 [django.server:187] [basehttp:log_message] [INFO] "GET /static/fonts/ionicons.ttf?v=1.5.0 HTTP/1.1" 200 164548
2023-04-30 17:02:23,457 [django.server:187] [basehttp:log_message] [WARNING] "GET /static/css/bootstrap.css.map HTTP/1.1" 404 1822
2023-04-30 17:02:23,458 [django.server:187] [basehttp:log_message] [INFO] "GET /static/css/style.css.map HTTP/1.1" 200 91053
2023-04-30 17:02:23,460 [django.server:187] [basehttp:log_message] [INFO] "GET /static/css/icons.css.map HTTP/1.1" 200 301689
2023-04-30 17:02:23,462 [django.server:187] [basehttp:log_message] [INFO] "GET /static/css/bootstrap.min.css.map HTTP/1.1" 200 654593
2023-04-30 17:02:32,776 [django.server:187] [basehttp:log_message] [INFO] "GET /static/js/bootstrap.min.js.map HTTP/1.1" 200 192261
2023-04-30 17:02:33,560 [django.server:187] [basehttp:log_message] [INFO] "GET /factory/sync/query_instance/?instance=null&database=null HTTP/1.1" 200 1532
2023-04-30 17:02:33,586 [django.server:187] [basehttp:log_message] [WARNING] "GET /factory/static/images/favicon.ico HTTP/1.1" 404 4078
2023-04-30 17:08:15,394 [django.server:187] [basehttp:log_message] [INFO] "GET /factory/data_sync/ HTTP/1.1" 200 37857
2023-04-30 17:08:15,410 [django.server:187] [basehttp:log_message] [INFO] "GET /static/css/bootstrap.css HTTP/1.1" 304 0
2023-04-30 17:08:15,410 [django.server:187] [basehttp:log_message] [INFO] "GET /static/css/bootstrap.min.css HTTP/1.1" 304 0
2023-04-30 17:08:15,438 [django.server:187] [basehttp:log_message] [WARNING] "GET /factory/static/images/users/avatar-1.jpg HTTP/1.1" 404 4099
2023-04-30 17:08:15,439 [django.server:187] [basehttp:log_message] [WARNING] "GET /factory/static/images/logo-sm.png HTTP/1.1" 404 4078
2023-04-30 17:08:36,817 [django.server:187] [basehttp:log_message] [WARNING] "GET /static/css/bootstrap.css.map HTTP/1.1" 404 1822
2023-04-30 17:08:52,315 [django.server:187] [basehttp:log_message] [INFO] "GET /factory/sync/query_instance/?instance=null&database=null HTTP/1.1" 200 1532
2023-04-30 17:08:55,597 [django.server:187] [basehttp:log_message] [INFO] "GET /factory/data_sync/ HTTP/1.1" 200 37857
2023-04-30 17:08:55,639 [django.server:187] [basehttp:log_message] [WARNING] "GET /factory/static/images/logo-sm.png HTTP/1.1" 404 4078
2023-04-30 17:08:55,641 [django.server:187] [basehttp:log_message] [WARNING] "GET /factory/static/images/users/avatar-1.jpg HTTP/1.1" 404 4099
2023-04-30 17:08:57,886 [django.server:187] [basehttp:log_message] [WARNING] "GET /static/css/bootstrap.css.map HTTP/1.1" 404 1822
2023-04-30 17:09:27,052 [django.server:187] [basehttp:log_message] [INFO] "GET /factory/sync/query_instance/?instance=null&database=null HTTP/1.1" 200 1532
2023-04-30 17:10:16,218 [django.server:187] [basehttp:log_message] [INFO] "GET /factory/data_sync/ HTTP/1.1" 200 37857
2023-04-30 17:10:16,263 [django.server:187] [basehttp:log_message] [WARNING] "GET /factory/static/images/logo-sm.png HTTP/1.1" 404 4078
2023-04-30 17:10:16,267 [django.server:187] [basehttp:log_message] [WARNING] "GET /factory/static/images/users/avatar-1.jpg HTTP/1.1" 404 4099
2023-04-30 17:10:16,746 [django.server:187] [basehttp:log_message] [WARNING] "GET /static/css/bootstrap.css.map HTTP/1.1" 404 1822
2023-04-30 17:10:17,070 [django.server:187] [basehttp:log_message] [INFO] "GET /factory/sync/query_instance/?instance=null&database=null HTTP/1.1" 200 1532
2023-04-30 17:10:23,683 [django.server:187] [basehttp:log_message] [INFO] "GET /factory/sync/query_db/?instance=nei-mysql-2.43&database=null HTTP/1.1" 200 1436
2023-04-30 17:10:33,783 [django.server:187] [basehttp:log_message] [INFO] "GET /factory/sync/query_tb/?instance=nei-mysql-2.43&database=dba HTTP/1.1" 200 995
2023-04-30 17:10:56,444 [django.server:187] [basehttp:log_message] [WARNING] "GET /static/css/bootstrap.css.map HTTP/1.1" 404 1822
2023-04-30 17:12:07,224 [django.server:187] [basehttp:log_message] [INFO] "GET /factory/intranet/list/ HTTP/1.1" 200 24840
2023-04-30 17:12:07,256 [django.server:187] [basehttp:log_message] [WARNING] "GET /factory/intranet/static/images/logo-sm.png HTTP/1.1" 404 4105
2023-04-30 17:12:07,257 [django.server:187] [basehttp:log_message] [WARNING] "GET /factory/intranet/static/images/users/avatar-1.jpg HTTP/1.1" 404 4126
2023-04-30 17:12:07,297 [django.server:187] [basehttp:log_message] [INFO] "GET /static/fonts/mobirise.ttf?5dqoim HTTP/1.1" 200 54304
2023-04-30 17:12:07,417 [django.server:187] [basehttp:log_message] [WARNING] "GET /factory/intranet/static/images/favicon.ico HTTP/1.1" 404 4105
2023-04-30 17:12:12,685 [django.server:187] [basehttp:log_message] [INFO] "GET /factory/data_sync/ HTTP/1.1" 200 37857
2023-04-30 17:12:12,745 [django.server:187] [basehttp:log_message] [WARNING] "GET /factory/static/images/users/avatar-1.jpg HTTP/1.1" 404 4099
2023-04-30 17:12:12,745 [django.server:187] [basehttp:log_message] [WARNING] "GET /factory/static/images/logo-sm.png HTTP/1.1" 404 4078
2023-04-30 17:12:13,047 [django.server:187] [basehttp:log_message] [INFO] "GET /factory/sync/query_instance/?instance=null&database=null HTTP/1.1" 200 1532
2023-04-30 17:12:16,924 [django.server:187] [basehttp:log_message] [INFO] "GET /factory/sync/query_db/?instance=nei-mysql-2.43&database=null HTTP/1.1" 200 1436
2023-04-30 17:12:24,781 [django.server:187] [basehttp:log_message] [INFO] "GET /factory/sync/query_tb/?instance=nei-mysql-2.43&database=mabang HTTP/1.1" 200 4723
2023-04-30 17:12:59,832 [django.server:187] [basehttp:log_message] [INFO] "GET /factory/data_sync/ HTTP/1.1" 200 37857
2023-04-30 17:12:59,864 [django.server:187] [basehttp:log_message] [WARNING] "GET /factory/static/images/logo-sm.png HTTP/1.1" 404 4078
2023-04-30 17:12:59,874 [django.server:187] [basehttp:log_message] [WARNING] "GET /factory/static/images/users/avatar-1.jpg HTTP/1.1" 404 4099
2023-04-30 17:13:00,915 [django.server:187] [basehttp:log_message] [INFO] "GET /factory/sync/query_instance/?instance=null&database=null HTTP/1.1" 200 1532
2023-04-30 17:13:06,090 [django.server:187] [basehttp:log_message] [WARNING] "GET /static/css/bootstrap.css.map HTTP/1.1" 404 1822
2023-04-30 17:13:29,225 [django.server:187] [basehttp:log_message] [INFO] "GET /factory/data_sync/ HTTP/1.1" 200 37857
2023-04-30 17:13:29,243 [django.server:187] [basehttp:log_message] [INFO] "GET /static/css/bootstrap.css HTTP/1.1" 304 0
2023-04-30 17:13:29,243 [django.server:187] [basehttp:log_message] [INFO] "GET /static/css/bootstrap.min.css HTTP/1.1" 304 0
2023-04-30 17:13:29,273 [django.server:187] [basehttp:log_message] [WARNING] "GET /factory/static/images/logo-sm.png HTTP/1.1" 404 4078
2023-04-30 17:13:29,273 [django.server:187] [basehttp:log_message] [WARNING] "GET /factory/static/images/users/avatar-1.jpg HTTP/1.1" 404 4099
2023-04-30 17:13:29,330 [django.server:187] [basehttp:log_message] [WARNING] "GET /static/css/bootstrap.css.map HTTP/1.1" 404 1822
2023-04-30 17:13:29,654 [django.server:187] [basehttp:log_message] [INFO] "GET /factory/sync/query_instance/?instance=null&database=null HTTP/1.1" 200 1532
2023-04-30 17:13:36,358 [django.server:187] [basehttp:log_message] [INFO] "GET /factory/sync/query_db/?instance=nei-tidb-2.45&database=null HTTP/1.1" 200 2970
2023-04-30 17:13:37,535 [django.server:187] [basehttp:log_message] [INFO] "GET /factory/sync/query_tb/?instance=nei-tidb-2.45&database=c2_report HTTP/1.1" 200 146222
2023-04-30 17:13:44,677 [django.server:187] [basehttp:log_message] [INFO] "GET /factory/sync/query_db/?instance=nei-mysql-2.43&database=null HTTP/1.1" 200 1436
2023-04-30 17:13:48,302 [django.server:187] [basehttp:log_message] [INFO] "GET /factory/data_sync/ HTTP/1.1" 200 37857
2023-04-30 17:13:48,333 [django.server:187] [basehttp:log_message] [WARNING] "GET /factory/static/images/users/avatar-1.jpg HTTP/1.1" 404 4099
2023-04-30 17:13:48,338 [django.server:187] [basehttp:log_message] [WARNING] "GET /factory/static/images/logo-sm.png HTTP/1.1" 404 4078
2023-04-30 17:13:48,423 [django.server:187] [basehttp:log_message] [WARNING] "GET /static/css/bootstrap.css.map HTTP/1.1" 404 1822
2023-04-30 17:13:48,743 [django.server:187] [basehttp:log_message] [INFO] "GET /factory/sync/query_instance/?instance=null&database=null HTTP/1.1" 200 1532
2023-04-30 17:16:02,549 [django.server:187] [basehttp:log_message] [INFO] "GET /factory/data_sync/ HTTP/1.1" 200 37857
2023-04-30 17:16:02,581 [django.server:187] [basehttp:log_message] [WARNING] "GET /factory/static/images/users/avatar-1.jpg HTTP/1.1" 404 4099
2023-04-30 17:16:02,582 [django.server:187] [basehttp:log_message] [WARNING] "GET /factory/static/images/logo-sm.png HTTP/1.1" 404 4078
2023-04-30 17:16:02,646 [django.server:187] [basehttp:log_message] [WARNING] "GET /static/css/bootstrap.css.map HTTP/1.1" 404 1822
2023-04-30 17:16:04,843 [django.server:187] [basehttp:log_message] [INFO] "GET /factory/sync/query_instance/?instance=null&database=null HTTP/1.1" 200 1532
2023-04-30 17:16:09,880 [django.server:187] [basehttp:log_message] [INFO] "GET /factory/sync/query_db/?instance=nei-tms-2.48&database=null HTTP/1.1" 200 420
2023-04-30 17:16:10,368 [django.server:187] [basehttp:log_message] [INFO] "GET /factory/sync/query_tb/?instance=nei-tms-2.48&database=mabang_crm_dict HTTP/1.1" 200 69
2023-04-30 17:16:10,778 [django.server:187] [basehttp:log_message] [INFO] "GET /factory/sync/query_tb/?instance=nei-tms-2.48&database=mabang_crm_flowable HTTP/1.1" 200 2132
2023-04-30 17:16:17,122 [django.server:187] [basehttp:log_message] [WARNING] "GET /static/css/bootstrap.css.map HTTP/1.1" 404 1822
2023-04-30 17:16:19,308 [django.server:187] [basehttp:log_message] [INFO] "GET /factory/data_sync/ HTTP/1.1" 200 37857
2023-04-30 17:16:19,329 [django.server:187] [basehttp:log_message] [INFO] "GET /static/plugins/fullcalendar/css/fullcalendar.min.css HTTP/1.1" 200 13709
2023-04-30 17:16:19,340 [django.server:187] [basehttp:log_message] [INFO] "GET /static/css/bootstrap.min.css HTTP/1.1" 200 212514
2023-04-30 17:16:19,341 [django.server:187] [basehttp:log_message] [INFO] "GET /static/css/bootstrap.css HTTP/1.1" 200 216761
2023-04-30 17:16:19,341 [django.server:187] [basehttp:log_message] [INFO] "GET /static/css/bootstrap-table.min.css HTTP/1.1" 200 10234
2023-04-30 17:16:19,342 [django.server:187] [basehttp:log_message] [INFO] "GET /static/css/style.css HTTP/1.1" 200 83156
2023-04-30 17:16:19,345 [django.server:187] [basehttp:log_message] [INFO] "GET /static/css/icons.css HTTP/1.1" 200 253084
2023-04-30 17:16:19,357 [django.server:187] [basehttp:log_message] [INFO] "GET /static/js/jquery.scrollTo.min.js HTTP/1.1" 200 2447
2023-04-30 17:16:19,358 [django.server:187] [basehttp:log_message] [INFO] "GET /static/js/modernizr.min.js HTTP/1.1" 200 11084
2023-04-30 17:16:19,359 [django.server:187] [basehttp:log_message] [INFO] "GET /static/js/bootstrap.min.js HTTP/1.1" 200 62563
2023-04-30 17:16:19,359 [django.server:187] [basehttp:log_message] [INFO] "GET /static/js/jquery.min.js HTTP/1.1" 200 135233
2023-04-30 17:16:19,361 [django.server:187] [basehttp:log_message] [INFO] "GET /static/js/jquery.nicescroll.js HTTP/1.1" 200 119939
2023-04-30 17:16:19,368 [django.server:187] [basehttp:log_message] [INFO] "GET /static/js/jquery.slimscroll.js HTTP/1.1" 200 13832
2023-04-30 17:16:19,370 [django.server:187] [basehttp:log_message] [INFO] "GET /static/js/waves.js HTTP/1.1" 200 69263
2023-04-30 17:16:19,370 [django.server:187] [basehttp:log_message] [INFO] "GET /static/plugins/fullcalendar/js/fullcalendar.min.js HTTP/1.1" 200 118884
2023-04-30 17:16:19,373 [django.server:187] [basehttp:log_message] [INFO] "GET /static/plugins/moment/moment.js HTTP/1.1" 200 150941
2023-04-30 17:16:19,373 [django.server:187] [basehttp:log_message] [INFO] "GET /static/plugins/jquery-ui/jquery-ui.min.js HTTP/1.1" 200 253668
2023-04-30 17:16:19,379 [django.server:187] [basehttp:log_message] [INFO] "GET /static/pages/calendar-init.js HTTP/1.1" 200 5502
2023-04-30 17:16:19,396 [django.server:187] [basehttp:log_message] [INFO] "GET /static/js/app.js HTTP/1.1" 200 6452
2023-04-30 17:16:19,401 [django.server:187] [basehttp:log_message] [WARNING] "GET /factory/static/images/users/avatar-1.jpg HTTP/1.1" 404 4099
2023-04-30 17:16:19,402 [django.server:187] [basehttp:log_message] [WARNING] "GET /factory/static/images/logo-sm.png HTTP/1.1" 404 4078
2023-04-30 17:16:19,477 [django.server:187] [basehttp:log_message] [INFO] "GET /static/fonts/dripicons-v2.woff HTTP/1.1" 200 26004
2023-04-30 17:16:19,479 [django.server:187] [basehttp:log_message] [INFO] "GET /static/fonts/materialdesignicons-webfont.woff2?v=1.6.50 HTTP/1.1" 200 90140
2023-04-30 17:16:19,479 [django.server:187] [basehttp:log_message] [INFO] "GET /static/fonts/ionicons.ttf?v=1.5.0 HTTP/1.1" 200 164548
2023-04-30 17:16:19,530 [django.server:187] [basehttp:log_message] [WARNING] "GET /static/css/bootstrap.css.map HTTP/1.1" 404 1822
2023-04-30 17:16:19,532 [django.server:187] [basehttp:log_message] [INFO] "GET /static/css/style.css.map HTTP/1.1" 200 91053
2023-04-30 17:16:19,534 [django.server:187] [basehttp:log_message] [INFO] "GET /static/css/icons.css.map HTTP/1.1" 200 301689
2023-04-30 17:16:19,536 [django.server:187] [basehttp:log_message] [INFO] "GET /static/css/bootstrap.min.css.map HTTP/1.1" 200 654593
2023-04-30 17:16:19,830 [django.server:187] [basehttp:log_message] [INFO] "GET /static/js/bootstrap.min.js.map HTTP/1.1" 200 185257
2023-04-30 17:16:20,149 [django.server:187] [basehttp:log_message] [INFO] "GET /factory/sync/query_instance/?instance=null&database=null HTTP/1.1" 200 1532
2023-04-30 17:16:20,212 [django.server:187] [basehttp:log_message] [WARNING] "GET /factory/static/images/favicon.ico HTTP/1.1" 404 4078
2023-04-30 17:16:28,799 [django.server:187] [basehttp:log_message] [INFO] "GET /factory/sync/query_db/?instance=nei-tidb-2.45&database=null HTTP/1.1" 200 2970
2023-04-30 17:16:32,887 [django.server:187] [basehttp:log_message] [WARNING] "GET /static/css/bootstrap.css.map HTTP/1.1" 404 1822
2023-04-30 17:22:48,326 [django.server:187] [basehttp:log_message] [INFO] "GET /factory/data_sync/ HTTP/1.1" 200 37793
2023-04-30 17:22:48,348 [django.server:187] [basehttp:log_message] [INFO] "GET /static/css/bootstrap.css HTTP/1.1" 304 0
2023-04-30 17:22:48,351 [django.server:187] [basehttp:log_message] [WARNING] "GET /factory/static/images/logo-sm.png HTTP/1.1" 404 4078
2023-04-30 17:22:48,375 [django.server:187] [basehttp:log_message] [WARNING] "GET /factory/static/images/users/avatar-1.jpg HTTP/1.1" 404 4099
2023-04-30 17:22:48,437 [django.server:187] [basehttp:log_message] [WARNING] "GET /static/css/bootstrap.css.map HTTP/1.1" 404 1822
2023-04-30 17:22:53,210 [django.server:187] [basehttp:log_message] [INFO] "GET /factory/sync/query_instance/?instance=null&database=null HTTP/1.1" 200 1532
2023-04-30 17:22:58,780 [django.server:187] [basehttp:log_message] [INFO] "GET /factory/sync/query_db/?instance=nei-tms-2.48&database=null HTTP/1.1" 200 420
2023-04-30 17:22:59,568 [django.server:187] [basehttp:log_message] [INFO] "GET /factory/sync/query_tb/?instance=nei-tms-2.48&database=mabang_crm_dict HTTP/1.1" 200 69
2023-04-30 17:23:00,245 [django.server:187] [basehttp:log_message] [INFO] "GET /factory/sync/query_tb/?instance=nei-tms-2.48&database=mabang_crm_flowable HTTP/1.1" 200 2132
2023-04-30 17:30:17,123 [django.server:187] [basehttp:log_message] [INFO] "GET /factory/data_sync/ HTTP/1.1" 200 37614
2023-04-30 17:30:17,139 [django.server:187] [basehttp:log_message] [INFO] "GET /static/css/bootstrap.css HTTP/1.1" 304 0
2023-04-30 17:30:17,161 [django.server:187] [basehttp:log_message] [WARNING] "GET /factory/static/images/users/avatar-1.jpg HTTP/1.1" 404 4099
2023-04-30 17:30:17,162 [django.server:187] [basehttp:log_message] [WARNING] "GET /factory/static/images/logo-sm.png HTTP/1.1" 404 4078
2023-04-30 17:30:17,620 [django.server:187] [basehttp:log_message] [INFO] "GET /factory/sync/query_instance/?instance=null&database=null HTTP/1.1" 200 1532
2023-04-30 17:30:22,216 [django.server:187] [basehttp:log_message] [INFO] "GET /factory/sync/query_db/?instance=nei-test-2.15.3306&database=null HTTP/1.1" 200 544
2023-04-30 17:30:23,274 [django.server:187] [basehttp:log_message] [INFO] "GET /factory/sync/query_tb/?instance=nei-test-2.15.3306&database=mabang_log HTTP/1.1" 200 10959
2023-04-30 17:30:39,459 [django.server:187] [basehttp:log_message] [INFO] "GET /factory/sync/query_tb/?instance=nei-test-2.15.3306&database=mabang_manifest HTTP/1.1" 200 242
2023-04-30 17:32:05,708 [django.server:187] [basehttp:log_message] [WARNING] "GET /static/css/bootstrap.css.map HTTP/1.1" 404 1822
2023-04-30 17:32:53,364 [django.server:187] [basehttp:log_message] [INFO] "GET /factory/data_sync/ HTTP/1.1" 200 37555
2023-04-30 17:32:53,393 [django.server:187] [basehttp:log_message] [WARNING] "GET /factory/static/images/users/avatar-1.jpg HTTP/1.1" 404 4099
2023-04-30 17:32:53,394 [django.server:187] [basehttp:log_message] [WARNING] "GET /factory/static/images/logo-sm.png HTTP/1.1" 404 4078
2023-04-30 17:32:53,482 [django.server:187] [basehttp:log_message] [WARNING] "GET /static/css/bootstrap.css.map HTTP/1.1" 404 1822
2023-04-30 17:32:53,982 [django.server:187] [basehttp:log_message] [INFO] "GET /factory/sync/query_instance/?instance=null&database=null HTTP/1.1" 200 1532
2023-04-30 17:33:00,100 [django.server:187] [basehttp:log_message] [INFO] "GET /factory/sync/query_db/?instance=nei-mysql-2.43&database=null HTTP/1.1" 200 1436
2023-04-30 17:33:07,959 [django.server:187] [basehttp:log_message] [INFO] "GET /factory/sync/query_tb/?instance=nei-mysql-2.43&database=mabang_crm HTTP/1.1" 200 6235
2023-04-30 17:33:14,080 [django.server:187] [basehttp:log_message] [INFO] "GET /factory/sync/query_tb/?instance=nei-mysql-2.43&database=mabang HTTP/1.1" 200 4723
2023-04-30 17:33:25,747 [django.server:187] [basehttp:log_message] [WARNING] "GET /static/css/bootstrap.css.map HTTP/1.1" 404 1822
2023-04-30 17:36:08,223 [django.server:187] [basehttp:log_message] [INFO] "GET /factory/data_sync/ HTTP/1.1" 200 37610
2023-04-30 17:36:08,256 [django.server:187] [basehttp:log_message] [WARNING] "GET /factory/static/images/users/avatar-1.jpg HTTP/1.1" 404 4099
2023-04-30 17:36:08,256 [django.server:187] [basehttp:log_message] [WARNING] "GET /factory/static/images/logo-sm.png HTTP/1.1" 404 4078
2023-04-30 17:36:08,349 [django.server:187] [basehttp:log_message] [WARNING] "GET /static/css/bootstrap.css.map HTTP/1.1" 404 1822
2023-04-30 17:36:08,857 [django.server:187] [basehttp:log_message] [INFO] "GET /factory/sync/query_instance/?instance=null&database=null HTTP/1.1" 200 1532
2023-04-30 17:36:12,704 [django.server:187] [basehttp:log_message] [INFO] "GET /factory/sync/query_db/?instance=nei-test-2.15.3306&database=null HTTP/1.1" 200 544
2023-04-30 17:36:18,309 [django.server:187] [basehttp:log_message] [INFO] "GET /factory/sync/query_tb/?instance=nei-test-2.15.3306&database=mabang_dc_amazon HTTP/1.1" 200 5025
2023-04-30 17:36:29,679 [django.server:187] [basehttp:log_message] [INFO] "GET /factory/sync/query_db/?instance=nei-mysql-2.43&database=null HTTP/1.1" 200 1436
2023-04-30 17:36:43,965 [django.server:187] [basehttp:log_message] [INFO] "GET /factory/sync/query_tb/?instance=nei-mysql-2.43&database=mabang HTTP/1.1" 200 4723
2023-04-30 17:40:36,180 [django.server:187] [basehttp:log_message] [INFO] "GET /factory/data_sync/ HTTP/1.1" 200 37798
2023-04-30 17:40:36,194 [django.server:187] [basehttp:log_message] [INFO] "GET /static/css/bootstrap.css HTTP/1.1" 304 0
2023-04-30 17:40:36,218 [django.server:187] [basehttp:log_message] [WARNING] "GET /factory/static/images/logo-sm.png HTTP/1.1" 404 4078
2023-04-30 17:40:36,218 [django.server:187] [basehttp:log_message] [WARNING] "GET /factory/static/images/users/avatar-1.jpg HTTP/1.1" 404 4099
2023-04-30 17:40:38,448 [django.server:187] [basehttp:log_message] [INFO] "GET /factory/sync/query_instance/?instance=null&database=null HTTP/1.1" 200 1532
2023-04-30 17:41:21,189 [django.server:187] [basehttp:log_message] [INFO] "GET /factory/data_sync/ HTTP/1.1" 200 37748
2023-04-30 17:41:21,219 [django.server:187] [basehttp:log_message] [WARNING] "GET /factory/static/images/logo-sm.png HTTP/1.1" 404 4078
2023-04-30 17:41:21,220 [django.server:187] [basehttp:log_message] [WARNING] "GET /factory/static/images/users/avatar-1.jpg HTTP/1.1" 404 4099
2023-04-30 17:41:21,506 [django.server:187] [basehttp:log_message] [INFO] "GET /factory/sync/query_instance/?instance=null&database=null HTTP/1.1" 200 1532
2023-04-30 17:41:27,918 [django.server:187] [basehttp:log_message] [INFO] "GET /factory/sync/query_db/?instance=nei-mysql-2.43&database=null HTTP/1.1" 200 1436
2023-04-30 17:41:36,903 [django.server:187] [basehttp:log_message] [INFO] "GET /factory/sync/query_db/?instance=nei-tidb-mdc&database=null HTTP/1.1" 200 2970
2023-04-30 17:41:41,268 [django.server:187] [basehttp:log_message] [INFO] "GET /factory/sync/query_db/?instance=nei-test-2.15.3308&database=null HTTP/1.1" 200 463
2023-04-30 17:41:51,987 [django.server:187] [basehttp:log_message] [INFO] "GET /factory/sync/query_db/?instance=nei-test-2.15.3307&database=null HTTP/1.1" 200 1850
2023-04-30 17:41:52,592 [django.server:187] [basehttp:log_message] [INFO] "GET /factory/sync/query_db/?instance=nei-test-2.28&database=null HTTP/1.1" 200 1544
2023-04-30 17:41:58,849 [django.server:187] [basehttp:log_message] [INFO] "GET /factory/sync/query_db/?instance=nei-tidb-2.45&database=null HTTP/1.1" 200 2970
2023-04-30 17:42:03,074 [django.server:187] [basehttp:log_message] [INFO] "GET /factory/sync/query_db/?instance=nei-datacenter&database=null HTTP/1.1" 200 221
2023-04-30 17:42:03,725 [django.server:187] [basehttp:log_message] [INFO] "GET /factory/sync/query_db/?instance=nei-crm-2.48&database=null HTTP/1.1" 200 420
2023-04-30 17:42:06,721 [django.server:187] [basehttp:log_message] [INFO] "GET /factory/sync/query_db/?instance=private-mabang&database=null HTTP/1.1" 200 228
2023-04-30 17:42:15,213 [django.server:187] [basehttp:log_message] [INFO] "GET /factory/sync/query_db/?instance=nei-tidb-fba&database=null HTTP/1.1" 200 2970
2023-04-30 17:42:18,589 [django.server:187] [basehttp:log_message] [INFO] "GET /factory/sync/query_db/?instance=nei-test-2.28&database=null HTTP/1.1" 200 1544
2023-04-30 17:42:20,776 [django.server:187] [basehttp:log_message] [INFO] "GET /factory/sync/query_db/?instance=nei-tms-mysql-170&database=null HTTP/1.1" 200 238
2023-04-30 17:42:21,120 [django.server:187] [basehttp:log_message] [INFO] "GET /factory/sync/query_db/?instance=nei-test-2.28&database=null HTTP/1.1" 200 1544
2023-04-30 17:42:23,679 [django.server:187] [basehttp:log_message] [INFO] "GET /factory/sync/query_db/?instance=public-mabang&database=null HTTP/1.1" 200 212
2023-04-30 17:42:25,097 [django.server:187] [basehttp:log_message] [INFO] "GET /factory/sync/query_db/?instance=private-mabang&database=null HTTP/1.1" 200 228
2023-04-30 17:42:25,652 [django.server:187] [basehttp:log_message] [INFO] "GET /factory/sync/query_db/?instance=public-order-peihuo&database=null HTTP/1.1" 200 110
2023-04-30 17:42:32,466 [django.server:187] [basehttp:log_message] [INFO] "GET /factory/sync/query_db/?instance=private-fba&database=null HTTP/1.1" 200 173
2023-04-30 17:42:33,053 [django.server:187] [basehttp:log_message] [INFO] "GET /factory/sync/query_db/?instance=private-stock&database=null HTTP/1.1" 200 152
2023-04-30 17:47:39,181 [django.server:187] [basehttp:log_message] [INFO] "GET /factory/data_sync/ HTTP/1.1" 200 37747
2023-04-30 17:47:39,212 [django.server:187] [basehttp:log_message] [WARNING] "GET /factory/static/images/logo-sm.png HTTP/1.1" 404 4078
2023-04-30 17:47:39,213 [django.server:187] [basehttp:log_message] [WARNING] "GET /factory/static/images/users/avatar-1.jpg HTTP/1.1" 404 4099
2023-04-30 17:47:40,079 [django.server:187] [basehttp:log_message] [INFO] "GET /factory/sync/query_instance/?instance=null&database=null HTTP/1.1" 200 1532
2023-04-30 17:47:43,600 [django.server:187] [basehttp:log_message] [INFO] "GET /factory/sync/query_db/?instance=nei-crm-2.48&database=null HTTP/1.1" 200 420
2023-04-30 17:47:47,842 [django.server:187] [basehttp:log_message] [INFO] "GET /factory/sync/query_tb/?instance=nei-crm-2.48&database=dba HTTP/1.1" 200 99
2023-04-30 17:48:37,477 [django.server:187] [basehttp:log_message] [WARNING] "GET /static/css/bootstrap.css.map HTTP/1.1" 404 1822
2023-04-30 17:48:43,696 [django.server:187] [basehttp:log_message] [INFO] "GET /factory/data_sync/ HTTP/1.1" 200 37747
2023-04-30 17:48:43,735 [django.server:187] [basehttp:log_message] [WARNING] "GET /factory/static/images/logo-sm.png HTTP/1.1" 404 4078
2023-04-30 17:48:43,735 [django.server:187] [basehttp:log_message] [WARNING] "GET /factory/static/images/users/avatar-1.jpg HTTP/1.1" 404 4099
2023-04-30 17:48:43,836 [django.server:187] [basehttp:log_message] [WARNING] "GET /static/css/bootstrap.css.map HTTP/1.1" 404 1822
2023-04-30 17:48:44,166 [django.server:187] [basehttp:log_message] [INFO] "GET /factory/sync/query_instance/?instance=null&database=null HTTP/1.1" 200 1532
2023-04-30 17:48:48,657 [django.server:187] [basehttp:log_message] [INFO] "GET /factory/sync/query_db/?instance=nei-mysql-2.43&database=null HTTP/1.1" 200 1436
2023-04-30 17:48:53,922 [django.server:187] [basehttp:log_message] [INFO] "GET /factory/sync/query_tb/?instance=nei-mysql-2.43&database=mabang_cms HTTP/1.1" 200 1062
2023-04-30 17:51:55,492 [django.server:187] [basehttp:log_message] [INFO] "GET /factory/data_sync/ HTTP/1.1" 200 37761
2023-04-30 17:51:55,515 [django.server:187] [basehttp:log_message] [INFO] "GET /static/css/bootstrap.css HTTP/1.1" 304 0
2023-04-30 17:51:55,547 [django.server:187] [basehttp:log_message] [WARNING] "GET /factory/static/images/logo-sm.png HTTP/1.1" 404 4078
2023-04-30 17:51:55,548 [django.server:187] [basehttp:log_message] [WARNING] "GET /factory/static/images/users/avatar-1.jpg HTTP/1.1" 404 4099
2023-04-30 17:51:55,613 [django.server:187] [basehttp:log_message] [WARNING] "GET /static/css/bootstrap.css.map HTTP/1.1" 404 1822
2023-04-30 17:51:56,060 [django.server:187] [basehttp:log_message] [INFO] "GET /factory/sync/query_instance/?instance=null&database=null HTTP/1.1" 200 1532
2023-04-30 17:51:59,260 [django.server:187] [basehttp:log_message] [INFO] "GET /factory/sync/query_db/?instance=nei-mysql-2.43&database=null HTTP/1.1" 200 1436
2023-04-30 17:52:06,503 [django.server:187] [basehttp:log_message] [INFO] "GET /factory/sync/query_tb/?instance=nei-mysql-2.43&database=mabang HTTP/1.1" 200 4723
2023-04-30 17:53:44,160 [django.server:187] [basehttp:log_message] [INFO] "GET /factory/data_sync/ HTTP/1.1" 200 37757
2023-04-30 17:53:44,237 [django.server:187] [basehttp:log_message] [WARNING] "GET /factory/static/images/users/avatar-1.jpg HTTP/1.1" 404 4099
2023-04-30 17:53:44,238 [django.server:187] [basehttp:log_message] [WARNING] "GET /factory/static/images/logo-sm.png HTTP/1.1" 404 4078
2023-04-30 17:53:44,330 [django.server:187] [basehttp:log_message] [WARNING] "GET /static/css/bootstrap.css.map HTTP/1.1" 404 1822
2023-04-30 17:53:44,721 [django.server:187] [basehttp:log_message] [INFO] "GET /factory/sync/query_instance/?instance=null&database=null HTTP/1.1" 200 1532
2023-04-30 17:53:50,191 [django.server:187] [basehttp:log_message] [INFO] "GET /factory/sync/query_db/?instance=nei-crm-2.48&database=null HTTP/1.1" 200 420
2023-04-30 17:53:54,348 [django.server:187] [basehttp:log_message] [INFO] "GET /factory/sync/query_tb/?instance=nei-crm-2.48&database=mabang_crm_flowable HTTP/1.1" 200 2132
2023-04-30 17:54:45,453 [django.server:187] [basehttp:log_message] [INFO] "GET /factory/data_sync/ HTTP/1.1" 200 37807
2023-04-30 17:54:45,516 [django.server:187] [basehttp:log_message] [WARNING] "GET /factory/static/images/users/avatar-1.jpg HTTP/1.1" 404 4099
2023-04-30 17:54:45,516 [django.server:187] [basehttp:log_message] [WARNING] "GET /factory/static/images/logo-sm.png HTTP/1.1" 404 4078
2023-04-30 17:54:45,604 [django.server:187] [basehttp:log_message] [WARNING] "GET /static/css/bootstrap.css.map HTTP/1.1" 404 1822
2023-04-30 17:54:46,192 [django.server:187] [basehttp:log_message] [INFO] "GET /factory/sync/query_instance/?instance=null&database=null HTTP/1.1" 200 1532
2023-04-30 17:54:52,923 [django.server:187] [basehttp:log_message] [INFO] "GET /factory/sync/query_db/?instance=public-mabang&database=null HTTP/1.1" 200 212
2023-04-30 17:55:12,781 [django.server:187] [basehttp:log_message] [INFO] "GET /factory/sync/query_tb/?instance=public-mabang&database=mabang_market HTTP/1.1" 200 247
2023-04-30 17:55:39,588 [django.server:187] [basehttp:log_message] [INFO] "GET /factory/sync/query_db/?instance=nei-test-2.15.3306&database=null HTTP/1.1" 200 544
2023-04-30 17:55:40,647 [django.server:187] [basehttp:log_message] [INFO] "GET /factory/sync/query_tb/?instance=nei-test-2.15.3306&database=mabang_dc_amazon HTTP/1.1" 200 5025
2023-04-30 17:55:40,724 [django.server:187] [basehttp:log_message] [INFO] "GET /factory/data_sync/ HTTP/1.1" 200 37807
2023-04-30 17:55:40,770 [django.server:187] [basehttp:log_message] [WARNING] "GET /factory/static/images/logo-sm.png HTTP/1.1" 404 4078
2023-04-30 17:55:40,771 [django.server:187] [basehttp:log_message] [WARNING] "GET /factory/static/images/users/avatar-1.jpg HTTP/1.1" 404 4099
2023-04-30 17:55:41,064 [django.server:187] [basehttp:log_message] [INFO] "GET /factory/sync/query_instance/?instance=null&database=null HTTP/1.1" 200 1532
2023-04-30 18:08:21,391 [django.server:187] [basehttp:log_message] [INFO] "GET /factory/data_sync/ HTTP/1.1" 200 37805
2023-04-30 18:08:21,408 [django.server:187] [basehttp:log_message] [INFO] "GET /static/css/bootstrap.css HTTP/1.1" 304 0
2023-04-30 18:08:21,423 [django.server:187] [basehttp:log_message] [WARNING] "GET /factory/static/images/users/avatar-1.jpg HTTP/1.1" 404 4099
2023-04-30 18:08:21,423 [django.server:187] [basehttp:log_message] [WARNING] "GET /factory/static/images/logo-sm.png HTTP/1.1" 404 4078
2023-04-30 18:08:21,905 [django.server:187] [basehttp:log_message] [INFO] "GET /factory/sync/query_instance/?instance=null&database=null HTTP/1.1" 200 1532
2023-04-30 18:08:27,655 [django.server:187] [basehttp:log_message] [INFO] "GET /factory/sync/query_db/?instance=nei-tms-2.48&database=null HTTP/1.1" 200 420
2023-04-30 18:08:31,869 [django.server:187] [basehttp:log_message] [INFO] "GET /factory/sync/query_tb/?instance=nei-tms-2.48&database=dba HTTP/1.1" 200 99
2023-04-30 18:08:47,177 [django.server:187] [basehttp:log_message] [INFO] "GET /factory/data_sync/ HTTP/1.1" 200 37769
2023-04-30 18:08:47,209 [django.server:187] [basehttp:log_message] [WARNING] "GET /factory/static/images/users/avatar-1.jpg HTTP/1.1" 404 4099
2023-04-30 18:08:47,209 [django.server:187] [basehttp:log_message] [WARNING] "GET /factory/static/images/logo-sm.png HTTP/1.1" 404 4078
2023-04-30 18:08:47,517 [django.server:187] [basehttp:log_message] [INFO] "GET /factory/sync/query_instance/?instance=null&database=null HTTP/1.1" 200 1532
2023-04-30 18:08:50,677 [django.server:187] [basehttp:log_message] [INFO] "GET /factory/sync/query_db/?instance=nei-mysql-2.43&database=null HTTP/1.1" 200 1436
2023-04-30 18:10:48,065 [django.server:187] [basehttp:log_message] [INFO] "GET /factory/data_sync/ HTTP/1.1" 200 37805
2023-04-30 18:10:48,100 [django.server:187] [basehttp:log_message] [WARNING] "GET /factory/static/images/users/avatar-1.jpg HTTP/1.1" 404 4099
2023-04-30 18:10:48,101 [django.server:187] [basehttp:log_message] [WARNING] "GET /factory/static/images/logo-sm.png HTTP/1.1" 404 4078
2023-04-30 18:10:48,406 [django.server:187] [basehttp:log_message] [INFO] "GET /factory/sync/query_instance/?instance=null&database=null HTTP/1.1" 200 1532
2023-04-30 18:11:22,844 [django.server:187] [basehttp:log_message] [WARNING] "GET /static/css/bootstrap.css.map HTTP/1.1" 404 1822
2023-04-30 18:11:24,504 [django.server:187] [basehttp:log_message] [INFO] "GET /factory/data_sync/ HTTP/1.1" 200 37805
2023-04-30 18:11:24,535 [django.server:187] [basehttp:log_message] [WARNING] "GET /factory/static/images/logo-sm.png HTTP/1.1" 404 4078
2023-04-30 18:11:24,536 [django.server:187] [basehttp:log_message] [WARNING] "GET /factory/static/images/users/avatar-1.jpg HTTP/1.1" 404 4099
2023-04-30 18:11:24,598 [django.server:187] [basehttp:log_message] [WARNING] "GET /static/css/bootstrap.css.map HTTP/1.1" 404 1822
2023-04-30 18:11:25,245 [django.server:187] [basehttp:log_message] [INFO] "GET /factory/sync/query_instance/?instance=null&database=null HTTP/1.1" 200 1532
2023-04-30 18:11:44,565 [django.server:187] [basehttp:log_message] [INFO] "GET /factory/data_sync/ HTTP/1.1" 200 37807
2023-04-30 18:11:44,631 [django.server:187] [basehttp:log_message] [WARNING] "GET /factory/static/images/logo-sm.png HTTP/1.1" 404 4078
2023-04-30 18:11:44,632 [django.server:187] [basehttp:log_message] [WARNING] "GET /factory/static/images/users/avatar-1.jpg HTTP/1.1" 404 4099
2023-04-30 18:11:44,728 [django.server:187] [basehttp:log_message] [WARNING] "GET /static/css/bootstrap.css.map HTTP/1.1" 404 1822
2023-04-30 18:11:45,168 [django.server:187] [basehttp:log_message] [INFO] "GET /factory/sync/query_instance/?instance=null&database=null HTTP/1.1" 200 1532
2023-04-30 18:12:06,432 [django.server:187] [basehttp:log_message] [INFO] "GET /factory/sync/query_db/?instance=nei-tidb-2.45&database=null HTTP/1.1" 200 2970
2023-04-30 18:13:10,386 [django.server:187] [basehttp:log_message] [INFO] "GET /factory/sync/query_tb/?instance=nei-tidb-2.45&database=mabang_advertising_log HTTP/1.1" 200 2353
2023-04-30 18:13:10,634 [django.server:187] [basehttp:log_message] [INFO] "GET /factory/data_sync/ HTTP/1.1" 200 37744
2023-04-30 18:13:10,691 [django.server:187] [basehttp:log_message] [WARNING] "GET /factory/static/images/logo-sm.png HTTP/1.1" 404 4078
2023-04-30 18:13:10,694 [django.server:187] [basehttp:log_message] [WARNING] "GET /factory/static/images/users/avatar-1.jpg HTTP/1.1" 404 4099
2023-04-30 18:13:10,793 [django.server:187] [basehttp:log_message] [WARNING] "GET /static/css/bootstrap.css.map HTTP/1.1" 404 1822
2023-04-30 18:13:11,114 [django.server:187] [basehttp:log_message] [INFO] "GET /factory/sync/query_instance/?instance=null&database=null HTTP/1.1" 200 1532
2023-04-30 18:13:30,769 [django.server:187] [basehttp:log_message] [INFO] "GET /factory/sync/query_db/?instance=nei-test-2.28&database=null HTTP/1.1" 200 1544
2023-04-30 18:13:30,823 [django.server:187] [basehttp:log_message] [INFO] "GET /factory/data_sync/ HTTP/1.1" 200 37742
2023-04-30 18:13:30,879 [django.server:187] [basehttp:log_message] [WARNING] "GET /factory/static/images/logo-sm.png HTTP/1.1" 404 4078
2023-04-30 18:13:30,880 [django.server:187] [basehttp:log_message] [WARNING] "GET /factory/static/images/users/avatar-1.jpg HTTP/1.1" 404 4099
2023-04-30 18:13:30,944 [django.server:187] [basehttp:log_message] [WARNING] "GET /static/css/bootstrap.css.map HTTP/1.1" 404 1822
2023-04-30 18:13:31,308 [django.server:187] [basehttp:log_message] [INFO] "GET /factory/sync/query_instance/?instance=null&database=null HTTP/1.1" 200 1532
2023-04-30 18:13:34,847 [django.server:187] [basehttp:log_message] [INFO] "GET /factory/data_sync/ HTTP/1.1" 200 37742
2023-04-30 18:13:34,892 [django.server:187] [basehttp:log_message] [WARNING] "GET /factory/static/images/users/avatar-1.jpg HTTP/1.1" 404 4099
2023-04-30 18:13:34,892 [django.server:187] [basehttp:log_message] [WARNING] "GET /factory/static/images/logo-sm.png HTTP/1.1" 404 4078
2023-04-30 18:13:34,966 [django.server:187] [basehttp:log_message] [WARNING] "GET /static/css/bootstrap.css.map HTTP/1.1" 404 1822
2023-04-30 18:13:35,262 [django.server:187] [basehttp:log_message] [INFO] "GET /factory/sync/query_instance/?instance=null&database=null HTTP/1.1" 200 1532
2023-04-30 18:14:14,849 [django.server:187] [basehttp:log_message] [INFO] "GET /factory/sync/query_db/?instance=nei-tms-2.48&database=null HTTP/1.1" 200 420
2023-04-30 18:19:58,416 [django.server:187] [basehttp:log_message] [INFO] "GET /factory/data_sync/ HTTP/1.1" 200 37745
2023-04-30 18:19:58,444 [django.server:187] [basehttp:log_message] [INFO] "GET /static/css/bootstrap.css HTTP/1.1" 304 0
2023-04-30 18:19:58,467 [django.server:187] [basehttp:log_message] [WARNING] "GET /factory/static/images/users/avatar-1.jpg HTTP/1.1" 404 4099
2023-04-30 18:19:58,468 [django.server:187] [basehttp:log_message] [WARNING] "GET /factory/static/images/logo-sm.png HTTP/1.1" 404 4078
2023-04-30 18:19:59,293 [django.server:187] [basehttp:log_message] [INFO] "GET /factory/sync/query_instance/?instance=null&database=null HTTP/1.1" 200 1532
2023-04-30 18:20:14,817 [django.server:187] [basehttp:log_message] [INFO] "GET /factory/data_sync/ HTTP/1.1" 200 37743
2023-04-30 18:20:14,849 [django.server:187] [basehttp:log_message] [WARNING] "GET /factory/static/images/users/avatar-1.jpg HTTP/1.1" 404 4099
2023-04-30 18:20:14,850 [django.server:187] [basehttp:log_message] [WARNING] "GET /factory/static/images/logo-sm.png HTTP/1.1" 404 4078
2023-04-30 18:20:15,147 [django.server:187] [basehttp:log_message] [INFO] "GET /factory/sync/query_instance/?instance=null&database=null HTTP/1.1" 200 1532
2023-04-30 18:20:44,023 [django.server:187] [basehttp:log_message] [INFO] "GET /factory/data_sync/ HTTP/1.1" 200 37743
2023-04-30 18:20:44,090 [django.server:187] [basehttp:log_message] [WARNING] "GET /factory/static/images/logo-sm.png HTTP/1.1" 404 4078
2023-04-30 18:20:44,091 [django.server:187] [basehttp:log_message] [WARNING] "GET /factory/static/images/users/avatar-1.jpg HTTP/1.1" 404 4099
2023-04-30 18:20:44,370 [django.server:187] [basehttp:log_message] [INFO] "GET /factory/sync/query_instance/?instance=null&database=null HTTP/1.1" 200 1532
2023-04-30 18:20:56,377 [django.server:187] [basehttp:log_message] [INFO] "GET /factory/sync/query_db/?instance=nei-tms-2.48&database=null HTTP/1.1" 200 420
2023-04-30 18:20:57,628 [django.server:187] [basehttp:log_message] [INFO] "GET /factory/sync/query_tb/?instance=nei-tms-2.48&database=mabang_crm_order HTTP/1.1" 200 528
2023-04-30 18:22:18,128 [django.server:187] [basehttp:log_message] [INFO] "GET /factory/data_sync/ HTTP/1.1" 200 37743
2023-04-30 18:22:18,167 [django.server:187] [basehttp:log_message] [WARNING] "GET /factory/static/images/users/avatar-1.jpg HTTP/1.1" 404 4099
2023-04-30 18:22:18,167 [django.server:187] [basehttp:log_message] [WARNING] "GET /factory/static/images/logo-sm.png HTTP/1.1" 404 4078
2023-04-30 18:22:18,745 [django.server:187] [basehttp:log_message] [INFO] "GET /factory/sync/query_instance/?instance=null&database=null HTTP/1.1" 200 1532
2023-04-30 18:23:31,177 [django.server:187] [basehttp:log_message] [INFO] "GET /factory/sync/query_db/?instance=nei-test-2.15.3309&database=null HTTP/1.1" 200 1850
2023-04-30 18:23:31,225 [django.server:187] [basehttp:log_message] [INFO] "GET /factory/data_sync/ HTTP/1.1" 200 37755
2023-04-30 18:23:31,264 [django.server:187] [basehttp:log_message] [WARNING] "GET /factory/static/images/logo-sm.png HTTP/1.1" 404 4078
2023-04-30 18:23:31,266 [django.server:187] [basehttp:log_message] [WARNING] "GET /factory/static/images/users/avatar-1.jpg HTTP/1.1" 404 4099
2023-04-30 18:23:31,787 [django.server:187] [basehttp:log_message] [INFO] "GET /factory/sync/query_instance/?instance=null&database=null HTTP/1.1" 200 1532
2023-04-30 18:23:38,775 [django.server:187] [basehttp:log_message] [INFO] "GET /factory/sync/query_db/?instance=nei-mysql-2.224&database=null HTTP/1.1" 200 2970
2023-04-30 18:23:57,111 [django.server:187] [basehttp:log_message] [INFO] "GET /factory/data_sync/ HTTP/1.1" 200 37783
2023-04-30 18:23:57,140 [django.server:187] [basehttp:log_message] [WARNING] "GET /factory/static/images/users/avatar-1.jpg HTTP/1.1" 404 4099
2023-04-30 18:23:57,140 [django.server:187] [basehttp:log_message] [WARNING] "GET /factory/static/images/logo-sm.png HTTP/1.1" 404 4078
2023-04-30 18:23:57,448 [django.server:187] [basehttp:log_message] [INFO] "GET /factory/sync/query_instance/?instance=null&database=null HTTP/1.1" 200 1532
2023-04-30 18:24:02,583 [django.server:187] [basehttp:log_message] [WARNING] "GET /static/css/bootstrap.css.map HTTP/1.1" 404 1822
2023-04-30 18:29:22,315 [django.server:187] [basehttp:log_message] [INFO] "GET /factory/data_sync/ HTTP/1.1" 200 37899
2023-04-30 18:29:22,344 [django.server:187] [basehttp:log_message] [WARNING] "GET /factory/static/images/logo-sm.png HTTP/1.1" 404 4078
2023-04-30 18:29:22,347 [django.server:187] [basehttp:log_message] [WARNING] "GET /factory/static/images/users/avatar-1.jpg HTTP/1.1" 404 4099
2023-04-30 18:29:31,272 [django.server:187] [basehttp:log_message] [WARNING] "GET /static/css/bootstrap.css.map HTTP/1.1" 404 1822
2023-04-30 18:29:34,884 [django.server:187] [basehttp:log_message] [INFO] "GET /factory/data_sync/ HTTP/1.1" 200 37899
2023-04-30 18:29:34,956 [django.server:187] [basehttp:log_message] [WARNING] "GET /factory/static/images/logo-sm.png HTTP/1.1" 404 4078
2023-04-30 18:29:34,958 [django.server:187] [basehttp:log_message] [WARNING] "GET /factory/static/images/users/avatar-1.jpg HTTP/1.1" 404 4099
2023-04-30 18:29:35,011 [django.server:187] [basehttp:log_message] [WARNING] "GET /static/css/bootstrap.css.map HTTP/1.1" 404 1822
2023-04-30 18:34:17,948 [django.server:187] [basehttp:log_message] [INFO] "GET /factory/data_sync/ HTTP/1.1" 200 37784
2023-04-30 18:34:17,967 [django.server:187] [basehttp:log_message] [INFO] "GET /static/css/bootstrap.css HTTP/1.1" 304 0
2023-04-30 18:34:17,999 [django.server:187] [basehttp:log_message] [WARNING] "GET /factory/static/images/logo-sm.png HTTP/1.1" 404 4078
2023-04-30 18:34:17,999 [django.server:187] [basehttp:log_message] [WARNING] "GET /factory/static/images/users/avatar-1.jpg HTTP/1.1" 404 4099
2023-04-30 18:34:18,085 [django.server:187] [basehttp:log_message] [WARNING] "GET /static/css/bootstrap.css.map HTTP/1.1" 404 1822
2023-04-30 18:34:18,609 [django.server:187] [basehttp:log_message] [INFO] "GET /factory/sync/query_instance/?instance=null&database=null HTTP/1.1" 200 1532
2023-04-30 18:36:20,764 [django.server:187] [basehttp:log_message] [INFO] "GET /factory/sync/query_db/?instance=nei-tidb-2.45&database=null HTTP/1.1" 200 2970
2023-04-30 18:40:36,237 [django.server:187] [basehttp:log_message] [INFO] "GET /factory/data_sync/ HTTP/1.1" 200 37734
2023-04-30 18:40:36,296 [django.server:187] [basehttp:log_message] [WARNING] "GET /factory/static/images/logo-sm.png HTTP/1.1" 404 4078
2023-04-30 18:40:36,299 [django.server:187] [basehttp:log_message] [INFO] "GET /static/js/bootstrap-select.min.js HTTP/1.1" 200 76119
2023-04-30 18:40:36,299 [django.server:187] [basehttp:log_message] [WARNING] "GET /factory/static/images/users/avatar-1.jpg HTTP/1.1" 404 4099
2023-04-30 18:40:36,393 [django.server:187] [basehttp:log_message] [WARNING] "GET /static/css/bootstrap.css.map HTTP/1.1" 404 1822
2023-04-30 18:40:36,532 [django.server:187] [basehttp:log_message] [WARNING] "GET /static/js/bootstrap-select.min.js.map HTTP/1.1" 404 1849
2023-04-30 18:40:36,892 [django.server:187] [basehttp:log_message] [INFO] "GET /factory/sync/query_instance/?instance=null&database=null HTTP/1.1" 200 1532
2023-04-30 18:44:29,060 [django.server:187] [basehttp:log_message] [INFO] "GET /factory/data_sync/ HTTP/1.1" 200 37734
2023-04-30 18:44:29,105 [django.server:187] [basehttp:log_message] [WARNING] "GET /factory/static/images/logo-sm.png HTTP/1.1" 404 4078
2023-04-30 18:44:29,106 [django.server:187] [basehttp:log_message] [WARNING] "GET /factory/static/images/users/avatar-1.jpg HTTP/1.1" 404 4099
2023-04-30 18:44:29,171 [django.server:187] [basehttp:log_message] [WARNING] "GET /static/css/bootstrap.css.map HTTP/1.1" 404 1822
2023-04-30 18:44:29,383 [django.server:187] [basehttp:log_message] [WARNING] "GET /static/js/bootstrap-select.min.js.map HTTP/1.1" 404 1849
2023-04-30 18:44:30,082 [django.server:187] [basehttp:log_message] [INFO] "GET /factory/sync/query_instance/?instance=null&database=null HTTP/1.1" 200 1532
2023-04-30 18:44:37,214 [django.server:187] [basehttp:log_message] [INFO] "GET /factory/sync/query_db/?instance=public-mabang&database=null HTTP/1.1" 200 212
2023-04-30 18:44:57,803 [django.server:187] [basehttp:log_message] [INFO] "GET /factory/sync/query_db/?instance=nei-test-2.15.3306&database=null HTTP/1.1" 200 544
2023-04-30 18:44:58,314 [django.server:187] [basehttp:log_message] [INFO] "GET /factory/sync/query_db/?instance=nei-mysql-2.224&database=null HTTP/1.1" 200 2970
2023-04-30 18:44:58,871 [django.server:187] [basehttp:log_message] [INFO] "GET /factory/sync/query_db/?instance=nei-test-2.15.3306&database=null HTTP/1.1" 200 544
2023-04-30 18:44:59,464 [django.server:187] [basehttp:log_message] [INFO] "GET /factory/sync/query_db/?instance=nei-mysql-2.224&database=null HTTP/1.1" 200 2970
2023-04-30 18:45:02,110 [django.server:187] [basehttp:log_message] [INFO] "GET /factory/sync/query_tb/?instance=nei-mysql-2.224&database=c2_report HTTP/1.1" 200 146222
2023-04-30 18:45:03,494 [django.server:187] [basehttp:log_message] [INFO] "GET /factory/sync/query_db/?instance=nei-test-2.15.3306&database=null HTTP/1.1" 200 544
2023-04-30 18:50:00,678 [django.server:187] [basehttp:log_message] [INFO] "GET /factory/data_sync/ HTTP/1.1" 200 37901
2023-04-30 18:50:00,693 [django.server:187] [basehttp:log_message] [INFO] "GET /static/css/bootstrap.css HTTP/1.1" 304 0
2023-04-30 18:50:00,715 [django.server:187] [basehttp:log_message] [INFO] "GET /static/js/bootstrap-select.min.js HTTP/1.1" 304 0
2023-04-30 18:50:00,728 [django.server:187] [basehttp:log_message] [WARNING] "GET /factory/static/images/logo-sm.png HTTP/1.1" 404 4078
2023-04-30 18:50:00,728 [django.server:187] [basehttp:log_message] [WARNING] "GET /factory/static/images/users/avatar-1.jpg HTTP/1.1" 404 4099
2023-04-30 18:50:00,823 [django.server:187] [basehttp:log_message] [WARNING] "GET /static/css/bootstrap.css.map HTTP/1.1" 404 1822
2023-04-30 18:50:01,061 [django.server:187] [basehttp:log_message] [WARNING] "GET /static/js/bootstrap-select.min.js.map HTTP/1.1" 404 1849
2023-04-30 18:50:01,309 [django.server:187] [basehttp:log_message] [INFO] "GET /factory/sync/query_instance/?instance=null&database=null HTTP/1.1" 200 1532
2023-04-30 18:50:54,127 [django.server:187] [basehttp:log_message] [INFO] "GET /factory/data_sync/ HTTP/1.1" 200 38403
2023-04-30 18:50:54,161 [django.server:187] [basehttp:log_message] [WARNING] "GET /factory/static/images/logo-sm.png HTTP/1.1" 404 4078
2023-04-30 18:50:54,162 [django.server:187] [basehttp:log_message] [WARNING] "GET /factory/static/images/users/avatar-1.jpg HTTP/1.1" 404 4099
2023-04-30 18:50:54,476 [django.server:187] [basehttp:log_message] [INFO] "GET /factory/sync/query_instance/?instance=null&database=null HTTP/1.1" 200 1532
2023-04-30 18:51:03,174 [django.server:187] [basehttp:log_message] [INFO] "GET /factory/sync/query_db/?instance=public-mabang&database=null HTTP/1.1" 200 212
2023-04-30 18:52:01,658 [django.server:187] [basehttp:log_message] [INFO] "GET /factory/data_sync/ HTTP/1.1" 200 38324
2023-04-30 18:52:01,690 [django.server:187] [basehttp:log_message] [WARNING] "GET /factory/static/images/logo-sm.png HTTP/1.1" 404 4078
2023-04-30 18:52:01,690 [django.server:187] [basehttp:log_message] [WARNING] "GET /factory/static/images/users/avatar-1.jpg HTTP/1.1" 404 4099
2023-04-30 18:52:01,986 [django.server:187] [basehttp:log_message] [INFO] "GET /factory/sync/query_instance/?instance=null&database=null HTTP/1.1" 200 1532
2023-04-30 18:52:04,976 [django.server:187] [basehttp:log_message] [INFO] "GET /factory/sync/query_db/?instance=nei-test-2.15.3306&database=null HTTP/1.1" 200 544
2023-04-30 18:52:07,856 [django.server:187] [basehttp:log_message] [INFO] "GET /factory/sync/query_tb/?instance=nei-test-2.15.3306&database=mabang_manifest HTTP/1.1" 200 242
2023-04-30 18:52:09,954 [django.server:187] [basehttp:log_message] [INFO] "GET /factory/data_sync/ HTTP/1.1" 200 38324
2023-04-30 18:52:09,982 [django.server:187] [basehttp:log_message] [WARNING] "GET /factory/static/images/logo-sm.png HTTP/1.1" 404 4078
2023-04-30 18:52:09,983 [django.server:187] [basehttp:log_message] [WARNING] "GET /factory/static/images/users/avatar-1.jpg HTTP/1.1" 404 4099
2023-04-30 18:52:10,285 [django.server:187] [basehttp:log_message] [INFO] "GET /factory/sync/query_instance/?instance=null&database=null HTTP/1.1" 200 1532
2023-04-30 18:52:25,294 [django.server:187] [basehttp:log_message] [INFO] "GET /factory/data_sync/ HTTP/1.1" 200 38333
2023-04-30 18:52:25,323 [django.server:187] [basehttp:log_message] [WARNING] "GET /factory/static/images/users/avatar-1.jpg HTTP/1.1" 404 4099
2023-04-30 18:52:25,323 [django.server:187] [basehttp:log_message] [WARNING] "GET /factory/static/images/logo-sm.png HTTP/1.1" 404 4078
2023-04-30 18:52:25,613 [django.server:187] [basehttp:log_message] [INFO] "GET /factory/sync/query_instance/?instance=null&database=null HTTP/1.1" 200 1532
2023-04-30 18:52:41,251 [django.server:187] [basehttp:log_message] [INFO] "GET /factory/data_sync/ HTTP/1.1" 200 38331
2023-04-30 18:52:41,286 [django.server:187] [basehttp:log_message] [WARNING] "GET /factory/static/images/logo-sm.png HTTP/1.1" 404 4078
2023-04-30 18:52:41,287 [django.server:187] [basehttp:log_message] [WARNING] "GET /factory/static/images/users/avatar-1.jpg HTTP/1.1" 404 4099
2023-04-30 18:52:41,590 [django.server:187] [basehttp:log_message] [INFO] "GET /factory/sync/query_instance/?instance=null&database=null HTTP/1.1" 200 1532
2023-04-30 18:52:51,034 [django.server:187] [basehttp:log_message] [INFO] "GET /factory/sync/query_db/?instance=nei-tidb-mdc&database=null HTTP/1.1" 200 2970
2023-04-30 18:52:57,223 [django.server:187] [basehttp:log_message] [WARNING] "GET /static/js/bootstrap-select.min.js.map HTTP/1.1" 404 1849
2023-04-30 18:52:57,249 [django.server:187] [basehttp:log_message] [WARNING] "GET /static/css/bootstrap.css.map HTTP/1.1" 404 1822
2023-04-30 18:59:32,782 [django.server:187] [basehttp:log_message] [INFO] "GET /factory/data_sync/ HTTP/1.1" 200 38391
2023-04-30 18:59:32,812 [django.server:187] [basehttp:log_message] [WARNING] "GET /factory/static/images/logo-sm.png HTTP/1.1" 404 4078
2023-04-30 18:59:32,813 [django.server:187] [basehttp:log_message] [WARNING] "GET /factory/static/images/users/avatar-1.jpg HTTP/1.1" 404 4099
2023-04-30 18:59:32,829 [django.server:187] [basehttp:log_message] [INFO] "GET /static/js/bootstrap-select.min.js HTTP/1.1" 304 0
2023-04-30 18:59:32,895 [django.server:187] [basehttp:log_message] [WARNING] "GET /static/css/bootstrap.css.map HTTP/1.1" 404 1822
2023-04-30 18:59:33,154 [django.server:187] [basehttp:log_message] [WARNING] "GET /static/js/bootstrap-select.min.js.map HTTP/1.1" 404 1849
2023-04-30 18:59:33,746 [django.server:187] [basehttp:log_message] [INFO] "GET /factory/sync/query_instance/?instance=null&database=null HTTP/1.1" 200 1532
2023-04-30 18:59:41,252 [django.server:187] [basehttp:log_message] [INFO] "GET /factory/sync/query_db/?instance=nei-mysql-2.43&database=null HTTP/1.1" 200 1436
2023-04-30 19:00:51,282 [django.server:187] [basehttp:log_message] [INFO] "GET /factory/data_sync/ HTTP/1.1" 200 37741
2023-04-30 19:00:51,335 [django.server:187] [basehttp:log_message] [WARNING] "GET /factory/static/images/logo-sm.png HTTP/1.1" 404 4078
2023-04-30 19:00:51,336 [django.server:187] [basehttp:log_message] [WARNING] "GET /factory/static/images/users/avatar-1.jpg HTTP/1.1" 404 4099
2023-04-30 19:00:51,417 [django.server:187] [basehttp:log_message] [WARNING] "GET /static/css/bootstrap.css.map HTTP/1.1" 404 1822
2023-04-30 19:00:51,587 [django.server:187] [basehttp:log_message] [WARNING] "GET /static/js/bootstrap-select.min.js.map HTTP/1.1" 404 1849
2023-04-30 19:00:51,849 [django.server:187] [basehttp:log_message] [INFO] "GET /factory/sync/query_instance/?instance=null&database=null HTTP/1.1" 200 1532
2023-04-30 19:01:00,394 [django.server:187] [basehttp:log_message] [INFO] "GET /factory/sync/query_db/?instance=nei-datacenter&database=null HTTP/1.1" 200 221
2023-04-30 19:01:04,690 [django.server:187] [basehttp:log_message] [INFO] "GET /factory/sync/query_tb/?instance=nei-datacenter&database=datacenter HTTP/1.1" 200 852
2023-04-30 19:21:56,993 [django.server:187] [basehttp:log_message] [INFO] "GET /factory/data_sync/ HTTP/1.1" 200 37795
2023-04-30 19:21:57,014 [django.server:187] [basehttp:log_message] [INFO] "GET /static/css/bootstrap-table.min.css HTTP/1.1" 304 0
2023-04-30 19:21:57,014 [django.server:187] [basehttp:log_message] [INFO] "GET /static/css/bootstrap.css HTTP/1.1" 304 0
2023-04-30 19:21:57,039 [django.server:187] [basehttp:log_message] [INFO] "GET /static/js/bootstrap-select.min.js HTTP/1.1" 304 0
2023-04-30 19:21:57,043 [django.server:187] [basehttp:log_message] [WARNING] "GET /factory/static/images/users/avatar-1.jpg HTTP/1.1" 404 4099
2023-04-30 19:21:57,044 [django.server:187] [basehttp:log_message] [WARNING] "GET /factory/static/images/logo-sm.png HTTP/1.1" 404 4078
2023-04-30 19:21:57,093 [django.server:187] [basehttp:log_message] [WARNING] "GET /static/css/bootstrap.css.map HTTP/1.1" 404 1822
2023-04-30 19:21:57,592 [django.server:187] [basehttp:log_message] [WARNING] "GET /static/js/bootstrap-select.min.js.map HTTP/1.1" 404 1849
2023-04-30 19:21:58,414 [django.server:187] [basehttp:log_message] [INFO] "GET /factory/sync/query_instance/?instance=null&database=null HTTP/1.1" 200 1532
2023-04-30 19:22:00,835 [django.server:187] [basehttp:log_message] [INFO] "GET /factory/sync/query_db/?instance=nei-mysql-2.44&database=null HTTP/1.1" 200 928
2023-04-30 19:22:23,849 [django.server:187] [basehttp:log_message] [INFO] "GET /factory/data_sync/ HTTP/1.1" 200 37795
2023-04-30 19:22:23,904 [django.server:187] [basehttp:log_message] [WARNING] "GET /factory/static/images/users/avatar-1.jpg HTTP/1.1" 404 4099
2023-04-30 19:22:23,904 [django.server:187] [basehttp:log_message] [WARNING] "GET /factory/static/images/logo-sm.png HTTP/1.1" 404 4078
2023-04-30 19:22:23,958 [django.server:187] [basehttp:log_message] [WARNING] "GET /static/css/bootstrap.css.map HTTP/1.1" 404 1822
2023-04-30 19:22:24,094 [django.server:187] [basehttp:log_message] [WARNING] "GET /static/js/bootstrap-select.min.js.map HTTP/1.1" 404 1849
2023-04-30 19:22:24,355 [django.server:187] [basehttp:log_message] [INFO] "GET /factory/sync/query_instance/?instance=null&database=null HTTP/1.1" 200 1532
2023-04-30 19:22:33,924 [django.server:187] [basehttp:log_message] [INFO] "GET /factory/sync/query_db/?instance=nei-tidb-mdc&database=null HTTP/1.1" 200 2970
2023-04-30 19:22:37,586 [django.server:187] [basehttp:log_message] [INFO] "GET /factory/sync/query_tb/?instance=nei-tidb-mdc&database=c1_report HTTP/1.1" 200 194836
2023-04-30 19:23:25,221 [django.server:187] [basehttp:log_message] [INFO] "GET /factory/data_sync/ HTTP/1.1" 200 37796
2023-04-30 19:23:25,273 [django.server:187] [basehttp:log_message] [WARNING] "GET /factory/static/images/logo-sm.png HTTP/1.1" 404 4078
2023-04-30 19:23:25,274 [django.server:187] [basehttp:log_message] [WARNING] "GET /factory/static/images/users/avatar-1.jpg HTTP/1.1" 404 4099
2023-04-30 19:23:25,329 [django.server:187] [basehttp:log_message] [WARNING] "GET /static/css/bootstrap.css.map HTTP/1.1" 404 1822
2023-04-30 19:23:25,418 [django.server:187] [basehttp:log_message] [WARNING] "GET /static/js/bootstrap-select.min.js.map HTTP/1.1" 404 1849
2023-04-30 19:23:25,659 [django.server:187] [basehttp:log_message] [INFO] "GET /factory/sync/query_instance/?instance=null&database=null HTTP/1.1" 200 1532
2023-04-30 19:23:29,552 [django.server:187] [basehttp:log_message] [INFO] "POST /factory/query/ HTTP/1.1" 200 50470
2023-04-30 19:23:29,746 [django.server:187] [basehttp:log_message] [INFO] "GET /static/fonts/fontawesome-webfont.woff2?v=4.7.0 HTTP/1.1" 200 77160
