2023-04-17 10:45:03,313 [django.utils.autoreload:677] [autoreload:run_with_reloader] [INFO] Watching for file changes with StatReloader
2023-04-17 10:46:20,152 [django.utils.autoreload:266] [autoreload:trigger_reload] [INFO] D:\项目\data_factory_platform\data_sync\views.py changed, reloading.
2023-04-17 10:46:21,388 [django.utils.autoreload:677] [autoreload:run_with_reloader] [INFO] Watching for file changes with StatReloader
2023-04-17 10:47:32,862 [django.utils.autoreload:266] [autoreload:trigger_reload] [INFO] D:\项目\data_factory_platform\data_sync\views.py changed, reloading.
2023-04-17 10:47:33,538 [django.utils.autoreload:677] [autoreload:run_with_reloader] [INFO] Watching for file changes with StatReloader
2023-04-17 10:52:14,717 [django.utils.autoreload:266] [autoreload:trigger_reload] [INFO] D:\项目\data_factory_platform\data_sync\views.py changed, reloading.
2023-04-17 10:52:15,362 [django.utils.autoreload:677] [autoreload:run_with_reloader] [INFO] Watching for file changes with StatReloader
2023-04-17 11:29:59,780 [django.utils.autoreload:266] [autoreload:trigger_reload] [INFO] D:\项目\data_factory_platform\data_sync\urls.py changed, reloading.
2023-04-17 11:30:00,781 [django.utils.autoreload:677] [autoreload:run_with_reloader] [INFO] Watching for file changes with StatReloader
2023-04-17 11:32:37,570 [django.server:187] [basehttp:log_message] [WARNING] "GET /factory/sync/linstance/ HTTP/1.1" 404 3490
2023-04-17 11:32:46,304 [django.server:187] [basehttp:log_message] [ERROR] "GET /factory/sync/instance/ HTTP/1.1" 500 77026
2023-04-17 11:33:20,630 [django.utils.autoreload:266] [autoreload:trigger_reload] [INFO] D:\项目\data_factory_platform\data_sync\business\online_data_sync.py changed, reloading.
2023-04-17 11:33:21,441 [django.utils.autoreload:677] [autoreload:run_with_reloader] [INFO] Watching for file changes with StatReloader
2023-04-17 11:35:58,291 [django.utils.autoreload:266] [autoreload:trigger_reload] [INFO] D:\项目\data_factory_platform\data_sync\views.py changed, reloading.
2023-04-17 11:35:59,343 [django.utils.autoreload:677] [autoreload:run_with_reloader] [INFO] Watching for file changes with StatReloader
2023-04-17 11:36:00,161 [django.server:187] [basehttp:log_message] [INFO] "GET /factory/sync/instance/ HTTP/1.1" 200 1532
2023-04-17 11:38:17,032 [django.server:187] [basehttp:log_message] [INFO] "GET /factory/data_sync/ HTTP/1.1" 200 19461
2023-04-17 11:38:17,066 [django.server:187] [basehttp:log_message] [WARNING] "GET /factory/static/images/users/avatar-1.jpg HTTP/1.1" 404 3541
2023-04-17 11:38:17,066 [django.server:187] [basehttp:log_message] [WARNING] "GET /factory/static/images/logo-sm.png HTTP/1.1" 404 3520
2023-04-17 11:39:40,221 [django.server:187] [basehttp:log_message] [INFO] "GET /factory/data_sync/ HTTP/1.1" 200 19484
2023-04-17 11:39:40,242 [django.server:187] [basehttp:log_message] [WARNING] "GET /factory/static/images/logo-sm.png HTTP/1.1" 404 3520
2023-04-17 11:39:40,242 [django.server:187] [basehttp:log_message] [WARNING] "GET /factory/static/images/users/avatar-1.jpg HTTP/1.1" 404 3541
2023-04-17 11:41:30,840 [django.server:187] [basehttp:log_message] [INFO] "GET /factory/data_sync/ HTTP/1.1" 200 19481
2023-04-17 11:41:30,868 [django.server:187] [basehttp:log_message] [WARNING] "GET /factory/static/images/logo-sm.png HTTP/1.1" 404 3520
2023-04-17 11:41:30,868 [django.server:187] [basehttp:log_message] [WARNING] "GET /factory/static/images/users/avatar-1.jpg HTTP/1.1" 404 3541
2023-04-17 11:41:40,314 [django.server:187] [basehttp:log_message] [INFO] "GET /factory/data_sync/ HTTP/1.1" 200 19481
2023-04-17 11:41:40,335 [django.server:187] [basehttp:log_message] [WARNING] "GET /factory/static/images/logo-sm.png HTTP/1.1" 404 3520
2023-04-17 11:41:40,335 [django.server:187] [basehttp:log_message] [WARNING] "GET /factory/static/images/users/avatar-1.jpg HTTP/1.1" 404 3541
2023-04-17 11:45:41,966 [django.server:187] [basehttp:log_message] [INFO] "GET /factory/data_sync/ HTTP/1.1" 200 19516
2023-04-17 11:45:41,989 [django.server:187] [basehttp:log_message] [WARNING] "GET /factory/static/images/logo-sm.png HTTP/1.1" 404 3520
2023-04-17 11:45:41,990 [django.server:187] [basehttp:log_message] [WARNING] "GET /factory/static/images/users/avatar-1.jpg HTTP/1.1" 404 3541
2023-04-17 11:47:49,299 [django.server:187] [basehttp:log_message] [INFO] "GET /factory/data_sync/ HTTP/1.1" 200 19516
2023-04-17 11:47:49,394 [django.server:187] [basehttp:log_message] [WARNING] "GET /factory/static/images/logo-sm.png HTTP/1.1" 404 3520
2023-04-17 11:47:49,395 [django.server:187] [basehttp:log_message] [WARNING] "GET /factory/static/images/users/avatar-1.jpg HTTP/1.1" 404 3541
2023-04-17 11:47:57,241 [django.server:187] [basehttp:log_message] [INFO] "GET /factory/data_sync/ HTTP/1.1" 200 19555
2023-04-17 11:47:57,265 [django.server:187] [basehttp:log_message] [WARNING] "GET /factory/static/images/logo-sm.png HTTP/1.1" 404 3520
2023-04-17 11:47:57,265 [django.server:187] [basehttp:log_message] [WARNING] "GET /factory/static/images/users/avatar-1.jpg HTTP/1.1" 404 3541
2023-04-17 11:50:22,221 [django.server:187] [basehttp:log_message] [INFO] "GET /factory/data_sync/ HTTP/1.1" 200 19552
2023-04-17 11:50:22,251 [django.server:187] [basehttp:log_message] [WARNING] "GET /factory/static/images/logo-sm.png HTTP/1.1" 404 3520
2023-04-17 11:50:22,251 [django.server:187] [basehttp:log_message] [WARNING] "GET /factory/static/images/users/avatar-1.jpg HTTP/1.1" 404 3541
2023-04-17 11:51:07,609 [django.utils.autoreload:266] [autoreload:trigger_reload] [INFO] D:\项目\data_factory_platform\data_sync\views.py changed, reloading.
2023-04-17 11:51:08,245 [django.utils.autoreload:677] [autoreload:run_with_reloader] [INFO] Watching for file changes with StatReloader
2023-04-17 11:51:08,706 [django.server:187] [basehttp:log_message] [INFO] "GET /factory/data_sync/ HTTP/1.1" 200 19552
2023-04-17 11:51:08,732 [django.server:187] [basehttp:log_message] [WARNING] "GET /factory/static/images/logo-sm.png HTTP/1.1" 404 3520
2023-04-17 11:51:08,733 [django.server:187] [basehttp:log_message] [WARNING] "GET /factory/static/images/users/avatar-1.jpg HTTP/1.1" 404 3541
2023-04-17 11:55:01,176 [django.server:187] [basehttp:log_message] [INFO] "GET /factory/data_sync/ HTTP/1.1" 200 19552
2023-04-17 11:55:01,204 [django.server:187] [basehttp:log_message] [WARNING] "GET /factory/static/images/logo-sm.png HTTP/1.1" 404 3520
2023-04-17 11:55:01,205 [django.server:187] [basehttp:log_message] [WARNING] "GET /factory/static/images/users/avatar-1.jpg HTTP/1.1" 404 3541
2023-04-17 11:58:43,130 [django.server:187] [basehttp:log_message] [INFO] "GET /factory/data_sync/ HTTP/1.1" 200 19552
2023-04-17 11:58:43,154 [django.server:187] [basehttp:log_message] [WARNING] "GET /factory/static/images/logo-sm.png HTTP/1.1" 404 3520
2023-04-17 11:58:43,159 [django.server:187] [basehttp:log_message] [WARNING] "GET /factory/static/images/users/avatar-1.jpg HTTP/1.1" 404 3541
2023-04-17 12:03:14,496 [django.server:187] [basehttp:log_message] [INFO] "GET /factory/data_sync/ HTTP/1.1" 200 19586
2023-04-17 12:03:14,520 [django.server:187] [basehttp:log_message] [WARNING] "GET /factory/static/images/logo-sm.png HTTP/1.1" 404 3520
2023-04-17 12:03:14,522 [django.server:187] [basehttp:log_message] [WARNING] "GET /factory/static/images/users/avatar-1.jpg HTTP/1.1" 404 3541
2023-04-17 12:03:20,918 [django.server:187] [basehttp:log_message] [INFO] "GET /factory/data_sync/ HTTP/1.1" 200 19586
2023-04-17 12:03:20,941 [django.server:187] [basehttp:log_message] [WARNING] "GET /factory/static/images/logo-sm.png HTTP/1.1" 404 3520
2023-04-17 12:03:20,942 [django.server:187] [basehttp:log_message] [WARNING] "GET /factory/static/images/users/avatar-1.jpg HTTP/1.1" 404 3541
2023-04-17 13:36:06,008 [django.utils.autoreload:266] [autoreload:trigger_reload] [INFO] D:\项目\data_factory_platform\data_sync\views.py changed, reloading.
2023-04-17 13:36:06,678 [django.utils.autoreload:677] [autoreload:run_with_reloader] [INFO] Watching for file changes with StatReloader
2023-04-17 13:36:11,524 [django.server:187] [basehttp:log_message] [INFO] "GET /factory/sync/instance/ HTTP/1.1" 200 1532
2023-04-17 13:36:34,759 [django.server:187] [basehttp:log_message] [INFO] "GET /factory/data_sync/ HTTP/1.1" 200 19586
2023-04-17 13:36:34,791 [django.server:187] [basehttp:log_message] [WARNING] "GET /factory/static/images/logo-sm.png HTTP/1.1" 404 3520
2023-04-17 13:36:34,792 [django.server:187] [basehttp:log_message] [WARNING] "GET /factory/static/images/users/avatar-1.jpg HTTP/1.1" 404 3541
2023-04-17 13:36:38,577 [django.server:187] [basehttp:log_message] [INFO] "GET /factory/data_sync/ HTTP/1.1" 200 19586
2023-04-17 13:36:38,599 [django.server:187] [basehttp:log_message] [WARNING] "GET /factory/static/images/logo-sm.png HTTP/1.1" 404 3520
2023-04-17 13:36:38,600 [django.server:187] [basehttp:log_message] [WARNING] "GET /factory/static/images/users/avatar-1.jpg HTTP/1.1" 404 3541
2023-04-17 13:37:40,426 [django.server:187] [basehttp:log_message] [INFO] "GET /factory/data_sync/ HTTP/1.1" 200 19532
2023-04-17 13:37:40,451 [django.server:187] [basehttp:log_message] [WARNING] "GET /factory/static/images/logo-sm.png HTTP/1.1" 404 3520
2023-04-17 13:37:40,451 [django.server:187] [basehttp:log_message] [WARNING] "GET /factory/static/images/users/avatar-1.jpg HTTP/1.1" 404 3541
2023-04-17 13:37:41,111 [django.server:187] [basehttp:log_message] [INFO] "GET //factory/sync/instance/?queryType= HTTP/1.1" 200 1532
2023-04-17 13:43:59,624 [django.server:187] [basehttp:log_message] [INFO] "GET /factory/data_sync/ HTTP/1.1" 200 19502
2023-04-17 13:43:59,641 [django.server:187] [basehttp:log_message] [WARNING] "GET /factory/static/images/logo-sm.png HTTP/1.1" 404 3520
2023-04-17 13:43:59,658 [django.server:187] [basehttp:log_message] [WARNING] "GET /factory/static/images/users/avatar-1.jpg HTTP/1.1" 404 3541
2023-04-17 13:44:00,399 [django.server:187] [basehttp:log_message] [INFO] "GET //factory/sync/instance/?queryType= HTTP/1.1" 200 1532
2023-04-17 13:46:49,788 [django.server:187] [basehttp:log_message] [INFO] "GET /factory/data_sync/ HTTP/1.1" 200 19501
2023-04-17 13:46:49,822 [django.server:187] [basehttp:log_message] [WARNING] "GET /factory/static/images/logo-sm.png HTTP/1.1" 404 3520
2023-04-17 13:46:49,833 [django.server:187] [basehttp:log_message] [WARNING] "GET /factory/static/images/users/avatar-1.jpg HTTP/1.1" 404 3541
2023-04-17 13:46:50,850 [django.server:187] [basehttp:log_message] [INFO] "GET //factory/sync/instance/?queryType= HTTP/1.1" 200 1532
2023-04-17 13:50:58,419 [django.server:187] [basehttp:log_message] [INFO] "GET /factory/data_sync/ HTTP/1.1" 200 19501
2023-04-17 13:50:58,444 [django.server:187] [basehttp:log_message] [WARNING] "GET /factory/static/images/logo-sm.png HTTP/1.1" 404 3520
2023-04-17 13:50:58,446 [django.server:187] [basehttp:log_message] [WARNING] "GET /factory/static/images/users/avatar-1.jpg HTTP/1.1" 404 3541
2023-04-17 13:50:59,908 [django.server:187] [basehttp:log_message] [INFO] "GET //factory/sync/instance/?queryType= HTTP/1.1" 200 1532
2023-04-17 13:51:48,088 [django.server:187] [basehttp:log_message] [INFO] "GET /factory/data_sync/ HTTP/1.1" 200 19501
2023-04-17 13:51:48,115 [django.server:187] [basehttp:log_message] [WARNING] "GET /factory/static/images/users/avatar-1.jpg HTTP/1.1" 404 3541
2023-04-17 13:51:48,115 [django.server:187] [basehttp:log_message] [WARNING] "GET /factory/static/images/logo-sm.png HTTP/1.1" 404 3520
2023-04-17 13:51:49,050 [django.server:187] [basehttp:log_message] [INFO] "GET //factory/sync/instance/?queryType= HTTP/1.1" 200 1532
2023-04-17 13:51:57,022 [django.server:187] [basehttp:log_message] [INFO] "GET /factory/data_sync/ HTTP/1.1" 200 19501
2023-04-17 13:51:57,052 [django.server:187] [basehttp:log_message] [WARNING] "GET /factory/static/images/users/avatar-1.jpg HTTP/1.1" 404 3541
2023-04-17 13:51:57,052 [django.server:187] [basehttp:log_message] [WARNING] "GET /factory/static/images/logo-sm.png HTTP/1.1" 404 3520
2023-04-17 13:51:57,980 [django.server:187] [basehttp:log_message] [INFO] "GET //factory/sync/instance/?queryType= HTTP/1.1" 200 1532
2023-04-17 13:52:04,434 [django.server:187] [basehttp:log_message] [INFO] "GET /factory/data_sync/ HTTP/1.1" 200 19501
2023-04-17 13:52:04,460 [django.server:187] [basehttp:log_message] [WARNING] "GET /factory/static/images/users/avatar-1.jpg HTTP/1.1" 404 3541
2023-04-17 13:52:04,461 [django.server:187] [basehttp:log_message] [WARNING] "GET /factory/static/images/logo-sm.png HTTP/1.1" 404 3520
2023-04-17 13:52:05,364 [django.server:187] [basehttp:log_message] [INFO] "GET //factory/sync/instance/?queryType= HTTP/1.1" 200 1532
2023-04-17 13:52:23,270 [django.server:187] [basehttp:log_message] [INFO] "GET /factory/data_sync/ HTTP/1.1" 200 19501
2023-04-17 13:52:23,294 [django.server:187] [basehttp:log_message] [WARNING] "GET /factory/static/images/logo-sm.png HTTP/1.1" 404 3520
2023-04-17 13:52:23,294 [django.server:187] [basehttp:log_message] [WARNING] "GET /factory/static/images/users/avatar-1.jpg HTTP/1.1" 404 3541
2023-04-17 13:52:23,991 [django.server:187] [basehttp:log_message] [INFO] "GET //factory/sync/instance/?queryType= HTTP/1.1" 200 1532
2023-04-17 13:55:33,189 [django.server:187] [basehttp:log_message] [INFO] "GET /factory/data_sync/ HTTP/1.1" 200 19445
2023-04-17 13:55:33,221 [django.server:187] [basehttp:log_message] [WARNING] "GET /factory/static/images/logo-sm.png HTTP/1.1" 404 3520
2023-04-17 13:55:33,222 [django.server:187] [basehttp:log_message] [WARNING] "GET /factory/static/images/users/avatar-1.jpg HTTP/1.1" 404 3541
2023-04-17 13:55:33,946 [django.server:187] [basehttp:log_message] [INFO] "GET //factory/sync/instance/?queryType= HTTP/1.1" 200 1532
2023-04-17 13:55:33,969 [django.server:187] [basehttp:log_message] [INFO] "GET /factory/data_sync/ HTTP/1.1" 200 19445
2023-04-17 13:55:33,994 [django.server:187] [basehttp:log_message] [WARNING] "GET /factory/static/images/users/avatar-1.jpg HTTP/1.1" 404 3541
2023-04-17 13:55:33,995 [django.server:187] [basehttp:log_message] [WARNING] "GET /factory/static/images/logo-sm.png HTTP/1.1" 404 3520
2023-04-17 13:55:34,716 [django.server:187] [basehttp:log_message] [INFO] "GET //factory/sync/instance/?queryType= HTTP/1.1" 200 1532
2023-04-17 13:57:47,535 [django.server:187] [basehttp:log_message] [INFO] "GET /factory/data_sync/ HTTP/1.1" 200 19445
2023-04-17 13:57:47,563 [django.server:187] [basehttp:log_message] [WARNING] "GET /factory/static/images/logo-sm.png HTTP/1.1" 404 3520
2023-04-17 13:57:47,563 [django.server:187] [basehttp:log_message] [WARNING] "GET /factory/static/images/users/avatar-1.jpg HTTP/1.1" 404 3541
2023-04-17 13:57:47,749 [django.server:187] [basehttp:log_message] [INFO] "GET /factory/data_sync/ HTTP/1.1" 200 19445
2023-04-17 13:57:48,427 [django.server:187] [basehttp:log_message] [INFO] "GET //factory/sync/instance/?queryType= HTTP/1.1" 200 1532
2023-04-17 13:57:48,465 [django.server:187] [basehttp:log_message] [INFO] "GET /factory/data_sync/ HTTP/1.1" 200 19445
2023-04-17 13:57:48,469 [django.server:187] [basehttp:log_message] [WARNING] "GET /factory/static/images/logo-sm.png HTTP/1.1" 404 3520
2023-04-17 13:57:48,470 [django.server:187] [basehttp:log_message] [WARNING] "GET /factory/static/images/users/avatar-1.jpg HTTP/1.1" 404 3541
2023-04-17 13:57:48,534 [django.server:187] [basehttp:log_message] [WARNING] "GET /factory/static/images/users/avatar-1.jpg HTTP/1.1" 404 3541
2023-04-17 13:57:48,535 [django.server:187] [basehttp:log_message] [WARNING] "GET /factory/static/images/logo-sm.png HTTP/1.1" 404 3520
2023-04-17 13:57:49,240 [django.server:187] [basehttp:log_message] [INFO] "GET //factory/sync/instance/?queryType= HTTP/1.1" 200 1532
2023-04-17 14:00:48,187 [django.server:187] [basehttp:log_message] [INFO] "GET /factory/data_sync/ HTTP/1.1" 200 19318
2023-04-17 14:00:48,211 [django.server:187] [basehttp:log_message] [WARNING] "GET /factory/static/images/users/avatar-1.jpg HTTP/1.1" 404 3541
2023-04-17 14:00:48,212 [django.server:187] [basehttp:log_message] [WARNING] "GET /factory/static/images/logo-sm.png HTTP/1.1" 404 3520
2023-04-17 14:00:48,939 [django.server:187] [basehttp:log_message] [INFO] "GET //factory/sync/instance/?queryType= HTTP/1.1" 200 1532
2023-04-17 14:06:13,128 [django.server:187] [basehttp:log_message] [INFO] "GET /factory/data_sync/ HTTP/1.1" 200 19445
2023-04-17 14:06:13,143 [django.server:187] [basehttp:log_message] [WARNING] "GET /factory/static/images/logo-sm.png HTTP/1.1" 404 3520
2023-04-17 14:06:13,159 [django.server:187] [basehttp:log_message] [WARNING] "GET /factory/static/images/users/avatar-1.jpg HTTP/1.1" 404 3541
2023-04-17 14:06:13,337 [django.server:187] [basehttp:log_message] [INFO] "GET /factory/data_sync/ HTTP/1.1" 200 19445
2023-04-17 14:06:13,389 [django.server:187] [basehttp:log_message] [WARNING] "GET /factory/static/images/logo-sm.png HTTP/1.1" 404 3520
2023-04-17 14:06:13,390 [django.server:187] [basehttp:log_message] [WARNING] "GET /factory/static/images/users/avatar-1.jpg HTTP/1.1" 404 3541
2023-04-17 14:06:14,699 [django.server:187] [basehttp:log_message] [INFO] "GET //factory/sync/instance/?queryType= HTTP/1.1" 200 1532
2023-04-17 14:06:51,603 [django.server:187] [basehttp:log_message] [INFO] "GET /factory/data_sync/ HTTP/1.1" 200 19445
2023-04-17 14:06:51,634 [django.server:187] [basehttp:log_message] [WARNING] "GET /factory/static/images/logo-sm.png HTTP/1.1" 404 3520
2023-04-17 14:06:51,635 [django.server:187] [basehttp:log_message] [WARNING] "GET /factory/static/images/users/avatar-1.jpg HTTP/1.1" 404 3541
2023-04-17 14:06:52,613 [django.server:187] [basehttp:log_message] [INFO] "GET //factory/sync/instance/?queryType= HTTP/1.1" 200 1532
2023-04-17 14:08:51,908 [django.server:187] [basehttp:log_message] [INFO] "GET /factory/data_sync/ HTTP/1.1" 200 19666
2023-04-17 14:08:51,935 [django.server:187] [basehttp:log_message] [WARNING] "GET /factory/static/images/logo-sm.png HTTP/1.1" 404 3520
2023-04-17 14:08:51,936 [django.server:187] [basehttp:log_message] [WARNING] "GET /factory/static/images/users/avatar-1.jpg HTTP/1.1" 404 3541
2023-04-17 14:08:53,131 [django.server:187] [basehttp:log_message] [INFO] "GET //factory/sync/instance/?queryType= HTTP/1.1" 200 1532
2023-04-17 14:10:59,230 [django.server:187] [basehttp:log_message] [INFO] "GET /factory/data_sync/ HTTP/1.1" 200 19660
2023-04-17 14:10:59,258 [django.server:187] [basehttp:log_message] [WARNING] "GET /factory/static/images/logo-sm.png HTTP/1.1" 404 3520
2023-04-17 14:10:59,259 [django.server:187] [basehttp:log_message] [WARNING] "GET /factory/static/images/users/avatar-1.jpg HTTP/1.1" 404 3541
2023-04-17 14:10:59,312 [django.server:187] [basehttp:log_message] [INFO] "GET /static/js/bootstrap.min.js HTTP/1.1" 200 60044
2023-04-17 14:10:59,422 [django.server:187] [basehttp:log_message] [INFO] "GET /static/js/bootstrap.min.js.map HTTP/1.1" 200 192261
2023-04-17 14:10:59,463 [django.server:187] [basehttp:log_message] [INFO] "GET /factory/data_sync/ HTTP/1.1" 200 19660
2023-04-17 14:11:00,065 [django.server:187] [basehttp:log_message] [INFO] "GET //factory/sync/instance/?queryType= HTTP/1.1" 200 1532
2023-04-17 14:11:00,111 [django.server:187] [basehttp:log_message] [WARNING] "GET /factory/static/images/logo-sm.png HTTP/1.1" 404 3520
2023-04-17 14:11:00,112 [django.server:187] [basehttp:log_message] [WARNING] "GET /factory/static/images/users/avatar-1.jpg HTTP/1.1" 404 3541
2023-04-17 14:11:00,888 [django.server:187] [basehttp:log_message] [INFO] "GET //factory/sync/instance/?queryType= HTTP/1.1" 200 1532
2023-04-17 14:11:34,880 [django.server:187] [basehttp:log_message] [INFO] "GET /factory/data_sync/ HTTP/1.1" 200 19660
2023-04-17 14:11:34,904 [django.server:187] [basehttp:log_message] [WARNING] "GET /factory/static/images/logo-sm.png HTTP/1.1" 404 3520
2023-04-17 14:11:34,905 [django.server:187] [basehttp:log_message] [WARNING] "GET /factory/static/images/users/avatar-1.jpg HTTP/1.1" 404 3541
2023-04-17 14:11:35,074 [django.server:187] [basehttp:log_message] [INFO] "GET /factory/data_sync/ HTTP/1.1" 200 19660
2023-04-17 14:11:35,096 [django.server:187] [basehttp:log_message] [WARNING] "GET /factory/static/images/logo-sm.png HTTP/1.1" 404 3520
2023-04-17 14:11:35,097 [django.server:187] [basehttp:log_message] [WARNING] "GET /factory/static/images/users/avatar-1.jpg HTTP/1.1" 404 3541
2023-04-17 14:11:35,220 [django.server:187] [basehttp:log_message] [INFO] "GET /factory/data_sync/ HTTP/1.1" 200 19660
2023-04-17 14:11:35,239 [django.server:187] [basehttp:log_message] [WARNING] "GET /factory/static/images/logo-sm.png HTTP/1.1" 404 3520
2023-04-17 14:11:35,240 [django.server:187] [basehttp:log_message] [WARNING] "GET /factory/static/images/users/avatar-1.jpg HTTP/1.1" 404 3541
2023-04-17 14:11:36,988 [django.server:187] [basehttp:log_message] [INFO] "GET //factory/sync/instance/?queryType= HTTP/1.1" 200 1532
2023-04-17 14:11:46,245 [django.server:187] [basehttp:log_message] [INFO] "GET /factory/data_sync/ HTTP/1.1" 200 19660
2023-04-17 14:11:46,271 [django.server:187] [basehttp:log_message] [WARNING] "GET /factory/static/images/logo-sm.png HTTP/1.1" 404 3520
2023-04-17 14:11:46,272 [django.server:187] [basehttp:log_message] [WARNING] "GET /factory/static/images/users/avatar-1.jpg HTTP/1.1" 404 3541
2023-04-17 14:11:48,703 [django.server:187] [basehttp:log_message] [INFO] "GET //factory/sync/instance/?queryType= HTTP/1.1" 200 1532
2023-04-17 14:11:55,169 [django.server:187] [basehttp:log_message] [INFO] "GET /factory/data_sync/ HTTP/1.1" 200 19660
2023-04-17 14:11:55,201 [django.server:187] [basehttp:log_message] [WARNING] "GET /factory/static/images/logo-sm.png HTTP/1.1" 404 3520
2023-04-17 14:11:55,203 [django.server:187] [basehttp:log_message] [WARNING] "GET /factory/static/images/users/avatar-1.jpg HTTP/1.1" 404 3541
2023-04-17 14:11:55,917 [django.server:187] [basehttp:log_message] [INFO] "GET //factory/sync/instance/?queryType= HTTP/1.1" 200 1532
2023-04-17 14:12:03,511 [django.server:187] [basehttp:log_message] [INFO] "GET /factory/data_sync/ HTTP/1.1" 200 19660
2023-04-17 14:12:03,533 [django.server:187] [basehttp:log_message] [WARNING] "GET /factory/static/images/logo-sm.png HTTP/1.1" 404 3520
2023-04-17 14:12:03,535 [django.server:187] [basehttp:log_message] [WARNING] "GET /factory/static/images/users/avatar-1.jpg HTTP/1.1" 404 3541
2023-04-17 14:12:04,244 [django.server:187] [basehttp:log_message] [INFO] "GET //factory/sync/instance/?queryType= HTTP/1.1" 200 1532
2023-04-17 14:13:10,383 [django.server:187] [basehttp:log_message] [INFO] "GET /factory/data_sync/ HTTP/1.1" 200 19888
2023-04-17 14:13:10,407 [django.server:187] [basehttp:log_message] [WARNING] "GET /factory/static/images/logo-sm.png HTTP/1.1" 404 3520
2023-04-17 14:13:10,408 [django.server:187] [basehttp:log_message] [WARNING] "GET /factory/static/images/users/avatar-1.jpg HTTP/1.1" 404 3541
2023-04-17 14:13:10,572 [django.server:187] [basehttp:log_message] [INFO] "GET /factory/data_sync/ HTTP/1.1" 200 19888
2023-04-17 14:13:10,590 [django.server:187] [basehttp:log_message] [WARNING] "GET /factory/static/images/logo-sm.png HTTP/1.1" 404 3520
2023-04-17 14:13:10,591 [django.server:187] [basehttp:log_message] [WARNING] "GET /factory/static/images/users/avatar-1.jpg HTTP/1.1" 404 3541
2023-04-17 14:13:10,730 [django.server:187] [basehttp:log_message] [INFO] "GET /factory/data_sync/ HTTP/1.1" 200 19888
2023-04-17 14:13:10,756 [django.server:187] [basehttp:log_message] [WARNING] "GET /factory/static/images/users/avatar-1.jpg HTTP/1.1" 404 3541
2023-04-17 14:13:10,756 [django.server:187] [basehttp:log_message] [WARNING] "GET /factory/static/images/logo-sm.png HTTP/1.1" 404 3520
2023-04-17 14:13:33,978 [django.server:187] [basehttp:log_message] [INFO] "GET /factory/data_sync/ HTTP/1.1" 200 19888
2023-04-17 14:13:34,002 [django.server:187] [basehttp:log_message] [WARNING] "GET /factory/static/images/logo-sm.png HTTP/1.1" 404 3520
2023-04-17 14:13:34,003 [django.server:187] [basehttp:log_message] [WARNING] "GET /factory/static/images/users/avatar-1.jpg HTTP/1.1" 404 3541
2023-04-17 14:14:33,664 [django.server:187] [basehttp:log_message] [INFO] "GET /factory/data_sync/ HTTP/1.1" 200 19660
2023-04-17 14:14:33,678 [django.server:187] [basehttp:log_message] [WARNING] "GET /factory/static/images/logo-sm.png HTTP/1.1" 404 3520
2023-04-17 14:14:33,694 [django.server:187] [basehttp:log_message] [WARNING] "GET /factory/static/images/users/avatar-1.jpg HTTP/1.1" 404 3541
2023-04-17 14:14:34,452 [django.server:187] [basehttp:log_message] [INFO] "GET //factory/sync/instance/?queryType= HTTP/1.1" 200 1532
2023-04-17 14:15:06,701 [django.server:187] [basehttp:log_message] [INFO] "GET /factory/data_sync/ HTTP/1.1" 200 19789
2023-04-17 14:15:06,725 [django.server:187] [basehttp:log_message] [WARNING] "GET /factory/static/images/logo-sm.png HTTP/1.1" 404 3520
2023-04-17 14:15:06,727 [django.server:187] [basehttp:log_message] [WARNING] "GET /factory/static/images/users/avatar-1.jpg HTTP/1.1" 404 3541
2023-04-17 14:15:06,892 [django.server:187] [basehttp:log_message] [INFO] "GET /factory/data_sync/ HTTP/1.1" 200 19789
2023-04-17 14:15:06,955 [django.server:187] [basehttp:log_message] [WARNING] "GET /factory/static/images/users/avatar-1.jpg HTTP/1.1" 404 3541
2023-04-17 14:15:06,956 [django.server:187] [basehttp:log_message] [WARNING] "GET /factory/static/images/logo-sm.png HTTP/1.1" 404 3520
2023-04-17 14:15:07,755 [django.server:187] [basehttp:log_message] [INFO] "GET //factory/sync/instance/?queryType= HTTP/1.1" 200 1532
2023-04-17 14:15:44,468 [django.server:187] [basehttp:log_message] [INFO] "GET /factory/data_sync/ HTTP/1.1" 200 19438
2023-04-17 14:15:44,495 [django.server:187] [basehttp:log_message] [WARNING] "GET /factory/static/images/logo-sm.png HTTP/1.1" 404 3520
2023-04-17 14:15:44,495 [django.server:187] [basehttp:log_message] [WARNING] "GET /factory/static/images/users/avatar-1.jpg HTTP/1.1" 404 3541
2023-04-17 14:15:44,711 [django.server:187] [basehttp:log_message] [INFO] "GET /factory/data_sync/ HTTP/1.1" 200 19438
2023-04-17 14:15:45,219 [django.server:187] [basehttp:log_message] [INFO] "GET //factory/sync/instance/?queryType= HTTP/1.1" 200 1532
2023-04-17 14:15:45,254 [django.server:187] [basehttp:log_message] [INFO] "GET /factory/data_sync/ HTTP/1.1" 200 19438
2023-04-17 14:15:45,265 [django.server:187] [basehttp:log_message] [WARNING] "GET /factory/static/images/logo-sm.png HTTP/1.1" 404 3520
2023-04-17 14:15:45,266 [django.server:187] [basehttp:log_message] [WARNING] "GET /factory/static/images/users/avatar-1.jpg HTTP/1.1" 404 3541
2023-04-17 14:15:45,322 [django.server:187] [basehttp:log_message] [WARNING] "GET /factory/static/images/logo-sm.png HTTP/1.1" 404 3520
2023-04-17 14:15:45,322 [django.server:187] [basehttp:log_message] [WARNING] "GET /factory/static/images/users/avatar-1.jpg HTTP/1.1" 404 3541
2023-04-17 14:15:46,029 [django.server:187] [basehttp:log_message] [INFO] "GET //factory/sync/instance/?queryType= HTTP/1.1" 200 1532
2023-04-17 14:15:53,988 [django.server:187] [basehttp:log_message] [INFO] "GET /factory/data_sync/ HTTP/1.1" 200 19438
2023-04-17 14:15:54,010 [django.server:187] [basehttp:log_message] [WARNING] "GET /factory/static/images/logo-sm.png HTTP/1.1" 404 3520
2023-04-17 14:15:54,011 [django.server:187] [basehttp:log_message] [WARNING] "GET /factory/static/images/users/avatar-1.jpg HTTP/1.1" 404 3541
2023-04-17 14:15:54,714 [django.server:187] [basehttp:log_message] [INFO] "GET //factory/sync/instance/?queryType= HTTP/1.1" 200 1532
2023-04-17 14:16:28,248 [django.server:187] [basehttp:log_message] [INFO] "GET /factory/data_sync/ HTTP/1.1" 200 19445
2023-04-17 14:16:28,267 [django.server:187] [basehttp:log_message] [WARNING] "GET /factory/static/images/logo-sm.png HTTP/1.1" 404 3520
2023-04-17 14:16:28,275 [django.server:187] [basehttp:log_message] [WARNING] "GET /factory/static/images/users/avatar-1.jpg HTTP/1.1" 404 3541
2023-04-17 14:16:29,044 [django.server:187] [basehttp:log_message] [INFO] "GET //factory/sync/instance/?queryType= HTTP/1.1" 200 1532
2023-04-17 14:16:43,510 [django.server:187] [basehttp:log_message] [INFO] "GET /factory/data_sync/ HTTP/1.1" 200 19445
2023-04-17 14:16:43,536 [django.server:187] [basehttp:log_message] [WARNING] "GET /factory/static/images/logo-sm.png HTTP/1.1" 404 3520
2023-04-17 14:16:43,537 [django.server:187] [basehttp:log_message] [WARNING] "GET /factory/static/images/users/avatar-1.jpg HTTP/1.1" 404 3541
2023-04-17 14:16:43,747 [django.server:187] [basehttp:log_message] [INFO] "GET /factory/data_sync/ HTTP/1.1" 200 19445
2023-04-17 14:16:44,395 [django.server:187] [basehttp:log_message] [INFO] "GET //factory/sync/instance/?queryType= HTTP/1.1" 200 1532
2023-04-17 14:16:44,416 [django.server:187] [basehttp:log_message] [INFO] "GET /factory/data_sync/ HTTP/1.1" 200 19445
2023-04-17 14:16:44,449 [django.server:80] [basehttp:handle_error] [INFO] - Broken pipe from ('127.0.0.1', 55290)
2023-04-17 14:16:44,451 [django.server:80] [basehttp:handle_error] [INFO] - Broken pipe from ('127.0.0.1', 55297)
2023-04-17 14:16:44,451 [django.server:187] [basehttp:log_message] [WARNING] "GET /factory/static/images/logo-sm.png HTTP/1.1" 404 3520
2023-04-17 14:16:44,452 [django.server:187] [basehttp:log_message] [WARNING] "GET /factory/static/images/users/avatar-1.jpg HTTP/1.1" 404 3541
2023-04-17 14:16:45,139 [django.server:187] [basehttp:log_message] [INFO] "GET //factory/sync/instance/?queryType= HTTP/1.1" 200 1532
2023-04-17 14:19:02,619 [django.server:187] [basehttp:log_message] [INFO] "GET /factory/data_sync/ HTTP/1.1" 200 19446
2023-04-17 14:19:02,636 [django.server:187] [basehttp:log_message] [WARNING] "GET /factory/static/images/logo-sm.png HTTP/1.1" 404 3520
2023-04-17 14:19:02,648 [django.server:187] [basehttp:log_message] [WARNING] "GET /factory/static/images/users/avatar-1.jpg HTTP/1.1" 404 3541
2023-04-17 14:19:04,002 [django.server:187] [basehttp:log_message] [INFO] "GET //factory/sync/instance/?queryType= HTTP/1.1" 200 1532
2023-04-17 14:19:12,993 [django.server:187] [basehttp:log_message] [INFO] "GET /factory/data_sync/ HTTP/1.1" 200 19446
2023-04-17 14:19:13,021 [django.server:187] [basehttp:log_message] [WARNING] "GET /factory/static/images/users/avatar-1.jpg HTTP/1.1" 404 3541
2023-04-17 14:19:13,021 [django.server:187] [basehttp:log_message] [WARNING] "GET /factory/static/images/logo-sm.png HTTP/1.1" 404 3520
2023-04-17 14:19:13,254 [django.server:187] [basehttp:log_message] [INFO] "GET /factory/data_sync/ HTTP/1.1" 200 19446
2023-04-17 14:19:13,803 [django.server:187] [basehttp:log_message] [INFO] "GET //factory/sync/instance/?queryType= HTTP/1.1" 200 1532
2023-04-17 14:19:13,825 [django.server:187] [basehttp:log_message] [INFO] "GET /factory/data_sync/ HTTP/1.1" 200 19446
2023-04-17 14:19:13,850 [django.server:80] [basehttp:handle_error] [INFO] - Broken pipe from ('127.0.0.1', 62337)
2023-04-17 14:19:13,853 [django.server:80] [basehttp:handle_error] [INFO] - Broken pipe from ('127.0.0.1', 58717)
2023-04-17 14:19:13,857 [django.server:187] [basehttp:log_message] [WARNING] "GET /factory/static/images/logo-sm.png HTTP/1.1" 404 3520
2023-04-17 14:19:13,857 [django.server:187] [basehttp:log_message] [WARNING] "GET /factory/static/images/users/avatar-1.jpg HTTP/1.1" 404 3541
2023-04-17 14:19:14,617 [django.server:187] [basehttp:log_message] [INFO] "GET //factory/sync/instance/?queryType= HTTP/1.1" 200 1532
2023-04-17 14:22:14,422 [django.server:187] [basehttp:log_message] [INFO] "GET /factory/data_sync/ HTTP/1.1" 200 19524
2023-04-17 14:22:14,448 [django.server:187] [basehttp:log_message] [WARNING] "GET /factory/static/images/logo-sm.png HTTP/1.1" 404 3520
2023-04-17 14:22:14,451 [django.server:187] [basehttp:log_message] [WARNING] "GET /factory/static/images/users/avatar-1.jpg HTTP/1.1" 404 3541
2023-04-17 14:22:14,534 [django.server:187] [basehttp:log_message] [INFO] "GET /static/js/bootstrap.bundle.js HTTP/1.1" 200 228437
2023-04-17 14:22:14,600 [django.server:187] [basehttp:log_message] [INFO] "GET /static/js/bootstrap.bundle.js.map HTTP/1.1" 200 410255
2023-04-17 14:22:15,179 [django.server:187] [basehttp:log_message] [INFO] "GET //factory/sync/instance/?queryType= HTTP/1.1" 200 1532
2023-04-17 14:22:26,800 [django.server:187] [basehttp:log_message] [INFO] "GET /factory/data_sync/ HTTP/1.1" 200 19443
2023-04-17 14:22:26,822 [django.server:187] [basehttp:log_message] [WARNING] "GET /factory/static/images/logo-sm.png HTTP/1.1" 404 3520
2023-04-17 14:22:26,823 [django.server:187] [basehttp:log_message] [WARNING] "GET /factory/static/images/users/avatar-1.jpg HTTP/1.1" 404 3541
2023-04-17 14:22:27,600 [django.server:187] [basehttp:log_message] [INFO] "GET //factory/sync/instance/?queryType= HTTP/1.1" 200 1532
2023-04-17 14:28:47,168 [django.server:187] [basehttp:log_message] [INFO] "GET /factory/data_sync/ HTTP/1.1" 200 19441
2023-04-17 14:28:47,202 [django.server:187] [basehttp:log_message] [WARNING] "GET /factory/static/images/logo-sm.png HTTP/1.1" 404 3520
2023-04-17 14:28:47,202 [django.server:187] [basehttp:log_message] [WARNING] "GET /factory/static/images/users/avatar-1.jpg HTTP/1.1" 404 3541
2023-04-17 14:28:47,862 [django.server:187] [basehttp:log_message] [INFO] "GET /factory/data_sync/ HTTP/1.1" 200 19441
2023-04-17 14:28:47,876 [django.server:187] [basehttp:log_message] [WARNING] "GET /factory/static/images/logo-sm.png HTTP/1.1" 404 3520
2023-04-17 14:28:47,884 [django.server:187] [basehttp:log_message] [WARNING] "GET /factory/static/images/users/avatar-1.jpg HTTP/1.1" 404 3541
2023-04-17 14:28:48,105 [django.server:187] [basehttp:log_message] [INFO] "GET /factory/data_sync/ HTTP/1.1" 200 19441
2023-04-17 14:28:48,138 [django.server:187] [basehttp:log_message] [WARNING] "GET /factory/static/images/logo-sm.png HTTP/1.1" 404 3520
2023-04-17 14:28:48,138 [django.server:187] [basehttp:log_message] [WARNING] "GET /factory/static/images/users/avatar-1.jpg HTTP/1.1" 404 3541
2023-04-17 14:28:48,261 [django.server:187] [basehttp:log_message] [INFO] "GET /factory/data_sync/ HTTP/1.1" 200 19441
2023-04-17 14:28:48,303 [django.server:187] [basehttp:log_message] [WARNING] "GET /factory/static/images/users/avatar-1.jpg HTTP/1.1" 404 3541
2023-04-17 14:28:48,316 [django.server:187] [basehttp:log_message] [WARNING] "GET /factory/static/images/logo-sm.png HTTP/1.1" 404 3520
2023-04-17 14:28:49,026 [django.server:187] [basehttp:log_message] [INFO] "GET //factory/sync/instance/?queryType= HTTP/1.1" 200 1532
2023-04-17 14:38:56,532 [django.server:187] [basehttp:log_message] [INFO] "GET /factory/data_sync/ HTTP/1.1" 200 19441
2023-04-17 14:38:56,547 [django.server:187] [basehttp:log_message] [WARNING] "GET /factory/static/images/logo-sm.png HTTP/1.1" 404 3520
2023-04-17 14:38:56,556 [django.server:187] [basehttp:log_message] [WARNING] "GET /factory/static/images/users/avatar-1.jpg HTTP/1.1" 404 3541
2023-04-17 14:38:57,337 [django.server:187] [basehttp:log_message] [INFO] "GET //factory/sync/instance/?queryType= HTTP/1.1" 200 1532
2023-04-17 14:45:42,328 [django.server:187] [basehttp:log_message] [INFO] "GET /factory/data_sync/ HTTP/1.1" 200 19461
2023-04-17 14:45:42,354 [django.server:187] [basehttp:log_message] [WARNING] "GET /factory/static/images/logo-sm.png HTTP/1.1" 404 3520
2023-04-17 14:45:42,356 [django.server:187] [basehttp:log_message] [WARNING] "GET /factory/static/images/users/avatar-1.jpg HTTP/1.1" 404 3541
2023-04-17 14:45:43,137 [django.server:187] [basehttp:log_message] [INFO] "GET //factory/sync/instance/?queryType= HTTP/1.1" 200 1532
2023-04-17 14:47:00,118 [django.server:187] [basehttp:log_message] [INFO] "GET /factory/data_sync/ HTTP/1.1" 200 19461
2023-04-17 14:47:00,150 [django.server:187] [basehttp:log_message] [WARNING] "GET /factory/static/images/logo-sm.png HTTP/1.1" 404 3520
2023-04-17 14:47:00,151 [django.server:187] [basehttp:log_message] [WARNING] "GET /factory/static/images/users/avatar-1.jpg HTTP/1.1" 404 3541
2023-04-17 14:47:01,798 [django.server:187] [basehttp:log_message] [INFO] "GET //factory/sync/instance/?queryType= HTTP/1.1" 200 1532
2023-04-17 14:48:17,097 [django.server:187] [basehttp:log_message] [INFO] "GET /factory/data_sync/ HTTP/1.1" 200 19154
2023-04-17 14:48:17,236 [django.server:187] [basehttp:log_message] [WARNING] "GET /factory/static/images/logo-sm.png HTTP/1.1" 404 3520
2023-04-17 14:48:17,236 [django.server:187] [basehttp:log_message] [WARNING] "GET /factory/static/images/users/avatar-1.jpg HTTP/1.1" 404 3541
2023-04-17 14:48:18,014 [django.server:187] [basehttp:log_message] [INFO] "GET //factory/sync/instance/?queryType= HTTP/1.1" 200 1532
2023-04-17 14:48:39,242 [django.server:187] [basehttp:log_message] [INFO] "GET /factory/data_sync/ HTTP/1.1" 200 19461
2023-04-17 14:48:39,267 [django.server:187] [basehttp:log_message] [WARNING] "GET /factory/static/images/logo-sm.png HTTP/1.1" 404 3520
2023-04-17 14:48:39,268 [django.server:187] [basehttp:log_message] [WARNING] "GET /factory/static/images/users/avatar-1.jpg HTTP/1.1" 404 3541
2023-04-17 14:48:40,002 [django.server:187] [basehttp:log_message] [INFO] "GET //factory/sync/instance/?queryType= HTTP/1.1" 200 1532
2023-04-17 14:48:50,428 [django.server:187] [basehttp:log_message] [INFO] "GET /factory/data_sync/ HTTP/1.1" 200 19461
2023-04-17 14:48:50,453 [django.server:187] [basehttp:log_message] [WARNING] "GET /factory/static/images/logo-sm.png HTTP/1.1" 404 3520
2023-04-17 14:48:50,454 [django.server:187] [basehttp:log_message] [WARNING] "GET /factory/static/images/users/avatar-1.jpg HTTP/1.1" 404 3541
2023-04-17 14:48:51,187 [django.server:187] [basehttp:log_message] [INFO] "GET //factory/sync/instance/?queryType= HTTP/1.1" 200 1532
2023-04-17 14:49:02,762 [django.server:187] [basehttp:log_message] [INFO] "GET /factory/data_sync/ HTTP/1.1" 200 19461
2023-04-17 14:49:02,787 [django.server:187] [basehttp:log_message] [WARNING] "GET /factory/static/images/logo-sm.png HTTP/1.1" 404 3520
2023-04-17 14:49:02,787 [django.server:187] [basehttp:log_message] [WARNING] "GET /factory/static/images/users/avatar-1.jpg HTTP/1.1" 404 3541
2023-04-17 14:49:03,583 [django.server:187] [basehttp:log_message] [INFO] "GET //factory/sync/instance/?queryType= HTTP/1.1" 200 1532
2023-04-17 15:17:15,068 [django.utils.autoreload:266] [autoreload:trigger_reload] [INFO] D:\项目\data_factory_platform\data_sync\views.py changed, reloading.
2023-04-17 15:17:16,019 [django.utils.autoreload:677] [autoreload:run_with_reloader] [INFO] Watching for file changes with StatReloader
2023-04-17 15:18:36,645 [django.utils.autoreload:266] [autoreload:trigger_reload] [INFO] D:\项目\data_factory_platform\data_sync\business\online_data_sync.py changed, reloading.
2023-04-17 15:18:37,382 [django.utils.autoreload:677] [autoreload:run_with_reloader] [INFO] Watching for file changes with StatReloader
2023-04-17 15:19:09,857 [django.utils.autoreload:266] [autoreload:trigger_reload] [INFO] D:\项目\data_factory_platform\data_sync\business\online_data_sync.py changed, reloading.
2023-04-17 15:19:10,337 [django.utils.autoreload:677] [autoreload:run_with_reloader] [INFO] Watching for file changes with StatReloader
2023-04-17 15:20:39,560 [django.server:187] [basehttp:log_message] [INFO] "GET /factory/data_sync/ HTTP/1.1" 200 19775
2023-04-17 15:20:39,595 [django.server:187] [basehttp:log_message] [WARNING] "GET /factory/static/images/logo-sm.png HTTP/1.1" 404 3710
2023-04-17 15:20:39,595 [django.server:187] [basehttp:log_message] [WARNING] "GET /factory/static/images/users/avatar-1.jpg HTTP/1.1" 404 3731
2023-04-17 15:20:40,436 [django.server:187] [basehttp:log_message] [INFO] "GET //factory/sync/instance/?queryType= HTTP/1.1" 200 1532
2023-04-17 15:20:50,346 [django.server:187] [basehttp:log_message] [INFO] "GET //factory/sync/database/?queryType=undefined HTTP/1.1" 200 44
2023-04-17 15:21:49,719 [django.server:187] [basehttp:log_message] [INFO] "GET /factory/sync/database?queryType=%27nei-mysql-2.43%27 HTTP/1.1" 301 0
2023-04-17 15:21:50,279 [django.server:187] [basehttp:log_message] [INFO] "GET /factory/sync/database/?queryType=%27nei-mysql-2.43%27 HTTP/1.1" 200 44
2023-04-17 15:21:56,452 [django.server:187] [basehttp:log_message] [INFO] "GET /factory/sync/database?queryType=nei-mysql-2.43 HTTP/1.1" 301 0
2023-04-17 15:21:56,974 [django.server:187] [basehttp:log_message] [INFO] "GET /factory/sync/database/?queryType=nei-mysql-2.43 HTTP/1.1" 200 1436
2023-04-17 15:22:07,210 [django.server:187] [basehttp:log_message] [INFO] "GET /factory/sync/database/?queryType=nei-mysql-2.43 HTTP/1.1" 200 1436
2023-04-17 15:25:09,415 [django.server:187] [basehttp:log_message] [INFO] "GET //factory/sync/database/?queryType=undefined HTTP/1.1" 200 44
2023-04-17 15:25:27,574 [django.server:187] [basehttp:log_message] [INFO] "GET //factory/sync/database/?queryType=undefined HTTP/1.1" 200 44
2023-04-17 15:25:36,549 [django.server:187] [basehttp:log_message] [INFO] "GET //factory/sync/database/?queryType=undefined HTTP/1.1" 200 44
2023-04-17 15:25:36,570 [django.server:187] [basehttp:log_message] [INFO] "GET /factory/data_sync/ HTTP/1.1" 200 19848
2023-04-17 15:25:36,602 [django.server:187] [basehttp:log_message] [WARNING] "GET /factory/static/images/users/avatar-1.jpg HTTP/1.1" 404 3731
2023-04-17 15:25:36,602 [django.server:187] [basehttp:log_message] [WARNING] "GET /factory/static/images/logo-sm.png HTTP/1.1" 404 3710
2023-04-17 15:25:37,395 [django.server:187] [basehttp:log_message] [INFO] "GET //factory/sync/instance/?queryType= HTTP/1.1" 200 1532
2023-04-17 15:25:44,961 [django.server:187] [basehttp:log_message] [INFO] "GET //factory/sync/database/?queryType=undefined HTTP/1.1" 200 44
2023-04-17 15:30:46,183 [django.server:187] [basehttp:log_message] [INFO] "GET //factory/sync/database/?queryType=undefined HTTP/1.1" 200 44
2023-04-17 15:30:46,218 [django.server:187] [basehttp:log_message] [INFO] "GET /factory/data_sync/ HTTP/1.1" 200 19879
2023-04-17 15:30:46,250 [django.server:187] [basehttp:log_message] [WARNING] "GET /factory/static/images/users/avatar-1.jpg HTTP/1.1" 404 3731
2023-04-17 15:30:46,250 [django.server:187] [basehttp:log_message] [WARNING] "GET /factory/static/images/logo-sm.png HTTP/1.1" 404 3710
2023-04-17 15:30:47,230 [django.server:187] [basehttp:log_message] [INFO] "GET //factory/sync/instance/?queryType=undefined HTTP/1.1" 200 1532
2023-04-17 15:30:51,839 [django.server:187] [basehttp:log_message] [INFO] "GET //factory/sync/database/?queryType=nei-mysql-2.43 HTTP/1.1" 200 1436
2023-04-17 15:35:11,671 [django.server:187] [basehttp:log_message] [INFO] "GET //factory/sync/database/?queryType=nei-test-2.15.3306 HTTP/1.1" 200 544
2023-04-17 15:35:11,705 [django.server:187] [basehttp:log_message] [INFO] "GET /factory/data_sync/ HTTP/1.1" 200 19826
2023-04-17 15:35:11,740 [django.server:187] [basehttp:log_message] [WARNING] "GET /factory/static/images/logo-sm.png HTTP/1.1" 404 3710
2023-04-17 15:35:11,741 [django.server:187] [basehttp:log_message] [WARNING] "GET /factory/static/images/users/avatar-1.jpg HTTP/1.1" 404 3731
2023-04-17 15:35:12,511 [django.server:187] [basehttp:log_message] [INFO] "GET //factory/sync/instance/?queryType=undefined HTTP/1.1" 200 1532
2023-04-17 15:35:18,228 [django.server:187] [basehttp:log_message] [INFO] "GET //factory/sync/database/?queryType=nei-mysql-2.43 HTTP/1.1" 200 1436
2023-04-17 15:35:54,327 [django.server:187] [basehttp:log_message] [INFO] "GET //factory/sync/database/?queryType=nei-test-2.15.3307 HTTP/1.1" 200 1850
2023-04-17 15:36:04,660 [django.server:187] [basehttp:log_message] [INFO] "GET //factory/sync/database/?queryType=nei-mysql-2.44 HTTP/1.1" 200 928
2023-04-17 15:36:10,809 [django.server:187] [basehttp:log_message] [INFO] "GET //factory/sync/database/?queryType=nei-mysql-2.43 HTTP/1.1" 200 1436
2023-04-17 15:36:38,978 [django.server:187] [basehttp:log_message] [INFO] "GET //factory/sync/database/?queryType=nei-tidb-mdc HTTP/1.1" 200 2919
2023-04-17 15:46:09,050 [django.utils.autoreload:266] [autoreload:trigger_reload] [INFO] D:\项目\data_factory_platform\data_sync\urls.py changed, reloading.
2023-04-17 15:46:09,741 [django.utils.autoreload:677] [autoreload:run_with_reloader] [INFO] Watching for file changes with StatReloader
2023-04-17 15:46:12,573 [django.server:187] [basehttp:log_message] [INFO] "GET /factory/data_sync/ HTTP/1.1" 200 20416
2023-04-17 15:46:12,609 [django.server:187] [basehttp:log_message] [WARNING] "GET /factory/static/images/logo-sm.png HTTP/1.1" 404 3894
2023-04-17 15:46:12,609 [django.server:187] [basehttp:log_message] [WARNING] "GET /factory/static/images/users/avatar-1.jpg HTTP/1.1" 404 3915
2023-04-17 15:46:12,752 [django.server:187] [basehttp:log_message] [INFO] "GET /factory/data_sync/ HTTP/1.1" 200 20416
2023-04-17 15:46:12,782 [django.server:187] [basehttp:log_message] [WARNING] "GET /factory/static/images/logo-sm.png HTTP/1.1" 404 3894
2023-04-17 15:46:12,808 [django.server:187] [basehttp:log_message] [WARNING] "GET /factory/static/images/users/avatar-1.jpg HTTP/1.1" 404 3915
2023-04-17 15:46:55,187 [django.server:187] [basehttp:log_message] [INFO] "GET /factory/data_sync/ HTTP/1.1" 200 20418
2023-04-17 15:46:55,209 [django.server:187] [basehttp:log_message] [WARNING] "GET /factory/static/images/logo-sm.png HTTP/1.1" 404 3894
2023-04-17 15:46:55,210 [django.server:187] [basehttp:log_message] [WARNING] "GET /factory/static/images/users/avatar-1.jpg HTTP/1.1" 404 3915
2023-04-17 15:46:56,111 [django.server:187] [basehttp:log_message] [INFO] "GET //factory/sync/instance/?instance=undefined&database=undefined HTTP/1.1" 200 1532
2023-04-17 15:47:04,227 [django.server:187] [basehttp:log_message] [INFO] "GET //factory/sync/database/?instance=nei-crm-2.48&database=undefined HTTP/1.1" 200 44
2023-04-17 15:47:14,973 [django.server:187] [basehttp:log_message] [INFO] "GET //factory/sync/database/?instance=nei-tms-2.48&database=undefined HTTP/1.1" 200 44
2023-04-17 15:47:21,692 [django.server:187] [basehttp:log_message] [INFO] "GET //factory/sync/database/?instance=nei-mysql-2.44&database=undefined HTTP/1.1" 200 44
2023-04-17 15:48:52,722 [django.server:187] [basehttp:log_message] [INFO] "GET /factory/data_sync/ HTTP/1.1" 200 20428
2023-04-17 15:48:52,750 [django.server:187] [basehttp:log_message] [WARNING] "GET /factory/static/images/logo-sm.png HTTP/1.1" 404 3894
2023-04-17 15:48:52,791 [django.server:187] [basehttp:log_message] [WARNING] "GET /factory/static/images/users/avatar-1.jpg HTTP/1.1" 404 3915
2023-04-17 15:48:55,155 [django.server:187] [basehttp:log_message] [INFO] "GET //factory/sync/instance/?instance=null&database=null HTTP/1.1" 200 1532
2023-04-17 15:49:01,088 [django.server:187] [basehttp:log_message] [INFO] "GET //factory/sync/database/?instance=nei-mysql-2.43&database=null HTTP/1.1" 200 44
2023-04-17 15:49:22,661 [django.server:187] [basehttp:log_message] [INFO] "GET //factory/sync/database/?instance=nei-mysql-2.44&database=null HTTP/1.1" 200 44
2023-04-17 15:49:34,029 [django.server:187] [basehttp:log_message] [INFO] "GET //factory/sync/database/?instance=nei-mysql-2.44&database=null HTTP/1.1" 200 44
2023-04-17 15:50:24,016 [django.utils.autoreload:266] [autoreload:trigger_reload] [INFO] D:\项目\data_factory_platform\data_sync\views.py changed, reloading.
2023-04-17 15:50:24,762 [django.utils.autoreload:677] [autoreload:run_with_reloader] [INFO] Watching for file changes with StatReloader
2023-04-17 15:50:28,694 [django.server:187] [basehttp:log_message] [INFO] "GET //factory/sync/database/?instance=nei-test-2.15.3306&database=null HTTP/1.1" 200 544
2023-04-17 15:50:28,920 [django.server:187] [basehttp:log_message] [INFO] "GET /factory/data_sync/ HTTP/1.1" 200 20428
2023-04-17 15:50:28,973 [django.server:187] [basehttp:log_message] [WARNING] "GET /factory/static/images/logo-sm.png HTTP/1.1" 404 3894
2023-04-17 15:50:28,974 [django.server:187] [basehttp:log_message] [WARNING] "GET /factory/static/images/users/avatar-1.jpg HTTP/1.1" 404 3915
2023-04-17 15:50:29,916 [django.server:187] [basehttp:log_message] [INFO] "GET //factory/sync/instance/?instance=null&database=null HTTP/1.1" 200 1532
2023-04-17 15:50:37,837 [django.server:187] [basehttp:log_message] [INFO] "GET //factory/sync/database/?instance=nei-mysql-2.43&database=null HTTP/1.1" 200 1436
2023-04-17 15:51:29,532 [django.server:187] [basehttp:log_message] [INFO] "GET /factory/data_sync/ HTTP/1.1" 200 20451
2023-04-17 15:51:29,561 [django.server:187] [basehttp:log_message] [WARNING] "GET /factory/static/images/logo-sm.png HTTP/1.1" 404 3894
2023-04-17 15:51:29,562 [django.server:187] [basehttp:log_message] [WARNING] "GET /factory/static/images/users/avatar-1.jpg HTTP/1.1" 404 3915
2023-04-17 15:51:30,319 [django.server:187] [basehttp:log_message] [INFO] "GET //factory/sync/instance/?instance=null&database=null HTTP/1.1" 200 1532
2023-04-17 15:51:35,537 [django.server:187] [basehttp:log_message] [INFO] "GET //factory/sync/database/?instance=nei-tidb-2.45&database=null HTTP/1.1" 200 2919
2023-04-17 15:51:40,013 [django.server:187] [basehttp:log_message] [INFO] "GET //factory/sync/table/?instance=nei-tidb-2.45&database=finance_assistant HTTP/1.1" 200 295
2023-04-17 15:51:47,778 [django.server:187] [basehttp:log_message] [INFO] "GET //factory/sync/table/?instance=nei-tidb-2.45&database=mabang_advertising HTTP/1.1" 200 36348
2023-04-17 15:57:00,824 [django.server:187] [basehttp:log_message] [INFO] "GET //factory/sync/database/?instance=nei-mysql-2.44&database=null HTTP/1.1" 200 928
2023-04-17 15:57:06,281 [django.server:187] [basehttp:log_message] [INFO] "GET //factory/sync/table/?instance=nei-mysql-2.44&database=biaoju_log HTTP/1.1" 200 1246
2023-04-17 15:57:12,740 [django.server:187] [basehttp:log_message] [INFO] "GET /factory/data_sync/ HTTP/1.1" 200 20183
2023-04-17 15:57:12,763 [django.server:187] [basehttp:log_message] [WARNING] "GET /factory/static/images/logo-sm.png HTTP/1.1" 404 3894
2023-04-17 15:57:12,773 [django.server:187] [basehttp:log_message] [WARNING] "GET /factory/static/images/users/avatar-1.jpg HTTP/1.1" 404 3915
2023-04-17 15:57:13,930 [django.server:187] [basehttp:log_message] [INFO] "GET //factory/sync/instance/?instance=null&database=null HTTP/1.1" 200 1532
2023-04-17 15:57:17,401 [django.server:187] [basehttp:log_message] [INFO] "GET //factory/sync/database/?instance=nei-tidb-mdc&database=null HTTP/1.1" 200 2919
2023-04-17 15:57:20,612 [django.server:187] [basehttp:log_message] [INFO] "GET //factory/sync/table/?instance=nei-tidb-mdc&database=c2_report HTTP/1.1" 200 146222
2023-04-17 16:01:01,800 [django.server:187] [basehttp:log_message] [INFO] "GET /factory/data_sync/ HTTP/1.1" 200 20183
2023-04-17 16:01:01,834 [django.server:187] [basehttp:log_message] [WARNING] "GET /factory/static/images/logo-sm.png HTTP/1.1" 404 3894
2023-04-17 16:01:01,842 [django.server:187] [basehttp:log_message] [WARNING] "GET /factory/static/images/users/avatar-1.jpg HTTP/1.1" 404 3915
2023-04-17 16:01:03,107 [django.server:187] [basehttp:log_message] [INFO] "GET //factory/sync/instance/?instance=null&database=null HTTP/1.1" 200 1532
2023-04-17 16:01:21,169 [django.server:187] [basehttp:log_message] [INFO] "GET //factory/sync/database/?instance=nei-mysql-2.43&database=null HTTP/1.1" 200 1436
2023-04-17 16:01:31,920 [django.server:187] [basehttp:log_message] [INFO] "GET //factory/sync/table/?instance=nei-mysql-2.43&database=mabang HTTP/1.1" 200 4723
2023-04-17 16:01:46,954 [django.server:187] [basehttp:log_message] [INFO] "GET //factory/sync/table/?instance=nei-mysql-2.43&database=mabang_bi_stock HTTP/1.1" 200 94
2023-04-17 16:01:47,876 [django.server:187] [basehttp:log_message] [INFO] "GET /factory/data_sync/ HTTP/1.1" 200 20159
2023-04-17 16:01:47,902 [django.server:187] [basehttp:log_message] [WARNING] "GET /factory/static/images/logo-sm.png HTTP/1.1" 404 3894
2023-04-17 16:01:47,903 [django.server:187] [basehttp:log_message] [WARNING] "GET /factory/static/images/users/avatar-1.jpg HTTP/1.1" 404 3915
2023-04-17 16:01:48,553 [django.server:187] [basehttp:log_message] [INFO] "GET //factory/sync/instance/?instance=null&database=null HTTP/1.1" 200 1532
2023-04-17 16:02:29,143 [django.server:187] [basehttp:log_message] [INFO] "GET /factory/data_sync/ HTTP/1.1" 200 20159
2023-04-17 16:02:29,169 [django.server:187] [basehttp:log_message] [WARNING] "GET /factory/static/images/logo-sm.png HTTP/1.1" 404 3894
2023-04-17 16:02:29,169 [django.server:187] [basehttp:log_message] [WARNING] "GET /factory/static/images/users/avatar-1.jpg HTTP/1.1" 404 3915
2023-04-17 16:02:29,867 [django.server:187] [basehttp:log_message] [INFO] "GET //factory/sync/instance/?instance=null&database=null HTTP/1.1" 200 1532
2023-04-17 16:02:34,317 [django.server:187] [basehttp:log_message] [INFO] "GET //factory/sync/database/?instance=nei-mysql-2.43&database=null HTTP/1.1" 200 1436
2023-04-17 16:02:45,773 [django.server:187] [basehttp:log_message] [INFO] "GET //factory/sync/table/?instance=nei-mysql-2.43&database=NEW_ZENT HTTP/1.1" 200 688
2023-04-17 16:07:32,811 [django.server:187] [basehttp:log_message] [INFO] "GET /factory/data_sync/ HTTP/1.1" 200 20034
2023-04-17 16:07:32,846 [django.server:187] [basehttp:log_message] [WARNING] "GET /factory/static/images/logo-sm.png HTTP/1.1" 404 3894
2023-04-17 16:07:32,848 [django.server:187] [basehttp:log_message] [WARNING] "GET /factory/static/images/users/avatar-1.jpg HTTP/1.1" 404 3915
2023-04-17 16:07:33,624 [django.server:187] [basehttp:log_message] [INFO] "GET //factory/sync/instance/?instance=null&database=null HTTP/1.1" 200 1532
2023-04-17 16:07:37,946 [django.server:187] [basehttp:log_message] [INFO] "GET //factory/sync/database/?instance=nei-mysql-2.43&database=null HTTP/1.1" 200 1436
2023-04-17 16:07:43,733 [django.server:187] [basehttp:log_message] [INFO] "GET //factory/sync/table/?instance=nei-mysql-2.43&database=mabang_fba_log HTTP/1.1" 200 28393
2023-04-17 16:10:13,766 [django.server:187] [basehttp:log_message] [INFO] "GET /factory/data_sync/ HTTP/1.1" 200 19956
2023-04-17 16:10:13,797 [django.server:187] [basehttp:log_message] [WARNING] "GET /factory/static/images/logo-sm.png HTTP/1.1" 404 3894
2023-04-17 16:10:13,797 [django.server:187] [basehttp:log_message] [WARNING] "GET /factory/static/images/users/avatar-1.jpg HTTP/1.1" 404 3915
2023-04-17 16:10:14,620 [django.server:187] [basehttp:log_message] [INFO] "GET //factory/sync/instance/?instance=null&database=null HTTP/1.1" 200 1532
2023-04-17 16:10:17,775 [django.server:187] [basehttp:log_message] [INFO] "GET //factory/sync/database/?instance=nei-mysql-2.43&database=null HTTP/1.1" 200 1436
2023-04-17 16:10:20,588 [django.server:187] [basehttp:log_message] [INFO] "GET //factory/sync/table/?instance=nei-mysql-2.43&database=NEW_ZENT HTTP/1.1" 200 688
2023-04-17 16:11:02,484 [django.server:187] [basehttp:log_message] [INFO] "GET //factory/sync/database/?instance=public-order-his&database=null HTTP/1.1" 200 58
2023-04-17 16:13:00,641 [django.server:187] [basehttp:log_message] [INFO] "GET /factory/data_sync/ HTTP/1.1" 200 19928
2023-04-17 16:13:00,680 [django.server:187] [basehttp:log_message] [WARNING] "GET /factory/static/images/logo-sm.png HTTP/1.1" 404 3894
2023-04-17 16:13:00,681 [django.server:187] [basehttp:log_message] [WARNING] "GET /factory/static/images/users/avatar-1.jpg HTTP/1.1" 404 3915
2023-04-17 16:13:01,812 [django.server:187] [basehttp:log_message] [INFO] "GET //factory/sync/instance/?instance=null&database=null HTTP/1.1" 200 1532
2023-04-17 16:13:05,160 [django.server:187] [basehttp:log_message] [INFO] "GET //factory/sync/database/?instance=nei-mysql-2.43&database=null HTTP/1.1" 200 1436
2023-04-17 16:13:07,714 [django.server:187] [basehttp:log_message] [INFO] "GET //factory/sync/table/?instance=nei-mysql-2.43&database=mabang HTTP/1.1" 200 4723
2023-04-17 16:14:23,039 [django.server:187] [basehttp:log_message] [INFO] "GET /factory/data_sync/ HTTP/1.1" 200 19947
2023-04-17 16:14:23,064 [django.server:187] [basehttp:log_message] [WARNING] "GET /factory/static/images/logo-sm.png HTTP/1.1" 404 3894
2023-04-17 16:14:23,065 [django.server:187] [basehttp:log_message] [WARNING] "GET /factory/static/images/users/avatar-1.jpg HTTP/1.1" 404 3915
2023-04-17 16:14:23,847 [django.server:187] [basehttp:log_message] [INFO] "GET //factory/sync/instance/?instance=null&database=null HTTP/1.1" 200 1532
2023-04-17 16:14:26,634 [django.server:187] [basehttp:log_message] [INFO] "GET //factory/sync/database/?instance=nei-mysql-2.43&database=null HTTP/1.1" 200 1436
2023-04-17 16:14:28,696 [django.server:187] [basehttp:log_message] [INFO] "GET //factory/sync/table/?instance=nei-mysql-2.43&database=NEW_ZENT HTTP/1.1" 200 688
2023-04-17 16:14:32,871 [django.server:187] [basehttp:log_message] [INFO] "GET //factory/sync/database/?instance=nei-tidb-mdc&database=null HTTP/1.1" 200 2919
2023-04-17 16:16:26,440 [django.server:187] [basehttp:log_message] [INFO] "GET /factory/data_sync/ HTTP/1.1" 200 20113
2023-04-17 16:16:26,468 [django.server:187] [basehttp:log_message] [WARNING] "GET /factory/static/images/logo-sm.png HTTP/1.1" 404 3894
2023-04-17 16:16:26,469 [django.server:187] [basehttp:log_message] [WARNING] "GET /factory/static/images/users/avatar-1.jpg HTTP/1.1" 404 3915
2023-04-17 16:16:27,195 [django.server:187] [basehttp:log_message] [INFO] "GET //factory/sync/instance/?instance=null&database=null HTTP/1.1" 200 1532
2023-04-17 16:16:30,850 [django.server:187] [basehttp:log_message] [INFO] "GET //factory/sync/database/?instance=nei-mysql-2.43&database=null HTTP/1.1" 200 1436
2023-04-17 16:16:33,246 [django.server:187] [basehttp:log_message] [INFO] "GET //factory/sync/table/?instance=nei-mysql-2.43&database=NEW_ZENT HTTP/1.1" 200 688
2023-04-17 16:16:40,222 [django.server:187] [basehttp:log_message] [INFO] "GET //factory/sync/database/?instance=nei-mysql-2.44&database=null HTTP/1.1" 200 928
2023-04-17 16:25:22,022 [django.server:187] [basehttp:log_message] [INFO] "GET //factory/sync/table/?instance=nei-mysql-2.44&database=mabang_ali1688 HTTP/1.1" 200 44
2023-04-17 16:25:34,851 [django.server:187] [basehttp:log_message] [INFO] "GET /factory/data_sync/ HTTP/1.1" 200 20113
2023-04-17 16:25:34,885 [django.server:187] [basehttp:log_message] [WARNING] "GET /factory/static/images/logo-sm.png HTTP/1.1" 404 3894
2023-04-17 16:25:34,886 [django.server:187] [basehttp:log_message] [WARNING] "GET /factory/static/images/users/avatar-1.jpg HTTP/1.1" 404 3915
2023-04-17 16:25:35,776 [django.server:187] [basehttp:log_message] [INFO] "GET //factory/sync/instance/?instance=null&database=null HTTP/1.1" 200 1532
2023-04-17 16:25:39,667 [django.server:187] [basehttp:log_message] [INFO] "GET //factory/sync/database/?instance=nei-mysql-2.43&database=null HTTP/1.1" 200 1436
2023-04-17 16:25:42,582 [django.server:187] [basehttp:log_message] [INFO] "GET //factory/sync/table/?instance=nei-mysql-2.43&database=mabang HTTP/1.1" 200 4723
2023-04-17 16:34:30,636 [django.server:187] [basehttp:log_message] [INFO] "GET /factory/data_sync/ HTTP/1.1" 200 20050
2023-04-17 16:34:30,666 [django.server:187] [basehttp:log_message] [WARNING] "GET /factory/static/images/logo-sm.png HTTP/1.1" 404 3894
2023-04-17 16:34:30,667 [django.server:187] [basehttp:log_message] [WARNING] "GET /factory/static/images/users/avatar-1.jpg HTTP/1.1" 404 3915
2023-04-17 16:34:31,604 [django.server:187] [basehttp:log_message] [INFO] "GET //factory/sync/instance/?instance=null&database=null HTTP/1.1" 200 1532
2023-04-17 16:34:34,960 [django.server:187] [basehttp:log_message] [INFO] "GET //factory/sync/database/?instance=nei-mysql-2.43&database=null HTTP/1.1" 200 1436
2023-04-17 16:34:37,131 [django.server:187] [basehttp:log_message] [INFO] "GET //factory/sync/table/?instance=nei-mysql-2.43&database=NEW_ZENT HTTP/1.1" 200 688
2023-04-17 16:35:16,956 [django.server:187] [basehttp:log_message] [INFO] "GET /factory/data_sync/ HTTP/1.1" 200 20101
2023-04-17 16:35:17,024 [django.server:187] [basehttp:log_message] [WARNING] "GET /factory/static/images/users/avatar-1.jpg HTTP/1.1" 404 3915
2023-04-17 16:35:17,024 [django.server:187] [basehttp:log_message] [WARNING] "GET /factory/static/images/logo-sm.png HTTP/1.1" 404 3894
2023-04-17 16:35:18,103 [django.server:187] [basehttp:log_message] [INFO] "GET //factory/sync/instance/?instance=null&database=null HTTP/1.1" 200 1532
2023-04-17 16:35:20,999 [django.server:187] [basehttp:log_message] [INFO] "GET //factory/sync/database/?instance=nei-mysql-2.43&database=null HTTP/1.1" 200 1436
2023-04-17 16:35:23,003 [django.server:187] [basehttp:log_message] [INFO] "GET //factory/sync/table/?instance=nei-mysql-2.43&database=NEW_ZENT HTTP/1.1" 200 688
2023-04-17 16:36:34,383 [django.server:187] [basehttp:log_message] [INFO] "GET /factory/data_sync/ HTTP/1.1" 200 20065
2023-04-17 16:36:34,411 [django.server:187] [basehttp:log_message] [WARNING] "GET /factory/static/images/logo-sm.png HTTP/1.1" 404 3894
2023-04-17 16:36:34,412 [django.server:187] [basehttp:log_message] [WARNING] "GET /factory/static/images/users/avatar-1.jpg HTTP/1.1" 404 3915
2023-04-17 16:36:35,136 [django.server:187] [basehttp:log_message] [INFO] "GET //factory/sync/instance/?instance=null&database=null HTTP/1.1" 200 1532
2023-04-17 16:36:38,214 [django.server:187] [basehttp:log_message] [INFO] "GET //factory/sync/database/?instance=nei-mysql-2.43&database=null HTTP/1.1" 200 1436
2023-04-17 16:36:40,901 [django.server:187] [basehttp:log_message] [INFO] "GET //factory/sync/table/?instance=nei-mysql-2.43&database=mabang_account HTTP/1.1" 200 524
2023-04-17 16:38:49,139 [django.server:187] [basehttp:log_message] [INFO] "GET /factory/data_sync/ HTTP/1.1" 200 20078
2023-04-17 16:38:49,171 [django.server:187] [basehttp:log_message] [WARNING] "GET /factory/static/images/logo-sm.png HTTP/1.1" 404 3894
2023-04-17 16:38:49,172 [django.server:187] [basehttp:log_message] [WARNING] "GET /factory/static/images/users/avatar-1.jpg HTTP/1.1" 404 3915
2023-04-17 16:38:49,933 [django.server:187] [basehttp:log_message] [INFO] "GET //factory/sync/instance/?instance=null&database=null HTTP/1.1" 200 1532
2023-04-17 16:38:59,218 [django.server:187] [basehttp:log_message] [INFO] "GET /factory/data_sync/ HTTP/1.1" 200 20078
2023-04-17 16:38:59,247 [django.server:187] [basehttp:log_message] [WARNING] "GET /factory/static/images/users/avatar-1.jpg HTTP/1.1" 404 3915
2023-04-17 16:38:59,248 [django.server:187] [basehttp:log_message] [WARNING] "GET /factory/static/images/logo-sm.png HTTP/1.1" 404 3894
2023-04-17 16:38:59,967 [django.server:187] [basehttp:log_message] [INFO] "GET //factory/sync/instance/?instance=null&database=null HTTP/1.1" 200 1532
2023-04-17 16:39:52,914 [django.server:187] [basehttp:log_message] [INFO] "GET /factory/data_sync/ HTTP/1.1" 200 20068
2023-04-17 16:39:52,943 [django.server:187] [basehttp:log_message] [WARNING] "GET /factory/static/images/logo-sm.png HTTP/1.1" 404 3894
2023-04-17 16:39:52,946 [django.server:187] [basehttp:log_message] [WARNING] "GET /factory/static/images/users/avatar-1.jpg HTTP/1.1" 404 3915
2023-04-17 16:39:53,748 [django.server:187] [basehttp:log_message] [INFO] "GET //factory/sync/instance/?instance=null&database=null HTTP/1.1" 200 1532
2023-04-17 16:40:56,546 [django.server:187] [basehttp:log_message] [INFO] "GET /factory/data_sync/ HTTP/1.1" 200 20068
2023-04-17 16:40:56,571 [django.server:187] [basehttp:log_message] [WARNING] "GET /factory/static/images/users/avatar-1.jpg HTTP/1.1" 404 3915
2023-04-17 16:40:56,571 [django.server:187] [basehttp:log_message] [WARNING] "GET /factory/static/images/logo-sm.png HTTP/1.1" 404 3894
2023-04-17 16:40:57,336 [django.server:187] [basehttp:log_message] [INFO] "GET //factory/sync/instance/?instance=null&database=null HTTP/1.1" 200 1532
2023-04-17 16:41:00,584 [django.server:187] [basehttp:log_message] [INFO] "GET //factory/sync/database/?instance=nei-mysql-2.43&database=null HTTP/1.1" 200 1436
2023-04-17 17:13:16,216 [django.utils.autoreload:677] [autoreload:run_with_reloader] [INFO] Watching for file changes with StatReloader
2023-04-17 17:13:21,409 [django.utils.autoreload:677] [autoreload:run_with_reloader] [INFO] Watching for file changes with StatReloader
2023-04-17 17:14:23,342 [django.utils.autoreload:677] [autoreload:run_with_reloader] [INFO] Watching for file changes with StatReloader
2023-04-17 17:14:35,391 [django.server:187] [basehttp:log_message] [INFO] "GET /factory/index/ HTTP/1.1" 200 12866
2023-04-17 17:14:35,415 [django.server:187] [basehttp:log_message] [INFO] "GET /static/css/bootstrap.min.css HTTP/1.1" 304 0
2023-04-17 17:14:35,525 [django.server:187] [basehttp:log_message] [WARNING] "GET /factory/static/images/logo-sm.png HTTP/1.1" 404 3894
2023-04-17 17:14:35,525 [django.server:187] [basehttp:log_message] [WARNING] "GET /factory/static/images/users/avatar-1.jpg HTTP/1.1" 404 3915
2023-04-17 17:14:35,548 [django.server:187] [basehttp:log_message] [INFO] "GET /static/js/bootstrap.bundle.js HTTP/1.1" 200 228437
2023-04-17 17:14:37,002 [django.server:187] [basehttp:log_message] [WARNING] "GET /factory/static/images/favicon.ico HTTP/1.1" 404 3894
2023-04-17 17:14:39,654 [django.server:187] [basehttp:log_message] [INFO] "GET /factory/data_sync/ HTTP/1.1" 200 19938
2023-04-17 17:14:39,679 [django.server:187] [basehttp:log_message] [WARNING] "GET /factory/static/images/logo-sm.png HTTP/1.1" 404 3894
2023-04-17 17:14:39,680 [django.server:187] [basehttp:log_message] [WARNING] "GET /factory/static/images/users/avatar-1.jpg HTTP/1.1" 404 3915
2023-04-17 17:14:43,514 [django.server:187] [basehttp:log_message] [INFO] "GET //factory/sync/instance/?instance=null&database=null HTTP/1.1" 200 1532
2023-04-17 17:14:48,571 [django.server:187] [basehttp:log_message] [INFO] "GET //factory/sync/database/?instance=nei-mysql-2.43&database=null HTTP/1.1" 200 1436
2023-04-17 17:14:53,487 [django.server:187] [basehttp:log_message] [INFO] "GET //factory/sync/table/?instance=nei-mysql-2.43&database=mabang HTTP/1.1" 200 4723
2023-04-17 17:16:59,837 [django.server:187] [basehttp:log_message] [INFO] "GET /factory/data_sync/ HTTP/1.1" 200 19919
2023-04-17 17:16:59,866 [django.server:187] [basehttp:log_message] [WARNING] "GET /factory/static/images/logo-sm.png HTTP/1.1" 404 3894
2023-04-17 17:16:59,867 [django.server:187] [basehttp:log_message] [WARNING] "GET /factory/static/images/users/avatar-1.jpg HTTP/1.1" 404 3915
2023-04-17 17:17:00,608 [django.server:187] [basehttp:log_message] [INFO] "GET //factory/sync/instance/?instance=null&database=null HTTP/1.1" 200 1532
2023-04-17 17:17:03,922 [django.server:187] [basehttp:log_message] [INFO] "GET //factory/sync/database/?instance=nei-mysql-2.43&database=null HTTP/1.1" 200 1436
2023-04-17 17:17:07,052 [django.server:187] [basehttp:log_message] [INFO] "GET //factory/sync/table/?instance=nei-mysql-2.43&database=mabang_crm HTTP/1.1" 200 6235
2023-04-17 17:17:21,290 [django.server:187] [basehttp:log_message] [INFO] "GET /static/js/bootstrap.bundle.js.map HTTP/1.1" 200 410255
2023-04-17 17:17:21,328 [django.server:187] [basehttp:log_message] [INFO] "GET /static/css/bootstrap.min.css.map HTTP/1.1" 200 646357
2023-04-17 17:17:58,125 [django.server:187] [basehttp:log_message] [INFO] "GET /factory/data_sync/ HTTP/1.1" 200 19956
2023-04-17 17:17:58,151 [django.server:187] [basehttp:log_message] [WARNING] "GET /factory/static/images/logo-sm.png HTTP/1.1" 404 3894
2023-04-17 17:17:58,151 [django.server:187] [basehttp:log_message] [WARNING] "GET /factory/static/images/users/avatar-1.jpg HTTP/1.1" 404 3915
2023-04-17 17:17:58,959 [django.server:187] [basehttp:log_message] [INFO] "GET //factory/sync/instance/?instance=null&database=null HTTP/1.1" 200 1532
2023-04-17 17:18:05,793 [django.server:187] [basehttp:log_message] [INFO] "GET //factory/sync/database/?instance=nei-tidb-fba&database=null HTTP/1.1" 200 2919
2023-04-17 17:18:09,321 [django.server:187] [basehttp:log_message] [INFO] "GET //factory/sync/table/?instance=nei-tidb-fba&database=c1_report HTTP/1.1" 200 194836
2023-04-17 17:27:09,697 [django.utils.autoreload:266] [autoreload:trigger_reload] [INFO] D:\项目\data_factory_platform\data_sync\urls.py changed, reloading.
2023-04-17 17:27:10,412 [django.utils.autoreload:677] [autoreload:run_with_reloader] [INFO] Watching for file changes with StatReloader
2023-04-17 17:27:13,623 [django.server:187] [basehttp:log_message] [INFO] "GET /factory/data_sync/ HTTP/1.1" 200 20020
2023-04-17 17:27:13,653 [django.server:187] [basehttp:log_message] [WARNING] "GET /factory/static/images/users/avatar-1.jpg HTTP/1.1" 404 3924
2023-04-17 17:27:13,657 [django.server:187] [basehttp:log_message] [WARNING] "GET /factory/static/images/logo-sm.png HTTP/1.1" 404 3903
2023-04-17 17:27:14,584 [django.server:187] [basehttp:log_message] [INFO] "GET //factory/sync/query_instance/?instance=null&database=null HTTP/1.1" 200 1532
2023-04-17 17:27:18,457 [django.server:187] [basehttp:log_message] [INFO] "GET //factory/sync/query_db/?instance=null&database=null HTTP/1.1" 200 44
2023-04-17 17:27:48,865 [django.server:187] [basehttp:log_message] [INFO] "GET //factory/sync/query_db/?instance=null&database=null HTTP/1.1" 200 44
2023-04-17 17:28:27,459 [django.server:187] [basehttp:log_message] [INFO] "GET /factory/data_sync/ HTTP/1.1" 200 20023
2023-04-17 17:28:27,493 [django.server:187] [basehttp:log_message] [WARNING] "GET /factory/static/images/logo-sm.png HTTP/1.1" 404 3903
2023-04-17 17:28:27,494 [django.server:187] [basehttp:log_message] [WARNING] "GET /factory/static/images/users/avatar-1.jpg HTTP/1.1" 404 3924
2023-04-17 17:28:28,338 [django.server:187] [basehttp:log_message] [INFO] "GET //factory/sync/query_instance/?instance=null&database=null HTTP/1.1" 200 1532
2023-04-17 17:28:31,372 [django.server:187] [basehttp:log_message] [INFO] "GET //factory/sync/query_db/?instance=nei-mysql-2.43&database=null HTTP/1.1" 200 1436
2023-04-17 17:28:33,742 [django.server:187] [basehttp:log_message] [INFO] "GET //factory/sync/query_tb/?instance=nei-mysql-2.43&database=NEW_ZENT HTTP/1.1" 200 688
2023-04-17 17:29:01,378 [django.server:187] [basehttp:log_message] [INFO] "GET //factory/sync/query_db/?instance=nei-mysql-2.44&database=null HTTP/1.1" 200 928
2023-04-17 17:35:00,273 [django.server:187] [basehttp:log_message] [INFO] "GET /factory/data_sync/ HTTP/1.1" 200 20314
2023-04-17 17:35:00,308 [django.server:187] [basehttp:log_message] [WARNING] "GET /factory/static/images/logo-sm.png HTTP/1.1" 404 3903
2023-04-17 17:35:00,309 [django.server:187] [basehttp:log_message] [WARNING] "GET /factory/static/images/users/avatar-1.jpg HTTP/1.1" 404 3924
2023-04-17 17:35:01,157 [django.server:187] [basehttp:log_message] [INFO] "GET //factory/sync/query_instance/?instance=null&database=null HTTP/1.1" 200 1532
2023-04-17 17:35:04,189 [django.server:187] [basehttp:log_message] [INFO] "GET //factory/sync/query_db/?instance=nei-mysql-2.43&database=null HTTP/1.1" 200 1436
2023-04-17 17:35:40,041 [django.server:187] [basehttp:log_message] [INFO] "GET //factory/sync/query_db/?instance=nei-tidb-mdc&database=null HTTP/1.1" 200 2919
2023-04-17 17:36:32,035 [django.server:187] [basehttp:log_message] [INFO] "GET /factory/data_sync/ HTTP/1.1" 200 20317
2023-04-17 17:36:32,070 [django.server:187] [basehttp:log_message] [WARNING] "GET /factory/static/images/users/avatar-1.jpg HTTP/1.1" 404 3924
2023-04-17 17:36:32,071 [django.server:187] [basehttp:log_message] [WARNING] "GET /factory/static/images/logo-sm.png HTTP/1.1" 404 3903
2023-04-17 17:36:32,927 [django.server:187] [basehttp:log_message] [INFO] "GET //factory/sync/query_instance/?instance=null&database=null HTTP/1.1" 200 1532
2023-04-17 17:36:36,098 [django.server:187] [basehttp:log_message] [INFO] "GET //factory/sync/query_db/?instance=nei-mysql-2.43&database=null HTTP/1.1" 200 1436
2023-04-17 17:36:39,091 [django.server:187] [basehttp:log_message] [INFO] "GET //factory/sync/query_tb/?instance=nei-mysql-2.43&database=NEW_ZENT HTTP/1.1" 200 688
2023-04-17 17:36:44,156 [django.server:187] [basehttp:log_message] [INFO] "GET //factory/sync/query_db/?instance=nei-mysql-2.44&database=null HTTP/1.1" 200 928
2023-04-17 17:36:53,049 [django.server:187] [basehttp:log_message] [INFO] "GET //factory/sync/query_tb/?instance=nei-mysql-2.44&database=biaoju HTTP/1.1" 200 13906
2023-04-17 17:38:09,855 [django.server:187] [basehttp:log_message] [INFO] "GET /factory/data_sync/ HTTP/1.1" 200 20088
2023-04-17 17:38:09,895 [django.server:187] [basehttp:log_message] [WARNING] "GET /factory/static/images/logo-sm.png HTTP/1.1" 404 3903
2023-04-17 17:38:09,896 [django.server:187] [basehttp:log_message] [WARNING] "GET /factory/static/images/users/avatar-1.jpg HTTP/1.1" 404 3924
2023-04-17 17:38:10,719 [django.server:187] [basehttp:log_message] [INFO] "GET //factory/sync/query_instance/?instance=null&database=null HTTP/1.1" 200 1532
2023-04-17 17:38:13,621 [django.server:187] [basehttp:log_message] [INFO] "GET //factory/sync/query_db/?instance=nei-mysql-2.44&database=null HTTP/1.1" 200 928
2023-04-17 17:38:16,261 [django.server:187] [basehttp:log_message] [INFO] "GET //factory/sync/query_tb/?instance=nei-mysql-2.44&database=biaoju_log HTTP/1.1" 200 1246
2023-04-17 17:38:20,403 [django.server:187] [basehttp:log_message] [INFO] "GET //factory/sync/query_db/?instance=nei-mysql-2.43&database=null HTTP/1.1" 200 1436
2023-04-17 17:39:04,354 [django.server:187] [basehttp:log_message] [INFO] "GET /factory/data_sync/ HTTP/1.1" 200 20169
2023-04-17 17:39:04,384 [django.server:187] [basehttp:log_message] [WARNING] "GET /factory/static/images/users/avatar-1.jpg HTTP/1.1" 404 3924
2023-04-17 17:39:04,386 [django.server:187] [basehttp:log_message] [WARNING] "GET /factory/static/images/logo-sm.png HTTP/1.1" 404 3903
2023-04-17 17:39:05,155 [django.server:187] [basehttp:log_message] [INFO] "GET //factory/sync/query_instance/?instance=null&database=null HTTP/1.1" 200 1532
2023-04-17 17:39:09,014 [django.server:187] [basehttp:log_message] [INFO] "GET //factory/sync/query_db/?instance=nei-mysql-2.43&database=null HTTP/1.1" 200 1436
2023-04-17 17:39:14,933 [django.server:187] [basehttp:log_message] [INFO] "GET //factory/sync/query_tb/?instance=nei-mysql-2.43&database=mabang HTTP/1.1" 200 4723
2023-04-17 17:39:18,308 [django.server:187] [basehttp:log_message] [INFO] "GET //factory/sync/query_tb/?instance=nei-mysql-2.43&database=mabang_account HTTP/1.1" 200 524
2023-04-17 17:39:24,436 [django.server:187] [basehttp:log_message] [INFO] "GET //factory/sync/query_db/?instance=nei-tidb-mdc&database=null HTTP/1.1" 200 2919
2023-04-17 17:39:32,500 [django.server:187] [basehttp:log_message] [INFO] "GET //factory/sync/query_tb/?instance=nei-tidb-mdc&database=c2_report HTTP/1.1" 200 146222
2023-04-17 17:39:39,207 [django.server:187] [basehttp:log_message] [INFO] "GET //factory/sync/query_db/?instance=nei-mysql-2.43&database=null HTTP/1.1" 200 1436
2023-04-17 17:50:42,223 [django.server:187] [basehttp:log_message] [INFO] "GET /factory/data_sync/ HTTP/1.1" 200 20463
2023-04-17 17:50:42,259 [django.server:187] [basehttp:log_message] [WARNING] "GET /factory/static/images/users/avatar-1.jpg HTTP/1.1" 404 3924
2023-04-17 17:50:42,259 [django.server:187] [basehttp:log_message] [WARNING] "GET /factory/static/images/logo-sm.png HTTP/1.1" 404 3903
2023-04-17 17:50:43,060 [django.server:187] [basehttp:log_message] [INFO] "GET //factory/sync/query_instance/?instance=null&database=null HTTP/1.1" 200 1532
2023-04-17 17:54:21,529 [django.server:187] [basehttp:log_message] [INFO] "GET /factory/data_sync/ HTTP/1.1" 200 21637
2023-04-17 17:54:21,562 [django.server:187] [basehttp:log_message] [WARNING] "GET /factory/static/images/logo-sm.png HTTP/1.1" 404 3903
2023-04-17 17:54:21,564 [django.server:187] [basehttp:log_message] [WARNING] "GET /factory/static/images/users/avatar-1.jpg HTTP/1.1" 404 3924
2023-04-17 17:54:22,467 [django.server:187] [basehttp:log_message] [INFO] "GET //factory/sync/query_instance/?instance=null&database=null HTTP/1.1" 200 1532
2023-04-17 17:54:31,563 [django.server:187] [basehttp:log_message] [INFO] "GET /factory/data_sync/ HTTP/1.1" 200 21637
2023-04-17 17:54:31,594 [django.server:187] [basehttp:log_message] [WARNING] "GET /factory/static/images/users/avatar-1.jpg HTTP/1.1" 404 3924
2023-04-17 17:54:31,595 [django.server:187] [basehttp:log_message] [WARNING] "GET /factory/static/images/logo-sm.png HTTP/1.1" 404 3903
2023-04-17 17:54:32,332 [django.server:187] [basehttp:log_message] [INFO] "GET //factory/sync/query_instance/?instance=null&database=null HTTP/1.1" 200 1532
2023-04-17 17:58:47,306 [django.server:187] [basehttp:log_message] [INFO] "GET /factory/data_sync/ HTTP/1.1" 200 21638
2023-04-17 17:58:47,340 [django.server:187] [basehttp:log_message] [WARNING] "GET /factory/static/images/logo-sm.png HTTP/1.1" 404 3903
2023-04-17 17:58:47,340 [django.server:187] [basehttp:log_message] [WARNING] "GET /factory/static/images/users/avatar-1.jpg HTTP/1.1" 404 3924
2023-04-17 17:58:48,087 [django.server:187] [basehttp:log_message] [INFO] "GET //factory/sync/query_instance/?instance=null&database=null HTTP/1.1" 200 1532
2023-04-17 18:00:09,281 [django.server:187] [basehttp:log_message] [INFO] "GET /factory/data_sync/ HTTP/1.1" 200 21638
2023-04-17 18:00:09,316 [django.server:187] [basehttp:log_message] [WARNING] "GET /factory/static/images/logo-sm.png HTTP/1.1" 404 3903
2023-04-17 18:00:09,317 [django.server:187] [basehttp:log_message] [WARNING] "GET /factory/static/images/users/avatar-1.jpg HTTP/1.1" 404 3924
2023-04-17 18:00:10,073 [django.server:187] [basehttp:log_message] [INFO] "GET //factory/sync/query_instance/?instance=null&database=null HTTP/1.1" 200 1532
2023-04-17 18:00:23,436 [django.server:187] [basehttp:log_message] [INFO] "GET /factory/data_sync/ HTTP/1.1" 200 21691
2023-04-17 18:00:23,476 [django.server:187] [basehttp:log_message] [WARNING] "GET /factory/static/images/users/avatar-1.jpg HTTP/1.1" 404 3924
2023-04-17 18:00:23,477 [django.server:187] [basehttp:log_message] [WARNING] "GET /factory/static/images/logo-sm.png HTTP/1.1" 404 3903
2023-04-17 18:00:24,317 [django.server:187] [basehttp:log_message] [INFO] "GET //factory/sync/query_instance/?instance=null&database=null HTTP/1.1" 200 1532
2023-04-17 18:00:33,428 [django.server:187] [basehttp:log_message] [INFO] "GET //factory/sync/query_db/?instance=nei-mysql-2.43&database=null HTTP/1.1" 200 1436
2023-04-17 18:01:49,996 [django.server:187] [basehttp:log_message] [INFO] "GET /factory/data_sync/ HTTP/1.1" 200 21594
2023-04-17 18:01:50,032 [django.server:187] [basehttp:log_message] [WARNING] "GET /factory/static/images/logo-sm.png HTTP/1.1" 404 3903
2023-04-17 18:01:50,033 [django.server:187] [basehttp:log_message] [WARNING] "GET /factory/static/images/users/avatar-1.jpg HTTP/1.1" 404 3924
2023-04-17 18:01:50,812 [django.server:187] [basehttp:log_message] [INFO] "GET //factory/sync/query_instance/?instance=null&database=null HTTP/1.1" 200 1532
2023-04-17 18:02:10,639 [django.server:187] [basehttp:log_message] [INFO] "GET /factory/data_sync/ HTTP/1.1" 200 21615
2023-04-17 18:02:10,685 [django.server:187] [basehttp:log_message] [WARNING] "GET /factory/static/images/users/avatar-1.jpg HTTP/1.1" 404 3924
2023-04-17 18:02:10,686 [django.server:187] [basehttp:log_message] [WARNING] "GET /factory/static/images/logo-sm.png HTTP/1.1" 404 3903
2023-04-17 18:02:11,915 [django.server:187] [basehttp:log_message] [INFO] "GET //factory/sync/query_instance/?instance=null&database=null HTTP/1.1" 200 1532
2023-04-17 18:10:37,094 [django.server:187] [basehttp:log_message] [INFO] "GET //factory/sync/query_db/?instance=nei-mysql-2.43&database=null HTTP/1.1" 200 1436
2023-04-17 18:16:41,297 [django.server:187] [basehttp:log_message] [INFO] "GET /factory/data_sync/ HTTP/1.1" 200 21615
2023-04-17 18:16:41,346 [django.server:187] [basehttp:log_message] [WARNING] "GET /factory/static/images/users/avatar-1.jpg HTTP/1.1" 404 3924
2023-04-17 18:16:41,347 [django.server:187] [basehttp:log_message] [WARNING] "GET /factory/static/images/logo-sm.png HTTP/1.1" 404 3903
2023-04-17 18:16:44,101 [django.server:187] [basehttp:log_message] [INFO] "GET //factory/sync/query_instance/?instance=null&database=null HTTP/1.1" 200 1532
2023-04-17 18:16:46,930 [django.server:187] [basehttp:log_message] [INFO] "GET /factory/intranet/list/ HTTP/1.1" 200 21439
2023-04-17 18:16:46,977 [django.server:187] [basehttp:log_message] [WARNING] "GET /factory/intranet/static/images/logo-sm.png HTTP/1.1" 404 3930
2023-04-17 18:16:46,978 [django.server:187] [basehttp:log_message] [WARNING] "GET /factory/intranet/static/images/users/avatar-1.jpg HTTP/1.1" 404 3951
2023-04-17 18:16:47,116 [django.server:187] [basehttp:log_message] [WARNING] "GET /factory/intranet/static/images/favicon.ico HTTP/1.1" 404 3930
2023-04-17 18:17:06,209 [django.server:187] [basehttp:log_message] [INFO] "POST /factory/intranet/add/ HTTP/1.1" 302 0
2023-04-17 18:17:06,222 [django.server:187] [basehttp:log_message] [INFO] "GET /factory/intranet/list/ HTTP/1.1" 200 22822
2023-04-17 18:17:06,276 [django.server:187] [basehttp:log_message] [WARNING] "GET /factory/intranet/static/images/users/avatar-1.jpg HTTP/1.1" 404 3951
2023-04-17 18:17:06,277 [django.server:187] [basehttp:log_message] [WARNING] "GET /factory/intranet/static/images/logo-sm.png HTTP/1.1" 404 3930
2023-04-17 18:17:22,714 [django.server:187] [basehttp:log_message] [INFO] "POST /factory/intranet/add/ HTTP/1.1" 302 0
2023-04-17 18:17:22,725 [django.server:187] [basehttp:log_message] [INFO] "GET /factory/intranet/list/ HTTP/1.1" 200 24205
2023-04-17 18:17:22,767 [django.server:187] [basehttp:log_message] [WARNING] "GET /factory/intranet/static/images/users/avatar-1.jpg HTTP/1.1" 404 3951
2023-04-17 18:17:22,767 [django.server:187] [basehttp:log_message] [WARNING] "GET /factory/intranet/static/images/logo-sm.png HTTP/1.1" 404 3930
2023-04-18 09:29:31,177 [django.server:187] [basehttp:log_message] [INFO] "GET /factory/data_sync/ HTTP/1.1" 200 21615
2023-04-18 09:29:31,196 [django.server:187] [basehttp:log_message] [INFO] "GET /static/css/bootstrap.min.css HTTP/1.1" 304 0
2023-04-18 09:29:31,214 [django.server:187] [basehttp:log_message] [WARNING] "GET /factory/static/images/logo-sm.png HTTP/1.1" 404 3903
2023-04-18 09:29:31,216 [django.server:187] [basehttp:log_message] [WARNING] "GET /factory/static/images/users/avatar-1.jpg HTTP/1.1" 404 3924
2023-04-18 09:29:32,075 [django.server:187] [basehttp:log_message] [INFO] "GET //factory/sync/query_instance/?instance=null&database=null HTTP/1.1" 200 1532
2023-04-18 09:32:32,447 [django.server:187] [basehttp:log_message] [INFO] "GET /factory/intranet/list/ HTTP/1.1" 200 24205
2023-04-18 09:32:32,486 [django.server:187] [basehttp:log_message] [WARNING] "GET /factory/intranet/static/images/logo-sm.png HTTP/1.1" 404 3930
2023-04-18 09:32:32,487 [django.server:187] [basehttp:log_message] [WARNING] "GET /factory/intranet/static/images/users/avatar-1.jpg HTTP/1.1" 404 3951
2023-04-18 09:33:53,174 [django.server:187] [basehttp:log_message] [INFO] "GET /factory/data_sync/ HTTP/1.1" 200 21615
2023-04-18 09:33:53,212 [django.server:187] [basehttp:log_message] [WARNING] "GET /factory/static/images/logo-sm.png HTTP/1.1" 404 3903
2023-04-18 09:33:53,213 [django.server:187] [basehttp:log_message] [WARNING] "GET /factory/static/images/users/avatar-1.jpg HTTP/1.1" 404 3924
2023-04-18 09:33:54,280 [django.server:187] [basehttp:log_message] [INFO] "GET //factory/sync/query_instance/?instance=null&database=null HTTP/1.1" 200 1532
2023-04-18 09:35:03,143 [django.server:187] [basehttp:log_message] [INFO] "GET /factory/intranet/list/ HTTP/1.1" 200 24205
2023-04-18 09:35:03,182 [django.server:187] [basehttp:log_message] [WARNING] "GET /factory/intranet/static/images/logo-sm.png HTTP/1.1" 404 3930
2023-04-18 09:35:03,183 [django.server:187] [basehttp:log_message] [WARNING] "GET /factory/intranet/static/images/users/avatar-1.jpg HTTP/1.1" 404 3951
2023-04-18 11:30:17,779 [django.utils.autoreload:266] [autoreload:trigger_reload] [INFO] D:\项目\data_factory_platform\data_factory_platform\settings.py changed, reloading.
