2023-05-19 09:38:04,618 [django.utils.autoreload:677] [autoreload:run_with_reloader] [INFO] Watching for file changes with StatReloader
2023-05-19 09:38:09,406 [django.server:187] [basehttp:log_message] [INFO] "GET /register/ HTTP/1.1" 200 1544
2023-05-19 09:38:09,551 [django.server:187] [basehttp:log_message] [INFO] "GET /static/js/data-factory-select.js HTTP/1.1" 200 12261
2023-05-19 09:38:09,556 [django.server:187] [basehttp:log_message] [INFO] "GET /static/css/bootstrap.min.css HTTP/1.1" 200 212514
2023-05-19 09:38:09,560 [django.server:187] [basehttp:log_message] [INFO] "GET /static/css/login.css HTTP/1.1" 200 2923
2023-05-19 09:38:09,575 [django.server:187] [basehttp:log_message] [INFO] "GET /static/js/bootstrap.min.js HTTP/1.1" 200 62569
2023-05-19 09:38:09,577 [django.server:187] [basehttp:log_message] [INFO] "GET /static/js/popper.js HTTP/1.1" 200 104916
2023-05-19 09:38:09,591 [django.server:187] [basehttp:log_message] [INFO] "GET /static/js/jquery.min.js HTTP/1.1" 200 137835
2023-05-19 09:38:09,597 [django.server:187] [basehttp:log_message] [INFO] "GET /static/css/bootstrap.min.css.map HTTP/1.1" 200 654593
2023-05-19 09:38:09,683 [django.server:187] [basehttp:log_message] [INFO] "GET /static/js/bootstrap.min.js.map HTTP/1.1" 200 185257
2023-05-19 09:38:09,791 [django.server:187] [basehttp:log_message] [WARNING] "GET /static/js/popper.js.map HTTP/1.1" 404 1807
2023-05-19 09:38:09,791 [django.server:187] [basehttp:log_message] [WARNING] "GET /favicon.ico HTTP/1.1" 404 2554
2023-05-19 09:38:19,277 [django.server:187] [basehttp:log_message] [WARNING] "POST /register/127.0.0.1:8001/register/ HTTP/1.1" 404 2621
2023-05-19 09:38:50,879 [django.server:187] [basehttp:log_message] [WARNING] "POST /register/127.0.0.1:8001/register/ HTTP/1.1" 404 2621
2023-05-19 09:40:05,714 [django.server:187] [basehttp:log_message] [INFO] "GET /register/ HTTP/1.1" 200 1544
2023-05-19 09:40:05,736 [django.server:187] [basehttp:log_message] [INFO] "GET /static/css/login.css HTTP/1.1" 200 2923
2023-05-19 09:40:05,740 [django.server:187] [basehttp:log_message] [INFO] "GET /static/js/bootstrap.min.js HTTP/1.1" 200 62569
2023-05-19 09:40:05,741 [django.server:187] [basehttp:log_message] [INFO] "GET /static/js/data-factory-select.js HTTP/1.1" 200 12270
2023-05-19 09:40:05,741 [django.server:187] [basehttp:log_message] [INFO] "GET /static/js/popper.js HTTP/1.1" 200 104916
2023-05-19 09:40:05,741 [django.server:187] [basehttp:log_message] [INFO] "GET /static/js/jquery.min.js HTTP/1.1" 200 137835
2023-05-19 09:40:05,743 [django.server:187] [basehttp:log_message] [INFO] "GET /static/css/bootstrap.min.css HTTP/1.1" 200 212514
2023-05-19 09:40:05,819 [django.server:187] [basehttp:log_message] [WARNING] "GET /favicon.ico HTTP/1.1" 404 2554
2023-05-19 09:40:05,843 [django.server:187] [basehttp:log_message] [WARNING] "GET /static/js/popper.js.map HTTP/1.1" 404 1807
2023-05-19 09:40:05,845 [django.server:187] [basehttp:log_message] [INFO] "GET /static/js/bootstrap.min.js.map HTTP/1.1" 200 185257
2023-05-19 09:40:05,847 [django.server:187] [basehttp:log_message] [INFO] "GET /static/css/bootstrap.min.css.map HTTP/1.1" 200 654593
2023-05-19 09:40:10,214 [django.server:187] [basehttp:log_message] [WARNING] "POST /register/127.0.0.1:8001/register/ HTTP/1.1" 404 2621
2023-05-19 09:40:18,224 [django.server:187] [basehttp:log_message] [WARNING] "POST /register/127.0.0.1:8001/register/ HTTP/1.1" 404 2621
2023-05-19 09:41:51,667 [django.server:187] [basehttp:log_message] [INFO] "GET /register/ HTTP/1.1" 200 1544
2023-05-19 09:41:51,685 [django.server:187] [basehttp:log_message] [INFO] "GET /static/css/login.css HTTP/1.1" 200 2923
2023-05-19 09:41:51,687 [django.server:187] [basehttp:log_message] [INFO] "GET /static/js/bootstrap.min.js HTTP/1.1" 200 62569
2023-05-19 09:41:51,688 [django.server:187] [basehttp:log_message] [INFO] "GET /static/js/jquery.min.js HTTP/1.1" 200 137835
2023-05-19 09:41:51,688 [django.server:187] [basehttp:log_message] [INFO] "GET /static/js/popper.js HTTP/1.1" 200 104916
2023-05-19 09:41:51,690 [django.server:187] [basehttp:log_message] [INFO] "GET /static/css/bootstrap.min.css HTTP/1.1" 200 212514
2023-05-19 09:41:51,690 [django.server:187] [basehttp:log_message] [INFO] "GET /static/js/data-factory-select.js HTTP/1.1" 200 12279
2023-05-19 09:41:51,767 [django.server:187] [basehttp:log_message] [WARNING] "GET /favicon.ico HTTP/1.1" 404 2554
2023-05-19 09:41:51,784 [django.server:187] [basehttp:log_message] [WARNING] "GET /static/js/popper.js.map HTTP/1.1" 404 1807
2023-05-19 09:41:51,786 [django.server:187] [basehttp:log_message] [INFO] "GET /static/js/bootstrap.min.js.map HTTP/1.1" 200 185257
2023-05-19 09:41:51,788 [django.server:187] [basehttp:log_message] [INFO] "GET /static/css/bootstrap.min.css.map HTTP/1.1" 200 654593
2023-05-19 09:41:54,868 [django.server:187] [basehttp:log_message] [WARNING] "POST /register/127.0.0.1:8001/register/ HTTP/1.1" 404 2621
2023-05-19 09:42:09,866 [django.server:187] [basehttp:log_message] [WARNING] "POST /register/127.0.0.1:8001/register/ HTTP/1.1" 404 2621
2023-05-19 09:43:00,750 [django.server:187] [basehttp:log_message] [INFO] "GET /register/ HTTP/1.1" 200 1544
2023-05-19 09:43:00,768 [django.server:187] [basehttp:log_message] [INFO] "GET /static/css/login.css HTTP/1.1" 200 2923
2023-05-19 09:43:00,769 [django.server:187] [basehttp:log_message] [INFO] "GET /static/js/jquery.min.js HTTP/1.1" 200 137835
2023-05-19 09:43:00,770 [django.server:187] [basehttp:log_message] [INFO] "GET /static/css/bootstrap.min.css HTTP/1.1" 200 212514
2023-05-19 09:43:00,774 [django.server:187] [basehttp:log_message] [INFO] "GET /static/js/data-factory-select.js HTTP/1.1" 200 12289
2023-05-19 09:43:00,775 [django.server:187] [basehttp:log_message] [INFO] "GET /static/js/bootstrap.min.js HTTP/1.1" 200 62569
2023-05-19 09:43:00,775 [django.server:187] [basehttp:log_message] [INFO] "GET /static/js/popper.js HTTP/1.1" 200 104916
2023-05-19 09:43:00,854 [django.server:187] [basehttp:log_message] [WARNING] "GET /favicon.ico HTTP/1.1" 404 2554
2023-05-19 09:43:00,860 [django.server:187] [basehttp:log_message] [WARNING] "GET /static/js/popper.js.map HTTP/1.1" 404 1807
2023-05-19 09:43:00,862 [django.server:187] [basehttp:log_message] [INFO] "GET /static/js/bootstrap.min.js.map HTTP/1.1" 200 185257
2023-05-19 09:43:00,864 [django.server:187] [basehttp:log_message] [INFO] "GET /static/css/bootstrap.min.css.map HTTP/1.1" 200 654593
2023-05-19 09:45:11,142 [django.server:187] [basehttp:log_message] [WARNING] "POST /register/127.0.0.1:8001/register/ HTTP/1.1" 404 2621
2023-05-19 11:38:20,037 [django.server:187] [basehttp:log_message] [WARNING] "POST /register/127.0.0.1:8001/register/ HTTP/1.1" 404 2621
2023-05-22 13:52:26,301 [django.server:187] [basehttp:log_message] [WARNING] "GET /factory/index/ HTTP/1.1" 404 3990
2023-05-22 13:52:26,363 [django.server:187] [basehttp:log_message] [WARNING] "GET /favicon.ico HTTP/1.1" 404 2554
2023-05-22 13:52:31,624 [django.server:187] [basehttp:log_message] [INFO] "GET /index/ HTTP/1.1" 200 13497
2023-05-22 13:52:31,656 [django.server:187] [basehttp:log_message] [INFO] "GET /static/plugins/fullcalendar/css/fullcalendar.min.css HTTP/1.1" 200 13709
2023-05-22 13:52:31,660 [django.server:187] [basehttp:log_message] [INFO] "GET /static/css/style.css HTTP/1.1" 200 83156
2023-05-22 13:52:31,661 [django.server:187] [basehttp:log_message] [INFO] "GET /static/css/bootstrap.min.css HTTP/1.1" 200 212514
2023-05-22 13:52:31,669 [django.server:187] [basehttp:log_message] [INFO] "GET /static/css/bootstrap-table.min.css HTTP/1.1" 200 10234
2023-05-22 13:52:31,670 [django.server:187] [basehttp:log_message] [INFO] "GET /static/css/data-factory.css HTTP/1.1" 200 1379
2023-05-22 13:52:31,670 [django.server:187] [basehttp:log_message] [INFO] "GET /static/css/bootstrap-select.min.css HTTP/1.1" 200 13641
2023-05-22 13:52:31,674 [django.server:187] [basehttp:log_message] [INFO] "GET /static/css/icons.css HTTP/1.1" 200 253084
2023-05-22 13:52:31,690 [django.server:187] [basehttp:log_message] [INFO] "GET /static/js/bootstrap-select.min.js HTTP/1.1" 200 76119
2023-05-22 13:52:31,697 [django.server:187] [basehttp:log_message] [INFO] "GET /static/js/jquery.scrollTo.min.js HTTP/1.1" 200 2447
2023-05-22 13:52:31,707 [django.server:187] [basehttp:log_message] [INFO] "GET /static/js/modernizr.min.js HTTP/1.1" 200 11084
2023-05-22 13:52:31,716 [django.server:187] [basehttp:log_message] [INFO] "GET /static/js/bootstrap.min.js HTTP/1.1" 200 62569
2023-05-22 13:52:31,717 [django.server:187] [basehttp:log_message] [INFO] "GET /static/js/jquery.nicescroll.js HTTP/1.1" 200 119939
2023-05-22 13:52:31,725 [django.server:187] [basehttp:log_message] [INFO] "GET /static/js/jquery.min.js HTTP/1.1" 200 137835
2023-05-22 13:52:31,728 [django.server:187] [basehttp:log_message] [INFO] "GET /static/js/jquery.slimscroll.js HTTP/1.1" 200 13832
2023-05-22 13:52:31,737 [django.server:187] [basehttp:log_message] [INFO] "GET /static/js/waves.js HTTP/1.1" 200 69263
2023-05-22 13:52:31,750 [django.server:187] [basehttp:log_message] [INFO] "GET /static/pages/calendar-init.js HTTP/1.1" 200 5502
2023-05-22 13:52:31,759 [django.server:187] [basehttp:log_message] [INFO] "GET /static/plugins/moment/moment.js HTTP/1.1" 200 150941
2023-05-22 13:52:31,766 [django.server:187] [basehttp:log_message] [INFO] "GET /static/js/app.js HTTP/1.1" 200 6452
2023-05-22 13:52:31,769 [django.server:187] [basehttp:log_message] [INFO] "GET /static/images/logo-sm.png HTTP/1.1" 200 2038
2023-05-22 13:52:31,774 [django.server:187] [basehttp:log_message] [INFO] "GET /static/images/users/avatar-1.jpg HTTP/1.1" 200 2134
2023-05-22 13:52:31,776 [django.server:187] [basehttp:log_message] [INFO] "GET /static/plugins/fullcalendar/js/fullcalendar.min.js HTTP/1.1" 200 118884
2023-05-22 13:52:31,777 [django.server:187] [basehttp:log_message] [INFO] "GET /static/js/data-factory-select.js HTTP/1.1" 200 12237
2023-05-22 13:52:31,800 [django.server:187] [basehttp:log_message] [INFO] "GET /static/plugins/jquery-ui/jquery-ui.min.js HTTP/1.1" 200 253668
2023-05-22 13:52:32,036 [django.server:187] [basehttp:log_message] [INFO] "GET /static/fonts/ionicons.ttf?v=1.5.0 HTTP/1.1" 200 164548
2023-05-22 13:52:32,037 [django.server:187] [basehttp:log_message] [INFO] "GET /static/fonts/materialdesignicons-webfont.woff2?v=1.6.50 HTTP/1.1" 200 90140
2023-05-22 13:52:32,803 [django.server:187] [basehttp:log_message] [INFO] "GET /static/images/favicon.ico HTTP/1.1" 200 32038
2023-05-22 13:52:37,915 [django.server:187] [basehttp:log_message] [INFO] "GET /static/fonts/dripicons-v2.woff HTTP/1.1" 200 26004
2023-05-22 13:52:41,291 [django.server:187] [basehttp:log_message] [INFO] "GET /factory/data_sync/ HTTP/1.1" 200 29051
2023-05-22 13:53:00,162 [django.server:187] [basehttp:log_message] [WARNING] "GET /factory/data_sync/form-elements.html HTTP/1.1" 404 4056
2023-05-22 13:53:14,058 [django.server:187] [basehttp:log_message] [ERROR] "POST /factory/intranet/add/ HTTP/1.1" 500 162576
2023-05-22 16:35:32,141 [django.server:187] [basehttp:log_message] [INFO] "GET /index/ HTTP/1.1" 200 13497
2023-05-22 16:35:43,483 [django.server:187] [basehttp:log_message] [INFO] "GET /login/ HTTP/1.1" 200 1366
2023-05-22 16:35:43,508 [django.server:187] [basehttp:log_message] [INFO] "GET /static/css/login.css HTTP/1.1" 200 2923
2023-05-22 16:35:43,522 [django.server:187] [basehttp:log_message] [INFO] "GET /static/js/popper.js HTTP/1.1" 200 104916
2023-05-22 16:35:48,974 [django.server:187] [basehttp:log_message] [INFO] "POST /login/ HTTP/1.1" 200 72
2023-05-22 16:35:54,768 [django.server:187] [basehttp:log_message] [INFO] "GET /login/ HTTP/1.1" 200 1366
2023-05-22 16:36:11,092 [django.server:187] [basehttp:log_message] [INFO] "GET /register/ HTTP/1.1" 200 1544
2023-05-22 16:36:15,606 [django.server:187] [basehttp:log_message] [INFO] "GET /login/ HTTP/1.1" 200 1366
2023-05-22 16:36:45,555 [django.server:187] [basehttp:log_message] [INFO] "GET /index/ HTTP/1.1" 200 13497
2023-05-22 16:36:48,133 [django.server:187] [basehttp:log_message] [INFO] "GET /factory/data_sync/ HTTP/1.1" 200 29051
2023-05-22 16:37:00,613 [django.server:187] [basehttp:log_message] [INFO] "GET /login/ HTTP/1.1" 200 1366
2023-05-22 16:40:44,020 [django.utils.autoreload:266] [autoreload:trigger_reload] [INFO] D:\ÏîÄ¿\data_factory_platform\accredit\views.py changed, reloading.
