2023-05-09 13:49:14,493 [django.utils.autoreload:677] [autoreload:run_with_reloader] [INFO] Watching for file changes with StatReloader
2023-05-09 13:49:19,651 [django.server:187] [basehttp:log_message] [INFO] "GET /factory/index/ HTTP/1.1" 200 13391
2023-05-09 13:49:19,762 [django.server:187] [basehttp:log_message] [INFO] "GET /static/plugins/fullcalendar/css/fullcalendar.min.css HTTP/1.1" 200 13709
2023-05-09 13:49:19,765 [django.server:187] [basehttp:log_message] [INFO] "GET /static/css/style.css HTTP/1.1" 200 83156
2023-05-09 13:49:19,774 [django.server:187] [basehttp:log_message] [INFO] "GET /static/css/bootstrap-table.min.css HTTP/1.1" 200 10234
2023-05-09 13:49:19,775 [django.server:187] [basehttp:log_message] [INFO] "GET /static/css/icons.css HTTP/1.1" 200 253084
2023-05-09 13:49:19,777 [django.server:187] [basehttp:log_message] [INFO] "GET /static/css/bootstrap.min.css HTTP/1.1" 200 212514
2023-05-09 13:49:19,790 [django.server:187] [basehttp:log_message] [INFO] "GET /static/js/bootstrap-select.min.js HTTP/1.1" 200 76119
2023-05-09 13:49:19,796 [django.server:187] [basehttp:log_message] [INFO] "GET /static/js/jquery.scrollTo.min.js HTTP/1.1" 200 2447
2023-05-09 13:49:19,801 [django.server:187] [basehttp:log_message] [INFO] "GET /static/js/modernizr.min.js HTTP/1.1" 200 11084
2023-05-09 13:49:19,807 [django.server:187] [basehttp:log_message] [INFO] "GET /static/js/bootstrap.min.js HTTP/1.1" 200 62569
2023-05-09 13:49:19,808 [django.server:187] [basehttp:log_message] [INFO] "GET /static/js/jquery.slimscroll.js HTTP/1.1" 200 13832
2023-05-09 13:49:19,810 [django.server:187] [basehttp:log_message] [INFO] "GET /static/js/jquery.nicescroll.js HTTP/1.1" 200 119939
2023-05-09 13:49:19,814 [django.server:187] [basehttp:log_message] [INFO] "GET /static/js/jquery.min.js HTTP/1.1" 200 137835
2023-05-09 13:49:19,825 [django.server:187] [basehttp:log_message] [INFO] "GET /static/js/waves.js HTTP/1.1" 200 69263
2023-05-09 13:49:19,829 [django.server:187] [basehttp:log_message] [INFO] "GET /static/pages/calendar-init.js HTTP/1.1" 200 5502
2023-05-09 13:49:19,841 [django.server:187] [basehttp:log_message] [INFO] "GET /static/js/app.js HTTP/1.1" 200 6452
2023-05-09 13:49:19,842 [django.server:187] [basehttp:log_message] [INFO] "GET /static/plugins/moment/moment.js HTTP/1.1" 200 150941
2023-05-09 13:49:19,853 [django.server:187] [basehttp:log_message] [INFO] "GET /static/plugins/fullcalendar/js/fullcalendar.min.js HTTP/1.1" 200 118884
2023-05-09 13:49:19,870 [django.server:187] [basehttp:log_message] [INFO] "GET /static/plugins/jquery-ui/jquery-ui.min.js HTTP/1.1" 200 253668
2023-05-09 13:49:19,931 [django.server:187] [basehttp:log_message] [WARNING] "GET /factory/static/images/users/avatar-1.jpg HTTP/1.1" 404 4292
2023-05-09 13:49:19,931 [django.server:187] [basehttp:log_message] [WARNING] "GET /factory/static/images/logo-sm.png HTTP/1.1" 404 4271
2023-05-09 13:49:21,192 [django.server:187] [basehttp:log_message] [INFO] "GET /static/fonts/ionicons.ttf?v=1.5.0 HTTP/1.1" 200 164548
2023-05-09 13:49:21,194 [django.server:187] [basehttp:log_message] [INFO] "GET /static/fonts/materialdesignicons-webfont.woff2?v=1.6.50 HTTP/1.1" 200 90140
2023-05-09 13:49:21,967 [django.server:187] [basehttp:log_message] [WARNING] "GET /factory/static/images/favicon.ico HTTP/1.1" 404 4271
2023-05-09 13:49:25,790 [django.server:187] [basehttp:log_message] [INFO] "GET /factory/data_sync/ HTTP/1.1" 200 40955
2023-05-09 13:49:25,810 [django.server:187] [basehttp:log_message] [WARNING] "GET /factory/static/images/logo-sm.png HTTP/1.1" 404 4271
2023-05-09 13:49:25,811 [django.server:187] [basehttp:log_message] [WARNING] "GET /factory/static/images/users/avatar-1.jpg HTTP/1.1" 404 4292
2023-05-09 13:49:28,729 [django.server:187] [basehttp:log_message] [INFO] "GET /factory/sync/query_instance/?instance=null&database=null HTTP/1.1" 200 1532
2023-05-09 13:49:38,230 [django.server:187] [basehttp:log_message] [WARNING] "GET /static/js/bootstrap-select.min.js.map HTTP/1.1" 404 1849
2023-05-09 13:49:38,243 [django.server:187] [basehttp:log_message] [INFO] "GET /static/js/bootstrap.min.js.map HTTP/1.1" 200 185257
2023-05-09 13:49:38,284 [django.server:187] [basehttp:log_message] [INFO] "GET /static/css/style.css.map HTTP/1.1" 200 91053
2023-05-09 13:49:38,286 [django.server:187] [basehttp:log_message] [INFO] "GET /static/css/icons.css.map HTTP/1.1" 200 301689
2023-05-09 13:49:38,288 [django.server:187] [basehttp:log_message] [INFO] "GET /static/css/bootstrap.min.css.map HTTP/1.1" 200 654593
2023-05-09 13:49:39,719 [django.server:187] [basehttp:log_message] [ERROR] "GET /factory/intranet/data/?instance=null&database=null HTTP/1.1" 500 72092
2023-05-09 13:50:52,603 [django.utils.autoreload:266] [autoreload:trigger_reload] [INFO] D:\项目\data_factory_platform\data_sync\views.py changed, reloading.
2023-05-09 13:50:53,093 [django.utils.autoreload:677] [autoreload:run_with_reloader] [INFO] Watching for file changes with StatReloader
2023-05-09 13:51:35,136 [django.utils.autoreload:266] [autoreload:trigger_reload] [INFO] D:\项目\data_factory_platform\data_sync\views.py changed, reloading.
2023-05-09 13:51:35,603 [django.utils.autoreload:677] [autoreload:run_with_reloader] [INFO] Watching for file changes with StatReloader
2023-05-09 13:51:40,933 [django.server:187] [basehttp:log_message] [INFO] "GET /factory/intranet/data/?instance=null&database=null HTTP/1.1" 200 2
2023-05-09 13:52:03,991 [django.utils.autoreload:266] [autoreload:trigger_reload] [INFO] D:\项目\data_factory_platform\data_sync\views.py changed, reloading.
2023-05-09 13:52:04,659 [django.utils.autoreload:677] [autoreload:run_with_reloader] [INFO] Watching for file changes with StatReloader
2023-05-09 13:52:06,640 [django.server:187] [basehttp:log_message] [INFO] "GET /factory/intranet/data/?instance=null&database=null HTTP/1.1" 200 2
2023-05-09 13:52:51,407 [django.server:187] [basehttp:log_message] [INFO] "GET /factory/data_sync/ HTTP/1.1" 200 40942
2023-05-09 13:52:51,462 [django.server:187] [basehttp:log_message] [WARNING] "GET /factory/static/images/users/avatar-1.jpg HTTP/1.1" 404 4292
2023-05-09 13:52:51,462 [django.server:187] [basehttp:log_message] [WARNING] "GET /factory/static/images/logo-sm.png HTTP/1.1" 404 4271
2023-05-09 13:52:51,765 [django.server:187] [basehttp:log_message] [WARNING] "GET /static/js/bootstrap-select.min.js.map HTTP/1.1" 404 1849
2023-05-09 13:52:52,092 [django.server:187] [basehttp:log_message] [INFO] "GET /factory/sync/query_instance/?instance=null&database=null HTTP/1.1" 200 1532
2023-05-09 13:52:54,586 [django.server:187] [basehttp:log_message] [INFO] "GET /factory/intranet/data/?instance=undefined&database=undefined HTTP/1.1" 200 2
2023-05-09 13:53:50,737 [django.utils.autoreload:266] [autoreload:trigger_reload] [INFO] D:\项目\data_factory_platform\data_sync\views.py changed, reloading.
2023-05-09 13:53:51,222 [django.utils.autoreload:677] [autoreload:run_with_reloader] [INFO] Watching for file changes with StatReloader
2023-05-09 13:53:53,786 [django.server:187] [basehttp:log_message] [ERROR] "GET /factory/intranet/data/?instance=undefined&database=undefined HTTP/1.1" 500 82845
2023-05-09 13:56:09,433 [django.utils.autoreload:266] [autoreload:trigger_reload] [INFO] D:\项目\data_factory_platform\data_sync\views.py changed, reloading.
2023-05-09 13:56:10,099 [django.utils.autoreload:677] [autoreload:run_with_reloader] [INFO] Watching for file changes with StatReloader
2023-05-09 13:56:11,539 [django.server:187] [basehttp:log_message] [INFO] "GET /factory/intranet/data/?instance=undefined&database=undefined HTTP/1.1" 200 483
2023-05-09 13:59:06,379 [django.server:187] [basehttp:log_message] [INFO] "GET /factory/data_sync/ HTTP/1.1" 200 40941
2023-05-09 13:59:06,409 [django.server:187] [basehttp:log_message] [WARNING] "GET /factory/static/images/logo-sm.png HTTP/1.1" 404 4271
2023-05-09 13:59:06,429 [django.server:187] [basehttp:log_message] [WARNING] "GET /factory/static/images/users/avatar-1.jpg HTTP/1.1" 404 4292
2023-05-09 13:59:06,674 [django.server:187] [basehttp:log_message] [WARNING] "GET /static/js/bootstrap-select.min.js.map HTTP/1.1" 404 1849
2023-05-09 13:59:06,989 [django.server:187] [basehttp:log_message] [INFO] "GET /factory/sync/query_instance/?instance=null&database=null HTTP/1.1" 200 1532
2023-05-09 13:59:09,240 [django.server:187] [basehttp:log_message] [INFO] "GET /factory/intranet/data/?instance=undefined&database=undefined HTTP/1.1" 200 483
2023-05-09 15:55:11,869 [django.server:187] [basehttp:log_message] [INFO] "GET /factory/data_sync/ HTTP/1.1" 200 40941
2023-05-09 15:55:11,907 [django.server:187] [basehttp:log_message] [WARNING] "GET /factory/static/images/logo-sm.png HTTP/1.1" 404 4271
2023-05-09 15:55:11,972 [django.server:187] [basehttp:log_message] [WARNING] "GET /factory/static/images/users/avatar-1.jpg HTTP/1.1" 404 4292
2023-05-09 15:55:12,156 [django.server:187] [basehttp:log_message] [WARNING] "GET /static/js/bootstrap-select.min.js.map HTTP/1.1" 404 1849
2023-05-09 15:55:12,581 [django.server:187] [basehttp:log_message] [INFO] "GET /factory/sync/query_instance/?instance=null&database=null HTTP/1.1" 200 1532
2023-05-09 15:55:14,388 [django.server:187] [basehttp:log_message] [INFO] "GET /factory/intranet/data/?instance=undefined&database=undefined HTTP/1.1" 200 483
2023-05-09 15:59:26,820 [django.server:187] [basehttp:log_message] [INFO] "GET /factory/data_sync/ HTTP/1.1" 200 40928
2023-05-09 15:59:26,888 [django.server:187] [basehttp:log_message] [WARNING] "GET /factory/static/images/logo-sm.png HTTP/1.1" 404 4271
2023-05-09 15:59:26,888 [django.server:187] [basehttp:log_message] [WARNING] "GET /factory/static/images/users/avatar-1.jpg HTTP/1.1" 404 4292
2023-05-09 15:59:27,119 [django.server:187] [basehttp:log_message] [WARNING] "GET /static/js/bootstrap-select.min.js.map HTTP/1.1" 404 1849
2023-05-09 15:59:27,503 [django.server:187] [basehttp:log_message] [INFO] "GET /factory/sync/query_instance/?instance=null&database=null HTTP/1.1" 200 1532
2023-05-09 15:59:30,444 [django.server:187] [basehttp:log_message] [INFO] "GET /factory/intranet/data/?instance=undefined&database=undefined HTTP/1.1" 200 483
2023-05-09 16:00:28,616 [django.server:187] [basehttp:log_message] [INFO] "GET /factory/data_sync/ HTTP/1.1" 200 40981
2023-05-09 16:00:28,685 [django.server:187] [basehttp:log_message] [WARNING] "GET /factory/static/images/logo-sm.png HTTP/1.1" 404 4271
2023-05-09 16:00:28,686 [django.server:187] [basehttp:log_message] [WARNING] "GET /factory/static/images/users/avatar-1.jpg HTTP/1.1" 404 4292
2023-05-09 16:00:28,872 [django.server:187] [basehttp:log_message] [WARNING] "GET /static/js/bootstrap-select.min.js.map HTTP/1.1" 404 1849
2023-05-09 16:00:29,296 [django.server:187] [basehttp:log_message] [INFO] "GET /factory/sync/query_instance/?instance=null&database=null HTTP/1.1" 200 1532
2023-05-09 16:00:32,626 [django.server:187] [basehttp:log_message] [INFO] "GET /factory/intranet/data/?instance=undefined&database=undefined HTTP/1.1" 200 483
2023-05-09 16:01:22,777 [django.server:187] [basehttp:log_message] [INFO] "GET /factory/data_sync/ HTTP/1.1" 200 40981
2023-05-09 16:01:22,849 [django.server:187] [basehttp:log_message] [WARNING] "GET /factory/static/images/logo-sm.png HTTP/1.1" 404 4271
2023-05-09 16:01:22,850 [django.server:187] [basehttp:log_message] [WARNING] "GET /factory/static/images/users/avatar-1.jpg HTTP/1.1" 404 4292
2023-05-09 16:01:23,167 [django.server:187] [basehttp:log_message] [WARNING] "GET /static/js/bootstrap-select.min.js.map HTTP/1.1" 404 1849
2023-05-09 16:01:23,246 [django.server:187] [basehttp:log_message] [INFO] "GET /factory/sync/query_instance/?instance=null&database=null HTTP/1.1" 200 1532
2023-05-09 16:01:25,217 [django.server:187] [basehttp:log_message] [INFO] "GET /factory/intranet/data/?instance=undefined&database=undefined HTTP/1.1" 200 483
2023-05-09 16:24:33,595 [django.server:187] [basehttp:log_message] [WARNING] "GET /static/js/bootstrap-select.min.js.map HTTP/1.1" 404 1849
2023-05-09 16:26:50,454 [django.utils.autoreload:266] [autoreload:trigger_reload] [INFO] D:\项目\data_factory_platform\data_sync\views.py changed, reloading.
2023-05-09 16:26:51,254 [django.utils.autoreload:677] [autoreload:run_with_reloader] [INFO] Watching for file changes with StatReloader
2023-05-09 16:26:54,285 [django.server:187] [basehttp:log_message] [INFO] "GET /factory/data_sync/ HTTP/1.1" 200 40977
2023-05-09 16:26:54,332 [django.server:187] [basehttp:log_message] [WARNING] "GET /factory/static/images/logo-sm.png HTTP/1.1" 404 4271
2023-05-09 16:26:54,332 [django.server:187] [basehttp:log_message] [WARNING] "GET /factory/static/images/users/avatar-1.jpg HTTP/1.1" 404 4292
2023-05-09 16:26:57,353 [django.server:187] [basehttp:log_message] [WARNING] "GET /static/js/bootstrap-select.min.js.map HTTP/1.1" 404 1849
2023-05-09 16:26:58,186 [django.server:187] [basehttp:log_message] [INFO] "GET /factory/sync/query_instance/?instance=null&database=null HTTP/1.1" 200 1532
2023-05-09 16:26:59,767 [django.server:187] [basehttp:log_message] [INFO] "GET /factory/intranet/data/?instance=undefined&database=undefined HTTP/1.1" 200 500
2023-05-09 16:27:42,358 [django.server:187] [basehttp:log_message] [INFO] "GET /factory/data_sync/ HTTP/1.1" 200 40980
2023-05-09 16:27:42,426 [django.server:187] [basehttp:log_message] [WARNING] "GET /factory/static/images/logo-sm.png HTTP/1.1" 404 4271
2023-05-09 16:27:42,427 [django.server:187] [basehttp:log_message] [WARNING] "GET /factory/static/images/users/avatar-1.jpg HTTP/1.1" 404 4292
2023-05-09 16:27:42,677 [django.server:187] [basehttp:log_message] [WARNING] "GET /static/js/bootstrap-select.min.js.map HTTP/1.1" 404 1849
2023-05-09 16:27:43,140 [django.server:187] [basehttp:log_message] [INFO] "GET /factory/sync/query_instance/?instance=null&database=null HTTP/1.1" 200 1532
2023-05-09 16:27:44,877 [django.server:187] [basehttp:log_message] [INFO] "GET /factory/intranet/data/?instance=undefined&database=undefined HTTP/1.1" 200 500
2023-05-09 16:28:13,523 [django.server:187] [basehttp:log_message] [INFO] "GET /factory/data_sync/ HTTP/1.1" 200 41025
2023-05-09 16:28:13,583 [django.server:187] [basehttp:log_message] [WARNING] "GET /factory/static/images/logo-sm.png HTTP/1.1" 404 4271
2023-05-09 16:28:13,583 [django.server:187] [basehttp:log_message] [WARNING] "GET /factory/static/images/users/avatar-1.jpg HTTP/1.1" 404 4292
2023-05-09 16:28:13,837 [django.server:187] [basehttp:log_message] [WARNING] "GET /static/js/bootstrap-select.min.js.map HTTP/1.1" 404 1849
2023-05-09 16:28:14,159 [django.server:187] [basehttp:log_message] [INFO] "GET /factory/sync/query_instance/?instance=null&database=null HTTP/1.1" 200 1532
2023-05-09 16:28:17,674 [django.server:187] [basehttp:log_message] [INFO] "GET /factory/intranet/data/?instance=undefined&database=undefined HTTP/1.1" 200 500
2023-05-09 16:28:37,263 [django.server:187] [basehttp:log_message] [INFO] "GET /factory/intranet/data/?instance=undefined&database=undefined HTTP/1.1" 200 500
2023-05-09 16:28:40,618 [django.server:187] [basehttp:log_message] [INFO] "GET /factory/data_sync/ HTTP/1.1" 200 41024
2023-05-09 16:28:40,663 [django.server:187] [basehttp:log_message] [WARNING] "GET /factory/static/images/users/avatar-1.jpg HTTP/1.1" 404 4292
2023-05-09 16:28:40,665 [django.server:187] [basehttp:log_message] [WARNING] "GET /factory/static/images/logo-sm.png HTTP/1.1" 404 4271
2023-05-09 16:28:40,851 [django.server:187] [basehttp:log_message] [WARNING] "GET /static/js/bootstrap-select.min.js.map HTTP/1.1" 404 1849
2023-05-09 16:28:41,018 [django.server:187] [basehttp:log_message] [INFO] "GET /factory/sync/query_instance/?instance=null&database=null HTTP/1.1" 200 1532
2023-05-09 16:28:42,336 [django.server:187] [basehttp:log_message] [INFO] "GET /factory/intranet/data/?instance=undefined&database=undefined HTTP/1.1" 200 500
2023-05-09 16:35:35,661 [django.server:187] [basehttp:log_message] [INFO] "GET /factory/data_sync/ HTTP/1.1" 200 41027
2023-05-09 16:35:35,709 [django.server:187] [basehttp:log_message] [WARNING] "GET /factory/static/images/logo-sm.png HTTP/1.1" 404 4271
2023-05-09 16:35:35,709 [django.server:187] [basehttp:log_message] [WARNING] "GET /factory/static/images/users/avatar-1.jpg HTTP/1.1" 404 4292
2023-05-09 16:35:35,882 [django.server:187] [basehttp:log_message] [WARNING] "GET /static/js/bootstrap-select.min.js.map HTTP/1.1" 404 1849
2023-05-09 16:35:36,300 [django.server:187] [basehttp:log_message] [INFO] "GET /factory/sync/query_instance/?instance=null&database=null HTTP/1.1" 200 1532
2023-05-09 16:35:37,915 [django.server:187] [basehttp:log_message] [INFO] "GET /factory/intranet/data/?instance=undefined&database=undefined HTTP/1.1" 200 500
2023-05-09 16:35:59,840 [django.server:187] [basehttp:log_message] [INFO] "GET /factory/data_sync/ HTTP/1.1" 200 41027
2023-05-09 16:35:59,892 [django.server:187] [basehttp:log_message] [WARNING] "GET /factory/static/images/logo-sm.png HTTP/1.1" 404 4271
2023-05-09 16:35:59,941 [django.server:187] [basehttp:log_message] [WARNING] "GET /factory/static/images/users/avatar-1.jpg HTTP/1.1" 404 4292
2023-05-09 16:36:00,085 [django.server:187] [basehttp:log_message] [WARNING] "GET /static/js/bootstrap-select.min.js.map HTTP/1.1" 404 1849
2023-05-09 16:36:00,356 [django.server:187] [basehttp:log_message] [INFO] "GET /factory/sync/query_instance/?instance=null&database=null HTTP/1.1" 200 1532
2023-05-09 16:36:03,494 [django.server:187] [basehttp:log_message] [INFO] "GET /factory/intranet/data/?instance=undefined&database=undefined HTTP/1.1" 200 500
2023-05-09 16:37:06,883 [django.server:187] [basehttp:log_message] [INFO] "GET /factory/data_sync/ HTTP/1.1" 200 40967
2023-05-09 16:37:06,935 [django.server:187] [basehttp:log_message] [WARNING] "GET /factory/static/images/users/avatar-1.jpg HTTP/1.1" 404 4292
2023-05-09 16:37:06,936 [django.server:187] [basehttp:log_message] [WARNING] "GET /factory/static/images/logo-sm.png HTTP/1.1" 404 4271
2023-05-09 16:37:07,229 [django.server:187] [basehttp:log_message] [WARNING] "GET /static/js/bootstrap-select.min.js.map HTTP/1.1" 404 1849
2023-05-09 16:37:07,412 [django.server:187] [basehttp:log_message] [INFO] "GET /factory/sync/query_instance/?instance=null&database=null HTTP/1.1" 200 1532
2023-05-09 16:37:10,537 [django.server:187] [basehttp:log_message] [INFO] "GET /factory/intranet/data/?instance=undefined&database=undefined HTTP/1.1" 200 500
2023-05-09 16:37:48,009 [django.server:187] [basehttp:log_message] [INFO] "GET /factory/data_sync/ HTTP/1.1" 200 40986
2023-05-09 16:37:48,134 [django.server:187] [basehttp:log_message] [WARNING] "GET /factory/static/images/logo-sm.png HTTP/1.1" 404 4271
2023-05-09 16:37:48,134 [django.server:187] [basehttp:log_message] [WARNING] "GET /factory/static/images/users/avatar-1.jpg HTTP/1.1" 404 4292
2023-05-09 16:37:48,359 [django.server:187] [basehttp:log_message] [WARNING] "GET /static/js/bootstrap-select.min.js.map HTTP/1.1" 404 1849
2023-05-09 16:37:48,590 [django.server:187] [basehttp:log_message] [INFO] "GET /factory/sync/query_instance/?instance=null&database=null HTTP/1.1" 200 1532
2023-05-09 16:37:50,012 [django.server:187] [basehttp:log_message] [INFO] "GET /factory/intranet/data/?instance=undefined&database=undefined HTTP/1.1" 200 500
2023-05-09 16:38:02,328 [django.server:187] [basehttp:log_message] [INFO] "GET /factory/data_sync/ HTTP/1.1" 200 40933
2023-05-09 16:38:02,378 [django.server:187] [basehttp:log_message] [WARNING] "GET /factory/static/images/users/avatar-1.jpg HTTP/1.1" 404 4292
2023-05-09 16:38:02,379 [django.server:187] [basehttp:log_message] [WARNING] "GET /factory/static/images/logo-sm.png HTTP/1.1" 404 4271
2023-05-09 16:38:02,639 [django.server:187] [basehttp:log_message] [WARNING] "GET /static/js/bootstrap-select.min.js.map HTTP/1.1" 404 1849
2023-05-09 16:38:02,901 [django.server:187] [basehttp:log_message] [INFO] "GET /factory/sync/query_instance/?instance=null&database=null HTTP/1.1" 200 1532
2023-05-09 16:38:04,343 [django.server:187] [basehttp:log_message] [INFO] "GET /factory/intranet/data/?instance=undefined&database=undefined HTTP/1.1" 200 500
2023-05-09 16:38:43,538 [django.server:187] [basehttp:log_message] [INFO] "GET /factory/data_sync/ HTTP/1.1" 200 40933
2023-05-09 16:38:43,577 [django.server:187] [basehttp:log_message] [WARNING] "GET /factory/static/images/logo-sm.png HTTP/1.1" 404 4271
2023-05-09 16:38:43,578 [django.server:187] [basehttp:log_message] [WARNING] "GET /factory/static/images/users/avatar-1.jpg HTTP/1.1" 404 4292
2023-05-09 16:38:43,900 [django.server:187] [basehttp:log_message] [INFO] "GET /factory/sync/query_instance/?instance=null&database=null HTTP/1.1" 200 1532
2023-05-09 16:50:22,265 [django.server:187] [basehttp:log_message] [INFO] "GET /factory/intranet/data/?instance=undefined&database=undefined HTTP/1.1" 200 500
2023-05-09 16:51:41,761 [django.server:187] [basehttp:log_message] [INFO] "GET /factory/sync/query_db/?instance=prod-mdc-finance&database=null HTTP/1.1" 200 320
2023-05-09 16:51:44,189 [django.server:187] [basehttp:log_message] [INFO] "GET /factory/sync/query_tb/?instance=prod-mdc-finance&database=c1_report HTTP/1.1" 200 194860
2023-05-09 16:52:04,532 [django.server:187] [basehttp:log_message] [INFO] "GET /factory/sync/query_db/?instance=public-mabang&database=null HTTP/1.1" 200 212
2023-05-09 16:52:06,312 [django.server:187] [basehttp:log_message] [INFO] "GET /factory/sync/query_tb/?instance=public-mabang&database=mabang HTTP/1.1" 200 4203
2023-05-09 16:52:21,008 [django.server:187] [basehttp:log_message] [INFO] "POST /factory/query/ HTTP/1.1" 200 22106
2023-05-09 16:52:21,184 [django.server:187] [basehttp:log_message] [INFO] "GET /static/fonts/fontawesome-webfont.woff2?v=4.7.0 HTTP/1.1" 200 77160
2023-05-09 16:53:42,866 [django.server:187] [basehttp:log_message] [INFO] "GET /factory/intranet/data/?instance=undefined&database=undefined HTTP/1.1" 200 500
2023-05-09 16:53:53,944 [django.server:187] [basehttp:log_message] [INFO] "GET /factory/intranet/data/?instance=undefined&database=undefined HTTP/1.1" 200 500
2023-05-09 16:54:23,644 [django.server:187] [basehttp:log_message] [INFO] "GET /factory/data_sync/ HTTP/1.1" 200 40933
2023-05-09 16:54:23,691 [django.server:187] [basehttp:log_message] [WARNING] "GET /factory/static/images/logo-sm.png HTTP/1.1" 404 4271
2023-05-09 16:54:23,692 [django.server:187] [basehttp:log_message] [WARNING] "GET /factory/static/images/users/avatar-1.jpg HTTP/1.1" 404 4292
2023-05-09 16:54:24,555 [django.server:187] [basehttp:log_message] [INFO] "GET /factory/sync/query_instance/?instance=null&database=null HTTP/1.1" 200 1532
2023-05-09 16:54:25,964 [django.server:187] [basehttp:log_message] [INFO] "GET /factory/intranet/data/?instance=undefined&database=undefined HTTP/1.1" 200 500
2023-05-09 16:54:29,463 [django.server:187] [basehttp:log_message] [INFO] "GET /factory/intranet/data/?instance=undefined&database=undefined HTTP/1.1" 200 500
2023-05-09 16:54:33,116 [django.server:187] [basehttp:log_message] [INFO] "GET /factory/intranet/data/?instance=undefined&database=undefined HTTP/1.1" 200 500
2023-05-09 16:59:30,741 [django.utils.autoreload:266] [autoreload:trigger_reload] [INFO] D:\项目\data_factory_platform\data_sync\views.py changed, reloading.
2023-05-09 16:59:31,634 [django.utils.autoreload:677] [autoreload:run_with_reloader] [INFO] Watching for file changes with StatReloader
2023-05-09 16:59:37,742 [django.server:187] [basehttp:log_message] [INFO] "GET /factory/intranet/data/?instance=undefined&database=undefined HTTP/1.1" 200 500
2023-05-09 16:59:54,595 [django.server:187] [basehttp:log_message] [INFO] "GET /factory/intranet/data/?instance=undefined&database=undefined HTTP/1.1" 200 500
2023-05-09 17:00:02,172 [django.server:187] [basehttp:log_message] [INFO] "GET /factory/intranet/data/?instance=undefined&database=undefined HTTP/1.1" 200 500
2023-05-09 17:00:07,693 [django.server:187] [basehttp:log_message] [INFO] "GET /factory/data_sync/ HTTP/1.1" 200 40931
2023-05-09 17:00:07,739 [django.server:187] [basehttp:log_message] [WARNING] "GET /factory/static/images/logo-sm.png HTTP/1.1" 404 4271
2023-05-09 17:00:07,739 [django.server:187] [basehttp:log_message] [WARNING] "GET /factory/static/images/users/avatar-1.jpg HTTP/1.1" 404 4292
2023-05-09 17:00:09,076 [django.server:187] [basehttp:log_message] [INFO] "GET /factory/sync/query_instance/?instance=null&database=null HTTP/1.1" 200 1532
2023-05-09 17:01:40,614 [django.server:187] [basehttp:log_message] [INFO] "GET /factory/data_sync/ HTTP/1.1" 200 40931
2023-05-09 17:01:40,655 [django.server:187] [basehttp:log_message] [WARNING] "GET /factory/static/images/logo-sm.png HTTP/1.1" 404 4271
2023-05-09 17:01:40,656 [django.server:187] [basehttp:log_message] [WARNING] "GET /factory/static/images/users/avatar-1.jpg HTTP/1.1" 404 4292
2023-05-09 17:01:41,317 [django.server:187] [basehttp:log_message] [INFO] "GET /factory/sync/query_instance/?instance=null&database=null HTTP/1.1" 200 1532
2023-05-09 17:01:42,447 [django.server:187] [basehttp:log_message] [INFO] "GET /factory/intranet/data/?instance=undefined&database=undefined HTTP/1.1" 200 500
2023-05-09 17:01:47,477 [django.server:187] [basehttp:log_message] [INFO] "GET /factory/intranet/data/?instance=undefined&database=undefined HTTP/1.1" 200 500
2023-05-09 17:02:00,565 [django.server:187] [basehttp:log_message] [INFO] "GET /factory/intranet/data/?instance=undefined&database=undefined HTTP/1.1" 200 500
2023-05-09 17:02:34,477 [django.server:187] [basehttp:log_message] [INFO] "GET /factory/data_sync/ HTTP/1.1" 200 40972
2023-05-09 17:02:34,508 [django.server:187] [basehttp:log_message] [WARNING] "GET /factory/static/images/logo-sm.png HTTP/1.1" 404 4271
2023-05-09 17:02:34,511 [django.server:187] [basehttp:log_message] [WARNING] "GET /factory/static/images/users/avatar-1.jpg HTTP/1.1" 404 4292
2023-05-09 17:02:34,899 [django.server:187] [basehttp:log_message] [INFO] "GET /factory/sync/query_instance/?instance=null&database=null HTTP/1.1" 200 1532
2023-05-09 17:02:36,059 [django.server:187] [basehttp:log_message] [INFO] "GET /factory/intranet/data/?instance=undefined&database=undefined HTTP/1.1" 200 500
2023-05-09 17:02:49,725 [django.server:187] [basehttp:log_message] [WARNING] "GET /static/js/bootstrap-select.min.js.map HTTP/1.1" 404 1849
2023-05-09 17:03:16,898 [django.server:187] [basehttp:log_message] [INFO] "GET /factory/data_sync/ HTTP/1.1" 200 40975
2023-05-09 17:03:16,933 [django.server:187] [basehttp:log_message] [WARNING] "GET /factory/static/images/users/avatar-1.jpg HTTP/1.1" 404 4292
2023-05-09 17:03:16,934 [django.server:187] [basehttp:log_message] [WARNING] "GET /factory/static/images/logo-sm.png HTTP/1.1" 404 4271
2023-05-09 17:03:17,194 [django.server:187] [basehttp:log_message] [WARNING] "GET /static/js/bootstrap-select.min.js.map HTTP/1.1" 404 1849
2023-05-09 17:03:17,419 [django.server:187] [basehttp:log_message] [INFO] "GET /factory/sync/query_instance/?instance=null&database=null HTTP/1.1" 200 1532
2023-05-09 17:03:20,445 [django.server:187] [basehttp:log_message] [INFO] "GET /factory/intranet/data/?instance=undefined&database=undefined HTTP/1.1" 200 500
2023-05-09 17:03:24,953 [django.server:187] [basehttp:log_message] [INFO] "GET /factory/intranet/data/?instance=undefined&database=undefined HTTP/1.1" 200 500
2023-05-09 17:03:29,939 [django.server:187] [basehttp:log_message] [INFO] "GET /factory/intranet/data/?instance=undefined&database=undefined HTTP/1.1" 200 500
2023-05-09 17:04:05,821 [django.server:187] [basehttp:log_message] [INFO] "GET /factory/data_sync/ HTTP/1.1" 200 40924
2023-05-09 17:04:05,871 [django.server:187] [basehttp:log_message] [WARNING] "GET /factory/static/images/logo-sm.png HTTP/1.1" 404 4271
2023-05-09 17:04:05,872 [django.server:187] [basehttp:log_message] [WARNING] "GET /factory/static/images/users/avatar-1.jpg HTTP/1.1" 404 4292
2023-05-09 17:04:06,038 [django.server:187] [basehttp:log_message] [WARNING] "GET /static/js/bootstrap-select.min.js.map HTTP/1.1" 404 1849
2023-05-09 17:04:06,320 [django.server:187] [basehttp:log_message] [INFO] "GET /factory/sync/query_instance/?instance=null&database=null HTTP/1.1" 200 1532
2023-05-09 17:04:07,509 [django.server:187] [basehttp:log_message] [INFO] "GET /factory/intranet/data/?instance=undefined&database=undefined HTTP/1.1" 200 500
2023-05-09 17:04:10,780 [django.server:187] [basehttp:log_message] [INFO] "GET /factory/intranet/data/?instance=undefined&database=undefined HTTP/1.1" 200 500
2023-05-09 17:04:14,067 [django.server:187] [basehttp:log_message] [INFO] "GET /factory/intranet/data/?instance=undefined&database=undefined HTTP/1.1" 200 500
2023-05-09 18:14:10,454 [django.server:187] [basehttp:log_message] [WARNING] "GET /factory/static/images/users/avatar-1.jpg HTTP/1.1" 404 4292
2023-05-09 18:14:10,460 [django.server:187] [basehttp:log_message] [WARNING] "GET /factory/static/images/logo-sm.png HTTP/1.1" 404 4271
2023-05-09 18:14:11,856 [django.server:187] [basehttp:log_message] [INFO] "GET /factory/sync/query_instance/?instance=null&database=null HTTP/1.1" 200 1532
2023-05-09 18:14:11,949 [django.server:187] [basehttp:log_message] [WARNING] "GET /factory/static/images/favicon.ico HTTP/1.1" 404 4271
2023-05-09 18:14:55,537 [django.server:187] [basehttp:log_message] [WARNING] "GET /factory/static/images/users/avatar-1.jpg HTTP/1.1" 404 4292
2023-05-09 18:14:55,538 [django.server:187] [basehttp:log_message] [WARNING] "GET /factory/static/images/logo-sm.png HTTP/1.1" 404 4271
2023-05-09 18:14:56,103 [django.server:187] [basehttp:log_message] [INFO] "GET /factory/sync/query_instance/?instance=null&database=null HTTP/1.1" 200 1532
2023-05-09 18:14:56,154 [django.server:187] [basehttp:log_message] [WARNING] "GET /factory/static/images/favicon.ico HTTP/1.1" 404 4271
2023-05-09 21:11:18,503 [django.server:187] [basehttp:log_message] [INFO] "GET /factory/index/ HTTP/1.1" 200 13391
2023-05-09 21:11:18,623 [django.server:187] [basehttp:log_message] [INFO] "GET /static/plugins/fullcalendar/css/fullcalendar.min.css HTTP/1.1" 200 13709
2023-05-09 21:11:18,623 [django.server:187] [basehttp:log_message] [INFO] "GET /static/css/bootstrap-table.min.css HTTP/1.1" 200 10234
2023-05-09 21:11:18,625 [django.server:187] [basehttp:log_message] [INFO] "GET /static/css/style.css HTTP/1.1" 200 83156
2023-05-09 21:11:18,630 [django.server:187] [basehttp:log_message] [INFO] "GET /static/js/jquery.min.js HTTP/1.1" 200 137835
2023-05-09 21:11:18,632 [django.server:187] [basehttp:log_message] [INFO] "GET /static/js/bootstrap-select.min.js HTTP/1.1" 200 76119
2023-05-09 21:11:18,632 [django.server:187] [basehttp:log_message] [INFO] "GET /static/js/bootstrap.min.js HTTP/1.1" 200 62569
2023-05-09 21:11:18,634 [django.server:187] [basehttp:log_message] [INFO] "GET /static/css/bootstrap.min.css HTTP/1.1" 200 212514
2023-05-09 21:11:18,634 [django.server:187] [basehttp:log_message] [INFO] "GET /static/js/jquery.scrollTo.min.js HTTP/1.1" 200 2447
2023-05-09 21:11:18,637 [django.server:187] [basehttp:log_message] [INFO] "GET /static/js/jquery.nicescroll.js HTTP/1.1" 200 119939
2023-05-09 21:11:18,637 [django.server:187] [basehttp:log_message] [INFO] "GET /static/js/modernizr.min.js HTTP/1.1" 200 11084
2023-05-09 21:11:18,638 [django.server:187] [basehttp:log_message] [INFO] "GET /static/js/jquery.slimscroll.js HTTP/1.1" 200 13832
2023-05-09 21:11:18,639 [django.server:187] [basehttp:log_message] [INFO] "GET /static/css/icons.css HTTP/1.1" 200 253084
2023-05-09 21:11:18,642 [django.server:187] [basehttp:log_message] [INFO] "GET /static/pages/calendar-init.js HTTP/1.1" 200 5502
2023-05-09 21:11:18,643 [django.server:187] [basehttp:log_message] [INFO] "GET /static/js/waves.js HTTP/1.1" 200 69263
2023-05-09 21:11:18,645 [django.server:187] [basehttp:log_message] [INFO] "GET /static/plugins/fullcalendar/js/fullcalendar.min.js HTTP/1.1" 200 118884
2023-05-09 21:11:18,645 [django.server:187] [basehttp:log_message] [INFO] "GET /static/plugins/moment/moment.js HTTP/1.1" 200 150941
2023-05-09 21:11:18,647 [django.server:187] [basehttp:log_message] [INFO] "GET /static/js/app.js HTTP/1.1" 200 6452
2023-05-09 21:11:18,648 [django.server:187] [basehttp:log_message] [INFO] "GET /static/plugins/jquery-ui/jquery-ui.min.js HTTP/1.1" 200 253668
2023-05-09 21:11:18,675 [django.server:187] [basehttp:log_message] [WARNING] "GET /factory/static/images/logo-sm.png HTTP/1.1" 404 4271
2023-05-09 21:11:18,675 [django.server:187] [basehttp:log_message] [WARNING] "GET /factory/static/images/users/avatar-1.jpg HTTP/1.1" 404 4292
2023-05-09 21:11:20,112 [django.server:187] [basehttp:log_message] [INFO] "GET /static/fonts/materialdesignicons-webfont.woff2?v=1.6.50 HTTP/1.1" 200 90140
2023-05-09 21:11:20,113 [django.server:187] [basehttp:log_message] [INFO] "GET /static/fonts/ionicons.ttf?v=1.5.0 HTTP/1.1" 200 164548
2023-05-09 21:11:20,380 [django.server:187] [basehttp:log_message] [WARNING] "GET /factory/static/images/favicon.ico HTTP/1.1" 404 4271
2023-05-09 21:11:23,122 [django.server:187] [basehttp:log_message] [INFO] "GET /factory/data_sync/ HTTP/1.1" 200 40922
2023-05-09 21:11:23,156 [django.server:187] [basehttp:log_message] [WARNING] "GET /factory/static/images/logo-sm.png HTTP/1.1" 404 4271
2023-05-09 21:11:23,157 [django.server:187] [basehttp:log_message] [WARNING] "GET /factory/static/images/users/avatar-1.jpg HTTP/1.1" 404 4292
2023-05-09 21:11:26,369 [django.server:187] [basehttp:log_message] [INFO] "GET /factory/sync/query_instance/?instance=null&database=null HTTP/1.1" 200 1532
2023-05-09 21:11:33,657 [django.server:187] [basehttp:log_message] [INFO] "GET /factory/intranet/data/?instance=undefined&database=undefined HTTP/1.1" 200 500
2023-05-09 21:22:58,762 [django.server:187] [basehttp:log_message] [INFO] "GET /factory/data_sync/ HTTP/1.1" 200 40934
2023-05-09 21:22:58,791 [django.server:187] [basehttp:log_message] [WARNING] "GET /factory/static/images/logo-sm.png HTTP/1.1" 404 4271
2023-05-09 21:22:58,804 [django.server:187] [basehttp:log_message] [WARNING] "GET /factory/static/images/users/avatar-1.jpg HTTP/1.1" 404 4292
2023-05-09 21:23:00,306 [django.server:187] [basehttp:log_message] [INFO] "GET /factory/sync/query_instance/?instance=null&database=null HTTP/1.1" 200 1532
2023-05-09 21:23:01,847 [django.server:187] [basehttp:log_message] [INFO] "GET /factory/intranet/data/?instance=undefined&database=undefined HTTP/1.1" 200 500
2023-05-09 21:23:08,488 [django.server:187] [basehttp:log_message] [WARNING] "GET /static/js/bootstrap-select.min.js.map HTTP/1.1" 404 1849
2023-05-09 21:23:08,500 [django.server:187] [basehttp:log_message] [INFO] "GET /static/js/bootstrap.min.js.map HTTP/1.1" 200 185257
2023-05-09 21:23:08,507 [django.server:187] [basehttp:log_message] [INFO] "GET /static/css/style.css.map HTTP/1.1" 200 91053
2023-05-09 21:23:08,509 [django.server:187] [basehttp:log_message] [INFO] "GET /static/css/icons.css.map HTTP/1.1" 200 301689
2023-05-09 21:23:08,511 [django.server:187] [basehttp:log_message] [INFO] "GET /static/css/bootstrap.min.css.map HTTP/1.1" 200 654593
2023-05-09 21:34:59,360 [django.server:187] [basehttp:log_message] [INFO] "GET /factory/data_sync/ HTTP/1.1" 200 41255
2023-05-09 21:34:59,387 [django.server:187] [basehttp:log_message] [WARNING] "GET /factory/static/images/logo-sm.png HTTP/1.1" 404 4271
2023-05-09 21:34:59,388 [django.server:187] [basehttp:log_message] [WARNING] "GET /factory/static/images/users/avatar-1.jpg HTTP/1.1" 404 4292
2023-05-09 21:35:00,503 [django.server:187] [basehttp:log_message] [WARNING] "GET /static/js/bootstrap-select.min.js.map HTTP/1.1" 404 1849
2023-05-09 21:35:01,083 [django.server:187] [basehttp:log_message] [INFO] "GET /factory/sync/query_instance/?instance=null&database=null HTTP/1.1" 200 1532
2023-05-09 21:35:03,214 [django.server:187] [basehttp:log_message] [INFO] "GET /factory/intranet/data/?instance=undefined&database=undefined HTTP/1.1" 200 500
2023-05-09 21:37:19,536 [django.server:187] [basehttp:log_message] [INFO] "GET /factory/data_sync/ HTTP/1.1" 200 41260
2023-05-09 21:37:19,593 [django.server:187] [basehttp:log_message] [WARNING] "GET /factory/static/images/users/avatar-1.jpg HTTP/1.1" 404 4292
2023-05-09 21:37:19,594 [django.server:187] [basehttp:log_message] [WARNING] "GET /factory/static/images/logo-sm.png HTTP/1.1" 404 4271
2023-05-09 21:37:19,909 [django.server:187] [basehttp:log_message] [WARNING] "GET /static/js/bootstrap-select.min.js.map HTTP/1.1" 404 1849
2023-05-09 21:37:20,177 [django.server:187] [basehttp:log_message] [INFO] "GET /factory/sync/query_instance/?instance=null&database=null HTTP/1.1" 200 1532
2023-05-09 21:37:31,600 [django.server:187] [basehttp:log_message] [INFO] "GET /factory/data_sync/ HTTP/1.1" 200 41260
2023-05-09 21:37:31,641 [django.server:187] [basehttp:log_message] [WARNING] "GET /factory/static/images/users/avatar-1.jpg HTTP/1.1" 404 4292
2023-05-09 21:37:31,642 [django.server:187] [basehttp:log_message] [WARNING] "GET /factory/static/images/logo-sm.png HTTP/1.1" 404 4271
2023-05-09 21:37:32,053 [django.server:187] [basehttp:log_message] [WARNING] "GET /static/js/bootstrap-select.min.js.map HTTP/1.1" 404 1849
2023-05-09 21:37:32,289 [django.server:187] [basehttp:log_message] [INFO] "GET /factory/sync/query_instance/?instance=null&database=null HTTP/1.1" 200 1532
2023-05-09 21:37:39,819 [django.server:187] [basehttp:log_message] [INFO] "GET /factory/data_sync/ HTTP/1.1" 200 41258
2023-05-09 21:37:39,865 [django.server:187] [basehttp:log_message] [WARNING] "GET /factory/static/images/logo-sm.png HTTP/1.1" 404 4271
2023-05-09 21:37:39,866 [django.server:187] [basehttp:log_message] [WARNING] "GET /factory/static/images/users/avatar-1.jpg HTTP/1.1" 404 4292
2023-05-09 21:37:40,170 [django.server:187] [basehttp:log_message] [WARNING] "GET /static/js/bootstrap-select.min.js.map HTTP/1.1" 404 1849
2023-05-09 21:37:40,448 [django.server:187] [basehttp:log_message] [INFO] "GET /factory/sync/query_instance/?instance=null&database=null HTTP/1.1" 200 1532
2023-05-09 21:37:42,837 [django.server:187] [basehttp:log_message] [INFO] "GET /factory/intranet/data/?instance=undefined&database=undefined HTTP/1.1" 200 500
2023-05-09 21:38:12,080 [django.server:187] [basehttp:log_message] [INFO] "GET /factory/data_sync/ HTTP/1.1" 200 41287
2023-05-09 21:38:12,134 [django.server:187] [basehttp:log_message] [WARNING] "GET /factory/static/images/logo-sm.png HTTP/1.1" 404 4271
2023-05-09 21:38:12,137 [django.server:187] [basehttp:log_message] [WARNING] "GET /factory/static/images/users/avatar-1.jpg HTTP/1.1" 404 4292
2023-05-09 21:38:12,703 [django.server:187] [basehttp:log_message] [WARNING] "GET /static/js/bootstrap-select.min.js.map HTTP/1.1" 404 1849
2023-05-09 21:38:13,013 [django.server:187] [basehttp:log_message] [INFO] "GET /factory/sync/query_instance/?instance=null&database=null HTTP/1.1" 200 1532
2023-05-09 21:38:14,279 [django.server:187] [basehttp:log_message] [INFO] "GET /factory/intranet/data/?instance=undefined&database=undefined HTTP/1.1" 200 500
2023-05-09 21:39:54,202 [django.server:187] [basehttp:log_message] [INFO] "GET /factory/data_sync/ HTTP/1.1" 200 41286
2023-05-09 21:39:54,253 [django.server:187] [basehttp:log_message] [WARNING] "GET /factory/static/images/users/avatar-1.jpg HTTP/1.1" 404 4292
2023-05-09 21:39:54,327 [django.server:187] [basehttp:log_message] [WARNING] "GET /factory/static/images/logo-sm.png HTTP/1.1" 404 4271
2023-05-09 21:39:54,635 [django.server:187] [basehttp:log_message] [WARNING] "GET /static/js/bootstrap-select.min.js.map HTTP/1.1" 404 1849
2023-05-09 21:39:54,966 [django.server:187] [basehttp:log_message] [INFO] "GET /factory/sync/query_instance/?instance=null&database=null HTTP/1.1" 200 1532
2023-05-09 21:39:57,453 [django.server:187] [basehttp:log_message] [INFO] "GET /factory/intranet/data/?instance=undefined&database=undefined HTTP/1.1" 200 500
2023-05-09 21:40:27,281 [django.server:187] [basehttp:log_message] [INFO] "GET /factory/data_sync/ HTTP/1.1" 200 41286
2023-05-09 21:40:27,326 [django.server:187] [basehttp:log_message] [WARNING] "GET /factory/static/images/users/avatar-1.jpg HTTP/1.1" 404 4292
2023-05-09 21:40:27,326 [django.server:187] [basehttp:log_message] [WARNING] "GET /factory/static/images/logo-sm.png HTTP/1.1" 404 4271
2023-05-09 21:40:27,901 [django.server:187] [basehttp:log_message] [WARNING] "GET /static/js/bootstrap-select.min.js.map HTTP/1.1" 404 1849
2023-05-09 21:40:28,186 [django.server:187] [basehttp:log_message] [INFO] "GET /factory/sync/query_instance/?instance=null&database=null HTTP/1.1" 200 1532
2023-05-09 21:40:29,795 [django.server:187] [basehttp:log_message] [INFO] "GET /factory/intranet/data/?instance=undefined&database=undefined HTTP/1.1" 200 500
2023-05-09 21:44:08,488 [django.server:187] [basehttp:log_message] [INFO] "GET /factory/data_sync/ HTTP/1.1" 200 41285
2023-05-09 21:44:08,531 [django.server:187] [basehttp:log_message] [WARNING] "GET /factory/static/images/logo-sm.png HTTP/1.1" 404 4271
2023-05-09 21:44:08,532 [django.server:187] [basehttp:log_message] [WARNING] "GET /factory/static/images/users/avatar-1.jpg HTTP/1.1" 404 4292
2023-05-09 21:44:08,851 [django.server:187] [basehttp:log_message] [WARNING] "GET /static/js/bootstrap-select.min.js.map HTTP/1.1" 404 1849
2023-05-09 21:44:09,152 [django.server:187] [basehttp:log_message] [INFO] "GET /factory/sync/query_instance/?instance=null&database=null HTTP/1.1" 200 1532
2023-05-09 21:44:10,487 [django.server:187] [basehttp:log_message] [INFO] "GET /factory/intranet/data/?instance=undefined&database=undefined HTTP/1.1" 200 500
2023-05-09 21:44:48,974 [django.server:187] [basehttp:log_message] [INFO] "GET /factory/data_sync/ HTTP/1.1" 200 41285
2023-05-09 21:44:49,024 [django.server:187] [basehttp:log_message] [WARNING] "GET /factory/static/images/users/avatar-1.jpg HTTP/1.1" 404 4292
2023-05-09 21:44:49,024 [django.server:187] [basehttp:log_message] [WARNING] "GET /factory/static/images/logo-sm.png HTTP/1.1" 404 4271
2023-05-09 21:44:49,313 [django.server:187] [basehttp:log_message] [WARNING] "GET /static/js/bootstrap-select.min.js.map HTTP/1.1" 404 1849
2023-05-09 21:44:49,810 [django.server:187] [basehttp:log_message] [INFO] "GET /factory/sync/query_instance/?instance=null&database=null HTTP/1.1" 200 1532
2023-05-09 21:44:54,487 [django.server:187] [basehttp:log_message] [INFO] "GET /factory/intranet/data/?instance=undefined&database=undefined HTTP/1.1" 200 500
2023-05-09 21:45:38,203 [django.server:187] [basehttp:log_message] [INFO] "GET /factory/data_sync/ HTTP/1.1" 200 41285
2023-05-09 21:45:38,262 [django.server:187] [basehttp:log_message] [WARNING] "GET /factory/static/images/logo-sm.png HTTP/1.1" 404 4271
2023-05-09 21:45:38,265 [django.server:187] [basehttp:log_message] [WARNING] "GET /factory/static/images/users/avatar-1.jpg HTTP/1.1" 404 4292
2023-05-09 21:45:38,961 [django.server:187] [basehttp:log_message] [WARNING] "GET /static/js/bootstrap-select.min.js.map HTTP/1.1" 404 1849
2023-05-09 21:45:39,702 [django.server:187] [basehttp:log_message] [INFO] "GET /factory/sync/query_instance/?instance=null&database=null HTTP/1.1" 200 1532
2023-05-09 21:45:41,536 [django.server:187] [basehttp:log_message] [INFO] "GET /factory/intranet/data/?instance=undefined&database=undefined HTTP/1.1" 200 500
2023-05-09 21:46:13,084 [django.server:187] [basehttp:log_message] [INFO] "GET /factory/data_sync/ HTTP/1.1" 200 41288
2023-05-09 21:46:13,124 [django.server:187] [basehttp:log_message] [WARNING] "GET /factory/static/images/users/avatar-1.jpg HTTP/1.1" 404 4292
2023-05-09 21:46:13,125 [django.server:187] [basehttp:log_message] [WARNING] "GET /factory/static/images/logo-sm.png HTTP/1.1" 404 4271
2023-05-09 21:46:13,410 [django.server:187] [basehttp:log_message] [WARNING] "GET /static/js/bootstrap-select.min.js.map HTTP/1.1" 404 1849
2023-05-09 21:46:13,712 [django.server:187] [basehttp:log_message] [INFO] "GET /factory/sync/query_instance/?instance=null&database=null HTTP/1.1" 200 1532
2023-05-09 21:46:26,629 [django.server:187] [basehttp:log_message] [INFO] "GET /factory/intranet/data/?instance=undefined&database=undefined HTTP/1.1" 200 500
2023-05-09 21:55:50,726 [django.server:187] [basehttp:log_message] [INFO] "GET /factory/data_sync/ HTTP/1.1" 200 41290
2023-05-09 21:55:50,791 [django.server:187] [basehttp:log_message] [WARNING] "GET /factory/static/images/logo-sm.png HTTP/1.1" 404 4271
2023-05-09 21:55:50,805 [django.server:187] [basehttp:log_message] [WARNING] "GET /factory/static/images/users/avatar-1.jpg HTTP/1.1" 404 4292
2023-05-09 21:55:52,037 [django.server:187] [basehttp:log_message] [WARNING] "GET /static/js/bootstrap-select.min.js.map HTTP/1.1" 404 1849
2023-05-09 21:55:53,154 [django.server:187] [basehttp:log_message] [INFO] "GET /factory/sync/query_instance/?instance=null&database=null HTTP/1.1" 200 1532
2023-05-09 21:55:54,483 [django.server:187] [basehttp:log_message] [INFO] "GET /factory/intranet/data/?instance=undefined&database=undefined HTTP/1.1" 200 500
2023-05-09 21:58:49,616 [django.server:187] [basehttp:log_message] [INFO] "GET /factory/data_sync/ HTTP/1.1" 200 41290
2023-05-09 21:58:49,670 [django.server:187] [basehttp:log_message] [WARNING] "GET /factory/static/images/logo-sm.png HTTP/1.1" 404 4271
2023-05-09 21:58:49,671 [django.server:187] [basehttp:log_message] [WARNING] "GET /factory/static/images/users/avatar-1.jpg HTTP/1.1" 404 4292
2023-05-09 21:58:50,039 [django.server:187] [basehttp:log_message] [WARNING] "GET /static/js/bootstrap-select.min.js.map HTTP/1.1" 404 1849
2023-05-09 21:58:50,413 [django.server:187] [basehttp:log_message] [INFO] "GET /factory/sync/query_instance/?instance=null&database=null HTTP/1.1" 200 1532
2023-05-09 21:58:52,055 [django.server:187] [basehttp:log_message] [INFO] "GET /factory/intranet/data/?instance=undefined&database=undefined HTTP/1.1" 200 500
2023-05-09 21:59:05,889 [django.server:187] [basehttp:log_message] [INFO] "GET /factory/data_sync/ HTTP/1.1" 200 41525
2023-05-09 21:59:05,937 [django.server:187] [basehttp:log_message] [WARNING] "GET /factory/static/images/logo-sm.png HTTP/1.1" 404 4271
2023-05-09 21:59:05,938 [django.server:187] [basehttp:log_message] [WARNING] "GET /factory/static/images/users/avatar-1.jpg HTTP/1.1" 404 4292
2023-05-09 21:59:06,246 [django.server:187] [basehttp:log_message] [WARNING] "GET /static/js/bootstrap-select.min.js.map HTTP/1.1" 404 1849
2023-05-09 21:59:06,523 [django.server:187] [basehttp:log_message] [INFO] "GET /factory/sync/query_instance/?instance=null&database=null HTTP/1.1" 200 1532
2023-05-09 21:59:07,805 [django.server:187] [basehttp:log_message] [INFO] "GET /factory/intranet/data/?instance=undefined&database=undefined HTTP/1.1" 200 500
2023-05-10 09:45:39,232 [django.server:187] [basehttp:log_message] [INFO] "GET /factory/index/ HTTP/1.1" 200 13391
2023-05-10 09:45:39,469 [django.server:187] [basehttp:log_message] [WARNING] "GET /factory/static/images/logo-sm.png HTTP/1.1" 404 4271
2023-05-10 09:45:39,476 [django.server:187] [basehttp:log_message] [WARNING] "GET /factory/static/images/users/avatar-1.jpg HTTP/1.1" 404 4292
2023-05-10 09:45:45,793 [django.server:187] [basehttp:log_message] [INFO] "GET /factory/data_sync/ HTTP/1.1" 200 41525
2023-05-10 09:45:45,819 [django.server:187] [basehttp:log_message] [WARNING] "GET /factory/static/images/logo-sm.png HTTP/1.1" 404 4271
2023-05-10 09:45:45,819 [django.server:187] [basehttp:log_message] [WARNING] "GET /factory/static/images/users/avatar-1.jpg HTTP/1.1" 404 4292
2023-05-10 09:45:46,437 [django.server:187] [basehttp:log_message] [ERROR] "GET /factory/sync/query_instance/?instance=null&database=null HTTP/1.1" 500 115199
2023-05-10 09:46:05,022 [django.server:187] [basehttp:log_message] [INFO] "GET /factory/data_sync/ HTTP/1.1" 200 41525
2023-05-10 09:46:05,058 [django.server:187] [basehttp:log_message] [WARNING] "GET /factory/static/images/users/avatar-1.jpg HTTP/1.1" 404 4292
2023-05-10 09:46:05,059 [django.server:187] [basehttp:log_message] [WARNING] "GET /factory/static/images/logo-sm.png HTTP/1.1" 404 4271
2023-05-10 09:46:05,537 [django.server:187] [basehttp:log_message] [INFO] "GET /factory/sync/query_instance/?instance=null&database=null HTTP/1.1" 200 1532
2023-05-10 09:46:09,182 [django.server:187] [basehttp:log_message] [INFO] "GET /factory/intranet/data/?instance=undefined&database=undefined HTTP/1.1" 200 500
2023-05-10 09:50:29,787 [django.server:187] [basehttp:log_message] [INFO] "GET /factory/intranet/data/?instance=undefined&database=undefined HTTP/1.1" 200 500
2023-05-10 09:51:57,836 [django.server:187] [basehttp:log_message] [INFO] "GET /factory/intranet/list/ HTTP/1.1" 200 24730
2023-05-10 09:51:57,858 [django.server:187] [basehttp:log_message] [WARNING] "GET /factory/intranet/static/images/logo-sm.png HTTP/1.1" 404 4298
2023-05-10 09:51:57,860 [django.server:187] [basehttp:log_message] [WARNING] "GET /factory/intranet/static/images/users/avatar-1.jpg HTTP/1.1" 404 4319
2023-05-10 09:51:57,883 [django.server:187] [basehttp:log_message] [INFO] "GET /static/fonts/dripicons-v2.woff HTTP/1.1" 200 26004
2023-05-10 09:51:57,884 [django.server:187] [basehttp:log_message] [INFO] "GET /static/fonts/mobirise.ttf?5dqoim HTTP/1.1" 200 54304
2023-05-10 09:51:58,119 [django.server:187] [basehttp:log_message] [WARNING] "GET /factory/intranet/static/images/favicon.ico HTTP/1.1" 404 4298
2023-05-10 09:55:47,632 [django.server:187] [basehttp:log_message] [INFO] "GET /factory/data_sync/ HTTP/1.1" 200 41525
2023-05-10 09:55:47,652 [django.server:187] [basehttp:log_message] [WARNING] "GET /factory/static/images/logo-sm.png HTTP/1.1" 404 4271
2023-05-10 09:55:47,659 [django.server:187] [basehttp:log_message] [WARNING] "GET /factory/static/images/users/avatar-1.jpg HTTP/1.1" 404 4292
2023-05-10 09:55:48,352 [django.server:187] [basehttp:log_message] [INFO] "GET /factory/sync/query_instance/?instance=null&database=null HTTP/1.1" 200 1532
2023-05-10 10:03:22,705 [django.server:187] [basehttp:log_message] [INFO] "GET /factory/intranet/data/?instance=undefined&database=undefined HTTP/1.1" 200 500
2023-05-10 10:04:38,133 [django.server:187] [basehttp:log_message] [INFO] "GET /factory/data_sync/ HTTP/1.1" 200 41623
2023-05-10 10:04:38,148 [django.server:187] [basehttp:log_message] [WARNING] "GET /factory/static/images/logo-sm.png HTTP/1.1" 404 4271
2023-05-10 10:04:38,163 [django.server:187] [basehttp:log_message] [WARNING] "GET /factory/static/images/users/avatar-1.jpg HTTP/1.1" 404 4292
2023-05-10 10:04:39,870 [django.server:187] [basehttp:log_message] [INFO] "GET /factory/sync/query_instance/?instance=null&database=null HTTP/1.1" 200 1532
2023-05-10 10:04:41,218 [django.server:187] [basehttp:log_message] [INFO] "GET /factory/intranet/data/?instance=undefined&database=undefined HTTP/1.1" 200 500
2023-05-10 10:12:53,035 [django.server:187] [basehttp:log_message] [WARNING] "GET /static/js/bootstrap-select.min.js.map HTTP/1.1" 404 1849
2023-05-10 10:13:16,450 [django.server:187] [basehttp:log_message] [INFO] "GET /factory/data_sync/ HTTP/1.1" 200 41689
2023-05-10 10:13:16,483 [django.server:187] [basehttp:log_message] [WARNING] "GET /factory/static/images/logo-sm.png HTTP/1.1" 404 4271
2023-05-10 10:13:16,483 [django.server:187] [basehttp:log_message] [WARNING] "GET /factory/static/images/users/avatar-1.jpg HTTP/1.1" 404 4292
2023-05-10 10:13:16,934 [django.server:187] [basehttp:log_message] [WARNING] "GET /static/js/bootstrap-select.min.js.map HTTP/1.1" 404 1849
2023-05-10 10:13:17,241 [django.server:187] [basehttp:log_message] [INFO] "GET /factory/sync/query_instance/?instance=null&database=null HTTP/1.1" 200 1532
2023-05-10 10:13:18,667 [django.server:187] [basehttp:log_message] [INFO] "GET /factory/intranet/data/?instance=undefined&database=undefined HTTP/1.1" 200 500
2023-05-10 10:14:36,633 [django.server:187] [basehttp:log_message] [INFO] "GET /factory/data_sync/ HTTP/1.1" 200 41690
2023-05-10 10:14:36,672 [django.server:187] [basehttp:log_message] [WARNING] "GET /factory/static/images/logo-sm.png HTTP/1.1" 404 4271
2023-05-10 10:14:36,673 [django.server:187] [basehttp:log_message] [WARNING] "GET /factory/static/images/users/avatar-1.jpg HTTP/1.1" 404 4292
2023-05-10 10:14:36,884 [django.server:187] [basehttp:log_message] [WARNING] "GET /static/js/bootstrap-select.min.js.map HTTP/1.1" 404 1849
2023-05-10 10:14:37,244 [django.server:187] [basehttp:log_message] [INFO] "GET /factory/sync/query_instance/?instance=null&database=null HTTP/1.1" 200 1532
2023-05-10 10:14:38,583 [django.server:187] [basehttp:log_message] [INFO] "GET /factory/intranet/data/?instance=undefined&database=undefined HTTP/1.1" 200 500
2023-05-10 13:39:54,757 [django.server:187] [basehttp:log_message] [INFO] "GET /factory/intranet/data/?instance=undefined&database=undefined HTTP/1.1" 200 500
2023-05-10 13:40:01,031 [django.server:187] [basehttp:log_message] [INFO] "GET /factory/data_sync/ HTTP/1.1" 200 41690
2023-05-10 13:40:01,081 [django.server:187] [basehttp:log_message] [WARNING] "GET /factory/static/images/users/avatar-1.jpg HTTP/1.1" 404 4292
2023-05-10 13:40:01,081 [django.server:187] [basehttp:log_message] [WARNING] "GET /factory/static/images/logo-sm.png HTTP/1.1" 404 4271
2023-05-10 13:40:01,499 [django.server:187] [basehttp:log_message] [INFO] "GET /factory/sync/query_instance/?instance=null&database=null HTTP/1.1" 200 1532
2023-05-10 13:40:02,923 [django.server:187] [basehttp:log_message] [INFO] "GET /factory/intranet/data/?instance=undefined&database=undefined HTTP/1.1" 200 500
2023-05-10 13:44:47,265 [django.utils.autoreload:266] [autoreload:trigger_reload] [INFO] D:\项目\data_factory_platform\data_sync\views.py changed, reloading.
