2023-04-19 15:51:29,027 [django.utils.autoreload:677] [autoreload:run_with_reloader] [INFO] Watching for file changes with StatReloader
2023-04-19 15:51:54,234 [django.utils.autoreload:266] [autoreload:trigger_reload] [INFO] D:\项目\data_factory_platform\data_sync\views.py changed, reloading.
2023-04-19 15:51:54,810 [django.utils.autoreload:677] [autoreload:run_with_reloader] [INFO] Watching for file changes with StatReloader
2023-04-19 15:52:29,184 [django.utils.autoreload:266] [autoreload:trigger_reload] [INFO] D:\项目\data_factory_platform\data_factory_platform\settings.py changed, reloading.
2023-04-19 15:52:29,715 [django.utils.autoreload:677] [autoreload:run_with_reloader] [INFO] Watching for file changes with StatReloader
2023-04-19 15:52:56,717 [django.utils.autoreload:266] [autoreload:trigger_reload] [INFO] D:\项目\data_factory_platform\data_factory_platform\settings.py changed, reloading.
2023-04-19 15:52:57,175 [django.utils.autoreload:677] [autoreload:run_with_reloader] [INFO] Watching for file changes with StatReloader
2023-04-19 15:59:49,380 [django.utils.autoreload:266] [autoreload:trigger_reload] [INFO] D:\项目\data_factory_platform\data_factory_platform\settings.py changed, reloading.
2023-04-19 15:59:49,947 [django.utils.autoreload:677] [autoreload:run_with_reloader] [INFO] Watching for file changes with StatReloader
2023-04-19 16:01:06,531 [django.utils.autoreload:266] [autoreload:trigger_reload] [INFO] D:\项目\data_factory_platform\data_factory_platform\settings.py changed, reloading.
2023-04-19 16:01:07,117 [django.utils.autoreload:677] [autoreload:run_with_reloader] [INFO] Watching for file changes with StatReloader
2023-04-19 16:01:37,344 [django.utils.autoreload:266] [autoreload:trigger_reload] [INFO] D:\项目\data_factory_platform\data_factory_platform\settings.py changed, reloading.
2023-04-19 16:01:37,902 [django.utils.autoreload:677] [autoreload:run_with_reloader] [INFO] Watching for file changes with StatReloader
2023-04-19 16:03:14,556 [django.utils.autoreload:266] [autoreload:trigger_reload] [INFO] D:\项目\data_factory_platform\data_sync\util\online_auth.py changed, reloading.
2023-04-19 16:03:15,182 [django.utils.autoreload:677] [autoreload:run_with_reloader] [INFO] Watching for file changes with StatReloader
2023-04-19 16:13:19,533 [django.utils.autoreload:266] [autoreload:trigger_reload] [INFO] D:\项目\data_factory_platform\data_sync\util\online_auth.py changed, reloading.
2023-04-19 16:13:20,092 [django.utils.autoreload:677] [autoreload:run_with_reloader] [INFO] Watching for file changes with StatReloader
2023-04-19 16:21:11,410 [django.utils.autoreload:266] [autoreload:trigger_reload] [INFO] D:\项目\data_factory_platform\data_sync\util\online_auth.py changed, reloading.
2023-04-19 16:21:11,947 [django.utils.autoreload:677] [autoreload:run_with_reloader] [INFO] Watching for file changes with StatReloader
2023-04-19 16:52:41,808 [django.utils.autoreload:266] [autoreload:trigger_reload] [INFO] D:\项目\data_factory_platform\data_sync\util\online_auth.py changed, reloading.
2023-04-19 16:52:42,363 [django.utils.autoreload:677] [autoreload:run_with_reloader] [INFO] Watching for file changes with StatReloader
2023-04-19 16:53:35,067 [django.utils.autoreload:266] [autoreload:trigger_reload] [INFO] D:\项目\data_factory_platform\data_sync\util\redis_handle.py changed, reloading.
2023-04-19 16:53:35,565 [django.utils.autoreload:677] [autoreload:run_with_reloader] [INFO] Watching for file changes with StatReloader
2023-04-19 16:54:05,759 [django.utils.autoreload:266] [autoreload:trigger_reload] [INFO] D:\项目\data_factory_platform\data_sync\util\redis_handle.py changed, reloading.
2023-04-19 16:54:06,290 [django.utils.autoreload:677] [autoreload:run_with_reloader] [INFO] Watching for file changes with StatReloader
2023-04-19 16:54:17,019 [django.utils.autoreload:266] [autoreload:trigger_reload] [INFO] D:\项目\data_factory_platform\data_sync\util\online_auth.py changed, reloading.
2023-04-19 16:54:17,510 [django.utils.autoreload:677] [autoreload:run_with_reloader] [INFO] Watching for file changes with StatReloader
2023-04-19 16:55:16,252 [django.utils.autoreload:266] [autoreload:trigger_reload] [INFO] D:\项目\data_factory_platform\data_sync\util\online_auth.py changed, reloading.
2023-04-19 16:55:16,801 [django.utils.autoreload:677] [autoreload:run_with_reloader] [INFO] Watching for file changes with StatReloader
2023-04-19 16:57:34,395 [django.utils.autoreload:266] [autoreload:trigger_reload] [INFO] D:\项目\data_factory_platform\data_sync\business\online_data_sync.py changed, reloading.
2023-04-19 16:57:34,909 [django.utils.autoreload:677] [autoreload:run_with_reloader] [INFO] Watching for file changes with StatReloader
2023-04-19 16:57:57,917 [django.utils.autoreload:266] [autoreload:trigger_reload] [INFO] D:\项目\data_factory_platform\data_sync\business\online_data_sync.py changed, reloading.
2023-04-19 16:57:58,396 [django.utils.autoreload:677] [autoreload:run_with_reloader] [INFO] Watching for file changes with StatReloader
2023-04-19 16:59:01,264 [django.utils.autoreload:266] [autoreload:trigger_reload] [INFO] D:\项目\data_factory_platform\data_sync\util\online_auth.py changed, reloading.
2023-04-19 16:59:01,770 [django.utils.autoreload:677] [autoreload:run_with_reloader] [INFO] Watching for file changes with StatReloader
2023-04-19 17:02:28,389 [django.utils.autoreload:266] [autoreload:trigger_reload] [INFO] D:\项目\data_factory_platform\data_sync\business\online_data_sync.py changed, reloading.
2023-04-19 17:02:28,998 [django.utils.autoreload:677] [autoreload:run_with_reloader] [INFO] Watching for file changes with StatReloader
2023-04-19 17:02:54,351 [django.server:187] [basehttp:log_message] [INFO] "GET /factory/index/ HTTP/1.1" 200 12866
2023-04-19 17:02:54,371 [django.server:187] [basehttp:log_message] [INFO] "GET /static/css/bootstrap.min.css HTTP/1.1" 304 0
2023-04-19 17:02:54,482 [django.server:187] [basehttp:log_message] [WARNING] "GET /factory/static/images/logo-sm.png HTTP/1.1" 404 3903
2023-04-19 17:02:54,482 [django.server:187] [basehttp:log_message] [WARNING] "GET /factory/static/images/users/avatar-1.jpg HTTP/1.1" 404 3924
2023-04-19 17:02:54,552 [django.server:187] [basehttp:log_message] [WARNING] "GET /factory/static/images/favicon.ico HTTP/1.1" 404 3903
2023-04-19 17:02:57,468 [django.server:187] [basehttp:log_message] [INFO] "GET /factory/data_sync/ HTTP/1.1" 200 21521
2023-04-19 17:02:57,492 [django.server:187] [basehttp:log_message] [WARNING] "GET /factory/static/images/logo-sm.png HTTP/1.1" 404 3903
2023-04-19 17:02:57,492 [django.server:187] [basehttp:log_message] [WARNING] "GET /factory/static/images/users/avatar-1.jpg HTTP/1.1" 404 3924
2023-04-19 17:02:57,659 [django.server:187] [basehttp:log_message] [ERROR] "GET //factory/sync/query_instance/?instance=null&database=null HTTP/1.1" 500 74342
2023-04-19 17:04:51,846 [django.utils.autoreload:266] [autoreload:trigger_reload] [INFO] D:\项目\data_factory_platform\data_sync\business\online_data_sync.py changed, reloading.
2023-04-19 17:04:52,369 [django.utils.autoreload:677] [autoreload:run_with_reloader] [INFO] Watching for file changes with StatReloader
2023-04-19 17:04:52,917 [django.server:187] [basehttp:log_message] [INFO] "GET /factory/data_sync/ HTTP/1.1" 200 21521
2023-04-19 17:04:52,936 [django.server:187] [basehttp:log_message] [WARNING] "GET /factory/static/images/users/avatar-1.jpg HTTP/1.1" 404 3924
2023-04-19 17:04:52,938 [django.server:187] [basehttp:log_message] [WARNING] "GET /factory/static/images/logo-sm.png HTTP/1.1" 404 3903
2023-04-19 17:04:53,225 [django.server:187] [basehttp:log_message] [INFO] "GET //factory/sync/query_instance/?instance=null&database=null HTTP/1.1" 200 1532
2023-04-19 17:04:55,885 [django.server:187] [basehttp:log_message] [INFO] "GET //factory/sync/query_db/?instance=nei-mysql-2.43&database=null HTTP/1.1" 200 1436
2023-04-19 17:04:59,096 [django.server:187] [basehttp:log_message] [INFO] "GET //factory/sync/query_tb/?instance=nei-mysql-2.43&database=mabang HTTP/1.1" 200 4723
2023-04-19 17:07:33,406 [django.server:187] [basehttp:log_message] [INFO] "GET /factory/intranet/list/ HTTP/1.1" 200 24205
2023-04-19 17:07:33,434 [django.server:187] [basehttp:log_message] [WARNING] "GET /factory/intranet/static/images/users/avatar-1.jpg HTTP/1.1" 404 3951
2023-04-19 17:07:33,434 [django.server:187] [basehttp:log_message] [WARNING] "GET /factory/intranet/static/images/logo-sm.png HTTP/1.1" 404 3930
2023-04-19 17:07:33,514 [django.server:187] [basehttp:log_message] [WARNING] "GET /factory/intranet/static/images/favicon.ico HTTP/1.1" 404 3930
2023-04-19 17:07:47,150 [django.server:187] [basehttp:log_message] [INFO] "GET /factory/data_sync/ HTTP/1.1" 200 21521
2023-04-19 17:07:47,179 [django.server:187] [basehttp:log_message] [WARNING] "GET /factory/static/images/users/avatar-1.jpg HTTP/1.1" 404 3924
2023-04-19 17:07:47,179 [django.server:187] [basehttp:log_message] [WARNING] "GET /factory/static/images/logo-sm.png HTTP/1.1" 404 3903
2023-04-19 17:07:47,503 [django.server:187] [basehttp:log_message] [INFO] "GET //factory/sync/query_instance/?instance=null&database=null HTTP/1.1" 200 1532
2023-04-19 17:08:06,736 [django.server:187] [basehttp:log_message] [INFO] "GET //factory/sync/query_db/?instance=nei-mysql-2.43&database=null HTTP/1.1" 200 1436
2023-04-19 17:08:14,267 [django.server:187] [basehttp:log_message] [INFO] "GET //factory/sync/query_tb/?instance=nei-mysql-2.43&database=mabang HTTP/1.1" 200 4723
2023-04-19 19:29:29,394 [django.server:187] [basehttp:log_message] [INFO] "GET /factory/data_sync/ HTTP/1.1" 200 21521
2023-04-19 19:29:29,422 [django.server:187] [basehttp:log_message] [WARNING] "GET /factory/static/images/logo-sm.png HTTP/1.1" 404 3903
2023-04-19 19:29:29,422 [django.server:187] [basehttp:log_message] [WARNING] "GET /factory/static/images/users/avatar-1.jpg HTTP/1.1" 404 3924
2023-04-19 19:29:29,801 [django.server:187] [basehttp:log_message] [INFO] "GET //factory/sync/query_instance/?instance=null&database=null HTTP/1.1" 200 1532
2023-04-19 19:29:49,992 [django.server:187] [basehttp:log_message] [INFO] "GET /factory/data_sync/ HTTP/1.1" 200 21521
2023-04-19 19:29:50,013 [django.server:187] [basehttp:log_message] [WARNING] "GET /factory/static/images/logo-sm.png HTTP/1.1" 404 3903
2023-04-19 19:29:50,014 [django.server:187] [basehttp:log_message] [WARNING] "GET /factory/static/images/users/avatar-1.jpg HTTP/1.1" 404 3924
2023-04-19 19:29:50,299 [django.server:187] [basehttp:log_message] [INFO] "GET //factory/sync/query_instance/?instance=null&database=null HTTP/1.1" 200 1532
2023-04-19 19:31:07,845 [django.server:187] [basehttp:log_message] [INFO] "GET /factory/data_sync/ HTTP/1.1" 200 21739
2023-04-19 19:31:07,872 [django.server:187] [basehttp:log_message] [WARNING] "GET /factory/static/images/users/avatar-1.jpg HTTP/1.1" 404 3924
2023-04-19 19:31:07,873 [django.server:187] [basehttp:log_message] [WARNING] "GET /factory/static/images/logo-sm.png HTTP/1.1" 404 3903
2023-04-19 19:31:08,362 [django.server:187] [basehttp:log_message] [INFO] "GET //factory/sync/query_instance/?instance=null&database=null HTTP/1.1" 200 1532
2023-04-19 19:36:46,319 [django.server:187] [basehttp:log_message] [INFO] "GET /factory/data_sync/ HTTP/1.1" 200 21848
2023-04-19 19:36:46,340 [django.server:187] [basehttp:log_message] [WARNING] "GET /factory/static/images/logo-sm.png HTTP/1.1" 404 3903
2023-04-19 19:36:46,341 [django.server:187] [basehttp:log_message] [WARNING] "GET /factory/static/images/users/avatar-1.jpg HTTP/1.1" 404 3924
2023-04-19 19:36:46,624 [django.server:187] [basehttp:log_message] [INFO] "GET //factory/sync/query_instance/?instance=null&database=null HTTP/1.1" 200 1532
2023-04-19 19:37:50,377 [django.server:187] [basehttp:log_message] [INFO] "GET /factory/data_sync/ HTTP/1.1" 200 21981
2023-04-19 19:37:50,400 [django.server:187] [basehttp:log_message] [WARNING] "GET /factory/static/images/logo-sm.png HTTP/1.1" 404 3903
2023-04-19 19:37:50,400 [django.server:187] [basehttp:log_message] [WARNING] "GET /factory/static/images/users/avatar-1.jpg HTTP/1.1" 404 3924
2023-04-19 19:37:50,675 [django.server:187] [basehttp:log_message] [INFO] "GET //factory/sync/query_instance/?instance=null&database=null HTTP/1.1" 200 1532
2023-04-19 19:39:58,189 [django.server:187] [basehttp:log_message] [INFO] "GET /factory/data_sync/ HTTP/1.1" 200 22243
2023-04-19 19:39:58,213 [django.server:187] [basehttp:log_message] [WARNING] "GET /factory/static/images/logo-sm.png HTTP/1.1" 404 3903
2023-04-19 19:39:58,213 [django.server:187] [basehttp:log_message] [WARNING] "GET /factory/static/images/users/avatar-1.jpg HTTP/1.1" 404 3924
2023-04-19 19:39:58,642 [django.server:187] [basehttp:log_message] [INFO] "GET //factory/sync/query_instance/?instance=null&database=null HTTP/1.1" 200 1532
2023-04-19 19:42:14,952 [django.server:187] [basehttp:log_message] [INFO] "GET /factory/data_sync/ HTTP/1.1" 200 22196
2023-04-19 19:42:14,974 [django.server:187] [basehttp:log_message] [WARNING] "GET /factory/static/images/users/avatar-1.jpg HTTP/1.1" 404 3924
2023-04-19 19:42:14,974 [django.server:187] [basehttp:log_message] [WARNING] "GET /factory/static/images/logo-sm.png HTTP/1.1" 404 3903
2023-04-19 19:42:16,455 [django.server:187] [basehttp:log_message] [INFO] "GET //factory/sync/query_instance/?instance=null&database=null HTTP/1.1" 200 1532
2023-04-19 19:43:51,678 [django.server:187] [basehttp:log_message] [INFO] "GET /factory/data_sync/ HTTP/1.1" 200 22152
2023-04-19 19:43:51,701 [django.server:187] [basehttp:log_message] [WARNING] "GET /factory/static/images/logo-sm.png HTTP/1.1" 404 3903
2023-04-19 19:43:51,702 [django.server:187] [basehttp:log_message] [WARNING] "GET /factory/static/images/users/avatar-1.jpg HTTP/1.1" 404 3924
2023-04-19 19:43:52,127 [django.server:187] [basehttp:log_message] [INFO] "GET //factory/sync/query_instance/?instance=null&database=null HTTP/1.1" 200 1532
2023-04-20 16:50:15,255 [django.server:187] [basehttp:log_message] [INFO] "GET /factory/intranet/list/ HTTP/1.1" 200 24205
2023-04-20 16:50:15,393 [django.server:187] [basehttp:log_message] [INFO] "GET /static/plugins/fullcalendar/css/fullcalendar.min.css HTTP/1.1" 200 13709
2023-04-20 16:50:15,397 [django.server:187] [basehttp:log_message] [INFO] "GET /static/css/bootstrap.min.css HTTP/1.1" 200 203848
2023-04-20 16:50:15,400 [django.server:187] [basehttp:log_message] [INFO] "GET /static/css/style.css HTTP/1.1" 200 83156
2023-04-20 16:50:15,403 [django.server:187] [basehttp:log_message] [INFO] "GET /static/css/icons.css HTTP/1.1" 200 253084
2023-04-20 16:50:15,421 [django.server:187] [basehttp:log_message] [INFO] "GET /static/js/jquery.scrollTo.min.js HTTP/1.1" 200 2447
2023-04-20 16:50:15,424 [django.server:187] [basehttp:log_message] [INFO] "GET /static/js/jquery.slimscroll.js HTTP/1.1" 200 13832
2023-04-20 16:50:15,430 [django.server:187] [basehttp:log_message] [INFO] "GET /static/js/modernizr.min.js HTTP/1.1" 200 11084
2023-04-20 16:50:15,434 [django.server:187] [basehttp:log_message] [INFO] "GET /static/js/jquery.nicescroll.js HTTP/1.1" 200 119939
2023-04-20 16:50:15,447 [django.server:187] [basehttp:log_message] [INFO] "GET /static/js/jquery.min.js HTTP/1.1" 200 135233
2023-04-20 16:50:15,458 [django.server:187] [basehttp:log_message] [INFO] "GET /static/js/waves.js HTTP/1.1" 200 69263
2023-04-20 16:50:15,464 [django.server:187] [basehttp:log_message] [INFO] "GET /static/pages/calendar-init.js HTTP/1.1" 200 5502
2023-04-20 16:50:15,467 [django.server:187] [basehttp:log_message] [INFO] "GET /static/plugins/moment/moment.js HTTP/1.1" 200 150941
2023-04-20 16:50:15,487 [django.server:187] [basehttp:log_message] [INFO] "GET /static/js/app.js HTTP/1.1" 200 6452
2023-04-20 16:50:15,490 [django.server:187] [basehttp:log_message] [WARNING] "GET /factory/intranet/static/images/logo-sm.png HTTP/1.1" 404 3930
2023-04-20 16:50:15,491 [django.server:187] [basehttp:log_message] [WARNING] "GET /factory/intranet/static/images/users/avatar-1.jpg HTTP/1.1" 404 3951
2023-04-20 16:50:15,492 [django.server:187] [basehttp:log_message] [INFO] "GET /static/plugins/fullcalendar/js/fullcalendar.min.js HTTP/1.1" 200 118884
2023-04-20 16:50:15,492 [django.server:187] [basehttp:log_message] [INFO] "GET /static/js/bootstrap.bundle.js HTTP/1.1" 200 228437
2023-04-20 16:50:15,497 [django.server:187] [basehttp:log_message] [INFO] "GET /static/plugins/jquery-ui/jquery-ui.min.js HTTP/1.1" 200 253668
2023-04-20 16:50:16,121 [django.server:187] [basehttp:log_message] [INFO] "GET /static/fonts/dripicons-v2.woff HTTP/1.1" 200 26004
2023-04-20 16:50:16,121 [django.server:187] [basehttp:log_message] [INFO] "GET /static/fonts/mobirise.ttf?5dqoim HTTP/1.1" 200 54304
2023-04-20 16:50:16,123 [django.server:187] [basehttp:log_message] [INFO] "GET /static/fonts/ionicons.ttf?v=1.5.0 HTTP/1.1" 200 164548
2023-04-20 16:50:16,123 [django.server:187] [basehttp:log_message] [INFO] "GET /static/fonts/materialdesignicons-webfont.woff2?v=1.6.50 HTTP/1.1" 200 90140
2023-04-20 16:50:16,558 [django.server:187] [basehttp:log_message] [WARNING] "GET /factory/intranet/static/images/favicon.ico HTTP/1.1" 404 3930
2023-04-20 16:50:22,682 [django.server:187] [basehttp:log_message] [INFO] "GET /factory/data_sync/ HTTP/1.1" 200 22151
2023-04-20 16:50:22,709 [django.server:187] [basehttp:log_message] [WARNING] "GET /factory/static/images/logo-sm.png HTTP/1.1" 404 3903
2023-04-20 16:50:22,709 [django.server:187] [basehttp:log_message] [WARNING] "GET /factory/static/images/users/avatar-1.jpg HTTP/1.1" 404 3924
2023-04-20 16:50:23,907 [django.server:187] [basehttp:log_message] [ERROR] "GET //factory/sync/query_instance/?instance=null&database=null HTTP/1.1" 500 114288
2023-04-20 16:50:23,940 [django.server:187] [basehttp:log_message] [WARNING] "GET /factory/static/images/favicon.ico HTTP/1.1" 404 3903
2023-04-20 16:53:44,971 [django.server:187] [basehttp:log_message] [INFO] "GET /factory/data_sync/ HTTP/1.1" 200 22151
2023-04-20 16:53:45,071 [django.server:187] [basehttp:log_message] [INFO] "GET /static/plugins/fullcalendar/css/fullcalendar.min.css HTTP/1.1" 200 13709
2023-04-20 16:53:45,076 [django.server:187] [basehttp:log_message] [INFO] "GET /static/css/bootstrap.min.css HTTP/1.1" 200 203848
2023-04-20 16:53:45,076 [django.server:187] [basehttp:log_message] [INFO] "GET /static/css/icons.css HTTP/1.1" 200 253084
2023-04-20 16:53:45,078 [django.server:187] [basehttp:log_message] [INFO] "GET /static/css/style.css HTTP/1.1" 200 83156
2023-04-20 16:53:45,083 [django.server:187] [basehttp:log_message] [INFO] "GET /static/js/jquery.min.js HTTP/1.1" 200 135233
2023-04-20 16:53:45,084 [django.server:187] [basehttp:log_message] [INFO] "GET /static/js/bootstrap.bundle.js HTTP/1.1" 200 228437
2023-04-20 16:53:45,090 [django.server:187] [basehttp:log_message] [INFO] "GET /static/js/jquery.scrollTo.min.js HTTP/1.1" 200 2447
2023-04-20 16:53:45,090 [django.server:187] [basehttp:log_message] [INFO] "GET /static/js/jquery.slimscroll.js HTTP/1.1" 200 13832
2023-04-20 16:53:45,091 [django.server:187] [basehttp:log_message] [INFO] "GET /static/js/modernizr.min.js HTTP/1.1" 200 11084
2023-04-20 16:53:45,091 [django.server:187] [basehttp:log_message] [INFO] "GET /static/js/waves.js HTTP/1.1" 200 69263
2023-04-20 16:53:45,092 [django.server:187] [basehttp:log_message] [INFO] "GET /static/js/jquery.nicescroll.js HTTP/1.1" 200 119939
2023-04-20 16:53:45,093 [django.server:187] [basehttp:log_message] [INFO] "GET /static/plugins/jquery-ui/jquery-ui.min.js HTTP/1.1" 200 253668
2023-04-20 16:53:45,097 [django.server:187] [basehttp:log_message] [INFO] "GET /static/pages/calendar-init.js HTTP/1.1" 200 5502
2023-04-20 16:53:45,104 [django.server:187] [basehttp:log_message] [INFO] "GET /static/js/app.js HTTP/1.1" 200 6452
2023-04-20 16:53:45,107 [django.server:187] [basehttp:log_message] [WARNING] "GET /factory/static/images/logo-sm.png HTTP/1.1" 404 3903
2023-04-20 16:53:45,107 [django.server:187] [basehttp:log_message] [INFO] "GET /static/plugins/fullcalendar/js/fullcalendar.min.js HTTP/1.1" 200 118884
2023-04-20 16:53:45,107 [django.server:187] [basehttp:log_message] [INFO] "GET /static/plugins/moment/moment.js HTTP/1.1" 200 150941
2023-04-20 16:53:45,110 [django.server:187] [basehttp:log_message] [WARNING] "GET /factory/static/images/users/avatar-1.jpg HTTP/1.1" 404 3924
2023-04-20 16:53:46,576 [django.server:187] [basehttp:log_message] [INFO] "GET /static/fonts/dripicons-v2.woff HTTP/1.1" 200 26004
2023-04-20 16:53:46,577 [django.server:187] [basehttp:log_message] [INFO] "GET /static/fonts/materialdesignicons-webfont.woff2?v=1.6.50 HTTP/1.1" 200 90140
2023-04-20 16:53:46,577 [django.server:187] [basehttp:log_message] [INFO] "GET /static/fonts/ionicons.ttf?v=1.5.0 HTTP/1.1" 200 164548
2023-04-20 16:53:51,140 [django.server:187] [basehttp:log_message] [INFO] "GET /factory/index/ HTTP/1.1" 200 12866
2023-04-20 16:53:51,167 [django.server:187] [basehttp:log_message] [WARNING] "GET /factory/static/images/logo-sm.png HTTP/1.1" 404 3903
2023-04-20 16:53:51,189 [django.server:187] [basehttp:log_message] [WARNING] "GET /factory/static/images/users/avatar-1.jpg HTTP/1.1" 404 3924
2023-04-20 16:54:17,988 [django.server:187] [basehttp:log_message] [INFO] "GET /static/css/style.css.map HTTP/1.1" 200 91053
2023-04-20 16:54:17,989 [django.server:187] [basehttp:log_message] [INFO] "GET /static/css/icons.css.map HTTP/1.1" 200 301689
2023-04-20 16:54:17,993 [django.server:187] [basehttp:log_message] [INFO] "GET /static/css/bootstrap.min.css.map HTTP/1.1" 200 646357
2023-04-20 16:54:17,997 [django.server:187] [basehttp:log_message] [INFO] "GET /static/js/bootstrap.bundle.js.map HTTP/1.1" 200 410255
2023-04-20 16:55:10,597 [django.server:187] [basehttp:log_message] [INFO] "GET /factory/index/ HTTP/1.1" 200 12866
2023-04-20 16:55:10,646 [django.server:187] [basehttp:log_message] [WARNING] "GET /factory/static/images/users/avatar-1.jpg HTTP/1.1" 404 3924
2023-04-20 16:55:10,648 [django.server:187] [basehttp:log_message] [WARNING] "GET /factory/static/images/logo-sm.png HTTP/1.1" 404 3903
2023-04-20 16:55:33,992 [django.server:187] [basehttp:log_message] [INFO] "GET /factory/data_sync/ HTTP/1.1" 200 22151
2023-04-20 16:55:34,022 [django.server:187] [basehttp:log_message] [WARNING] "GET /factory/static/images/logo-sm.png HTTP/1.1" 404 3903
2023-04-20 16:55:34,023 [django.server:187] [basehttp:log_message] [WARNING] "GET /factory/static/images/users/avatar-1.jpg HTTP/1.1" 404 3924
2023-04-20 16:55:39,154 [django.server:187] [basehttp:log_message] [INFO] "GET /static/css/style.css.map HTTP/1.1" 200 91053
2023-04-20 16:55:39,157 [django.server:187] [basehttp:log_message] [INFO] "GET /static/css/icons.css.map HTTP/1.1" 200 301689
2023-04-20 16:55:39,158 [django.server:187] [basehttp:log_message] [INFO] "GET /static/css/bootstrap.min.css.map HTTP/1.1" 200 646357
2023-04-20 16:55:55,186 [django.server:187] [basehttp:log_message] [INFO] "GET /static/js/bootstrap.bundle.js.map HTTP/1.1" 200 410255
2023-04-20 16:55:56,053 [django.server:187] [basehttp:log_message] [INFO] "GET //factory/sync/query_instance/?instance=null&database=null HTTP/1.1" 200 1532
2023-04-20 16:56:18,599 [django.server:187] [basehttp:log_message] [INFO] "GET /factory/data_sync/ HTTP/1.1" 200 22151
2023-04-20 16:56:18,620 [django.server:187] [basehttp:log_message] [WARNING] "GET /factory/static/images/logo-sm.png HTTP/1.1" 404 3903
2023-04-20 16:56:18,637 [django.server:187] [basehttp:log_message] [WARNING] "GET /factory/static/images/users/avatar-1.jpg HTTP/1.1" 404 3924
2023-04-20 16:56:40,059 [django.server:187] [basehttp:log_message] [INFO] "GET //factory/sync/query_instance/?instance=null&database=null HTTP/1.1" 200 1532
2023-04-20 16:58:03,073 [django.server:187] [basehttp:log_message] [INFO] "GET /factory/data_sync/ HTTP/1.1" 200 22068
2023-04-20 16:58:03,105 [django.server:187] [basehttp:log_message] [INFO] "GET /static/css/bootstrap-select.min.css HTTP/1.1" 200 13641
2023-04-20 16:58:03,125 [django.server:187] [basehttp:log_message] [WARNING] "GET /factory/static/images/logo-sm.png HTTP/1.1" 404 3903
2023-04-20 16:58:03,129 [django.server:187] [basehttp:log_message] [WARNING] "GET /factory/static/images/users/avatar-1.jpg HTTP/1.1" 404 3924
2023-04-20 16:58:03,141 [django.server:187] [basehttp:log_message] [INFO] "GET /static/js/bootstrap-select.min.js HTTP/1.1" 200 80683
2023-04-20 16:58:03,264 [django.server:187] [basehttp:log_message] [WARNING] "GET /static/js/bootstrap-select.min.js.map HTTP/1.1" 404 1849
2023-04-20 16:58:03,480 [django.server:187] [basehttp:log_message] [INFO] "GET //factory/sync/query_instance/?instance=null&database=null HTTP/1.1" 200 1532
2023-04-20 16:58:07,223 [django.server:187] [basehttp:log_message] [INFO] "GET //factory/sync/query_db/?instance=nei-mysql-2.43&database=null HTTP/1.1" 200 1436
2023-04-20 16:58:09,802 [django.server:187] [basehttp:log_message] [INFO] "GET //factory/sync/query_tb/?instance=nei-mysql-2.43&database=mabang_account HTTP/1.1" 200 524
2023-04-20 17:14:55,627 [django.server:187] [basehttp:log_message] [INFO] "GET /factory/data_sync/ HTTP/1.1" 200 22068
2023-04-20 17:14:55,645 [django.server:187] [basehttp:log_message] [INFO] "GET /static/css/bootstrap-select.min.css HTTP/1.1" 200 13641
2023-04-20 17:14:55,653 [django.server:187] [basehttp:log_message] [WARNING] "GET /factory/static/images/logo-sm.png HTTP/1.1" 404 3903
2023-04-20 17:14:55,666 [django.server:187] [basehttp:log_message] [INFO] "GET /static/js/bootstrap-select.min.js HTTP/1.1" 200 80683
2023-04-20 17:14:55,667 [django.server:187] [basehttp:log_message] [WARNING] "GET /factory/static/images/users/avatar-1.jpg HTTP/1.1" 404 3924
2023-04-20 17:14:55,833 [django.server:187] [basehttp:log_message] [WARNING] "GET /static/js/bootstrap-select.min.js.map HTTP/1.1" 404 1849
2023-04-20 17:14:56,099 [django.server:187] [basehttp:log_message] [INFO] "GET //factory/sync/query_instance/?instance=null&database=null HTTP/1.1" 200 1532
2023-04-20 17:16:54,187 [django.server:187] [basehttp:log_message] [INFO] "GET /factory/intranet/list/ HTTP/1.1" 200 24122
2023-04-20 17:16:54,227 [django.server:187] [basehttp:log_message] [WARNING] "GET /factory/intranet/static/images/users/avatar-1.jpg HTTP/1.1" 404 3951
2023-04-20 17:16:54,227 [django.server:187] [basehttp:log_message] [WARNING] "GET /factory/intranet/static/images/logo-sm.png HTTP/1.1" 404 3930
2023-04-20 17:16:54,380 [django.server:187] [basehttp:log_message] [WARNING] "GET /static/js/bootstrap-select.min.js.map HTTP/1.1" 404 1849
2023-04-21 09:56:27,884 [django.server:187] [basehttp:log_message] [INFO] "GET /factory/data_sync/ HTTP/1.1" 200 22046
2023-04-21 09:56:27,910 [django.server:187] [basehttp:log_message] [INFO] "GET /static/plugins/fullcalendar/css/fullcalendar.min.css HTTP/1.1" 200 13709
2023-04-21 09:56:27,913 [django.server:187] [basehttp:log_message] [INFO] "GET /static/css/bootstrap.min.css HTTP/1.1" 200 203848
2023-04-21 09:56:27,916 [django.server:187] [basehttp:log_message] [INFO] "GET /static/css/bootstrap-select.min.css HTTP/1.1" 200 13641
2023-04-21 09:56:27,921 [django.server:187] [basehttp:log_message] [INFO] "GET /static/css/icons.css HTTP/1.1" 200 253084
2023-04-21 09:56:27,932 [django.server:187] [basehttp:log_message] [INFO] "GET /static/css/style.css HTTP/1.1" 200 83156
2023-04-21 09:56:27,948 [django.server:187] [basehttp:log_message] [INFO] "GET /static/js/jquery.scrollTo.min.js HTTP/1.1" 200 2447
2023-04-21 09:56:27,955 [django.server:187] [basehttp:log_message] [INFO] "GET /static/js/modernizr.min.js HTTP/1.1" 200 11084
2023-04-21 09:56:27,955 [django.server:187] [basehttp:log_message] [INFO] "GET /static/js/jquery.slimscroll.js HTTP/1.1" 200 13832
2023-04-21 09:56:27,968 [django.server:187] [basehttp:log_message] [INFO] "GET /static/js/jquery.nicescroll.js HTTP/1.1" 200 119939
2023-04-21 09:56:27,972 [django.server:187] [basehttp:log_message] [INFO] "GET /static/js/bootstrap-select.min.js HTTP/1.1" 200 80683
2023-04-21 09:56:27,992 [django.server:187] [basehttp:log_message] [INFO] "GET /static/js/jquery.min.js HTTP/1.1" 200 135233
2023-04-21 09:56:27,996 [django.server:187] [basehttp:log_message] [INFO] "GET /static/js/waves.js HTTP/1.1" 200 69263
2023-04-21 09:56:28,013 [django.server:187] [basehttp:log_message] [INFO] "GET /static/plugins/moment/moment.js HTTP/1.1" 200 150941
2023-04-21 09:56:28,014 [django.server:187] [basehttp:log_message] [INFO] "GET /static/js/bootstrap.bundle.js HTTP/1.1" 200 228437
2023-04-21 09:56:28,022 [django.server:187] [basehttp:log_message] [INFO] "GET /static/pages/calendar-init.js HTTP/1.1" 200 5502
2023-04-21 09:56:28,025 [django.server:187] [basehttp:log_message] [INFO] "GET /static/js/app.js HTTP/1.1" 200 6452
2023-04-21 09:56:28,027 [django.server:187] [basehttp:log_message] [INFO] "GET /static/plugins/fullcalendar/js/fullcalendar.min.js HTTP/1.1" 200 118884
2023-04-21 09:56:28,035 [django.server:187] [basehttp:log_message] [WARNING] "GET /factory/static/images/users/avatar-1.jpg HTTP/1.1" 404 3924
2023-04-21 09:56:28,036 [django.server:187] [basehttp:log_message] [WARNING] "GET /factory/static/images/logo-sm.png HTTP/1.1" 404 3903
2023-04-21 09:56:28,040 [django.server:187] [basehttp:log_message] [INFO] "GET /static/plugins/jquery-ui/jquery-ui.min.js HTTP/1.1" 200 253668
2023-04-21 09:56:28,129 [django.server:187] [basehttp:log_message] [INFO] "GET /static/fonts/ionicons.ttf?v=1.5.0 HTTP/1.1" 200 164548
2023-04-21 09:56:28,130 [django.server:187] [basehttp:log_message] [INFO] "GET /static/fonts/materialdesignicons-webfont.woff2?v=1.6.50 HTTP/1.1" 200 90140
2023-04-21 09:56:28,132 [django.server:187] [basehttp:log_message] [INFO] "GET /static/css/style.css.map HTTP/1.1" 200 91053
2023-04-21 09:56:28,135 [django.server:187] [basehttp:log_message] [INFO] "GET /static/css/icons.css.map HTTP/1.1" 200 301689
2023-04-21 09:56:28,137 [django.server:187] [basehttp:log_message] [INFO] "GET /static/css/bootstrap.min.css.map HTTP/1.1" 200 646357
2023-04-21 09:56:28,141 [django.server:187] [basehttp:log_message] [INFO] "GET /static/fonts/dripicons-v2.woff HTTP/1.1" 200 26004
2023-04-21 09:56:28,647 [django.server:187] [basehttp:log_message] [INFO] "GET /static/js/bootstrap.bundle.js.map HTTP/1.1" 200 410255
2023-04-21 09:56:28,668 [django.server:187] [basehttp:log_message] [WARNING] "GET /static/js/bootstrap-select.min.js.map HTTP/1.1" 404 1849
2023-04-21 09:56:29,509 [django.server:187] [basehttp:log_message] [ERROR] "GET //factory/sync/query_instance/?instance=null&database=null HTTP/1.1" 500 114923
2023-04-21 09:56:29,540 [django.server:187] [basehttp:log_message] [WARNING] "GET /factory/static/images/favicon.ico HTTP/1.1" 404 3903
2023-04-21 09:58:55,513 [django.server:187] [basehttp:log_message] [INFO] "GET /factory/data_sync/ HTTP/1.1" 200 21875
2023-04-21 09:58:55,561 [django.server:187] [basehttp:log_message] [WARNING] "GET /factory/static/images/logo-sm.png HTTP/1.1" 404 3903
2023-04-21 09:58:55,562 [django.server:187] [basehttp:log_message] [WARNING] "GET /factory/static/images/users/avatar-1.jpg HTTP/1.1" 404 3924
2023-04-21 09:58:55,740 [django.server:187] [basehttp:log_message] [WARNING] "GET /static/js/bootstrap-select.min.js.map HTTP/1.1" 404 1849
2023-04-21 09:58:56,184 [django.server:187] [basehttp:log_message] [ERROR] "GET //factory/sync/query_instance/?instance=null&database=null HTTP/1.1" 500 114923
2023-04-21 09:59:55,911 [django.server:187] [basehttp:log_message] [INFO] "GET /factory/data_sync/ HTTP/1.1" 200 21875
2023-04-21 09:59:55,953 [django.server:187] [basehttp:log_message] [WARNING] "GET /factory/static/images/logo-sm.png HTTP/1.1" 404 3903
2023-04-21 09:59:55,953 [django.server:187] [basehttp:log_message] [WARNING] "GET /factory/static/images/users/avatar-1.jpg HTTP/1.1" 404 3924
2023-04-21 09:59:56,079 [django.server:187] [basehttp:log_message] [WARNING] "GET /static/js/bootstrap-select.min.js.map HTTP/1.1" 404 1849
2023-04-21 09:59:56,325 [django.server:187] [basehttp:log_message] [INFO] "GET //factory/sync/query_instance/?instance=null&database=null HTTP/1.1" 200 1532
2023-04-21 10:00:00,617 [django.server:187] [basehttp:log_message] [INFO] "GET //factory/sync/query_db/?instance=nei-mysql-2.43&database=null HTTP/1.1" 200 1436
2023-04-21 11:48:23,067 [django.server:187] [basehttp:log_message] [INFO] "GET /factory/data_sync/ HTTP/1.1" 200 21875
2023-04-21 11:48:23,088 [django.server:187] [basehttp:log_message] [INFO] "GET /static/plugins/fullcalendar/css/fullcalendar.min.css HTTP/1.1" 200 13709
2023-04-21 11:48:23,096 [django.server:187] [basehttp:log_message] [INFO] "GET /static/js/bootstrap-select.min.js HTTP/1.1" 304 0
2023-04-21 11:48:23,097 [django.server:187] [basehttp:log_message] [INFO] "GET /static/js/jquery.min.js HTTP/1.1" 304 0
2023-04-21 11:48:23,097 [django.server:187] [basehttp:log_message] [INFO] "GET /static/css/bootstrap-select.min.css HTTP/1.1" 200 13641
2023-04-21 11:48:23,105 [django.server:187] [basehttp:log_message] [INFO] "GET /static/css/style.css HTTP/1.1" 200 83156
2023-04-21 11:48:23,117 [django.server:187] [basehttp:log_message] [WARNING] "GET /factory/static/images/logo-sm.png HTTP/1.1" 404 3903
2023-04-21 11:48:23,120 [django.server:187] [basehttp:log_message] [WARNING] "GET /factory/static/images/users/avatar-1.jpg HTTP/1.1" 404 3924
2023-04-21 11:48:23,121 [django.server:187] [basehttp:log_message] [INFO] "GET /static/css/bootstrap.min.css HTTP/1.1" 200 203848
2023-04-21 11:48:23,121 [django.server:187] [basehttp:log_message] [INFO] "GET /static/css/icons.css HTTP/1.1" 200 253084
2023-04-21 11:48:24,045 [django.server:187] [basehttp:log_message] [INFO] "GET //factory/sync/query_instance/?instance=null&database=null HTTP/1.1" 200 1532
2023-04-23 14:58:28,253 [django.utils.autoreload:266] [autoreload:trigger_reload] [INFO] D:\项目\data_factory_platform\data_sync\util\online_auth.py changed, reloading.
