2023-05-15 11:44:55,425 [django.utils.autoreload:677] [autoreload:run_with_reloader] [INFO] Watching for file changes with StatReloader
2023-05-15 14:10:30,417 [django.utils.autoreload:677] [autoreload:run_with_reloader] [INFO] Watching for file changes with StatReloader
2023-05-15 14:13:08,420 [django.server:187] [basehttp:log_message] [INFO] "GET /login/ HTTP/1.1" 200 1351
2023-05-15 14:13:08,451 [django.server:187] [basehttp:log_message] [INFO] "GET /static/css/bootstrap.min.css HTTP/1.1" 304 0
2023-05-15 14:13:08,454 [django.server:187] [basehttp:log_message] [INFO] "GET /static/js/bootstrap.min.js HTTP/1.1" 304 0
2023-05-15 14:13:08,455 [django.server:187] [basehttp:log_message] [INFO] "GET /static/js/jquery.min.js HTTP/1.1" 304 0
2023-05-15 14:13:08,590 [django.server:187] [basehttp:log_message] [WARNING] "GET /static/css/images/login-icons.png HTTP/1.1" 404 1837
2023-05-15 14:13:11,465 [django.security.csrf:241] [log:log_response] [WARNING] Forbidden (CSRF token missing.): /login/
2023-05-15 14:13:11,465 [django.server:187] [basehttp:log_message] [WARNING] "POST /login/ HTTP/1.1" 403 2501
2023-05-15 14:13:23,989 [django.server:187] [basehttp:log_message] [INFO] "GET /register/ HTTP/1.1" 200 1580
2023-05-15 14:13:24,021 [django.server:187] [basehttp:log_message] [WARNING] "GET /static/bootstrap/js/bootstrap.min.js HTTP/1.1" 404 1846
2023-05-15 14:13:24,022 [django.server:187] [basehttp:log_message] [WARNING] "GET /static/base/js/jquery-3.6.3.js HTTP/1.1" 404 1828
2023-05-15 14:13:24,023 [django.server:187] [basehttp:log_message] [WARNING] "GET /static/bootstrap/js/popper.js HTTP/1.1" 404 1825
2023-05-15 14:13:29,628 [django.server:187] [basehttp:log_message] [INFO] "GET /login/ HTTP/1.1" 200 1351
2023-05-15 14:21:13,015 [django.utils.autoreload:266] [autoreload:trigger_reload] [INFO] D:\项目\data_factory_platform\accredit\views.py changed, reloading.
2023-05-15 14:21:14,050 [django.utils.autoreload:677] [autoreload:run_with_reloader] [INFO] Watching for file changes with StatReloader
2023-05-15 14:21:56,947 [django.utils.autoreload:266] [autoreload:trigger_reload] [INFO] D:\项目\data_factory_platform\accredit\views.py changed, reloading.
2023-05-15 14:21:57,727 [django.utils.autoreload:677] [autoreload:run_with_reloader] [INFO] Watching for file changes with StatReloader
2023-05-15 14:22:03,494 [django.utils.autoreload:266] [autoreload:trigger_reload] [INFO] D:\项目\data_factory_platform\accredit\views.py changed, reloading.
2023-05-15 14:22:04,159 [django.utils.autoreload:677] [autoreload:run_with_reloader] [INFO] Watching for file changes with StatReloader
2023-05-15 14:23:24,610 [django.utils.autoreload:266] [autoreload:trigger_reload] [INFO] D:\项目\data_factory_platform\accredit\views.py changed, reloading.
2023-05-15 14:23:25,313 [django.utils.autoreload:677] [autoreload:run_with_reloader] [INFO] Watching for file changes with StatReloader
2023-05-15 14:23:43,204 [django.utils.autoreload:266] [autoreload:trigger_reload] [INFO] D:\项目\data_factory_platform\accredit\views.py changed, reloading.
2023-05-15 14:23:43,774 [django.utils.autoreload:677] [autoreload:run_with_reloader] [INFO] Watching for file changes with StatReloader
2023-05-15 14:24:22,433 [django.utils.autoreload:266] [autoreload:trigger_reload] [INFO] D:\项目\data_factory_platform\accredit\views.py changed, reloading.
2023-05-15 14:24:23,097 [django.utils.autoreload:677] [autoreload:run_with_reloader] [INFO] Watching for file changes with StatReloader
2023-05-15 14:25:42,888 [django.utils.autoreload:266] [autoreload:trigger_reload] [INFO] D:\项目\data_factory_platform\accredit\views.py changed, reloading.
2023-05-15 14:25:43,782 [django.utils.autoreload:677] [autoreload:run_with_reloader] [INFO] Watching for file changes with StatReloader
2023-05-15 14:25:55,834 [django.utils.autoreload:266] [autoreload:trigger_reload] [INFO] D:\项目\data_factory_platform\accredit\views.py changed, reloading.
2023-05-15 14:25:56,488 [django.utils.autoreload:677] [autoreload:run_with_reloader] [INFO] Watching for file changes with StatReloader
2023-05-15 14:28:31,724 [django.utils.autoreload:266] [autoreload:trigger_reload] [INFO] D:\项目\data_factory_platform\accredit\util\jwt_auth.py changed, reloading.
2023-05-15 14:28:32,253 [django.utils.autoreload:677] [autoreload:run_with_reloader] [INFO] Watching for file changes with StatReloader
2023-05-15 14:28:55,361 [django.utils.autoreload:266] [autoreload:trigger_reload] [INFO] D:\项目\data_factory_platform\accredit\util\jwt_auth.py changed, reloading.
2023-05-15 14:28:55,888 [django.utils.autoreload:677] [autoreload:run_with_reloader] [INFO] Watching for file changes with StatReloader
2023-05-15 14:30:54,214 [django.utils.autoreload:266] [autoreload:trigger_reload] [INFO] D:\项目\data_factory_platform\accredit\util\jwt_auth.py changed, reloading.
2023-05-15 14:30:54,968 [django.utils.autoreload:677] [autoreload:run_with_reloader] [INFO] Watching for file changes with StatReloader
2023-05-15 14:31:02,749 [django.utils.autoreload:266] [autoreload:trigger_reload] [INFO] D:\项目\data_factory_platform\accredit\util\jwt_auth.py changed, reloading.
2023-05-15 14:31:03,315 [django.utils.autoreload:677] [autoreload:run_with_reloader] [INFO] Watching for file changes with StatReloader
2023-05-15 14:31:13,161 [django.utils.autoreload:266] [autoreload:trigger_reload] [INFO] D:\项目\data_factory_platform\accredit\util\jwt_auth.py changed, reloading.
2023-05-15 14:31:13,725 [django.utils.autoreload:677] [autoreload:run_with_reloader] [INFO] Watching for file changes with StatReloader
2023-05-15 14:31:38,935 [django.utils.autoreload:266] [autoreload:trigger_reload] [INFO] D:\项目\data_factory_platform\accredit\util\jwt_auth.py changed, reloading.
2023-05-15 14:31:39,818 [django.utils.autoreload:677] [autoreload:run_with_reloader] [INFO] Watching for file changes with StatReloader
2023-05-15 14:33:22,162 [django.utils.autoreload:266] [autoreload:trigger_reload] [INFO] D:\项目\data_factory_platform\accredit\util\jwt_auth.py changed, reloading.
2023-05-15 14:33:22,698 [django.utils.autoreload:677] [autoreload:run_with_reloader] [INFO] Watching for file changes with StatReloader
2023-05-15 14:34:21,054 [django.utils.autoreload:266] [autoreload:trigger_reload] [INFO] D:\项目\data_factory_platform\accredit\util\jwt_auth.py changed, reloading.
2023-05-15 14:34:21,582 [django.utils.autoreload:677] [autoreload:run_with_reloader] [INFO] Watching for file changes with StatReloader
2023-05-15 14:35:46,100 [django.utils.autoreload:266] [autoreload:trigger_reload] [INFO] D:\项目\data_factory_platform\accredit\util\jwt_auth.py changed, reloading.
2023-05-15 14:35:46,728 [django.utils.autoreload:677] [autoreload:run_with_reloader] [INFO] Watching for file changes with StatReloader
2023-05-15 14:51:56,919 [django.utils.autoreload:266] [autoreload:trigger_reload] [INFO] D:\项目\data_factory_platform\accredit\util\jwt_auth.py changed, reloading.
2023-05-15 14:51:57,442 [django.utils.autoreload:677] [autoreload:run_with_reloader] [INFO] Watching for file changes with StatReloader
2023-05-15 14:52:14,398 [django.utils.autoreload:266] [autoreload:trigger_reload] [INFO] D:\项目\data_factory_platform\accredit\util\jwt_auth.py changed, reloading.
2023-05-15 14:52:14,933 [django.utils.autoreload:677] [autoreload:run_with_reloader] [INFO] Watching for file changes with StatReloader
2023-05-15 14:52:21,707 [django.utils.autoreload:266] [autoreload:trigger_reload] [INFO] D:\项目\data_factory_platform\accredit\util\jwt_auth.py changed, reloading.
2023-05-15 14:52:22,253 [django.utils.autoreload:677] [autoreload:run_with_reloader] [INFO] Watching for file changes with StatReloader
2023-05-15 14:52:41,341 [django.utils.autoreload:266] [autoreload:trigger_reload] [INFO] D:\项目\data_factory_platform\accredit\util\jwt_auth.py changed, reloading.
2023-05-15 14:52:41,889 [django.utils.autoreload:677] [autoreload:run_with_reloader] [INFO] Watching for file changes with StatReloader
2023-05-15 14:52:53,781 [django.utils.autoreload:266] [autoreload:trigger_reload] [INFO] D:\项目\data_factory_platform\accredit\util\jwt_auth.py changed, reloading.
2023-05-15 14:52:54,342 [django.utils.autoreload:677] [autoreload:run_with_reloader] [INFO] Watching for file changes with StatReloader
2023-05-15 14:53:10,288 [django.utils.autoreload:266] [autoreload:trigger_reload] [INFO] D:\项目\data_factory_platform\accredit\util\jwt_auth.py changed, reloading.
2023-05-15 14:53:10,803 [django.utils.autoreload:677] [autoreload:run_with_reloader] [INFO] Watching for file changes with StatReloader
2023-05-15 14:55:36,834 [django.utils.autoreload:266] [autoreload:trigger_reload] [INFO] D:\项目\data_factory_platform\accredit\util\jwt_auth.py changed, reloading.
2023-05-15 14:55:37,362 [django.utils.autoreload:677] [autoreload:run_with_reloader] [INFO] Watching for file changes with StatReloader
2023-05-15 15:04:55,709 [django.utils.autoreload:266] [autoreload:trigger_reload] [INFO] D:\项目\data_factory_platform\accredit\util\jwt_auth.py changed, reloading.
2023-05-15 15:04:56,383 [django.utils.autoreload:677] [autoreload:run_with_reloader] [INFO] Watching for file changes with StatReloader
2023-05-15 15:05:04,161 [django.utils.autoreload:266] [autoreload:trigger_reload] [INFO] D:\项目\data_factory_platform\accredit\util\jwt_auth.py changed, reloading.
2023-05-15 15:05:04,695 [django.utils.autoreload:677] [autoreload:run_with_reloader] [INFO] Watching for file changes with StatReloader
2023-05-15 15:05:24,731 [django.utils.autoreload:266] [autoreload:trigger_reload] [INFO] D:\项目\data_factory_platform\accredit\util\jwt_auth.py changed, reloading.
2023-05-15 15:05:25,413 [django.utils.autoreload:677] [autoreload:run_with_reloader] [INFO] Watching for file changes with StatReloader
2023-05-15 15:08:29,107 [django.utils.autoreload:266] [autoreload:trigger_reload] [INFO] D:\项目\data_factory_platform\accredit\views.py changed, reloading.
2023-05-15 15:08:30,280 [django.utils.autoreload:677] [autoreload:run_with_reloader] [INFO] Watching for file changes with StatReloader
2023-05-15 15:13:32,381 [django.utils.autoreload:266] [autoreload:trigger_reload] [INFO] D:\项目\data_factory_platform\accredit\util\jwt_auth.py changed, reloading.
2023-05-15 15:13:33,368 [django.utils.autoreload:677] [autoreload:run_with_reloader] [INFO] Watching for file changes with StatReloader
2023-05-15 15:14:38,667 [django.utils.autoreload:266] [autoreload:trigger_reload] [INFO] D:\项目\data_factory_platform\accredit\util\jwt_auth.py changed, reloading.
2023-05-15 15:14:39,414 [django.utils.autoreload:677] [autoreload:run_with_reloader] [INFO] Watching for file changes with StatReloader
2023-05-15 15:14:54,369 [django.utils.autoreload:266] [autoreload:trigger_reload] [INFO] D:\项目\data_factory_platform\accredit\util\jwt_auth.py changed, reloading.
2023-05-15 15:14:55,002 [django.utils.autoreload:677] [autoreload:run_with_reloader] [INFO] Watching for file changes with StatReloader
2023-05-15 15:15:42,561 [django.utils.autoreload:266] [autoreload:trigger_reload] [INFO] D:\项目\data_factory_platform\accredit\util\jwt_auth.py changed, reloading.
2023-05-15 15:15:43,196 [django.utils.autoreload:677] [autoreload:run_with_reloader] [INFO] Watching for file changes with StatReloader
2023-05-15 15:21:01,516 [django.utils.autoreload:266] [autoreload:trigger_reload] [INFO] D:\项目\data_factory_platform\accredit\util\jwt_auth.py changed, reloading.
2023-05-15 15:21:02,070 [django.utils.autoreload:677] [autoreload:run_with_reloader] [INFO] Watching for file changes with StatReloader
2023-05-15 15:21:33,146 [django.utils.autoreload:266] [autoreload:trigger_reload] [INFO] D:\项目\data_factory_platform\accredit\util\jwt_auth.py changed, reloading.
2023-05-15 15:21:33,678 [django.utils.autoreload:677] [autoreload:run_with_reloader] [INFO] Watching for file changes with StatReloader
2023-05-15 15:23:18,836 [django.utils.autoreload:266] [autoreload:trigger_reload] [INFO] D:\项目\data_factory_platform\accredit\util\jwt_auth.py changed, reloading.
2023-05-15 15:23:19,621 [django.utils.autoreload:677] [autoreload:run_with_reloader] [INFO] Watching for file changes with StatReloader
2023-05-15 15:31:37,167 [django.utils.autoreload:266] [autoreload:trigger_reload] [INFO] D:\项目\data_factory_platform\accredit\util\jwt_auth.py changed, reloading.
2023-05-15 15:31:37,973 [django.utils.autoreload:677] [autoreload:run_with_reloader] [INFO] Watching for file changes with StatReloader
2023-05-15 15:36:44,409 [django.utils.autoreload:266] [autoreload:trigger_reload] [INFO] D:\项目\data_factory_platform\accredit\util\jwt_auth.py changed, reloading.
2023-05-15 15:36:45,001 [django.utils.autoreload:677] [autoreload:run_with_reloader] [INFO] Watching for file changes with StatReloader
2023-05-15 15:37:24,460 [django.utils.autoreload:266] [autoreload:trigger_reload] [INFO] D:\项目\data_factory_platform\accredit\util\jwt_auth.py changed, reloading.
2023-05-15 15:37:25,327 [django.utils.autoreload:677] [autoreload:run_with_reloader] [INFO] Watching for file changes with StatReloader
2023-05-15 15:37:51,684 [django.utils.autoreload:266] [autoreload:trigger_reload] [INFO] D:\项目\data_factory_platform\accredit\util\jwt_auth.py changed, reloading.
2023-05-15 15:37:52,255 [django.utils.autoreload:677] [autoreload:run_with_reloader] [INFO] Watching for file changes with StatReloader
2023-05-15 15:38:14,338 [django.utils.autoreload:266] [autoreload:trigger_reload] [INFO] D:\项目\data_factory_platform\accredit\util\jwt_auth.py changed, reloading.
2023-05-15 15:38:15,041 [django.utils.autoreload:677] [autoreload:run_with_reloader] [INFO] Watching for file changes with StatReloader
2023-05-15 15:38:29,991 [django.utils.autoreload:266] [autoreload:trigger_reload] [INFO] D:\项目\data_factory_platform\accredit\util\jwt_auth.py changed, reloading.
2023-05-15 15:38:30,512 [django.utils.autoreload:677] [autoreload:run_with_reloader] [INFO] Watching for file changes with StatReloader
2023-05-15 15:38:55,695 [django.utils.autoreload:266] [autoreload:trigger_reload] [INFO] D:\项目\data_factory_platform\accredit\util\jwt_auth.py changed, reloading.
2023-05-15 15:38:56,266 [django.utils.autoreload:677] [autoreload:run_with_reloader] [INFO] Watching for file changes with StatReloader
2023-05-15 15:39:17,500 [django.utils.autoreload:266] [autoreload:trigger_reload] [INFO] D:\项目\data_factory_platform\accredit\util\jwt_auth.py changed, reloading.
2023-05-15 15:39:18,052 [django.utils.autoreload:677] [autoreload:run_with_reloader] [INFO] Watching for file changes with StatReloader
2023-05-15 15:39:28,924 [django.utils.autoreload:266] [autoreload:trigger_reload] [INFO] D:\项目\data_factory_platform\accredit\util\jwt_auth.py changed, reloading.
2023-05-15 15:39:29,704 [django.utils.autoreload:677] [autoreload:run_with_reloader] [INFO] Watching for file changes with StatReloader
2023-05-15 15:40:42,868 [django.utils.autoreload:266] [autoreload:trigger_reload] [INFO] D:\项目\data_factory_platform\accredit\util\jwt_auth.py changed, reloading.
2023-05-15 15:40:43,396 [django.utils.autoreload:677] [autoreload:run_with_reloader] [INFO] Watching for file changes with StatReloader
2023-05-15 15:44:53,295 [django.utils.autoreload:266] [autoreload:trigger_reload] [INFO] D:\项目\data_factory_platform\accredit\util\jwt_auth.py changed, reloading.
2023-05-15 15:44:53,845 [django.utils.autoreload:677] [autoreload:run_with_reloader] [INFO] Watching for file changes with StatReloader
2023-05-15 15:46:23,104 [django.utils.autoreload:266] [autoreload:trigger_reload] [INFO] D:\项目\data_factory_platform\accredit\util\jwt_auth.py changed, reloading.
2023-05-15 15:46:23,659 [django.utils.autoreload:677] [autoreload:run_with_reloader] [INFO] Watching for file changes with StatReloader
2023-05-15 15:46:46,800 [django.utils.autoreload:266] [autoreload:trigger_reload] [INFO] D:\项目\data_factory_platform\accredit\util\jwt_auth.py changed, reloading.
2023-05-15 15:46:47,382 [django.utils.autoreload:677] [autoreload:run_with_reloader] [INFO] Watching for file changes with StatReloader
2023-05-15 15:47:43,234 [django.utils.autoreload:266] [autoreload:trigger_reload] [INFO] D:\项目\data_factory_platform\accredit\util\jwt_auth.py changed, reloading.
2023-05-15 15:47:43,829 [django.utils.autoreload:677] [autoreload:run_with_reloader] [INFO] Watching for file changes with StatReloader
2023-05-15 15:47:51,595 [django.utils.autoreload:266] [autoreload:trigger_reload] [INFO] D:\项目\data_factory_platform\accredit\util\jwt_auth.py changed, reloading.
2023-05-15 15:47:52,114 [django.utils.autoreload:677] [autoreload:run_with_reloader] [INFO] Watching for file changes with StatReloader
2023-05-15 15:47:56,838 [django.utils.autoreload:266] [autoreload:trigger_reload] [INFO] D:\项目\data_factory_platform\accredit\util\jwt_auth.py changed, reloading.
2023-05-15 15:47:57,611 [django.utils.autoreload:677] [autoreload:run_with_reloader] [INFO] Watching for file changes with StatReloader
2023-05-15 15:57:18,791 [django.utils.autoreload:266] [autoreload:trigger_reload] [INFO] D:\项目\data_factory_platform\accredit\util\jwt_auth.py changed, reloading.
2023-05-15 15:57:19,540 [django.utils.autoreload:677] [autoreload:run_with_reloader] [INFO] Watching for file changes with StatReloader
2023-05-15 15:57:56,193 [django.utils.autoreload:266] [autoreload:trigger_reload] [INFO] D:\项目\data_factory_platform\accredit\util\jwt_auth.py changed, reloading.
2023-05-15 15:57:56,703 [django.utils.autoreload:677] [autoreload:run_with_reloader] [INFO] Watching for file changes with StatReloader
2023-05-15 15:58:03,445 [django.utils.autoreload:266] [autoreload:trigger_reload] [INFO] D:\项目\data_factory_platform\accredit\util\jwt_auth.py changed, reloading.
2023-05-15 15:58:03,973 [django.utils.autoreload:677] [autoreload:run_with_reloader] [INFO] Watching for file changes with StatReloader
2023-05-15 15:59:00,843 [django.utils.autoreload:266] [autoreload:trigger_reload] [INFO] D:\项目\data_factory_platform\accredit\util\jwt_auth.py changed, reloading.
2023-05-15 15:59:01,415 [django.utils.autoreload:677] [autoreload:run_with_reloader] [INFO] Watching for file changes with StatReloader
2023-05-15 16:02:57,489 [django.utils.autoreload:266] [autoreload:trigger_reload] [INFO] D:\项目\data_factory_platform\accredit\util\jwt_auth.py changed, reloading.
2023-05-15 16:02:58,386 [django.utils.autoreload:677] [autoreload:run_with_reloader] [INFO] Watching for file changes with StatReloader
2023-05-15 16:03:27,747 [django.utils.autoreload:266] [autoreload:trigger_reload] [INFO] D:\项目\data_factory_platform\accredit\util\jwt_auth.py changed, reloading.
2023-05-15 16:03:28,309 [django.utils.autoreload:677] [autoreload:run_with_reloader] [INFO] Watching for file changes with StatReloader
2023-05-15 16:03:51,258 [django.utils.autoreload:266] [autoreload:trigger_reload] [INFO] D:\项目\data_factory_platform\accredit\util\jwt_auth.py changed, reloading.
2023-05-15 16:03:51,821 [django.utils.autoreload:677] [autoreload:run_with_reloader] [INFO] Watching for file changes with StatReloader
2023-05-15 16:05:45,649 [django.utils.autoreload:266] [autoreload:trigger_reload] [INFO] D:\项目\data_factory_platform\accredit\util\jwt_auth.py changed, reloading.
2023-05-15 16:05:46,550 [django.utils.autoreload:677] [autoreload:run_with_reloader] [INFO] Watching for file changes with StatReloader
2023-05-15 16:13:27,161 [django.utils.autoreload:266] [autoreload:trigger_reload] [INFO] D:\项目\data_factory_platform\accredit\models.py changed, reloading.
2023-05-15 16:13:27,992 [django.utils.autoreload:677] [autoreload:run_with_reloader] [INFO] Watching for file changes with StatReloader
2023-05-15 16:14:53,207 [django.utils.autoreload:266] [autoreload:trigger_reload] [INFO] D:\项目\data_factory_platform\accredit\models.py changed, reloading.
2023-05-15 16:14:54,087 [django.utils.autoreload:677] [autoreload:run_with_reloader] [INFO] Watching for file changes with StatReloader
2023-05-15 16:18:30,001 [django.utils.autoreload:266] [autoreload:trigger_reload] [INFO] D:\项目\data_factory_platform\accredit\models.py changed, reloading.
2023-05-15 16:18:30,544 [django.utils.autoreload:677] [autoreload:run_with_reloader] [INFO] Watching for file changes with StatReloader
2023-05-15 16:21:32,488 [django.utils.autoreload:677] [autoreload:run_with_reloader] [INFO] Watching for file changes with StatReloader
2023-05-15 16:24:50,512 [django.utils.autoreload:266] [autoreload:trigger_reload] [INFO] D:\项目\data_factory_platform\accredit\models.py changed, reloading.
2023-05-15 16:24:51,349 [django.utils.autoreload:677] [autoreload:run_with_reloader] [INFO] Watching for file changes with StatReloader
2023-05-15 16:29:38,031 [django.utils.autoreload:266] [autoreload:trigger_reload] [INFO] D:\项目\data_factory_platform\accredit\views.py changed, reloading.
2023-05-15 16:29:39,087 [django.utils.autoreload:677] [autoreload:run_with_reloader] [INFO] Watching for file changes with StatReloader
2023-05-15 16:40:24,540 [django.utils.autoreload:266] [autoreload:trigger_reload] [INFO] D:\项目\data_factory_platform\accredit\views.py changed, reloading.
2023-05-15 16:40:25,656 [django.utils.autoreload:677] [autoreload:run_with_reloader] [INFO] Watching for file changes with StatReloader
2023-05-15 16:44:03,592 [django.utils.autoreload:266] [autoreload:trigger_reload] [INFO] D:\项目\data_factory_platform\accredit\views.py changed, reloading.
2023-05-15 16:44:04,699 [django.utils.autoreload:677] [autoreload:run_with_reloader] [INFO] Watching for file changes with StatReloader
2023-05-15 16:46:07,047 [django.utils.autoreload:266] [autoreload:trigger_reload] [INFO] D:\项目\data_factory_platform\accredit\views.py changed, reloading.
2023-05-15 16:46:07,800 [django.utils.autoreload:677] [autoreload:run_with_reloader] [INFO] Watching for file changes with StatReloader
2023-05-15 17:07:58,402 [django.server:187] [basehttp:log_message] [ERROR] "GET /login/ HTTP/1.1" 500 70777
2023-05-15 17:09:16,966 [django.utils.autoreload:266] [autoreload:trigger_reload] [INFO] D:\项目\data_factory_platform\accredit\views.py changed, reloading.
2023-05-15 17:09:17,740 [django.utils.autoreload:677] [autoreload:run_with_reloader] [INFO] Watching for file changes with StatReloader
2023-05-15 17:09:18,441 [django.server:187] [basehttp:log_message] [INFO] "GET /login/ HTTP/1.1" 200 1369
2023-05-15 17:09:18,545 [django.server:187] [basehttp:log_message] [INFO] "GET /static/css/login.css HTTP/1.1" 200 2923
2023-05-15 17:09:18,548 [django.server:187] [basehttp:log_message] [INFO] "GET /static/css/bootstrap.min.css HTTP/1.1" 200 212514
2023-05-15 17:09:18,566 [django.server:187] [basehttp:log_message] [INFO] "GET /static/js/popper.js HTTP/1.1" 200 104916
2023-05-15 17:09:18,575 [django.server:187] [basehttp:log_message] [INFO] "GET /static/js/bootstrap.min.js HTTP/1.1" 200 62569
2023-05-15 17:09:18,588 [django.server:187] [basehttp:log_message] [INFO] "GET /static/js/jquery.min.js HTTP/1.1" 200 137835
2023-05-15 17:09:20,737 [django.server:187] [basehttp:log_message] [INFO] "GET /register/ HTTP/1.1" 200 1580
2023-05-15 17:09:20,770 [django.server:187] [basehttp:log_message] [WARNING] "GET /static/bootstrap/js/bootstrap.min.js HTTP/1.1" 404 1846
2023-05-15 17:09:20,771 [django.server:187] [basehttp:log_message] [WARNING] "GET /static/base/js/jquery-3.6.3.js HTTP/1.1" 404 1828
2023-05-15 17:09:20,771 [django.server:187] [basehttp:log_message] [WARNING] "GET /static/bootstrap/js/popper.js HTTP/1.1" 404 1825
2023-05-15 17:09:23,163 [django.server:187] [basehttp:log_message] [INFO] "GET /login/ HTTP/1.1" 200 1369
2023-05-15 17:09:26,916 [django.server:187] [basehttp:log_message] [INFO] "GET /register/ HTTP/1.1" 200 1580
2023-05-15 17:09:26,942 [django.server:187] [basehttp:log_message] [WARNING] "GET /static/bootstrap/js/bootstrap.min.js HTTP/1.1" 404 1846
2023-05-15 17:09:26,944 [django.server:187] [basehttp:log_message] [WARNING] "GET /static/bootstrap/js/popper.js HTTP/1.1" 404 1825
2023-05-15 17:09:26,944 [django.server:187] [basehttp:log_message] [WARNING] "GET /static/base/js/jquery-3.6.3.js HTTP/1.1" 404 1828
2023-05-15 17:09:30,352 [django.server:187] [basehttp:log_message] [INFO] "GET /static/css/bootstrap.min.css.map HTTP/1.1" 200 654593
2023-05-15 17:09:32,352 [django.server:187] [basehttp:log_message] [INFO] "GET /login/ HTTP/1.1" 200 1369
2023-05-15 17:09:32,410 [django.server:187] [basehttp:log_message] [WARNING] "GET /static/js/popper.js.map HTTP/1.1" 404 1807
2023-05-15 17:09:32,410 [django.server:187] [basehttp:log_message] [INFO] "GET /static/js/bootstrap.min.js.map HTTP/1.1" 200 185257
2023-05-15 17:09:35,398 [django.server:187] [basehttp:log_message] [INFO] "GET /register/ HTTP/1.1" 200 1580
2023-05-15 17:09:35,428 [django.server:187] [basehttp:log_message] [WARNING] "GET /static/bootstrap/js/bootstrap.min.js HTTP/1.1" 404 1846
2023-05-15 17:09:35,448 [django.server:187] [basehttp:log_message] [WARNING] "GET /static/base/js/jquery-3.6.3.js HTTP/1.1" 404 1828
2023-05-15 17:09:35,449 [django.server:187] [basehttp:log_message] [WARNING] "GET /static/bootstrap/js/popper.js HTTP/1.1" 404 1825
2023-05-15 17:09:38,462 [django.server:187] [basehttp:log_message] [INFO] "GET /login/ HTTP/1.1" 200 1369
2023-05-15 17:09:38,515 [django.server:187] [basehttp:log_message] [WARNING] "GET /static/js/popper.js.map HTTP/1.1" 404 1807
2023-05-15 17:09:51,627 [django.server:187] [basehttp:log_message] [INFO] "GET /register/ HTTP/1.1" 200 1580
2023-05-15 17:09:51,652 [django.server:187] [basehttp:log_message] [WARNING] "GET /static/bootstrap/js/bootstrap.min.js HTTP/1.1" 404 1846
2023-05-15 17:09:51,664 [django.server:187] [basehttp:log_message] [WARNING] "GET /static/base/js/jquery-3.6.3.js HTTP/1.1" 404 1828
2023-05-15 17:09:51,664 [django.server:187] [basehttp:log_message] [WARNING] "GET /static/bootstrap/js/popper.js HTTP/1.1" 404 1825
2023-05-15 17:09:52,724 [django.server:187] [basehttp:log_message] [INFO] "GET /login/ HTTP/1.1" 200 1369
2023-05-15 17:09:52,790 [django.server:187] [basehttp:log_message] [WARNING] "GET /static/js/popper.js.map HTTP/1.1" 404 1807
2023-05-15 17:09:55,427 [django.server:187] [basehttp:log_message] [INFO] "GET /register/ HTTP/1.1" 200 1580
2023-05-15 17:09:55,454 [django.server:187] [basehttp:log_message] [WARNING] "GET /static/bootstrap/js/bootstrap.min.js HTTP/1.1" 404 1846
2023-05-15 17:09:55,467 [django.server:187] [basehttp:log_message] [WARNING] "GET /static/base/js/jquery-3.6.3.js HTTP/1.1" 404 1828
2023-05-15 17:09:55,467 [django.server:187] [basehttp:log_message] [WARNING] "GET /static/bootstrap/js/popper.js HTTP/1.1" 404 1825
2023-05-15 17:11:41,778 [django.server:187] [basehttp:log_message] [INFO] "GET /login/ HTTP/1.1" 200 1369
2023-05-15 17:11:41,857 [django.server:187] [basehttp:log_message] [WARNING] "GET /static/js/popper.js.map HTTP/1.1" 404 1807
2023-05-15 17:11:43,454 [django.server:187] [basehttp:log_message] [INFO] "GET /register/ HTTP/1.1" 200 1580
2023-05-15 17:11:43,489 [django.server:187] [basehttp:log_message] [WARNING] "GET /static/bootstrap/js/bootstrap.min.js HTTP/1.1" 404 1846
2023-05-15 17:11:43,496 [django.server:187] [basehttp:log_message] [WARNING] "GET /static/bootstrap/js/popper.js HTTP/1.1" 404 1825
2023-05-15 17:11:43,498 [django.server:187] [basehttp:log_message] [WARNING] "GET /static/base/js/jquery-3.6.3.js HTTP/1.1" 404 1828
2023-05-15 17:11:44,616 [django.server:187] [basehttp:log_message] [INFO] "GET /login/ HTTP/1.1" 200 1369
2023-05-15 17:11:44,680 [django.server:187] [basehttp:log_message] [WARNING] "GET /static/js/popper.js.map HTTP/1.1" 404 1807
2023-05-15 17:11:46,115 [django.server:187] [basehttp:log_message] [INFO] "GET /register/ HTTP/1.1" 200 1580
2023-05-15 17:11:46,153 [django.server:187] [basehttp:log_message] [WARNING] "GET /static/bootstrap/js/bootstrap.min.js HTTP/1.1" 404 1846
2023-05-15 17:11:46,155 [django.server:187] [basehttp:log_message] [WARNING] "GET /static/bootstrap/js/popper.js HTTP/1.1" 404 1825
2023-05-15 17:11:46,155 [django.server:187] [basehttp:log_message] [WARNING] "GET /static/base/js/jquery-3.6.3.js HTTP/1.1" 404 1828
2023-05-15 17:11:47,171 [django.server:187] [basehttp:log_message] [INFO] "GET /login/ HTTP/1.1" 200 1369
2023-05-15 17:11:47,237 [django.server:187] [basehttp:log_message] [WARNING] "GET /static/js/popper.js.map HTTP/1.1" 404 1807
2023-05-15 17:12:19,652 [django.server:187] [basehttp:log_message] [INFO] "GET /login/ HTTP/1.1" 200 1351
2023-05-15 17:12:19,715 [django.server:187] [basehttp:log_message] [WARNING] "GET /static/js/popper.js.map HTTP/1.1" 404 1807
2023-05-15 17:12:20,729 [django.server:187] [basehttp:log_message] [INFO] "GET /login/ HTTP/1.1" 200 1351
2023-05-15 17:12:20,812 [django.server:187] [basehttp:log_message] [WARNING] "GET /static/js/popper.js.map HTTP/1.1" 404 1807
2023-05-15 17:12:21,286 [django.server:187] [basehttp:log_message] [INFO] "GET /login/ HTTP/1.1" 200 1351
2023-05-15 17:12:21,356 [django.server:187] [basehttp:log_message] [WARNING] "GET /static/js/popper.js.map HTTP/1.1" 404 1807
2023-05-15 17:12:21,460 [django.server:187] [basehttp:log_message] [INFO] "GET /login/ HTTP/1.1" 200 1351
2023-05-15 17:12:21,525 [django.server:187] [basehttp:log_message] [WARNING] "GET /static/js/popper.js.map HTTP/1.1" 404 1807
2023-05-15 17:12:21,614 [django.server:187] [basehttp:log_message] [INFO] "GET /login/ HTTP/1.1" 200 1351
2023-05-15 17:12:21,688 [django.server:187] [basehttp:log_message] [WARNING] "GET /static/js/popper.js.map HTTP/1.1" 404 1807
2023-05-15 17:12:21,770 [django.server:187] [basehttp:log_message] [INFO] "GET /login/ HTTP/1.1" 200 1351
2023-05-15 17:12:21,832 [django.server:187] [basehttp:log_message] [WARNING] "GET /static/js/popper.js.map HTTP/1.1" 404 1807
2023-05-15 17:12:21,909 [django.server:187] [basehttp:log_message] [INFO] "GET /login/ HTTP/1.1" 200 1351
2023-05-15 17:12:21,991 [django.server:187] [basehttp:log_message] [WARNING] "GET /static/js/popper.js.map HTTP/1.1" 404 1807
2023-05-15 17:12:22,076 [django.server:187] [basehttp:log_message] [INFO] "GET /login/ HTTP/1.1" 200 1351
2023-05-15 17:12:22,147 [django.server:187] [basehttp:log_message] [WARNING] "GET /static/js/popper.js.map HTTP/1.1" 404 1807
2023-05-15 17:12:22,226 [django.server:187] [basehttp:log_message] [INFO] "GET /login/ HTTP/1.1" 200 1351
2023-05-15 17:12:22,320 [django.server:187] [basehttp:log_message] [WARNING] "GET /static/js/popper.js.map HTTP/1.1" 404 1807
2023-05-15 17:12:54,697 [django.server:187] [basehttp:log_message] [INFO] "GET /login/ HTTP/1.1" 200 1369
2023-05-15 17:12:54,794 [django.server:187] [basehttp:log_message] [WARNING] "GET /static/js/popper.js.map HTTP/1.1" 404 1807
2023-05-15 17:12:56,068 [django.server:187] [basehttp:log_message] [INFO] "GET /register/ HTTP/1.1" 200 1580
2023-05-15 17:12:56,101 [django.server:187] [basehttp:log_message] [WARNING] "GET /static/bootstrap/js/bootstrap.min.js HTTP/1.1" 404 1846
2023-05-15 17:12:56,107 [django.server:187] [basehttp:log_message] [WARNING] "GET /static/base/js/jquery-3.6.3.js HTTP/1.1" 404 1828
2023-05-15 17:12:56,108 [django.server:187] [basehttp:log_message] [WARNING] "GET /static/bootstrap/js/popper.js HTTP/1.1" 404 1825
2023-05-15 17:12:57,076 [django.server:187] [basehttp:log_message] [INFO] "GET /login/ HTTP/1.1" 200 1369
2023-05-15 17:12:57,193 [django.server:187] [basehttp:log_message] [WARNING] "GET /static/js/popper.js.map HTTP/1.1" 404 1807
2023-05-15 17:12:58,163 [django.server:187] [basehttp:log_message] [INFO] "GET /register/ HTTP/1.1" 200 1580
2023-05-15 17:12:58,195 [django.server:187] [basehttp:log_message] [WARNING] "GET /static/bootstrap/js/bootstrap.min.js HTTP/1.1" 404 1846
2023-05-15 17:12:58,202 [django.server:187] [basehttp:log_message] [WARNING] "GET /static/base/js/jquery-3.6.3.js HTTP/1.1" 404 1828
2023-05-15 17:12:58,204 [django.server:187] [basehttp:log_message] [WARNING] "GET /static/bootstrap/js/popper.js HTTP/1.1" 404 1825
2023-05-15 17:13:01,818 [django.server:187] [basehttp:log_message] [INFO] "GET /login/ HTTP/1.1" 200 1369
2023-05-15 17:13:01,928 [django.server:187] [basehttp:log_message] [WARNING] "GET /static/js/popper.js.map HTTP/1.1" 404 1807
2023-05-15 17:13:02,996 [django.server:187] [basehttp:log_message] [INFO] "GET /register/ HTTP/1.1" 200 1580
2023-05-15 17:13:03,026 [django.server:187] [basehttp:log_message] [WARNING] "GET /static/bootstrap/js/bootstrap.min.js HTTP/1.1" 404 1846
2023-05-15 17:13:03,037 [django.server:187] [basehttp:log_message] [WARNING] "GET /static/base/js/jquery-3.6.3.js HTTP/1.1" 404 1828
2023-05-15 17:13:03,037 [django.server:187] [basehttp:log_message] [WARNING] "GET /static/bootstrap/js/popper.js HTTP/1.1" 404 1825
2023-05-15 17:13:04,162 [django.server:187] [basehttp:log_message] [INFO] "GET /login/ HTTP/1.1" 200 1369
2023-05-15 17:13:04,280 [django.server:187] [basehttp:log_message] [WARNING] "GET /static/js/popper.js.map HTTP/1.1" 404 1807
2023-05-15 17:13:38,110 [django.server:187] [basehttp:log_message] [INFO] "GET /register/ HTTP/1.1" 200 1580
2023-05-15 17:13:38,136 [django.server:187] [basehttp:log_message] [WARNING] "GET /static/bootstrap/js/bootstrap.min.js HTTP/1.1" 404 1846
2023-05-15 17:13:38,151 [django.server:187] [basehttp:log_message] [WARNING] "GET /static/bootstrap/js/popper.js HTTP/1.1" 404 1825
2023-05-15 17:13:38,151 [django.server:187] [basehttp:log_message] [WARNING] "GET /static/base/js/jquery-3.6.3.js HTTP/1.1" 404 1828
2023-05-15 17:13:40,653 [django.server:187] [basehttp:log_message] [WARNING] "GET /static/js/popper.js.map HTTP/1.1" 404 1807
2023-05-15 17:13:40,660 [django.server:187] [basehttp:log_message] [WARNING] "GET /static/js/popper.js.map HTTP/1.1" 404 1807
2023-05-16 16:09:32,204 [django.server:187] [basehttp:log_message] [INFO] "GET /login/ HTTP/1.1" 200 1366
2023-05-16 16:09:32,254 [django.server:187] [basehttp:log_message] [INFO] "GET /static/css/login.css HTTP/1.1" 200 2923
2023-05-16 16:09:32,257 [django.server:187] [basehttp:log_message] [INFO] "GET /static/css/bootstrap.min.css HTTP/1.1" 200 212514
2023-05-16 16:09:32,278 [django.server:187] [basehttp:log_message] [INFO] "GET /static/js/popper.js HTTP/1.1" 200 104916
2023-05-16 16:09:32,295 [django.server:187] [basehttp:log_message] [INFO] "GET /static/js/bootstrap.min.js HTTP/1.1" 200 62569
2023-05-16 16:09:32,301 [django.server:187] [basehttp:log_message] [INFO] "GET /static/js/jquery.min.js HTTP/1.1" 200 137835
2023-05-16 16:09:32,396 [django.server:187] [basehttp:log_message] [WARNING] "GET /favicon.ico HTTP/1.1" 404 2554
2023-05-16 16:09:39,895 [django.server:187] [basehttp:log_message] [INFO] "GET /index/ HTTP/1.1" 200 13497
2023-05-16 16:09:39,941 [django.server:187] [basehttp:log_message] [INFO] "GET /static/plugins/fullcalendar/css/fullcalendar.min.css HTTP/1.1" 200 13709
2023-05-16 16:09:39,949 [django.server:187] [basehttp:log_message] [INFO] "GET /static/css/data-factory.css HTTP/1.1" 200 1379
2023-05-16 16:09:39,950 [django.server:187] [basehttp:log_message] [INFO] "GET /static/css/bootstrap-table.min.css HTTP/1.1" 200 10234
2023-05-16 16:09:39,950 [django.server:187] [basehttp:log_message] [INFO] "GET /static/css/bootstrap-select.min.css HTTP/1.1" 200 13641
2023-05-16 16:09:39,955 [django.server:187] [basehttp:log_message] [INFO] "GET /static/css/style.css HTTP/1.1" 200 83156
2023-05-16 16:09:39,956 [django.server:187] [basehttp:log_message] [INFO] "GET /static/css/icons.css HTTP/1.1" 200 253084
2023-05-16 16:09:39,959 [django.server:187] [basehttp:log_message] [INFO] "GET /static/images/logo-sm.png HTTP/1.1" 200 2038
2023-05-16 16:09:39,963 [django.server:187] [basehttp:log_message] [INFO] "GET /static/images/users/avatar-1.jpg HTTP/1.1" 200 2134
2023-05-16 16:09:39,976 [django.server:187] [basehttp:log_message] [INFO] "GET /static/js/jquery.scrollTo.min.js HTTP/1.1" 200 2447
2023-05-16 16:09:39,976 [django.server:187] [basehttp:log_message] [INFO] "GET /static/js/bootstrap-select.min.js HTTP/1.1" 200 76119
2023-05-16 16:09:39,982 [django.server:187] [basehttp:log_message] [INFO] "GET /static/js/jquery.slimscroll.js HTTP/1.1" 200 13832
2023-05-16 16:09:39,983 [django.server:187] [basehttp:log_message] [INFO] "GET /static/js/modernizr.min.js HTTP/1.1" 200 11084
2023-05-16 16:09:39,990 [django.server:187] [basehttp:log_message] [INFO] "GET /static/js/jquery.nicescroll.js HTTP/1.1" 200 119939
2023-05-16 16:09:40,003 [django.server:187] [basehttp:log_message] [INFO] "GET /static/js/waves.js HTTP/1.1" 200 69263
2023-05-16 16:09:40,014 [django.server:187] [basehttp:log_message] [INFO] "GET /static/pages/calendar-init.js HTTP/1.1" 200 5502
2023-05-16 16:09:40,023 [django.server:187] [basehttp:log_message] [INFO] "GET /static/plugins/moment/moment.js HTTP/1.1" 200 150941
2023-05-16 16:09:40,027 [django.server:187] [basehttp:log_message] [INFO] "GET /static/js/app.js HTTP/1.1" 200 6452
2023-05-16 16:09:40,033 [django.server:187] [basehttp:log_message] [INFO] "GET /static/plugins/fullcalendar/js/fullcalendar.min.js HTTP/1.1" 200 118884
2023-05-16 16:09:40,035 [django.server:187] [basehttp:log_message] [INFO] "GET /static/js/data-factory-select.js HTTP/1.1" 200 10641
2023-05-16 16:09:40,050 [django.server:187] [basehttp:log_message] [INFO] "GET /static/plugins/jquery-ui/jquery-ui.min.js HTTP/1.1" 200 253668
2023-05-16 16:09:40,303 [django.server:187] [basehttp:log_message] [INFO] "GET /static/fonts/ionicons.ttf?v=1.5.0 HTTP/1.1" 200 164548
2023-05-16 16:09:40,305 [django.server:187] [basehttp:log_message] [INFO] "GET /static/fonts/materialdesignicons-webfont.woff2?v=1.6.50 HTTP/1.1" 200 90140
2023-05-16 16:09:41,418 [django.server:187] [basehttp:log_message] [INFO] "GET /static/images/favicon.ico HTTP/1.1" 200 32038
2023-05-16 16:09:44,729 [django.server:187] [basehttp:log_message] [INFO] "GET /factory/data_sync/ HTTP/1.1" 200 29051
2023-05-16 16:10:05,383 [django.server:187] [basehttp:log_message] [INFO] "GET /factory/intranet/list/ HTTP/1.1" 200 24836
2023-05-16 16:10:05,423 [django.server:187] [basehttp:log_message] [WARNING] "GET /factory/static/images/users/avatar-1.jpg HTTP/1.1" 404 4068
2023-05-16 16:10:05,423 [django.server:187] [basehttp:log_message] [INFO] "GET /static/fonts/dripicons-v2.woff HTTP/1.1" 200 26004
2023-05-16 16:10:05,424 [django.server:187] [basehttp:log_message] [WARNING] "GET /factory/static/images/logo-sm.png HTTP/1.1" 404 4047
2023-05-16 16:10:05,424 [django.server:187] [basehttp:log_message] [INFO] "GET /static/fonts/mobirise.ttf?5dqoim HTTP/1.1" 200 54304
2023-05-16 16:10:05,704 [django.server:187] [basehttp:log_message] [WARNING] "GET /factory/static/images/favicon.ico HTTP/1.1" 404 4047
