2023-05-22 16:40:45,070 [django.utils.autoreload:677] [autoreload:run_with_reloader] [INFO] Watching for file changes with StatReloader
2023-05-22 16:40:46,318 [django.server:187] [basehttp:log_message] [INFO] "GET /register/ HTTP/1.1" 200 1544
2023-05-22 16:40:50,649 [django.server:187] [basehttp:log_message] [ERROR] "POST /register/ HTTP/1.1" 500 165383
2023-05-22 16:41:04,331 [django.server:187] [basehttp:log_message] [ERROR] "POST /register/ HTTP/1.1" 500 165383
2023-05-22 16:41:06,658 [django.server:187] [basehttp:log_message] [WARNING] "GET /static/js/popper.js.map HTTP/1.1" 404 1807
2023-05-22 16:41:06,683 [django.server:187] [basehttp:log_message] [INFO] "GET /static/js/bootstrap.min.js.map HTTP/1.1" 200 185257
2023-05-22 16:41:06,694 [django.server:187] [basehttp:log_message] [INFO] "GET /static/css/bootstrap.min.css.map HTTP/1.1" 200 654593
2023-05-22 16:41:09,164 [django.server:187] [basehttp:log_message] [ERROR] "POST /register/ HTTP/1.1" 500 165383
2023-05-22 16:41:56,336 [django.utils.autoreload:266] [autoreload:trigger_reload] [INFO] D:\项目\data_factory_platform\accredit\models.py changed, reloading.
2023-05-22 16:41:56,864 [django.utils.autoreload:677] [autoreload:run_with_reloader] [INFO] Watching for file changes with StatReloader
2023-05-22 16:42:07,090 [django.utils.autoreload:677] [autoreload:run_with_reloader] [INFO] Watching for file changes with StatReloader
2023-05-22 16:44:12,831 [django.server:187] [basehttp:log_message] [ERROR] "POST /register/ HTTP/1.1" 500 165383
2023-05-22 16:44:46,718 [django.server:187] [basehttp:log_message] [INFO] "GET /register/ HTTP/1.1" 200 1544
2023-05-22 16:44:46,796 [django.server:187] [basehttp:log_message] [WARNING] "GET /static/js/popper.js.map HTTP/1.1" 404 1807
2023-05-22 16:44:49,902 [django.server:187] [basehttp:log_message] [ERROR] "POST /register/ HTTP/1.1" 500 165383
2023-05-22 16:45:47,102 [django.utils.autoreload:677] [autoreload:run_with_reloader] [INFO] Watching for file changes with StatReloader
2023-05-22 16:45:49,448 [django.server:187] [basehttp:log_message] [ERROR] "POST /register/ HTTP/1.1" 500 165383
2023-05-22 16:45:50,112 [django.server:187] [basehttp:log_message] [ERROR] "POST /register/ HTTP/1.1" 500 165383
2023-05-22 16:45:50,286 [django.server:187] [basehttp:log_message] [ERROR] "POST /register/ HTTP/1.1" 500 165383
2023-05-22 16:48:29,628 [django.utils.autoreload:266] [autoreload:trigger_reload] [INFO] D:\项目\data_factory_platform\accredit\views.py changed, reloading.
2023-05-22 16:48:30,117 [django.utils.autoreload:677] [autoreload:run_with_reloader] [INFO] Watching for file changes with StatReloader
2023-05-22 16:48:32,704 [django.server:187] [basehttp:log_message] [ERROR] "POST /register/ HTTP/1.1" 500 165455
2023-05-22 16:48:43,820 [django.server:187] [basehttp:log_message] [ERROR] "POST /register/ HTTP/1.1" 500 165455
2023-05-22 16:48:47,621 [django.server:187] [basehttp:log_message] [INFO] "GET /register/ HTTP/1.1" 200 1544
2023-05-22 16:48:47,700 [django.server:187] [basehttp:log_message] [WARNING] "GET /static/js/popper.js.map HTTP/1.1" 404 1807
2023-05-22 16:50:12,990 [django.utils.autoreload:266] [autoreload:trigger_reload] [INFO] D:\项目\data_factory_platform\accredit\models.py changed, reloading.
2023-05-22 16:50:13,502 [django.utils.autoreload:677] [autoreload:run_with_reloader] [INFO] Watching for file changes with StatReloader
2023-05-22 16:50:15,435 [django.server:187] [basehttp:log_message] [ERROR] "POST /register/ HTTP/1.1" 500 165455
2023-05-22 16:50:19,091 [django.server:187] [basehttp:log_message] [ERROR] "POST /register/ HTTP/1.1" 500 165455
2023-05-22 16:50:20,568 [django.server:187] [basehttp:log_message] [ERROR] "POST /register/ HTTP/1.1" 500 165455
2023-05-22 16:50:20,739 [django.server:187] [basehttp:log_message] [ERROR] "POST /register/ HTTP/1.1" 500 165455
2023-05-22 16:51:55,982 [django.utils.autoreload:266] [autoreload:trigger_reload] [INFO] D:\项目\data_factory_platform\accredit\views.py changed, reloading.
2023-05-22 16:51:56,584 [django.utils.autoreload:677] [autoreload:run_with_reloader] [INFO] Watching for file changes with StatReloader
2023-05-22 16:51:58,457 [django.server:187] [basehttp:log_message] [ERROR] "POST /register/ HTTP/1.1" 500 165650
2023-05-22 16:52:04,622 [django.server:187] [basehttp:log_message] [ERROR] "POST /register/ HTTP/1.1" 500 165650
2023-05-22 16:52:13,684 [django.server:187] [basehttp:log_message] [INFO] "GET /register/ HTTP/1.1" 200 1544
2023-05-22 16:52:13,747 [django.server:187] [basehttp:log_message] [WARNING] "GET /static/js/popper.js.map HTTP/1.1" 404 1807
2023-05-22 16:52:17,745 [django.server:187] [basehttp:log_message] [ERROR] "POST /register/ HTTP/1.1" 500 165650
2023-05-22 16:56:30,526 [django.utils.autoreload:266] [autoreload:trigger_reload] [INFO] D:\项目\data_factory_platform\accredit\models.py changed, reloading.
2023-05-22 16:56:40,223 [django.utils.autoreload:677] [autoreload:run_with_reloader] [INFO] Watching for file changes with StatReloader
2023-05-22 16:56:45,044 [django.server:187] [basehttp:log_message] [INFO] "GET /register/ HTTP/1.1" 200 1544
2023-05-22 16:56:45,143 [django.server:187] [basehttp:log_message] [INFO] "GET /static/css/login.css HTTP/1.1" 200 2923
2023-05-22 16:56:45,148 [django.server:187] [basehttp:log_message] [INFO] "GET /static/js/popper.js HTTP/1.1" 200 104916
2023-05-22 16:56:45,157 [django.server:187] [basehttp:log_message] [INFO] "GET /static/js/data-factory-select.js HTTP/1.1" 200 12237
2023-05-22 16:56:45,158 [django.server:187] [basehttp:log_message] [INFO] "GET /static/js/bootstrap.min.js HTTP/1.1" 200 62569
2023-05-22 16:56:45,159 [django.server:187] [basehttp:log_message] [INFO] "GET /static/js/jquery.min.js HTTP/1.1" 200 137835
2023-05-22 16:56:45,160 [django.server:187] [basehttp:log_message] [INFO] "GET /static/css/bootstrap.min.css HTTP/1.1" 200 212514
2023-05-22 16:56:45,183 [django.server:187] [basehttp:log_message] [INFO] "GET /static/css/bootstrap.min.css.map HTTP/1.1" 200 654593
2023-05-22 16:56:45,228 [django.server:187] [basehttp:log_message] [WARNING] "GET /favicon.ico HTTP/1.1" 404 2554
2023-05-22 16:56:45,256 [django.server:187] [basehttp:log_message] [INFO] "GET /static/js/bootstrap.min.js.map HTTP/1.1" 200 185257
2023-05-22 16:56:45,262 [django.server:187] [basehttp:log_message] [WARNING] "GET /static/js/popper.js.map HTTP/1.1" 404 1807
2023-05-22 16:56:49,651 [django.server:187] [basehttp:log_message] [ERROR] "POST /register/ HTTP/1.1" 500 165652
2023-05-22 16:58:27,148 [django.server:187] [basehttp:log_message] [INFO] "GET /login/ HTTP/1.1" 200 1366
2023-05-22 16:58:27,229 [django.server:187] [basehttp:log_message] [WARNING] "GET /static/js/popper.js.map HTTP/1.1" 404 1807
2023-05-22 16:58:28,856 [django.server:187] [basehttp:log_message] [INFO] "POST /login/ HTTP/1.1" 200 72
2023-05-22 16:58:55,914 [django.server:187] [basehttp:log_message] [INFO] "GET /login/ HTTP/1.1" 200 1366
2023-05-22 16:58:56,011 [django.server:187] [basehttp:log_message] [WARNING] "GET /static/js/popper.js.map HTTP/1.1" 404 1807
2023-05-22 16:58:58,223 [django.server:187] [basehttp:log_message] [INFO] "POST /login/ HTTP/1.1" 200 72
2023-05-22 16:59:02,360 [django.server:187] [basehttp:log_message] [INFO] "GET /login/ HTTP/1.1" 200 1366
2023-05-22 16:59:02,436 [django.server:187] [basehttp:log_message] [WARNING] "GET /static/js/popper.js.map HTTP/1.1" 404 1807
2023-05-22 16:59:27,424 [django.utils.autoreload:266] [autoreload:trigger_reload] [INFO] D:\项目\data_factory_platform\accredit\views.py changed, reloading.
2023-05-22 16:59:28,005 [django.utils.autoreload:677] [autoreload:run_with_reloader] [INFO] Watching for file changes with StatReloader
2023-05-22 16:59:30,241 [django.server:187] [basehttp:log_message] [INFO] "POST /login/ HTTP/1.1" 200 72
2023-05-22 16:59:34,446 [django.server:187] [basehttp:log_message] [INFO] "GET /login/ HTTP/1.1" 200 1366
2023-05-22 16:59:34,485 [django.server:187] [basehttp:log_message] [WARNING] "GET /static/js/popper.js.map HTTP/1.1" 404 1807
2023-05-22 17:00:15,621 [django.server:187] [basehttp:log_message] [INFO] "POST /login/ HTTP/1.1" 200 72
2023-05-22 17:00:16,071 [django.utils.autoreload:266] [autoreload:trigger_reload] [INFO] D:\项目\data_factory_platform\accredit\views.py changed, reloading.
2023-05-22 17:00:16,768 [django.utils.autoreload:677] [autoreload:run_with_reloader] [INFO] Watching for file changes with StatReloader
2023-05-22 17:00:18,557 [django.server:187] [basehttp:log_message] [INFO] "GET /login/ HTTP/1.1" 200 1366
2023-05-22 17:00:18,606 [django.server:187] [basehttp:log_message] [WARNING] "GET /static/js/popper.js.map HTTP/1.1" 404 1807
2023-05-22 17:18:28,430 [django.server:187] [basehttp:log_message] [INFO] "POST /login/ HTTP/1.1" 200 72
2023-05-22 17:18:30,041 [django.server:187] [basehttp:log_message] [INFO] "GET /login/ HTTP/1.1" 200 1366
2023-05-22 17:18:30,102 [django.server:187] [basehttp:log_message] [WARNING] "GET /static/js/popper.js.map HTTP/1.1" 404 1807
2023-05-22 17:19:27,383 [django.server:187] [basehttp:log_message] [INFO] "POST /login/ HTTP/1.1" 200 72
2023-05-22 17:19:28,652 [django.server:187] [basehttp:log_message] [INFO] "GET /login/ HTTP/1.1" 200 1366
2023-05-22 17:19:28,742 [django.server:187] [basehttp:log_message] [WARNING] "GET /static/js/popper.js.map HTTP/1.1" 404 1807
2023-05-22 17:25:52,535 [django.server:187] [basehttp:log_message] [INFO] "GET /login/ HTTP/1.1" 200 1321
2023-05-22 17:25:52,622 [django.server:187] [basehttp:log_message] [WARNING] "GET /static/js/popper.js.map HTTP/1.1" 404 1807
2023-05-22 17:25:53,185 [django.server:187] [basehttp:log_message] [INFO] "GET /login/ HTTP/1.1" 200 1321
2023-05-22 17:25:53,226 [django.server:187] [basehttp:log_message] [WARNING] "GET /static/js/popper.js.map HTTP/1.1" 404 1807
2023-05-22 17:25:53,363 [django.server:187] [basehttp:log_message] [INFO] "GET /login/ HTTP/1.1" 200 1321
2023-05-22 17:25:53,442 [django.server:187] [basehttp:log_message] [WARNING] "GET /static/js/popper.js.map HTTP/1.1" 404 1807
2023-05-22 17:25:53,498 [django.server:187] [basehttp:log_message] [INFO] "GET /login/ HTTP/1.1" 200 1321
2023-05-22 17:25:53,538 [django.server:187] [basehttp:log_message] [WARNING] "GET /static/js/popper.js.map HTTP/1.1" 404 1807
2023-05-22 17:25:53,631 [django.server:187] [basehttp:log_message] [INFO] "GET /login/ HTTP/1.1" 200 1321
2023-05-22 17:25:53,675 [django.server:187] [basehttp:log_message] [WARNING] "GET /static/js/popper.js.map HTTP/1.1" 404 1807
2023-05-22 17:25:53,767 [django.server:187] [basehttp:log_message] [INFO] "GET /login/ HTTP/1.1" 200 1321
2023-05-22 17:25:53,810 [django.server:187] [basehttp:log_message] [WARNING] "GET /static/js/popper.js.map HTTP/1.1" 404 1807
2023-05-22 17:26:27,081 [django.server:187] [basehttp:log_message] [INFO] "GET /login/ HTTP/1.1" 200 1321
2023-05-22 17:26:27,150 [django.server:187] [basehttp:log_message] [INFO] "GET /static/css/bootstrap.min.css HTTP/1.1" 200 212514
2023-05-22 17:26:27,157 [django.server:187] [basehttp:log_message] [INFO] "GET /static/css/login.css HTTP/1.1" 200 2923
2023-05-22 17:26:27,163 [django.server:187] [basehttp:log_message] [INFO] "GET /static/js/jquery.min.js HTTP/1.1" 200 137835
2023-05-22 17:26:27,170 [django.server:187] [basehttp:log_message] [INFO] "GET /static/js/popper.js HTTP/1.1" 200 104916
2023-05-22 17:26:27,173 [django.server:187] [basehttp:log_message] [INFO] "GET /static/js/bootstrap.min.js HTTP/1.1" 200 62569
2023-05-22 17:26:27,197 [django.server:187] [basehttp:log_message] [INFO] "GET /static/css/bootstrap.min.css.map HTTP/1.1" 200 654593
2023-05-22 17:26:27,201 [django.server:187] [basehttp:log_message] [INFO] "GET /static/js/bootstrap.min.js.map HTTP/1.1" 200 185257
2023-05-22 17:26:27,230 [django.server:187] [basehttp:log_message] [WARNING] "GET /static/js/popper.js.map HTTP/1.1" 404 1807
2023-05-22 17:26:27,246 [django.server:187] [basehttp:log_message] [WARNING] "GET /favicon.ico HTTP/1.1" 404 2554
2023-05-22 17:28:03,871 [django.server:187] [basehttp:log_message] [INFO] "GET /login/ HTTP/1.1" 200 1321
2023-05-22 17:28:03,912 [django.server:187] [basehttp:log_message] [INFO] "GET /static/css/login.css HTTP/1.1" 200 2923
2023-05-22 17:28:03,913 [django.server:187] [basehttp:log_message] [INFO] "GET /static/js/bootstrap.min.js HTTP/1.1" 200 62569
2023-05-22 17:28:03,914 [django.server:187] [basehttp:log_message] [INFO] "GET /static/js/jquery.min.js HTTP/1.1" 200 137835
2023-05-22 17:28:03,914 [django.server:187] [basehttp:log_message] [INFO] "GET /static/css/bootstrap.min.css HTTP/1.1" 200 212514
2023-05-22 17:28:03,956 [django.server:187] [basehttp:log_message] [INFO] "GET /static/js/popper.js HTTP/1.1" 200 104916
2023-05-22 17:28:03,997 [django.server:187] [basehttp:log_message] [INFO] "GET /static/css/bootstrap.min.css.map HTTP/1.1" 200 654593
2023-05-22 17:28:04,013 [django.server:187] [basehttp:log_message] [INFO] "GET /static/js/bootstrap.min.js.map HTTP/1.1" 200 185257
2023-05-22 17:28:04,043 [django.server:187] [basehttp:log_message] [WARNING] "GET /static/js/popper.js.map HTTP/1.1" 404 1807
2023-05-22 17:28:04,061 [django.server:187] [basehttp:log_message] [WARNING] "GET /favicon.ico HTTP/1.1" 404 2554
2023-05-22 17:29:05,554 [django.server:187] [basehttp:log_message] [INFO] "GET /login/ HTTP/1.1" 200 1321
2023-05-22 17:29:05,684 [django.server:187] [basehttp:log_message] [WARNING] "GET /static/js/popper.js.map HTTP/1.1" 404 1807
2023-05-22 17:29:05,849 [django.server:187] [basehttp:log_message] [INFO] "GET /login/ HTTP/1.1" 200 1321
2023-05-22 17:29:05,909 [django.server:187] [basehttp:log_message] [WARNING] "GET /static/js/popper.js.map HTTP/1.1" 404 1807
2023-05-22 17:29:06,011 [django.server:187] [basehttp:log_message] [INFO] "GET /login/ HTTP/1.1" 200 1321
2023-05-22 17:29:06,050 [django.server:187] [basehttp:log_message] [WARNING] "GET /static/js/popper.js.map HTTP/1.1" 404 1807
2023-05-22 17:29:06,149 [django.server:187] [basehttp:log_message] [INFO] "GET /login/ HTTP/1.1" 200 1321
2023-05-22 17:29:06,200 [django.server:187] [basehttp:log_message] [WARNING] "GET /static/js/popper.js.map HTTP/1.1" 404 1807
2023-05-22 17:29:06,311 [django.server:187] [basehttp:log_message] [INFO] "GET /login/ HTTP/1.1" 200 1321
2023-05-22 17:29:06,355 [django.server:187] [basehttp:log_message] [WARNING] "GET /static/js/popper.js.map HTTP/1.1" 404 1807
2023-05-22 17:30:01,010 [django.server:187] [basehttp:log_message] [INFO] "GET /register/ HTTP/1.1" 200 1544
2023-05-22 17:30:01,032 [django.server:187] [basehttp:log_message] [INFO] "GET /static/js/data-factory-select.js HTTP/1.1" 200 12761
2023-05-22 17:30:01,068 [django.server:187] [basehttp:log_message] [WARNING] "GET /static/js/popper.js.map HTTP/1.1" 404 1807
2023-05-22 17:30:04,912 [django.server:187] [basehttp:log_message] [INFO] "GET /login/ HTTP/1.1" 200 1321
2023-05-22 17:30:04,979 [django.server:187] [basehttp:log_message] [WARNING] "GET /static/js/popper.js.map HTTP/1.1" 404 1807
2023-05-22 17:30:33,595 [django.utils.autoreload:677] [autoreload:run_with_reloader] [INFO] Watching for file changes with StatReloader
2023-05-22 17:30:42,573 [django.server:187] [basehttp:log_message] [INFO] "GET /login/ HTTP/1.1" 200 1321
2023-05-22 17:30:50,171 [django.server:187] [basehttp:log_message] [WARNING] "GET /static/js/popper.js.map HTTP/1.1" 404 1807
2023-05-22 17:31:22,475 [django.server:187] [basehttp:log_message] [INFO] "GET /login/ HTTP/1.1" 200 1321
2023-05-22 17:31:22,534 [django.server:187] [basehttp:log_message] [WARNING] "GET /static/js/popper.js.map HTTP/1.1" 404 1807
2023-05-22 17:31:22,914 [django.server:187] [basehttp:log_message] [INFO] "GET /login/ HTTP/1.1" 200 1321
2023-05-22 17:31:22,967 [django.server:187] [basehttp:log_message] [WARNING] "GET /static/js/popper.js.map HTTP/1.1" 404 1807
2023-05-22 17:31:23,273 [django.server:187] [basehttp:log_message] [INFO] "GET /login/ HTTP/1.1" 200 1321
2023-05-22 17:31:23,332 [django.server:187] [basehttp:log_message] [WARNING] "GET /static/js/popper.js.map HTTP/1.1" 404 1807
2023-05-22 17:31:23,468 [django.server:187] [basehttp:log_message] [INFO] "GET /login/ HTTP/1.1" 200 1321
2023-05-22 17:31:23,519 [django.server:187] [basehttp:log_message] [WARNING] "GET /static/js/popper.js.map HTTP/1.1" 404 1807
2023-05-22 17:31:23,679 [django.server:187] [basehttp:log_message] [INFO] "GET /login/ HTTP/1.1" 200 1321
2023-05-22 17:31:23,728 [django.server:187] [basehttp:log_message] [WARNING] "GET /static/js/popper.js.map HTTP/1.1" 404 1807
2023-05-22 17:31:24,401 [django.server:187] [basehttp:log_message] [INFO] "GET /login/ HTTP/1.1" 200 1321
2023-05-22 17:31:24,439 [django.server:187] [basehttp:log_message] [WARNING] "GET /static/js/popper.js.map HTTP/1.1" 404 1807
2023-05-22 17:31:24,580 [django.server:187] [basehttp:log_message] [INFO] "GET /login/ HTTP/1.1" 200 1321
2023-05-22 17:31:24,637 [django.server:187] [basehttp:log_message] [WARNING] "GET /static/js/popper.js.map HTTP/1.1" 404 1807
2023-05-22 17:31:24,774 [django.server:187] [basehttp:log_message] [INFO] "GET /login/ HTTP/1.1" 200 1321
2023-05-22 17:31:24,826 [django.server:187] [basehttp:log_message] [WARNING] "GET /static/js/popper.js.map HTTP/1.1" 404 1807
2023-05-22 17:31:25,161 [django.server:187] [basehttp:log_message] [INFO] "GET /login/ HTTP/1.1" 200 1321
2023-05-22 17:31:25,212 [django.server:187] [basehttp:log_message] [WARNING] "GET /static/js/popper.js.map HTTP/1.1" 404 1807
2023-05-22 17:31:25,730 [django.server:187] [basehttp:log_message] [INFO] "GET /login/ HTTP/1.1" 200 1321
2023-05-22 17:31:25,782 [django.server:187] [basehttp:log_message] [WARNING] "GET /static/js/popper.js.map HTTP/1.1" 404 1807
2023-05-22 17:31:25,929 [django.server:187] [basehttp:log_message] [INFO] "GET /login/ HTTP/1.1" 200 1321
2023-05-22 17:31:25,982 [django.server:187] [basehttp:log_message] [WARNING] "GET /static/js/popper.js.map HTTP/1.1" 404 1807
2023-05-22 17:31:26,080 [django.server:187] [basehttp:log_message] [INFO] "GET /login/ HTTP/1.1" 200 1321
2023-05-22 17:31:26,124 [django.server:187] [basehttp:log_message] [WARNING] "GET /static/js/popper.js.map HTTP/1.1" 404 1807
2023-05-22 17:31:26,240 [django.server:187] [basehttp:log_message] [INFO] "GET /login/ HTTP/1.1" 200 1321
2023-05-22 17:31:26,293 [django.server:187] [basehttp:log_message] [WARNING] "GET /static/js/popper.js.map HTTP/1.1" 404 1807
2023-05-22 17:31:26,386 [django.server:187] [basehttp:log_message] [INFO] "GET /login/ HTTP/1.1" 200 1321
2023-05-22 17:31:26,432 [django.server:187] [basehttp:log_message] [WARNING] "GET /static/js/popper.js.map HTTP/1.1" 404 1807
2023-05-22 17:31:44,083 [django.server:187] [basehttp:log_message] [INFO] "GET /login/ HTTP/1.1" 200 1321
2023-05-22 17:31:44,173 [django.server:187] [basehttp:log_message] [WARNING] "GET /static/js/popper.js.map HTTP/1.1" 404 1807
2023-05-22 17:31:44,821 [django.server:187] [basehttp:log_message] [INFO] "GET /login/ HTTP/1.1" 200 1320
2023-05-22 17:31:44,853 [django.server:187] [basehttp:log_message] [WARNING] "GET /static/js/popper.js.map HTTP/1.1" 404 1807
2023-05-22 17:33:09,966 [django.server:187] [basehttp:log_message] [INFO] "GET /register/ HTTP/1.1" 200 1549
2023-05-22 17:33:10,006 [django.server:187] [basehttp:log_message] [INFO] "GET /static/js/data-factory-select.js HTTP/1.1" 200 12759
2023-05-22 17:33:10,016 [django.server:187] [basehttp:log_message] [WARNING] "GET /static/js/popper.js.map HTTP/1.1" 404 1807
2023-05-22 17:36:51,062 [django.server:187] [basehttp:log_message] [INFO] "GET /register/ HTTP/1.1" 200 1549
2023-05-22 17:36:51,080 [django.server:187] [basehttp:log_message] [INFO] "GET /static/css/login.css HTTP/1.1" 200 2923
2023-05-22 17:36:51,083 [django.server:187] [basehttp:log_message] [INFO] "GET /static/css/bootstrap.min.css HTTP/1.1" 200 212514
2023-05-22 17:36:51,092 [django.server:187] [basehttp:log_message] [INFO] "GET /static/js/data-factory-select.js HTTP/1.1" 200 12905
2023-05-22 17:36:51,093 [django.server:187] [basehttp:log_message] [INFO] "GET /static/js/bootstrap.min.js HTTP/1.1" 200 62569
2023-05-22 17:36:51,094 [django.server:187] [basehttp:log_message] [INFO] "GET /static/js/jquery.min.js HTTP/1.1" 200 137835
2023-05-22 17:36:51,094 [django.server:187] [basehttp:log_message] [INFO] "GET /static/js/popper.js HTTP/1.1" 200 104916
2023-05-22 17:36:51,108 [django.server:187] [basehttp:log_message] [INFO] "GET /static/css/bootstrap.min.css.map HTTP/1.1" 200 654593
2023-05-22 17:36:51,156 [django.server:187] [basehttp:log_message] [WARNING] "GET /static/js/popper.js.map HTTP/1.1" 404 1807
2023-05-22 17:36:51,159 [django.server:187] [basehttp:log_message] [INFO] "GET /static/js/bootstrap.min.js.map HTTP/1.1" 200 185257
2023-05-22 17:36:51,177 [django.server:187] [basehttp:log_message] [WARNING] "GET /favicon.ico HTTP/1.1" 404 2554
2023-05-22 17:36:52,589 [django.server:187] [basehttp:log_message] [INFO] "GET /login/ HTTP/1.1" 200 1320
2023-05-22 17:36:52,667 [django.server:187] [basehttp:log_message] [WARNING] "GET /static/js/popper.js.map HTTP/1.1" 404 1807
2023-05-22 17:38:22,071 [django.utils.autoreload:266] [autoreload:trigger_reload] [INFO] D:\项目\data_factory_platform\accredit\views.py changed, reloading.
2023-05-22 17:38:22,764 [django.utils.autoreload:677] [autoreload:run_with_reloader] [INFO] Watching for file changes with StatReloader
2023-05-22 17:38:23,328 [django.server:187] [basehttp:log_message] [INFO] "GET /login/ HTTP/1.1" 200 1320
2023-05-22 17:38:23,373 [django.server:187] [basehttp:log_message] [WARNING] "GET /static/js/popper.js.map HTTP/1.1" 404 1807
2023-05-22 17:38:58,950 [django.server:187] [basehttp:log_message] [INFO] "GET /register/ HTTP/1.1" 200 1549
2023-05-22 17:38:58,999 [django.server:187] [basehttp:log_message] [WARNING] "GET /static/js/popper.js.map HTTP/1.1" 404 1807
2023-05-22 17:38:59,000 [django.server:187] [basehttp:log_message] [INFO] "GET /static/js/data-factory-select.js HTTP/1.1" 200 12878
2023-05-22 17:39:00,976 [django.server:187] [basehttp:log_message] [INFO] "GET /login/ HTTP/1.1" 200 1320
2023-05-22 17:39:01,024 [django.server:187] [basehttp:log_message] [WARNING] "GET /static/js/popper.js.map HTTP/1.1" 404 1807
2023-05-22 17:40:06,010 [django.server:187] [basehttp:log_message] [INFO] "GET /login/ HTTP/1.1" 200 1320
2023-05-22 17:40:06,049 [django.server:187] [basehttp:log_message] [WARNING] "GET /static/js/popper.js.map HTTP/1.1" 404 1807
2023-05-22 17:40:08,728 [django.server:187] [basehttp:log_message] [INFO] "GET /login/ HTTP/1.1" 200 1320
2023-05-22 17:40:08,774 [django.server:187] [basehttp:log_message] [WARNING] "GET /static/js/popper.js.map HTTP/1.1" 404 1807
2023-05-22 17:40:08,997 [django.server:187] [basehttp:log_message] [INFO] "GET /login/ HTTP/1.1" 200 1320
2023-05-22 17:40:09,030 [django.server:187] [basehttp:log_message] [WARNING] "GET /static/js/popper.js.map HTTP/1.1" 404 1807
2023-05-22 17:40:09,162 [django.server:187] [basehttp:log_message] [INFO] "GET /login/ HTTP/1.1" 200 1320
2023-05-22 17:40:09,213 [django.server:187] [basehttp:log_message] [WARNING] "GET /static/js/popper.js.map HTTP/1.1" 404 1807
2023-05-22 17:40:09,296 [django.server:187] [basehttp:log_message] [INFO] "GET /login/ HTTP/1.1" 200 1320
2023-05-22 17:40:09,330 [django.server:187] [basehttp:log_message] [WARNING] "GET /static/js/popper.js.map HTTP/1.1" 404 1807
2023-05-22 17:40:10,734 [django.server:187] [basehttp:log_message] [INFO] "GET /login/ HTTP/1.1" 200 1320
2023-05-22 17:40:10,753 [django.server:187] [basehttp:log_message] [INFO] "GET /static/css/login.css HTTP/1.1" 200 2923
2023-05-22 17:40:10,755 [django.server:187] [basehttp:log_message] [INFO] "GET /static/css/bootstrap.min.css HTTP/1.1" 200 212514
2023-05-22 17:40:10,757 [django.server:187] [basehttp:log_message] [INFO] "GET /static/js/bootstrap.min.js HTTP/1.1" 200 62569
2023-05-22 17:40:10,758 [django.server:187] [basehttp:log_message] [INFO] "GET /static/js/popper.js HTTP/1.1" 200 104916
2023-05-22 17:40:10,758 [django.server:187] [basehttp:log_message] [INFO] "GET /static/js/jquery.min.js HTTP/1.1" 200 137835
2023-05-22 17:40:10,776 [django.server:187] [basehttp:log_message] [INFO] "GET /static/css/bootstrap.min.css.map HTTP/1.1" 200 654593
2023-05-22 17:40:10,811 [django.server:187] [basehttp:log_message] [WARNING] "GET /static/js/popper.js.map HTTP/1.1" 404 1807
2023-05-22 17:40:10,812 [django.server:187] [basehttp:log_message] [INFO] "GET /static/js/bootstrap.min.js.map HTTP/1.1" 200 185257
2023-05-22 17:40:10,823 [django.server:187] [basehttp:log_message] [WARNING] "GET /favicon.ico HTTP/1.1" 404 2554
2023-05-22 17:40:24,707 [django.server:187] [basehttp:log_message] [INFO] "GET /login/ HTTP/1.1" 200 1320
2023-05-22 17:40:24,793 [django.server:187] [basehttp:log_message] [WARNING] "GET /static/js/popper.js.map HTTP/1.1" 404 1807
2023-05-22 17:40:57,021 [django.server:187] [basehttp:log_message] [INFO] "GET /login/ HTTP/1.1" 200 1320
2023-05-22 17:40:57,195 [django.server:187] [basehttp:log_message] [WARNING] "GET /static/js/popper.js.map HTTP/1.1" 404 1807
2023-05-22 17:41:10,680 [django.server:187] [basehttp:log_message] [INFO] "GET /login/ HTTP/1.1" 200 1320
2023-05-22 17:41:10,739 [django.server:187] [basehttp:log_message] [WARNING] "GET /static/js/popper.js.map HTTP/1.1" 404 1807
2023-05-22 17:41:10,853 [django.server:187] [basehttp:log_message] [INFO] "GET /login/ HTTP/1.1" 200 1320
2023-05-22 17:41:10,900 [django.server:187] [basehttp:log_message] [WARNING] "GET /static/js/popper.js.map HTTP/1.1" 404 1807
2023-05-22 17:41:11,005 [django.server:187] [basehttp:log_message] [INFO] "GET /login/ HTTP/1.1" 200 1320
2023-05-22 17:41:11,047 [django.server:187] [basehttp:log_message] [WARNING] "GET /static/js/popper.js.map HTTP/1.1" 404 1807
2023-05-22 17:41:11,150 [django.server:187] [basehttp:log_message] [INFO] "GET /login/ HTTP/1.1" 200 1320
2023-05-22 17:41:11,179 [django.server:187] [basehttp:log_message] [WARNING] "GET /static/js/popper.js.map HTTP/1.1" 404 1807
2023-05-22 17:41:11,288 [django.server:187] [basehttp:log_message] [INFO] "GET /login/ HTTP/1.1" 200 1320
2023-05-22 17:41:11,335 [django.server:187] [basehttp:log_message] [WARNING] "GET /static/js/popper.js.map HTTP/1.1" 404 1807
2023-05-22 17:41:28,271 [django.server:187] [basehttp:log_message] [INFO] "GET /login/ HTTP/1.1" 200 1320
2023-05-22 17:41:28,340 [django.server:187] [basehttp:log_message] [WARNING] "GET /static/js/popper.js.map HTTP/1.1" 404 1807
2023-05-22 17:41:39,961 [django.server:187] [basehttp:log_message] [INFO] "GET /register/ HTTP/1.1" 200 1549
2023-05-22 17:41:39,990 [django.server:187] [basehttp:log_message] [INFO] "GET /static/js/data-factory-select.js HTTP/1.1" 200 12915
2023-05-22 17:41:40,025 [django.server:187] [basehttp:log_message] [WARNING] "GET /static/js/popper.js.map HTTP/1.1" 404 1807
2023-05-22 17:41:41,412 [django.server:187] [basehttp:log_message] [ERROR] "POST /register/ HTTP/1.1" 500 165652
2023-05-22 17:41:48,023 [django.server:187] [basehttp:log_message] [INFO] "GET /register/ HTTP/1.1" 200 1549
2023-05-22 17:41:48,036 [django.server:187] [basehttp:log_message] [INFO] "GET /static/js/data-factory-select.js HTTP/1.1" 304 0
2023-05-22 17:41:48,101 [django.server:187] [basehttp:log_message] [WARNING] "GET /static/js/popper.js.map HTTP/1.1" 404 1807
2023-05-22 17:42:53,950 [django.utils.autoreload:677] [autoreload:run_with_reloader] [INFO] Watching for file changes with StatReloader
2023-05-22 17:43:07,488 [django.server:187] [basehttp:log_message] [INFO] "GET /login/ HTTP/1.1" 200 1320
2023-05-22 17:43:07,567 [django.server:187] [basehttp:log_message] [INFO] "GET /static/css/bootstrap.min.css HTTP/1.1" 200 212514
2023-05-22 17:43:07,569 [django.server:187] [basehttp:log_message] [INFO] "GET /static/js/bootstrap.min.js HTTP/1.1" 200 62569
2023-05-22 17:43:07,571 [django.server:187] [basehttp:log_message] [INFO] "GET /static/css/login.css HTTP/1.1" 200 2923
2023-05-22 17:43:07,572 [django.server:187] [basehttp:log_message] [INFO] "GET /static/js/jquery.min.js HTTP/1.1" 200 137835
2023-05-22 17:43:07,575 [django.server:187] [basehttp:log_message] [INFO] "GET /static/js/popper.js HTTP/1.1" 200 104916
2023-05-22 17:43:14,280 [django.server:187] [basehttp:log_message] [INFO] "GET /static/js/bootstrap.min.js.map HTTP/1.1" 200 185257
2023-05-22 17:43:14,283 [django.server:187] [basehttp:log_message] [WARNING] "GET /static/js/popper.js.map HTTP/1.1" 404 1807
2023-05-22 17:43:14,284 [django.server:187] [basehttp:log_message] [INFO] "GET /static/css/bootstrap.min.css.map HTTP/1.1" 200 654593
2023-05-22 17:43:21,461 [django.server:187] [basehttp:log_message] [INFO] "GET /login/ HTTP/1.1" 200 1320
2023-05-22 17:43:21,530 [django.server:187] [basehttp:log_message] [WARNING] "GET /static/js/popper.js.map HTTP/1.1" 404 1807
2023-05-22 17:43:22,055 [django.server:187] [basehttp:log_message] [INFO] "GET /login/ HTTP/1.1" 200 1320
2023-05-22 17:43:22,089 [django.server:187] [basehttp:log_message] [WARNING] "GET /static/js/popper.js.map HTTP/1.1" 404 1807
2023-05-22 17:43:22,235 [django.server:187] [basehttp:log_message] [INFO] "GET /login/ HTTP/1.1" 200 1320
2023-05-22 17:43:22,263 [django.server:187] [basehttp:log_message] [WARNING] "GET /static/js/popper.js.map HTTP/1.1" 404 1807
2023-05-22 17:43:22,394 [django.server:187] [basehttp:log_message] [INFO] "GET /login/ HTTP/1.1" 200 1320
2023-05-22 17:43:22,416 [django.server:187] [basehttp:log_message] [WARNING] "GET /static/js/popper.js.map HTTP/1.1" 404 1807
2023-05-22 17:43:22,544 [django.server:187] [basehttp:log_message] [INFO] "GET /login/ HTTP/1.1" 200 1320
2023-05-22 17:43:22,581 [django.server:187] [basehttp:log_message] [WARNING] "GET /static/js/popper.js.map HTTP/1.1" 404 1807
2023-05-22 17:43:22,700 [django.server:187] [basehttp:log_message] [INFO] "GET /login/ HTTP/1.1" 200 1320
2023-05-22 17:43:22,725 [django.server:187] [basehttp:log_message] [WARNING] "GET /static/js/popper.js.map HTTP/1.1" 404 1807
2023-05-22 17:43:22,952 [django.server:187] [basehttp:log_message] [INFO] "GET /login/ HTTP/1.1" 200 1320
2023-05-22 17:43:22,974 [django.server:187] [basehttp:log_message] [WARNING] "GET /static/js/popper.js.map HTTP/1.1" 404 1807
2023-05-22 17:43:32,907 [django.server:187] [basehttp:log_message] [INFO] "GET /register/ HTTP/1.1" 200 1549
2023-05-22 17:43:32,928 [django.server:187] [basehttp:log_message] [INFO] "GET /static/js/data-factory-select.js HTTP/1.1" 200 12915
2023-05-22 17:43:32,942 [django.server:187] [basehttp:log_message] [WARNING] "GET /static/js/popper.js.map HTTP/1.1" 404 1807
2023-05-22 17:44:01,150 [django.server:187] [basehttp:log_message] [INFO] "GET /register/ HTTP/1.1" 200 1549
2023-05-22 17:44:01,166 [django.server:187] [basehttp:log_message] [INFO] "GET /static/js/data-factory-select.js HTTP/1.1" 304 0
2023-05-22 17:44:01,212 [django.server:187] [basehttp:log_message] [WARNING] "GET /static/js/popper.js.map HTTP/1.1" 404 1807
2023-05-22 17:44:01,310 [django.server:187] [basehttp:log_message] [INFO] "GET /register/ HTTP/1.1" 200 1549
2023-05-22 17:44:01,335 [django.server:187] [basehttp:log_message] [WARNING] "GET /static/js/popper.js.map HTTP/1.1" 404 1807
2023-05-22 17:44:01,467 [django.server:187] [basehttp:log_message] [INFO] "GET /register/ HTTP/1.1" 200 1549
2023-05-22 17:44:01,495 [django.server:187] [basehttp:log_message] [WARNING] "GET /static/js/popper.js.map HTTP/1.1" 404 1807
2023-05-22 17:44:01,605 [django.server:187] [basehttp:log_message] [INFO] "GET /register/ HTTP/1.1" 200 1549
2023-05-22 17:44:01,625 [django.server:187] [basehttp:log_message] [WARNING] "GET /static/js/popper.js.map HTTP/1.1" 404 1807
2023-05-22 17:44:02,029 [django.server:187] [basehttp:log_message] [INFO] "GET /login/ HTTP/1.1" 200 1378
2023-05-22 17:44:02,057 [django.server:187] [basehttp:log_message] [WARNING] "GET /static/js/popper.js.map HTTP/1.1" 404 1807
2023-05-22 17:44:10,221 [django.server:187] [basehttp:log_message] [INFO] "GET /login/ HTTP/1.1" 200 1378
2023-05-22 17:44:10,258 [django.server:187] [basehttp:log_message] [WARNING] "GET /static/js/popper.js.map HTTP/1.1" 404 1807
2023-05-22 17:44:28,935 [django.server:187] [basehttp:log_message] [INFO] "GET /login/ HTTP/1.1" 200 1378
2023-05-22 17:44:28,948 [django.server:187] [basehttp:log_message] [INFO] "GET /static/css/login.css HTTP/1.1" 200 2923
2023-05-22 17:44:28,954 [django.server:187] [basehttp:log_message] [INFO] "GET /static/js/data-factory-select.js HTTP/1.1" 200 12915
2023-05-22 17:44:28,954 [django.server:187] [basehttp:log_message] [INFO] "GET /static/js/jquery.min.js HTTP/1.1" 200 137835
2023-05-22 17:44:28,956 [django.server:187] [basehttp:log_message] [INFO] "GET /static/css/bootstrap.min.css HTTP/1.1" 200 212514
2023-05-22 17:44:28,956 [django.server:187] [basehttp:log_message] [INFO] "GET /static/js/bootstrap.min.js HTTP/1.1" 200 62569
2023-05-22 17:44:28,957 [django.server:187] [basehttp:log_message] [INFO] "GET /static/js/popper.js HTTP/1.1" 200 104916
2023-05-22 17:44:28,980 [django.server:187] [basehttp:log_message] [INFO] "GET /static/css/bootstrap.min.css.map HTTP/1.1" 200 654593
2023-05-22 17:44:29,012 [django.server:187] [basehttp:log_message] [WARNING] "GET /static/js/popper.js.map HTTP/1.1" 404 1807
2023-05-22 17:44:29,013 [django.server:187] [basehttp:log_message] [INFO] "GET /static/js/bootstrap.min.js.map HTTP/1.1" 200 185257
2023-05-22 17:44:56,778 [django.server:187] [basehttp:log_message] [INFO] "GET /login/ HTTP/1.1" 200 1378
2023-05-22 17:44:56,789 [django.server:187] [basehttp:log_message] [INFO] "GET /static/js/data-factory-select.js HTTP/1.1" 304 0
2023-05-22 17:44:56,837 [django.server:187] [basehttp:log_message] [WARNING] "GET /static/js/popper.js.map HTTP/1.1" 404 1807
2023-05-22 17:44:59,878 [django.server:187] [basehttp:log_message] [INFO] "GET /login/ HTTP/1.1" 200 1378
2023-05-22 17:44:59,912 [django.server:187] [basehttp:log_message] [WARNING] "GET /static/js/popper.js.map HTTP/1.1" 404 1807
2023-05-22 17:45:00,056 [django.server:187] [basehttp:log_message] [INFO] "GET /login/ HTTP/1.1" 200 1378
2023-05-22 17:45:00,085 [django.server:187] [basehttp:log_message] [WARNING] "GET /static/js/popper.js.map HTTP/1.1" 404 1807
2023-05-22 17:45:00,231 [django.server:187] [basehttp:log_message] [INFO] "GET /login/ HTTP/1.1" 200 1378
2023-05-22 17:45:00,260 [django.server:187] [basehttp:log_message] [WARNING] "GET /static/js/popper.js.map HTTP/1.1" 404 1807
2023-05-22 17:45:00,381 [django.server:187] [basehttp:log_message] [INFO] "GET /login/ HTTP/1.1" 200 1378
2023-05-22 17:45:00,401 [django.server:187] [basehttp:log_message] [WARNING] "GET /static/js/popper.js.map HTTP/1.1" 404 1807
2023-05-22 17:45:00,539 [django.server:187] [basehttp:log_message] [INFO] "GET /login/ HTTP/1.1" 200 1378
2023-05-22 17:45:00,560 [django.server:187] [basehttp:log_message] [WARNING] "GET /static/js/popper.js.map HTTP/1.1" 404 1807
2023-05-22 17:45:00,696 [django.server:187] [basehttp:log_message] [INFO] "GET /login/ HTTP/1.1" 200 1378
2023-05-22 17:45:00,717 [django.server:187] [basehttp:log_message] [WARNING] "GET /static/js/popper.js.map HTTP/1.1" 404 1807
2023-05-22 17:45:04,704 [django.server:187] [basehttp:log_message] [INFO] "GET /register/ HTTP/1.1" 200 1431
2023-05-22 17:45:04,757 [django.server:187] [basehttp:log_message] [WARNING] "GET /static/js/popper.js.map HTTP/1.1" 404 1807
2023-05-22 17:51:38,717 [django.server:187] [basehttp:log_message] [INFO] "GET /login/ HTTP/1.1" 200 1378
2023-05-22 17:51:38,739 [django.server:187] [basehttp:log_message] [INFO] "GET /static/js/data-factory-select.js HTTP/1.1" 200 12728
2023-05-22 17:51:38,764 [django.server:187] [basehttp:log_message] [WARNING] "GET /static/js/popper.js.map HTTP/1.1" 404 1807
2023-05-22 17:51:40,299 [django.server:187] [basehttp:log_message] [INFO] "GET /login/ HTTP/1.1" 200 1378
2023-05-22 17:51:40,308 [django.server:187] [basehttp:log_message] [INFO] "GET /static/js/data-factory-select.js HTTP/1.1" 304 0
2023-05-22 17:51:40,353 [django.server:187] [basehttp:log_message] [WARNING] "GET /static/js/popper.js.map HTTP/1.1" 404 1807
2023-05-22 17:51:42,563 [django.server:187] [basehttp:log_message] [INFO] "POST /login/ HTTP/1.1" 200 72
2023-05-22 17:53:18,545 [django.server:187] [basehttp:log_message] [INFO] "GET /register/ HTTP/1.1" 200 1431
2023-05-22 17:53:18,566 [django.server:187] [basehttp:log_message] [INFO] "GET /static/js/data-factory-select.js HTTP/1.1" 304 0
2023-05-22 17:53:18,616 [django.server:187] [basehttp:log_message] [WARNING] "GET /static/js/popper.js.map HTTP/1.1" 404 1807
2023-05-22 18:07:17,193 [django.server:187] [basehttp:log_message] [INFO] "GET /login/ HTTP/1.1" 200 1369
2023-05-22 18:07:17,210 [django.server:187] [basehttp:log_message] [INFO] "GET /static/js/Auth/login.js HTTP/1.1" 200 842
2023-05-22 18:07:17,243 [django.server:187] [basehttp:log_message] [WARNING] "GET /static/js/popper.js.map HTTP/1.1" 404 1807
2023-05-22 18:07:18,182 [django.server:187] [basehttp:log_message] [INFO] "GET /login/ HTTP/1.1" 200 1369
2023-05-22 18:07:18,192 [django.server:187] [basehttp:log_message] [INFO] "GET /static/js/Auth/login.js HTTP/1.1" 304 0
2023-05-22 18:07:18,235 [django.server:187] [basehttp:log_message] [WARNING] "GET /static/js/popper.js.map HTTP/1.1" 404 1807
2023-05-22 18:07:31,920 [django.server:187] [basehttp:log_message] [INFO] "GET /login/ HTTP/1.1" 200 1369
2023-05-22 18:07:31,937 [django.server:187] [basehttp:log_message] [INFO] "GET /static/css/login.css HTTP/1.1" 200 2923
2023-05-22 18:07:31,938 [django.server:187] [basehttp:log_message] [INFO] "GET /static/js/Auth/login.js HTTP/1.1" 200 842
2023-05-22 18:07:31,938 [django.server:187] [basehttp:log_message] [INFO] "GET /static/js/bootstrap.min.js HTTP/1.1" 200 62569
2023-05-22 18:07:31,940 [django.server:187] [basehttp:log_message] [INFO] "GET /static/js/jquery.min.js HTTP/1.1" 200 137835
2023-05-22 18:07:31,940 [django.server:187] [basehttp:log_message] [INFO] "GET /static/css/bootstrap.min.css HTTP/1.1" 200 212514
2023-05-22 18:07:31,942 [django.server:187] [basehttp:log_message] [INFO] "GET /static/js/popper.js HTTP/1.1" 200 104916
2023-05-22 18:07:31,965 [django.server:187] [basehttp:log_message] [INFO] "GET /static/css/bootstrap.min.css.map HTTP/1.1" 200 654593
2023-05-22 18:07:31,989 [django.server:187] [basehttp:log_message] [WARNING] "GET /static/js/popper.js.map HTTP/1.1" 404 1807
2023-05-22 18:07:31,990 [django.server:187] [basehttp:log_message] [INFO] "GET /static/js/bootstrap.min.js.map HTTP/1.1" 200 185257
2023-05-22 18:16:02,932 [django.server:187] [basehttp:log_message] [INFO] "GET /login/ HTTP/1.1" 200 1369
2023-05-22 18:16:02,942 [django.server:187] [basehttp:log_message] [INFO] "GET /static/js/Auth/login.js HTTP/1.1" 304 0
2023-05-22 18:16:02,996 [django.server:187] [basehttp:log_message] [WARNING] "GET /static/js/popper.js.map HTTP/1.1" 404 1807
2023-05-22 18:16:03,609 [django.server:187] [basehttp:log_message] [INFO] "GET /login/ HTTP/1.1" 200 1369
2023-05-22 18:16:03,663 [django.server:187] [basehttp:log_message] [WARNING] "GET /static/js/popper.js.map HTTP/1.1" 404 1807
2023-05-22 18:16:03,849 [django.server:187] [basehttp:log_message] [INFO] "GET /login/ HTTP/1.1" 200 1369
2023-05-22 18:16:03,871 [django.server:187] [basehttp:log_message] [WARNING] "GET /static/js/popper.js.map HTTP/1.1" 404 1807
2023-05-22 18:16:04,078 [django.server:187] [basehttp:log_message] [INFO] "GET /login/ HTTP/1.1" 200 1369
2023-05-22 18:16:04,101 [django.server:187] [basehttp:log_message] [WARNING] "GET /static/js/popper.js.map HTTP/1.1" 404 1807
2023-05-22 18:16:07,927 [django.utils.autoreload:677] [autoreload:run_with_reloader] [INFO] Watching for file changes with StatReloader
2023-05-22 18:16:10,406 [django.server:187] [basehttp:log_message] [INFO] "GET /login/ HTTP/1.1" 200 1369
2023-05-22 18:16:10,498 [django.server:187] [basehttp:log_message] [INFO] "GET /static/js/bootstrap.min.js HTTP/1.1" 200 62569
2023-05-22 18:16:10,500 [django.server:187] [basehttp:log_message] [INFO] "GET /static/css/login.css HTTP/1.1" 200 2923
2023-05-22 18:16:10,504 [django.server:187] [basehttp:log_message] [INFO] "GET /static/js/Auth/login.js HTTP/1.1" 200 842
2023-05-22 18:16:10,504 [django.server:187] [basehttp:log_message] [INFO] "GET /static/css/bootstrap.min.css HTTP/1.1" 200 212514
2023-05-22 18:16:10,505 [django.server:187] [basehttp:log_message] [INFO] "GET /static/js/popper.js HTTP/1.1" 200 104916
2023-05-22 18:16:10,505 [django.server:187] [basehttp:log_message] [INFO] "GET /static/js/jquery.min.js HTTP/1.1" 200 137835
2023-05-22 18:16:10,534 [django.server:187] [basehttp:log_message] [INFO] "GET /static/css/bootstrap.min.css.map HTTP/1.1" 200 654593
2023-05-22 18:16:10,558 [django.server:187] [basehttp:log_message] [INFO] "GET /static/js/bootstrap.min.js.map HTTP/1.1" 200 185257
2023-05-22 18:16:10,560 [django.server:187] [basehttp:log_message] [WARNING] "GET /static/js/popper.js.map HTTP/1.1" 404 1807
2023-05-22 18:16:23,162 [django.server:187] [basehttp:log_message] [INFO] "GET /login/ HTTP/1.1" 200 1369
2023-05-22 18:16:23,231 [django.server:187] [basehttp:log_message] [WARNING] "GET /static/js/popper.js.map HTTP/1.1" 404 1807
2023-05-22 18:16:25,870 [django.server:187] [basehttp:log_message] [INFO] "GET /login/ HTTP/1.1" 200 1369
2023-05-22 18:16:25,885 [django.server:187] [basehttp:log_message] [INFO] "GET /static/css/login.css HTTP/1.1" 200 2923
2023-05-22 18:16:25,888 [django.server:187] [basehttp:log_message] [INFO] "GET /static/js/bootstrap.min.js HTTP/1.1" 200 62569
2023-05-22 18:16:25,889 [django.server:187] [basehttp:log_message] [INFO] "GET /static/js/jquery.min.js HTTP/1.1" 200 137835
2023-05-22 18:16:25,892 [django.server:187] [basehttp:log_message] [INFO] "GET /static/css/bootstrap.min.css HTTP/1.1" 200 212514
2023-05-22 18:16:25,895 [django.server:187] [basehttp:log_message] [INFO] "GET /static/js/Auth/login.js HTTP/1.1" 200 842
2023-05-22 18:16:25,895 [django.server:187] [basehttp:log_message] [INFO] "GET /static/js/popper.js HTTP/1.1" 200 104916
2023-05-22 18:16:25,931 [django.server:187] [basehttp:log_message] [INFO] "GET /static/css/bootstrap.min.css.map HTTP/1.1" 200 654593
2023-05-22 18:16:25,956 [django.server:187] [basehttp:log_message] [WARNING] "GET /static/js/popper.js.map HTTP/1.1" 404 1807
2023-05-22 18:16:25,956 [django.server:187] [basehttp:log_message] [INFO] "GET /static/js/bootstrap.min.js.map HTTP/1.1" 200 185257
2023-05-23 11:25:50,035 [django.server:187] [basehttp:log_message] [INFO] "GET /login/ HTTP/1.1" 200 1369
2023-05-23 11:25:50,065 [django.server:187] [basehttp:log_message] [INFO] "GET /static/js/Auth/login.js HTTP/1.1" 200 671
2023-05-23 11:25:54,274 [django.server:187] [basehttp:log_message] [WARNING] "GET /static/js/popper.js.map HTTP/1.1" 404 1807
2023-05-23 11:28:16,868 [django.server:187] [basehttp:log_message] [INFO] "GET /login/ HTTP/1.1" 200 1299
2023-05-23 11:28:16,899 [django.server:187] [basehttp:log_message] [INFO] "GET /static/css/login.css HTTP/1.1" 200 2923
2023-05-23 11:28:16,899 [django.server:187] [basehttp:log_message] [INFO] "GET /static/js/Auth/login.js HTTP/1.1" 200 671
2023-05-23 11:28:16,900 [django.server:187] [basehttp:log_message] [INFO] "GET /static/css/bootstrap.min.css HTTP/1.1" 200 212514
2023-05-23 11:28:16,927 [django.server:187] [basehttp:log_message] [INFO] "GET /static/js/popper.js HTTP/1.1" 200 104916
2023-05-23 11:28:16,935 [django.server:187] [basehttp:log_message] [INFO] "GET /static/js/bootstrap.min.js HTTP/1.1" 200 62569
2023-05-23 11:28:16,939 [django.server:187] [basehttp:log_message] [INFO] "GET /static/js/jquery.min.js HTTP/1.1" 200 137835
2023-05-23 11:28:17,083 [django.server:187] [basehttp:log_message] [INFO] "GET /static/css/bootstrap.min.css.map HTTP/1.1" 200 654593
2023-05-23 11:28:17,099 [django.server:187] [basehttp:log_message] [INFO] "GET /static/js/data_factory_request.js HTTP/1.1" 200 728
2023-05-23 11:28:17,101 [django.server:187] [basehttp:log_message] [WARNING] "GET /static/js/popper.js.map HTTP/1.1" 404 1807
2023-05-23 11:28:17,102 [django.server:187] [basehttp:log_message] [INFO] "GET /static/js/bootstrap.min.js.map HTTP/1.1" 200 185257
2023-05-23 11:28:17,158 [django.server:187] [basehttp:log_message] [WARNING] "GET /favicon.ico HTTP/1.1" 404 2554
2023-05-23 11:29:58,613 [django.server:187] [basehttp:log_message] [INFO] "GET /login/ HTTP/1.1" 200 1299
2023-05-23 11:29:58,902 [django.server:187] [basehttp:log_message] [WARNING] "GET /static/js/popper.js.map HTTP/1.1" 404 1807
