2023-04-12 15:18:07,209 [django.request:241] [log:log_response] [WARNING] Not Found: /factory/static/js/jquery.min.js
2023-04-12 15:18:07,211 [django.request:241] [log:log_response] [WARNING] Not Found: /factory/static/css/icons.css
2023-04-12 15:18:07,212 [django.request:241] [log:log_response] [WARNING] Not Found: /factory/static/css/style.css
2023-04-12 15:18:07,213 [django.request:241] [log:log_response] [WARNING] Not Found: /factory/static/js/bootstrap.bundle.min.js
2023-04-12 15:18:07,213 [django.request:241] [log:log_response] [WARNING] Not Found: /factory/static/css/bootstrap.min.css
2023-04-12 15:18:07,214 [django.request:241] [log:log_response] [WARNING] Not Found: /factory/static/plugins/fullcalendar/css/fullcalendar.min.css
2023-04-12 15:18:07,236 [django.request:241] [log:log_response] [WARNING] Not Found: /factory/static/js/modernizr.min.js
2023-04-12 15:18:07,237 [django.request:241] [log:log_response] [WARNING] Not Found: /factory/static/js/jquery.slimscroll.js
2023-04-12 15:18:07,238 [django.request:241] [log:log_response] [WARNING] Not Found: /factory/static/plugins/jquery-ui/jquery-ui.min.js
2023-04-12 15:18:07,239 [django.request:241] [log:log_response] [WARNING] Not Found: /factory/static/js/jquery.nicescroll.js
2023-04-12 15:18:07,246 [django.request:241] [log:log_response] [WARNING] Not Found: /factory/static/js/jquery.scrollTo.min.js
2023-04-12 15:18:07,254 [django.request:241] [log:log_response] [WARNING] Not Found: /factory/static/js/waves.js
2023-04-12 15:18:07,259 [django.request:241] [log:log_response] [WARNING] Not Found: /factory/static/plugins/moment/moment.js
2023-04-12 15:18:07,265 [django.request:241] [log:log_response] [WARNING] Not Found: /factory/static/plugins/fullcalendar/js/fullcalendar.min.js
2023-04-12 15:18:07,267 [django.request:241] [log:log_response] [WARNING] Not Found: /factory/static/js/app.js
2023-04-12 15:18:07,273 [django.request:241] [log:log_response] [WARNING] Not Found: /factory/static/pages/calendar-init.js
2023-04-12 15:18:07,275 [django.request:241] [log:log_response] [WARNING] Not Found: /factory/static/images/users/avatar-1.jpg
2023-04-12 15:18:07,276 [django.request:241] [log:log_response] [WARNING] Not Found: /factory/static/images/logo-sm.png
2023-04-12 15:18:07,307 [django.request:241] [log:log_response] [WARNING] Not Found: /factory/static/images/favicon.ico
2023-04-12 15:20:23,666 [django.request:241] [log:log_response] [WARNING] Not Found: /factory/static/js/bootstrap.bundle.min.js
2023-04-12 15:20:23,667 [django.request:241] [log:log_response] [WARNING] Not Found: /factory/static/css/bootstrap.min.css
2023-04-12 15:20:23,667 [django.request:241] [log:log_response] [WARNING] Not Found: /factory/static/css/style.css
2023-04-12 15:20:23,669 [django.request:241] [log:log_response] [WARNING] Not Found: /factory/static/css/icons.css
2023-04-12 15:20:23,669 [django.request:241] [log:log_response] [WARNING] Not Found: /factory/static/js/jquery.min.js
2023-04-12 15:20:23,670 [django.request:241] [log:log_response] [WARNING] Not Found: /factory/static/plugins/fullcalendar/css/fullcalendar.min.css
2023-04-12 15:20:23,687 [django.request:241] [log:log_response] [WARNING] Not Found: /factory/static/js/modernizr.min.js
2023-04-12 15:20:23,693 [django.request:241] [log:log_response] [WARNING] Not Found: /factory/static/js/jquery.nicescroll.js
2023-04-12 15:20:23,697 [django.request:241] [log:log_response] [WARNING] Not Found: /factory/static/js/jquery.slimscroll.js
2023-04-12 15:20:23,699 [django.request:241] [log:log_response] [WARNING] Not Found: /factory/static/js/waves.js
2023-04-12 15:20:23,700 [django.request:241] [log:log_response] [WARNING] Not Found: /factory/static/plugins/jquery-ui/jquery-ui.min.js
2023-04-12 15:20:23,707 [django.request:241] [log:log_response] [WARNING] Not Found: /factory/static/js/jquery.scrollTo.min.js
2023-04-12 15:20:23,716 [django.request:241] [log:log_response] [WARNING] Not Found: /factory/static/images/logo-sm.png
2023-04-12 15:20:23,719 [django.request:241] [log:log_response] [WARNING] Not Found: /factory/static/plugins/moment/moment.js
2023-04-12 15:20:23,720 [django.request:241] [log:log_response] [WARNING] Not Found: /factory/static/images/users/avatar-1.jpg
2023-04-12 15:20:23,725 [django.request:241] [log:log_response] [WARNING] Not Found: /factory/static/plugins/fullcalendar/js/fullcalendar.min.js
2023-04-12 15:20:23,725 [django.request:241] [log:log_response] [WARNING] Not Found: /factory/static/pages/calendar-init.js
2023-04-12 15:20:23,726 [django.request:241] [log:log_response] [WARNING] Not Found: /factory/static/js/app.js
2023-04-12 15:23:40,104 [django.request:241] [log:log_response] [WARNING] Not Found: /factory/static/css/icons.css
2023-04-12 15:23:40,106 [django.request:241] [log:log_response] [WARNING] Not Found: /factory/static/plugins/fullcalendar/css/fullcalendar.min.css
2023-04-12 15:23:40,107 [django.request:241] [log:log_response] [WARNING] Not Found: /factory/static/css/style.css
2023-04-12 15:23:40,108 [django.request:241] [log:log_response] [WARNING] Not Found: /factory/static/css/bootstrap.min.css
2023-04-12 15:23:40,108 [django.request:241] [log:log_response] [WARNING] Not Found: /factory/static/js/jquery.min.js
2023-04-12 15:23:40,110 [django.request:241] [log:log_response] [WARNING] Not Found: /factory/static/js/bootstrap.bundle.min.js
2023-04-12 15:23:40,125 [django.request:241] [log:log_response] [WARNING] Not Found: /factory/static/js/jquery.slimscroll.js
2023-04-12 15:23:40,126 [django.request:241] [log:log_response] [WARNING] Not Found: /factory/static/js/modernizr.min.js
2023-04-12 15:23:40,142 [django.request:241] [log:log_response] [WARNING] Not Found: /factory/static/js/waves.js
2023-04-12 15:23:40,144 [django.request:241] [log:log_response] [WARNING] Not Found: /factory/static/images/logo-sm.png
2023-04-12 15:23:40,146 [django.request:241] [log:log_response] [WARNING] Not Found: /factory/static/js/jquery.nicescroll.js
2023-04-12 15:23:40,147 [django.request:241] [log:log_response] [WARNING] Not Found: /factory/static/images/users/avatar-1.jpg
2023-04-12 15:23:40,163 [django.request:241] [log:log_response] [WARNING] Not Found: /factory/static/js/jquery.scrollTo.min.js
2023-04-12 15:23:40,164 [django.request:241] [log:log_response] [WARNING] Not Found: /factory/static/plugins/moment/moment.js
2023-04-12 15:23:40,169 [django.request:241] [log:log_response] [WARNING] Not Found: /factory/static/plugins/jquery-ui/jquery-ui.min.js
2023-04-12 15:23:40,180 [django.request:241] [log:log_response] [WARNING] Not Found: /factory/static/js/app.js
2023-04-12 15:23:40,181 [django.request:241] [log:log_response] [WARNING] Not Found: /factory/static/plugins/fullcalendar/js/fullcalendar.min.js
2023-04-12 15:23:40,183 [django.request:241] [log:log_response] [WARNING] Not Found: /factory/static/pages/calendar-init.js
2023-04-12 15:23:40,790 [django.request:241] [log:log_response] [WARNING] Not Found: /factory/static/plugins/fullcalendar/css/fullcalendar.min.css
2023-04-12 15:23:40,792 [django.request:241] [log:log_response] [WARNING] Not Found: /factory/static/css/bootstrap.min.css
2023-04-12 15:23:40,793 [django.request:241] [log:log_response] [WARNING] Not Found: /factory/static/css/style.css
2023-04-12 15:23:40,796 [django.request:241] [log:log_response] [WARNING] Not Found: /factory/static/css/icons.css
2023-04-12 15:23:40,797 [django.request:241] [log:log_response] [WARNING] Not Found: /factory/static/js/jquery.min.js
2023-04-12 15:23:40,798 [django.request:241] [log:log_response] [WARNING] Not Found: /factory/static/js/bootstrap.bundle.min.js
2023-04-12 15:23:40,812 [django.request:241] [log:log_response] [WARNING] Not Found: /factory/static/js/jquery.slimscroll.js
2023-04-12 15:23:40,816 [django.request:241] [log:log_response] [WARNING] Not Found: /factory/static/js/waves.js
2023-04-12 15:23:40,817 [django.request:241] [log:log_response] [WARNING] Not Found: /factory/static/js/modernizr.min.js
2023-04-12 15:23:40,820 [django.request:241] [log:log_response] [WARNING] Not Found: /factory/static/js/jquery.nicescroll.js
2023-04-12 15:23:40,822 [django.request:241] [log:log_response] [WARNING] Not Found: /factory/static/js/jquery.scrollTo.min.js
2023-04-12 15:23:40,836 [django.request:241] [log:log_response] [WARNING] Not Found: /factory/static/images/logo-sm.png
2023-04-12 15:23:40,839 [django.request:241] [log:log_response] [WARNING] Not Found: /factory/static/images/users/avatar-1.jpg
2023-04-12 15:23:40,840 [django.request:241] [log:log_response] [WARNING] Not Found: /factory/static/plugins/jquery-ui/jquery-ui.min.js
2023-04-12 15:23:40,843 [django.request:241] [log:log_response] [WARNING] Not Found: /factory/static/plugins/moment/moment.js
2023-04-12 15:23:40,844 [django.request:241] [log:log_response] [WARNING] Not Found: /factory/static/plugins/fullcalendar/js/fullcalendar.min.js
2023-04-12 15:23:40,846 [django.request:241] [log:log_response] [WARNING] Not Found: /factory/static/pages/calendar-init.js
2023-04-12 15:23:40,850 [django.request:241] [log:log_response] [WARNING] Not Found: /factory/static/js/app.js
2023-04-12 15:23:43,938 [django.request:241] [log:log_response] [WARNING] Not Found: /factory/static/plugins/fullcalendar/css/fullcalendar.min.css
2023-04-12 15:23:43,940 [django.request:241] [log:log_response] [WARNING] Not Found: /factory/static/css/icons.css
2023-04-12 15:23:43,941 [django.request:241] [log:log_response] [WARNING] Not Found: /factory/static/css/style.css
2023-04-12 15:23:43,941 [django.request:241] [log:log_response] [WARNING] Not Found: /factory/static/js/jquery.min.js
2023-04-12 15:23:43,942 [django.request:241] [log:log_response] [WARNING] Not Found: /factory/static/css/bootstrap.min.css
2023-04-12 15:23:43,942 [django.request:241] [log:log_response] [WARNING] Not Found: /factory/static/js/bootstrap.bundle.min.js
2023-04-12 15:23:43,951 [django.request:241] [log:log_response] [WARNING] Not Found: /factory/static/js/modernizr.min.js
2023-04-12 15:23:43,959 [django.request:241] [log:log_response] [WARNING] Not Found: /factory/static/js/jquery.slimscroll.js
2023-04-12 15:23:43,964 [django.request:241] [log:log_response] [WARNING] Not Found: /factory/static/js/waves.js
2023-04-12 15:23:43,967 [django.request:241] [log:log_response] [WARNING] Not Found: /factory/static/js/jquery.nicescroll.js
2023-04-12 15:23:43,976 [django.request:241] [log:log_response] [WARNING] Not Found: /factory/static/js/jquery.scrollTo.min.js
2023-04-12 15:23:43,977 [django.request:241] [log:log_response] [WARNING] Not Found: /factory/static/images/users/avatar-1.jpg
2023-04-12 15:23:43,988 [django.request:241] [log:log_response] [WARNING] Not Found: /factory/static/images/logo-sm.png
2023-04-12 15:23:43,990 [django.request:241] [log:log_response] [WARNING] Not Found: /factory/static/plugins/jquery-ui/jquery-ui.min.js
2023-04-12 15:23:43,992 [django.request:241] [log:log_response] [WARNING] Not Found: /factory/static/plugins/fullcalendar/js/fullcalendar.min.js
2023-04-12 15:23:43,994 [django.request:241] [log:log_response] [WARNING] Not Found: /factory/static/plugins/moment/moment.js
2023-04-12 15:23:44,000 [django.request:241] [log:log_response] [WARNING] Not Found: /factory/static/pages/calendar-init.js
2023-04-12 15:23:44,001 [django.request:241] [log:log_response] [WARNING] Not Found: /factory/static/js/app.js
2023-04-12 15:25:19,231 [django.request:241] [log:log_response] [WARNING] Not Found: /factory/static/css/style.css
2023-04-12 15:25:19,232 [django.request:241] [log:log_response] [WARNING] Not Found: /factory/static/css/bootstrap.min.css
2023-04-12 15:25:19,233 [django.request:241] [log:log_response] [WARNING] Not Found: /factory/static/css/icons.css
2023-04-12 15:25:19,235 [django.request:241] [log:log_response] [WARNING] Not Found: /factory/static/plugins/fullcalendar/css/fullcalendar.min.css
2023-04-12 15:25:19,264 [django.request:241] [log:log_response] [WARNING] Not Found: /factory/static/js/bootstrap.bundle.min.js
2023-04-12 15:25:19,265 [django.request:241] [log:log_response] [WARNING] Not Found: /factory/static/js/jquery.min.js
2023-04-12 15:25:19,266 [django.request:241] [log:log_response] [WARNING] Not Found: /factory/static/js/modernizr.min.js
2023-04-12 15:25:19,267 [django.request:241] [log:log_response] [WARNING] Not Found: /factory/static/js/jquery.slimscroll.js
2023-04-12 15:25:19,268 [django.request:241] [log:log_response] [WARNING] Not Found: /factory/static/js/jquery.nicescroll.js
2023-04-12 15:25:19,270 [django.request:241] [log:log_response] [WARNING] Not Found: /factory/static/js/waves.js
2023-04-12 15:25:19,282 [django.request:241] [log:log_response] [WARNING] Not Found: /factory/static/images/logo-sm.png
2023-04-12 15:25:19,283 [django.request:241] [log:log_response] [WARNING] Not Found: /factory/static/images/users/avatar-1.jpg
2023-04-12 15:25:19,307 [django.request:241] [log:log_response] [WARNING] Not Found: /factory/static/plugins/jquery-ui/jquery-ui.min.js
2023-04-12 15:25:19,312 [django.request:241] [log:log_response] [WARNING] Not Found: /factory/static/plugins/moment/moment.js
2023-04-12 15:25:19,313 [django.request:241] [log:log_response] [WARNING] Not Found: /factory/static/pages/calendar-init.js
2023-04-12 15:25:19,313 [django.request:241] [log:log_response] [WARNING] Not Found: /factory/static/js/jquery.scrollTo.min.js
2023-04-12 15:25:19,315 [django.request:241] [log:log_response] [WARNING] Not Found: /factory/static/js/app.js
2023-04-12 15:25:19,318 [django.request:241] [log:log_response] [WARNING] Not Found: /factory/static/plugins/fullcalendar/js/fullcalendar.min.js
2023-04-12 15:25:24,051 [django.request:241] [log:log_response] [WARNING] Not Found: /factory/static/css/style.css
2023-04-12 15:25:24,052 [django.request:241] [log:log_response] [WARNING] Not Found: /factory/static/css/bootstrap.min.css
2023-04-12 15:25:24,053 [django.request:241] [log:log_response] [WARNING] Not Found: /factory/static/css/icons.css
2023-04-12 15:25:24,053 [django.request:241] [log:log_response] [WARNING] Not Found: /factory/static/plugins/fullcalendar/css/fullcalendar.min.css
2023-04-12 15:25:24,078 [django.request:241] [log:log_response] [WARNING] Not Found: /factory/static/js/jquery.nicescroll.js
2023-04-12 15:25:24,079 [django.request:241] [log:log_response] [WARNING] Not Found: /factory/static/js/jquery.min.js
2023-04-12 15:25:24,079 [django.request:241] [log:log_response] [WARNING] Not Found: /factory/static/js/waves.js
2023-04-12 15:25:24,080 [django.request:241] [log:log_response] [WARNING] Not Found: /factory/static/js/bootstrap.bundle.min.js
2023-04-12 15:25:24,081 [django.request:241] [log:log_response] [WARNING] Not Found: /factory/static/js/jquery.slimscroll.js
2023-04-12 15:25:24,081 [django.request:241] [log:log_response] [WARNING] Not Found: /factory/static/js/modernizr.min.js
2023-04-12 15:25:24,103 [django.request:241] [log:log_response] [WARNING] Not Found: /factory/static/plugins/jquery-ui/jquery-ui.min.js
2023-04-12 15:25:24,104 [django.request:241] [log:log_response] [WARNING] Not Found: /factory/static/js/app.js
2023-04-12 15:25:24,105 [django.request:241] [log:log_response] [WARNING] Not Found: /factory/static/js/jquery.scrollTo.min.js
2023-04-12 15:25:24,106 [django.request:241] [log:log_response] [WARNING] Not Found: /factory/static/pages/calendar-init.js
2023-04-12 15:25:24,107 [django.request:241] [log:log_response] [WARNING] Not Found: /factory/static/plugins/moment/moment.js
2023-04-12 15:25:24,108 [django.request:241] [log:log_response] [WARNING] Not Found: /factory/static/plugins/fullcalendar/js/fullcalendar.min.js
2023-04-12 15:25:24,117 [django.request:241] [log:log_response] [WARNING] Not Found: /factory/static/images/logo-sm.png
2023-04-12 15:25:24,118 [django.request:241] [log:log_response] [WARNING] Not Found: /factory/static/images/users/avatar-1.jpg
2023-04-12 15:26:05,350 [django.request:241] [log:log_response] [WARNING] Not Found: /factory/static/css/icons.css
2023-04-12 15:26:05,351 [django.request:241] [log:log_response] [WARNING] Not Found: /factory/static/css/style.css
2023-04-12 15:26:05,352 [django.request:241] [log:log_response] [WARNING] Not Found: /factory/static/plugins/fullcalendar/css/fullcalendar.min.css
2023-04-12 15:26:05,353 [django.request:241] [log:log_response] [WARNING] Not Found: /factory/static/css/bootstrap.min.css
2023-04-12 15:29:58,387 [django.request:241] [log:log_response] [WARNING] Not Found: /factory/static/css/bootstrap.min.css
2023-04-12 15:29:58,387 [django.request:241] [log:log_response] [WARNING] Not Found: /factory/static/plugins/fullcalendar/css/fullcalendar.min.css
2023-04-12 15:29:58,389 [django.request:241] [log:log_response] [WARNING] Not Found: /factory/static/css/style.css
2023-04-12 15:29:58,390 [django.request:241] [log:log_response] [WARNING] Not Found: /factory/static/js/jquery.min.js
2023-04-12 15:29:58,391 [django.request:241] [log:log_response] [WARNING] Not Found: /factory/static/js/bootstrap.bundle.min.js
2023-04-12 15:29:58,392 [django.request:241] [log:log_response] [WARNING] Not Found: /factory/static/css/icons.css
2023-04-12 15:29:58,411 [django.request:241] [log:log_response] [WARNING] Not Found: /factory/static/js/jquery.slimscroll.js
2023-04-12 15:29:58,420 [django.request:241] [log:log_response] [WARNING] Not Found: /factory/static/js/modernizr.min.js
2023-04-12 15:29:58,424 [django.request:241] [log:log_response] [WARNING] Not Found: /factory/static/js/waves.js
2023-04-12 15:29:58,426 [django.request:241] [log:log_response] [WARNING] Not Found: /factory/static/js/jquery.scrollTo.min.js
2023-04-12 15:29:58,431 [django.request:241] [log:log_response] [WARNING] Not Found: /factory/static/js/jquery.nicescroll.js
2023-04-12 15:29:58,433 [django.request:241] [log:log_response] [WARNING] Not Found: /factory/static/plugins/jquery-ui/jquery-ui.min.js
2023-04-12 15:29:58,451 [django.request:241] [log:log_response] [WARNING] Not Found: /factory/static/plugins/moment/moment.js
2023-04-12 15:29:58,462 [django.request:241] [log:log_response] [WARNING] Not Found: /factory/static/images/users/avatar-1.jpg
2023-04-12 15:29:58,467 [django.request:241] [log:log_response] [WARNING] Not Found: /factory/static/plugins/fullcalendar/js/fullcalendar.min.js
2023-04-12 15:29:58,467 [django.request:241] [log:log_response] [WARNING] Not Found: /factory/static/images/logo-sm.png
2023-04-12 15:29:58,469 [django.request:241] [log:log_response] [WARNING] Not Found: /factory/static/pages/calendar-init.js
2023-04-12 15:29:58,471 [django.request:241] [log:log_response] [WARNING] Not Found: /factory/static/js/app.js
2023-04-12 15:31:57,226 [django.request:241] [log:log_response] [WARNING] Not Found: /factory/static/css/bootstrap.min.css
2023-04-12 15:31:57,262 [django.request:241] [log:log_response] [WARNING] Not Found: /factory/static/plugins/fullcalendar/css/fullcalendar.min.css
2023-04-12 15:31:57,268 [django.request:241] [log:log_response] [WARNING] Not Found: /factory/static/css/icons.css
2023-04-12 15:31:57,269 [django.request:241] [log:log_response] [WARNING] Not Found: /factory/static/css/style.css
2023-04-12 15:31:57,269 [django.request:241] [log:log_response] [WARNING] Not Found: /factory/static/js/jquery.min.js
2023-04-12 15:31:57,271 [django.request:241] [log:log_response] [WARNING] Not Found: /factory/static/js/bootstrap.bundle.min.js
2023-04-12 15:31:57,272 [django.request:241] [log:log_response] [WARNING] Not Found: /factory/static/js/modernizr.min.js
2023-04-12 15:31:57,333 [django.request:241] [log:log_response] [WARNING] Not Found: /factory/static/images/users/avatar-1.jpg
2023-04-12 15:31:57,334 [django.request:241] [log:log_response] [WARNING] Not Found: /factory/static/images/logo-sm.png
2023-04-12 15:31:57,334 [django.request:241] [log:log_response] [WARNING] Not Found: /factory/static/js/jquery.nicescroll.js
2023-04-12 15:31:57,336 [django.request:241] [log:log_response] [WARNING] Not Found: /factory/static/js/waves.js
2023-04-12 15:31:57,337 [django.request:241] [log:log_response] [WARNING] Not Found: /factory/static/js/jquery.scrollTo.min.js
2023-04-12 15:31:57,339 [django.request:241] [log:log_response] [WARNING] Not Found: /factory/static/js/jquery.slimscroll.js
2023-04-12 15:31:57,347 [django.request:241] [log:log_response] [WARNING] Not Found: /factory/static/plugins/jquery-ui/jquery-ui.min.js
2023-04-12 15:31:57,364 [django.request:241] [log:log_response] [WARNING] Not Found: /factory/static/plugins/moment/moment.js
2023-04-12 15:31:57,381 [django.request:241] [log:log_response] [WARNING] Not Found: /factory/static/pages/calendar-init.js
2023-04-12 15:31:57,384 [django.request:241] [log:log_response] [WARNING] Not Found: /factory/static/js/app.js
2023-04-12 15:31:57,387 [django.request:241] [log:log_response] [WARNING] Not Found: /factory/static/plugins/fullcalendar/js/fullcalendar.min.js
2023-04-12 15:34:31,378 [django.request:241] [log:log_response] [WARNING] Not Found: /factory/static/js/jquery.min.js
2023-04-12 15:34:31,379 [django.request:241] [log:log_response] [WARNING] Not Found: /factory/static/js/bootstrap.bundle.min.js
2023-04-12 15:34:31,394 [django.request:241] [log:log_response] [WARNING] Not Found: /factory/static/js/modernizr.min.js
2023-04-12 15:34:31,394 [django.request:241] [log:log_response] [WARNING] Not Found: /factory/static/js/jquery.slimscroll.js
2023-04-12 15:34:31,406 [django.request:241] [log:log_response] [WARNING] Not Found: /factory/static/js/waves.js
2023-04-12 15:34:31,407 [django.request:241] [log:log_response] [WARNING] Not Found: /factory/static/js/jquery.nicescroll.js
2023-04-12 15:34:31,417 [django.request:241] [log:log_response] [WARNING] Not Found: /factory/static/plugins/jquery-ui/jquery-ui.min.js
2023-04-12 15:34:31,418 [django.request:241] [log:log_response] [WARNING] Not Found: /factory/static/js/jquery.scrollTo.min.js
2023-04-12 15:34:31,431 [django.request:241] [log:log_response] [WARNING] Not Found: /factory/static/plugins/fullcalendar/js/fullcalendar.min.js
2023-04-12 15:34:31,432 [django.request:241] [log:log_response] [WARNING] Not Found: /factory/static/plugins/moment/moment.js
2023-04-12 15:34:31,453 [django.request:241] [log:log_response] [WARNING] Not Found: /factory/static/pages/calendar-init.js
2023-04-12 15:34:31,454 [django.request:241] [log:log_response] [WARNING] Not Found: /factory/static/images/users/avatar-1.jpg
2023-04-12 15:34:31,454 [django.request:241] [log:log_response] [WARNING] Not Found: /factory/static/js/app.js
2023-04-12 15:34:31,456 [django.request:241] [log:log_response] [WARNING] Not Found: /factory/static/images/logo-sm.png
2023-04-12 15:37:51,708 [django.request:241] [log:log_response] [WARNING] Not Found: /factory/static/images/logo-sm.png
2023-04-12 15:37:51,709 [django.request:241] [log:log_response] [WARNING] Not Found: /factory/static/images/users/avatar-1.jpg
2023-04-12 15:38:32,003 [django.request:241] [log:log_response] [WARNING] Not Found: /factory/static/images/logo-sm.png
2023-04-12 15:38:32,004 [django.request:241] [log:log_response] [WARNING] Not Found: /factory/static/images/users/avatar-1.jpg
2023-04-12 15:38:36,471 [django.request:241] [log:log_response] [WARNING] Not Found: /factory/static/images/users/avatar-1.jpg
2023-04-12 15:38:36,472 [django.request:241] [log:log_response] [WARNING] Not Found: /factory/static/images/logo-sm.png
2023-04-12 15:38:49,781 [django.request:241] [log:log_response] [WARNING] Not Found: /factory/get_intranet_config/form-elements.html
2023-04-12 15:38:49,807 [django.request:241] [log:log_response] [WARNING] Not Found: /favicon.ico
2023-04-12 15:38:52,960 [django.request:241] [log:log_response] [WARNING] Not Found: /factory/static/images/users/avatar-1.jpg
2023-04-12 15:38:52,960 [django.request:241] [log:log_response] [WARNING] Not Found: /factory/static/images/logo-sm.png
2023-04-12 15:40:51,096 [django.request:241] [log:log_response] [WARNING] Not Found: /factory/static/images/logo-sm.png
2023-04-12 15:40:51,097 [django.request:241] [log:log_response] [WARNING] Not Found: /factory/static/images/users/avatar-1.jpg
2023-04-12 15:40:55,062 [django.request:241] [log:log_response] [WARNING] Not Found: /factory/static/images/logo-sm.png
2023-04-12 15:40:55,063 [django.request:241] [log:log_response] [WARNING] Not Found: /factory/static/images/users/avatar-1.jpg
2023-04-12 15:40:59,423 [django.request:241] [log:log_response] [WARNING] Not Found: /factory/get_intranet_config/intranet_data_config.html
2023-04-12 15:41:01,899 [django.request:241] [log:log_response] [WARNING] Not Found: /factory/get_intranet_config/intranet_data_config.html
2023-04-12 15:41:09,841 [django.request:241] [log:log_response] [WARNING] Not Found: /factory/static/images/logo-sm.png
2023-04-12 15:41:09,842 [django.request:241] [log:log_response] [WARNING] Not Found: /factory/static/images/users/avatar-1.jpg
2023-04-12 15:41:18,213 [django.request:241] [log:log_response] [WARNING] Not Found: /factory/get_intranet_config/intranet_data_config.html
2023-04-12 15:41:22,172 [django.request:241] [log:log_response] [WARNING] Not Found: /factory/static/images/users/avatar-1.jpg
2023-04-12 15:41:22,172 [django.request:241] [log:log_response] [WARNING] Not Found: /factory/static/images/logo-sm.png
2023-04-12 15:41:25,372 [django.request:241] [log:log_response] [WARNING] Not Found: /factory/get_intranet_config/intranet_data_config.html
2023-04-12 15:41:36,861 [django.request:241] [log:log_response] [WARNING] Not Found: /factory/static/images/logo-sm.png
2023-04-12 15:41:36,870 [django.request:241] [log:log_response] [WARNING] Not Found: /factory/static/images/users/avatar-1.jpg
2023-04-12 15:41:57,677 [django.request:241] [log:log_response] [WARNING] Not Found: /factory/static/images/users/avatar-1.jpg
2023-04-12 15:41:57,677 [django.request:241] [log:log_response] [WARNING] Not Found: /factory/static/images/logo-sm.png
2023-04-12 15:42:00,349 [django.request:241] [log:log_response] [WARNING] Not Found: /factory/index/intranet_data_config.html
2023-04-12 15:42:32,602 [django.request:241] [log:log_response] [WARNING] Not Found: /factory/index/intranet_data_config.html
2023-04-12 15:42:37,450 [django.request:241] [log:log_response] [WARNING] Not Found: /factory/index/intranet_data_config.html
2023-04-12 15:42:40,685 [django.request:241] [log:log_response] [WARNING] Not Found: /factory/static/images/logo-sm.png
2023-04-12 15:42:40,686 [django.request:241] [log:log_response] [WARNING] Not Found: /factory/static/images/users/avatar-1.jpg
2023-04-12 15:42:42,570 [django.request:241] [log:log_response] [WARNING] Not Found: /factory/static/images/logo-sm.png
2023-04-12 15:42:42,577 [django.request:241] [log:log_response] [WARNING] Not Found: /factory/static/images/users/avatar-1.jpg
2023-04-12 15:44:19,540 [django.request:241] [log:log_response] [WARNING] Not Found: /factory/get_intranet_config/index.html
2023-04-12 15:44:40,950 [django.request:241] [log:log_response] [WARNING] Not Found: /factory/static/images/logo-sm.png
2023-04-12 15:44:40,950 [django.request:241] [log:log_response] [WARNING] Not Found: /factory/static/images/users/avatar-1.jpg
2023-04-12 15:55:59,861 [django.request:241] [log:log_response] [WARNING] Not Found: /factory/static/images/logo-sm.png
2023-04-12 15:55:59,868 [django.request:241] [log:log_response] [WARNING] Not Found: /factory/static/images/users/avatar-1.jpg
2023-04-12 16:47:14,302 [django.request:241] [log:log_response] [WARNING] Not Found: /factory/static/images/users/avatar-1.jpg
2023-04-12 16:47:14,303 [django.request:241] [log:log_response] [WARNING] Not Found: /factory/static/images/logo-sm.png
2023-04-12 16:49:03,845 [django.request:241] [log:log_response] [WARNING] Not Found: /factory/static/images/logo-sm.png
2023-04-12 16:49:03,846 [django.request:241] [log:log_response] [WARNING] Not Found: /factory/static/images/users/avatar-1.jpg
2023-04-12 16:49:10,018 [django.request:241] [log:log_response] [WARNING] Not Found: /factory/static/images/logo-sm.png
2023-04-12 16:49:10,020 [django.request:241] [log:log_response] [WARNING] Not Found: /factory/static/images/users/avatar-1.jpg
2023-04-12 16:53:45,055 [django.request:241] [log:log_response] [WARNING] Not Found: /factory/static/images/logo-sm.png
2023-04-12 16:53:45,085 [django.request:241] [log:log_response] [WARNING] Not Found: /factory/static/images/users/avatar-1.jpg
2023-04-12 16:53:47,651 [django.request:241] [log:log_response] [WARNING] Not Found: /factory/static/images/users/avatar-1.jpg
2023-04-12 16:53:47,652 [django.request:241] [log:log_response] [WARNING] Not Found: /factory/static/images/logo-sm.png
2023-04-12 16:54:24,551 [django.request:241] [log:log_response] [WARNING] Not Found: /factory/static/images/users/avatar-1.jpg
2023-04-12 16:54:24,552 [django.request:241] [log:log_response] [WARNING] Not Found: /factory/static/images/logo-sm.png
2023-04-12 16:54:26,951 [django.request:241] [log:log_response] [WARNING] Not Found: /factory/static/images/logo-sm.png
2023-04-12 16:54:26,953 [django.request:241] [log:log_response] [WARNING] Not Found: /factory/static/images/users/avatar-1.jpg
2023-04-12 16:54:38,037 [django.request:241] [log:log_response] [WARNING] Not Found: /factory/static/images/users/avatar-1.jpg
2023-04-12 16:54:38,038 [django.request:241] [log:log_response] [WARNING] Not Found: /factory/static/images/logo-sm.png
2023-04-12 16:57:53,734 [django.request:241] [log:log_response] [WARNING] Not Found: /factory/static/images/logo-sm.png
2023-04-12 16:57:53,744 [django.request:241] [log:log_response] [WARNING] Not Found: /factory/static/images/users/avatar-1.jpg
2023-04-12 17:04:51,296 [django.request:241] [log:log_response] [WARNING] Not Found: /factory/static/images/logo-sm.png
2023-04-12 17:04:51,297 [django.request:241] [log:log_response] [WARNING] Not Found: /factory/static/images/users/avatar-1.jpg
2023-04-12 17:05:21,215 [django.request:241] [log:log_response] [WARNING] Not Found: /factory/static/images/logo-sm.png
2023-04-12 17:05:21,222 [django.request:241] [log:log_response] [WARNING] Not Found: /factory/static/images/users/avatar-1.jpg
2023-04-12 17:05:38,627 [django.request:241] [log:log_response] [WARNING] Not Found: /factory/static/images/logo-sm.png
2023-04-12 17:05:38,635 [django.request:241] [log:log_response] [WARNING] Not Found: /factory/static/images/users/avatar-1.jpg
2023-04-12 17:06:27,703 [django.request:241] [log:log_response] [WARNING] Not Found: /factory/static/images/logo-sm.png
2023-04-12 17:06:27,704 [django.request:241] [log:log_response] [WARNING] Not Found: /factory/static/images/users/avatar-1.jpg
2023-04-12 17:07:37,001 [django.request:241] [log:log_response] [WARNING] Not Found: /factory/static/images/logo-sm.png
2023-04-12 17:07:37,003 [django.request:241] [log:log_response] [WARNING] Not Found: /factory/static/images/users/avatar-1.jpg
2023-04-12 17:07:54,386 [django.request:241] [log:log_response] [WARNING] Not Found: /factory/static/images/users/avatar-1.jpg
2023-04-12 17:07:54,388 [django.request:241] [log:log_response] [WARNING] Not Found: /factory/static/images/logo-sm.png
2023-04-12 17:08:25,075 [django.request:241] [log:log_response] [WARNING] Not Found: /factory/static/images/logo-sm.png
2023-04-12 17:08:25,076 [django.request:241] [log:log_response] [WARNING] Not Found: /factory/static/images/users/avatar-1.jpg
2023-04-12 17:10:55,141 [django.request:241] [log:log_response] [WARNING] Not Found: /factory/static/images/logo-sm.png
2023-04-12 17:10:55,149 [django.request:241] [log:log_response] [WARNING] Not Found: /factory/static/images/users/avatar-1.jpg
2023-04-12 17:16:48,471 [django.request:241] [log:log_response] [WARNING] Not Found: /factory/static/images/logo-sm.png
2023-04-12 17:16:48,484 [django.request:241] [log:log_response] [WARNING] Not Found: /factory/static/images/users/avatar-1.jpg
2023-04-12 17:17:05,948 [django.request:241] [log:log_response] [WARNING] Not Found: /factory/static/images/users/avatar-1.jpg
2023-04-12 17:17:05,950 [django.request:241] [log:log_response] [WARNING] Not Found: /factory/static/images/logo-sm.png
2023-04-12 17:17:53,545 [django.request:241] [log:log_response] [WARNING] Not Found: /factory/static/images/logo-sm.png
2023-04-12 17:17:53,554 [django.request:241] [log:log_response] [WARNING] Not Found: /factory/static/images/users/avatar-1.jpg
2023-04-12 17:18:55,679 [django.request:241] [log:log_response] [WARNING] Not Found: /factory/static/images/logo-sm.png
2023-04-12 17:18:55,680 [django.request:241] [log:log_response] [WARNING] Not Found: /factory/static/images/users/avatar-1.jpg
2023-04-12 17:20:44,696 [django.request:241] [log:log_response] [WARNING] Not Found: /factory/static/images/logo-sm.png
2023-04-12 17:20:44,697 [django.request:241] [log:log_response] [WARNING] Not Found: /factory/static/images/users/avatar-1.jpg
2023-04-12 17:21:38,989 [django.request:241] [log:log_response] [WARNING] Not Found: /factory/static/images/logo-sm.png
2023-04-12 17:21:38,991 [django.request:241] [log:log_response] [WARNING] Not Found: /factory/static/images/users/avatar-1.jpg
2023-04-12 17:22:03,520 [django.request:241] [log:log_response] [WARNING] Not Found: /factory/static/images/users/avatar-1.jpg
2023-04-12 17:22:03,525 [django.request:241] [log:log_response] [WARNING] Not Found: /factory/static/images/logo-sm.png
2023-04-12 17:22:21,113 [django.request:241] [log:log_response] [WARNING] Not Found: /factory/static/images/logo-sm.png
2023-04-12 17:22:21,121 [django.request:241] [log:log_response] [WARNING] Not Found: /factory/static/images/users/avatar-1.jpg
2023-04-12 17:26:56,299 [django.request:241] [log:log_response] [WARNING] Not Found: /factory/static/images/users/avatar-1.jpg
2023-04-12 17:26:56,299 [django.request:241] [log:log_response] [WARNING] Not Found: /factory/static/images/logo-sm.png
2023-04-12 17:27:57,609 [django.request:241] [log:log_response] [WARNING] Not Found: /factory/static/images/users/avatar-1.jpg
2023-04-12 17:27:57,611 [django.request:241] [log:log_response] [WARNING] Not Found: /factory/static/images/logo-sm.png
2023-04-12 17:28:14,989 [django.request:241] [log:log_response] [WARNING] Not Found: /factory/static/images/users/avatar-1.jpg
2023-04-12 17:28:14,990 [django.request:241] [log:log_response] [WARNING] Not Found: /factory/static/images/logo-sm.png
2023-04-12 17:28:23,677 [django.request:241] [log:log_response] [WARNING] Not Found: /factory/static/images/users/avatar-1.jpg
2023-04-12 17:28:23,680 [django.request:241] [log:log_response] [WARNING] Not Found: /factory/static/images/logo-sm.png
2023-04-12 17:28:48,204 [django.request:241] [log:log_response] [WARNING] Not Found: /factory/static/images/logo-sm.png
2023-04-12 17:28:48,214 [django.request:241] [log:log_response] [WARNING] Not Found: /factory/static/images/users/avatar-1.jpg
2023-04-12 17:29:46,762 [django.request:241] [log:log_response] [WARNING] Not Found: /factory/static/images/logo-sm.png
2023-04-12 17:29:46,777 [django.request:241] [log:log_response] [WARNING] Not Found: /factory/static/images/users/avatar-1.jpg
2023-04-12 17:33:22,910 [django.request:241] [log:log_response] [WARNING] Not Found: /factory/static/images/logo-sm.png
2023-04-12 17:33:22,921 [django.request:241] [log:log_response] [WARNING] Not Found: /factory/static/images/users/avatar-1.jpg
2023-04-12 17:38:19,547 [django.request:241] [log:log_response] [WARNING] Not Found: /factory/static/images/logo-sm.png
2023-04-12 17:38:19,549 [django.request:241] [log:log_response] [WARNING] Not Found: /factory/static/images/users/avatar-1.jpg
2023-04-12 17:38:41,472 [django.request:241] [log:log_response] [WARNING] Not Found: /factory/static/images/users/avatar-1.jpg
2023-04-12 17:38:41,473 [django.request:241] [log:log_response] [WARNING] Not Found: /factory/static/images/logo-sm.png
2023-04-12 17:47:59,488 [django.request:241] [log:log_response] [WARNING] Not Found: /factory/static/images/logo-sm.png
2023-04-12 17:47:59,488 [django.request:241] [log:log_response] [WARNING] Not Found: /factory/static/images/users/avatar-1.jpg
2023-04-12 17:48:21,855 [django.request:241] [log:log_response] [WARNING] Not Found: /factory/static/images/logo-sm.png
2023-04-12 17:48:21,879 [django.request:241] [log:log_response] [WARNING] Not Found: /factory/static/images/users/avatar-1.jpg
2023-04-12 17:48:39,010 [django.request:241] [log:log_response] [WARNING] Not Found: /factory/static/images/logo-sm.png
2023-04-12 17:48:39,019 [django.request:241] [log:log_response] [WARNING] Not Found: /factory/static/images/users/avatar-1.jpg
2023-04-12 17:48:58,767 [django.request:241] [log:log_response] [WARNING] Not Found: /factory/static/images/logo-sm.png
2023-04-12 17:48:58,768 [django.request:241] [log:log_response] [WARNING] Not Found: /factory/static/images/users/avatar-1.jpg
2023-04-12 17:49:19,419 [django.request:241] [log:log_response] [WARNING] Not Found: /factory/static/images/logo-sm.png
2023-04-12 17:49:19,420 [django.request:241] [log:log_response] [WARNING] Not Found: /factory/static/images/users/avatar-1.jpg
2023-04-12 17:50:09,394 [django.request:241] [log:log_response] [WARNING] Not Found: /factory/static/images/logo-sm.png
2023-04-12 17:50:09,405 [django.request:241] [log:log_response] [WARNING] Not Found: /factory/static/images/users/avatar-1.jpg
2023-04-12 17:50:28,210 [django.request:241] [log:log_response] [WARNING] Not Found: /factory/static/images/logo-sm.png
2023-04-12 17:50:28,228 [django.request:241] [log:log_response] [WARNING] Not Found: /factory/static/images/users/avatar-1.jpg
2023-04-12 17:55:50,846 [django.request:241] [log:log_response] [WARNING] Not Found: /factory/static/images/logo-sm.png
2023-04-12 17:55:50,846 [django.request:241] [log:log_response] [WARNING] Not Found: /factory/static/images/users/avatar-1.jpg
2023-04-12 18:00:18,668 [django.request:241] [log:log_response] [WARNING] Not Found: /factory/static/images/logo-sm.png
2023-04-12 18:00:18,670 [django.request:241] [log:log_response] [WARNING] Not Found: /factory/static/images/users/avatar-1.jpg
2023-04-12 18:00:41,783 [django.request:241] [log:log_response] [WARNING] Not Found: /factory/static/images/logo-sm.png
2023-04-12 18:00:41,784 [django.request:241] [log:log_response] [WARNING] Not Found: /factory/static/images/users/avatar-1.jpg
2023-04-12 18:02:34,325 [django.request:241] [log:log_response] [WARNING] Not Found: /factory/static/images/logo-sm.png
2023-04-12 18:02:34,327 [django.request:241] [log:log_response] [WARNING] Not Found: /factory/static/images/users/avatar-1.jpg
2023-04-12 18:03:02,749 [django.request:241] [log:log_response] [WARNING] Not Found: /factory/static/images/logo-sm.png
2023-04-12 18:03:02,750 [django.request:241] [log:log_response] [WARNING] Not Found: /factory/static/images/users/avatar-1.jpg
2023-04-12 19:09:27,559 [django.request:241] [log:log_response] [WARNING] Not Found: /factory/static/images/logo-sm.png
2023-04-12 19:09:27,580 [django.request:241] [log:log_response] [WARNING] Not Found: /factory/static/images/users/avatar-1.jpg
2023-04-12 19:22:58,040 [django.request:241] [log:log_response] [WARNING] Not Found: /factory/static/images/logo-sm.png
2023-04-12 19:22:58,041 [django.request:241] [log:log_response] [WARNING] Not Found: /factory/static/images/users/avatar-1.jpg
2023-04-12 19:24:11,860 [django.request:241] [log:log_response] [WARNING] Not Found: /factory/static/images/logo-sm.png
2023-04-12 19:24:11,862 [django.request:241] [log:log_response] [WARNING] Not Found: /factory/static/images/users/avatar-1.jpg
2023-04-12 19:25:01,992 [django.request:241] [log:log_response] [WARNING] Not Found: /factory/static/images/users/avatar-1.jpg
2023-04-12 19:25:01,993 [django.request:241] [log:log_response] [WARNING] Not Found: /factory/static/images/logo-sm.png
2023-04-12 19:25:29,885 [django.request:241] [log:log_response] [WARNING] Not Found: /factory/static/images/logo-sm.png
2023-04-12 19:25:29,887 [django.request:241] [log:log_response] [WARNING] Not Found: /factory/static/images/users/avatar-1.jpg
2023-04-12 19:53:09,403 [django.request:241] [log:log_response] [WARNING] Not Found: /factory/static/images/logo-sm.png
2023-04-12 19:53:09,404 [django.request:241] [log:log_response] [WARNING] Not Found: /factory/static/images/users/avatar-1.jpg
2023-04-12 19:53:37,560 [django.request:241] [log:log_response] [WARNING] Not Found: /add_intranet_config/
2023-04-12 19:54:07,795 [django.request:241] [log:log_response] [WARNING] Not Found: /add_intranet_config/
2023-04-12 19:54:11,929 [django.request:241] [log:log_response] [WARNING] Not Found: /factory/static/images/logo-sm.png
2023-04-12 19:54:11,930 [django.request:241] [log:log_response] [WARNING] Not Found: /factory/static/images/users/avatar-1.jpg
2023-04-12 19:54:34,270 [django.request:241] [log:log_response] [WARNING] Not Found: /factory/static/images/logo-sm.png
2023-04-12 19:54:34,278 [django.request:241] [log:log_response] [WARNING] Not Found: /factory/static/images/users/avatar-1.jpg
2023-04-12 20:03:28,756 [django.request:241] [log:log_response] [WARNING] Not Found: /factory/static/images/users/avatar-1.jpg
2023-04-12 20:03:28,756 [django.request:241] [log:log_response] [WARNING] Not Found: /factory/static/images/logo-sm.png
2023-04-13 09:39:53,877 [django.request:241] [log:log_response] [WARNING] Not Found: /data_factory/get_intranet_config/
